Step:0	{"loss": {"intent_loss": 309.32841824367614}, "step": 0}
Step:0	{"loss": {"intent_est_loss": 309.32756066769315}, "step": 0}
Step:0	{"loss": {"intent_margin_loss": 0.0008579686982557178}, "step": 0}
Step:0	{"loss": {"slot_loss": 83.74191376268854}, "step": 0}
Step:0	{"loss": {"slot_est_loss": 82.23349662125102}, "step": 0}
Step:0	{"loss": {"slot_margin_loss": 1.5084166526794434}, "step": 0}
Step:0	{"loss": {"total_loss": 393.07033200636465}, "step": 0}
Step:1	{"loss": {"intent_loss": 56.279260449483964}, "step": 1}
Step:1	{"loss": {"intent_est_loss": 56.278405345324366}, "step": 1}
Step:1	{"loss": {"intent_margin_loss": 0.0008552571525797248}, "step": 1}
Step:1	{"loss": {"slot_loss": 21.77023815289139}, "step": 1}
Step:1	{"loss": {"slot_est_loss": 20.427987013012192}, "step": 1}
Step:1	{"loss": {"slot_margin_loss": 1.3422507047653198}, "step": 1}
Step:1	{"loss": {"total_loss": 78.04949860237535}, "step": 1}
Step:2	{"loss": {"intent_loss": 24.442547010630374}, "step": 2}
Step:2	{"loss": {"intent_est_loss": 24.44168907632119}, "step": 2}
Step:2	{"loss": {"intent_margin_loss": 0.0008579157874919474}, "step": 2}
Step:2	{"loss": {"slot_loss": 14.06153563782572}, "step": 2}
Step:2	{"loss": {"slot_est_loss": 12.98722920864821}, "step": 2}
Step:2	{"loss": {"slot_margin_loss": 1.0743064880371094}, "step": 2}
Step:2	{"loss": {"total_loss": 38.50408264845609}, "step": 2}
Step:3	{"loss": {"intent_loss": 13.514656086894696}, "step": 3}
Step:3	{"loss": {"intent_est_loss": 13.513797130412437}, "step": 3}
Step:3	{"loss": {"intent_margin_loss": 0.0008589357603341341}, "step": 3}
Step:3	{"loss": {"slot_loss": 10.414765080716457}, "step": 3}
Step:3	{"loss": {"slot_est_loss": 9.550149953551585}, "step": 3}
Step:3	{"loss": {"slot_margin_loss": 0.8646154999732971}, "step": 3}
Step:3	{"loss": {"total_loss": 23.929421167611153}, "step": 3}
Step:4	{"loss": {"intent_loss": 10.389043870568258}, "step": 4}
Step:4	{"loss": {"intent_est_loss": 10.388183630397547}, "step": 4}
Step:4	{"loss": {"intent_margin_loss": 0.000860251544509083}, "step": 4}
Step:4	{"loss": {"slot_loss": 8.279881870746628}, "step": 4}
Step:4	{"loss": {"slot_est_loss": 7.512067841365927}, "step": 4}
Step:4	{"loss": {"slot_margin_loss": 0.7678136825561523}, "step": 4}
Step:4	{"loss": {"total_loss": 18.668925741314887}, "step": 4}
Step:5	{"loss": {"intent_loss": 8.565354789141574}, "step": 5}
Step:5	{"loss": {"intent_est_loss": 8.564494298037621}, "step": 5}
Step:5	{"loss": {"intent_margin_loss": 0.0008604808826930821}, "step": 5}
Step:5	{"loss": {"slot_loss": 6.943987202690915}, "step": 5}
Step:5	{"loss": {"slot_est_loss": 6.268460652697828}, "step": 5}
Step:5	{"loss": {"slot_margin_loss": 0.6755268573760986}, "step": 5}
Step:5	{"loss": {"total_loss": 15.509341991832489}, "step": 5}
Step:6	{"loss": {"intent_loss": 6.593252534454224}, "step": 6}
Step:6	{"loss": {"intent_est_loss": 6.592391667998167}, "step": 6}
Step:6	{"loss": {"intent_margin_loss": 0.0008608415373601019}, "step": 6}
Step:6	{"loss": {"slot_loss": 5.847958409134299}, "step": 6}
Step:6	{"loss": {"slot_est_loss": 5.24769155550748}, "step": 6}
Step:6	{"loss": {"slot_margin_loss": 0.6002668738365173}, "step": 6}
Step:6	{"loss": {"total_loss": 12.441210943588523}, "step": 6}
Step:7	{"loss": {"intent_loss": 6.331951855437364}, "step": 7}
Step:7	{"loss": {"intent_est_loss": 6.331090922711885}, "step": 7}
Step:7	{"loss": {"intent_margin_loss": 0.0008609169744886458}, "step": 7}
Step:7	{"loss": {"slot_loss": 5.427531724935392}, "step": 7}
Step:7	{"loss": {"slot_est_loss": 4.856199387554084}, "step": 7}
Step:7	{"loss": {"slot_margin_loss": 0.571332573890686}, "step": 7}
Step:7	{"loss": {"total_loss": 11.759483580372756}, "step": 7}
Step:8	{"loss": {"intent_loss": 6.7279126115259675}, "step": 8}
Step:8	{"loss": {"intent_est_loss": 6.727051616460086}, "step": 8}
Step:8	{"loss": {"intent_margin_loss": 0.0008609996293671429}, "step": 8}
Step:8	{"loss": {"slot_loss": 4.885802930057983}, "step": 8}
Step:8	{"loss": {"slot_est_loss": 4.356773587013595}, "step": 8}
Step:8	{"loss": {"slot_margin_loss": 0.5290292501449585}, "step": 8}
Step:8	{"loss": {"total_loss": 11.61371554158395}, "step": 8}
Step:9	{"loss": {"intent_loss": 4.414653062535219}, "step": 9}
Step:9	{"loss": {"intent_est_loss": 4.413791815750292}, "step": 9}
Step:9	{"loss": {"intent_margin_loss": 0.0008612368837930262}, "step": 9}
Step:9	{"loss": {"slot_loss": 4.224354468204541}, "step": 9}
Step:9	{"loss": {"slot_est_loss": 3.7328786497935664}, "step": 9}
Step:9	{"loss": {"slot_margin_loss": 0.49147579073905945}, "step": 9}
Step:9	{"loss": {"total_loss": 8.639007530739761}, "step": 9}
Step:10	{"loss": {"intent_loss": 4.971242113457998}, "step": 10}
Step:10	{"loss": {"intent_est_loss": 4.970380586036483}, "step": 10}
Step:10	{"loss": {"intent_margin_loss": 0.0008615405531600118}, "step": 10}
Step:10	{"loss": {"slot_loss": 3.8447393063455855}, "step": 10}
Step:10	{"loss": {"slot_est_loss": 3.390149226691574}, "step": 10}
Step:10	{"loss": {"slot_margin_loss": 0.4545903205871582}, "step": 10}
Step:10	{"loss": {"total_loss": 8.815981419803583}, "step": 10}
Step:11	{"loss": {"intent_loss": 3.817261695160417}, "step": 11}
Step:11	{"loss": {"intent_est_loss": 3.816400074254489}, "step": 11}
Step:11	{"loss": {"intent_margin_loss": 0.0008616229170002043}, "step": 11}
Step:11	{"loss": {"slot_loss": 3.8196548689738767}, "step": 11}
Step:11	{"loss": {"slot_est_loss": 3.3729562301188762}, "step": 11}
Step:11	{"loss": {"slot_margin_loss": 0.4466988146305084}, "step": 11}
Step:11	{"loss": {"total_loss": 7.636916564134294}, "step": 11}
Step:12	{"loss": {"intent_loss": 3.7161960656871114}, "step": 12}
Step:12	{"loss": {"intent_est_loss": 3.715334429248471}, "step": 12}
Step:12	{"loss": {"intent_margin_loss": 0.0008616333943791687}, "step": 12}
Step:12	{"loss": {"slot_loss": 3.364635706914119}, "step": 12}
Step:12	{"loss": {"slot_est_loss": 2.9629546676296745}, "step": 12}
Step:12	{"loss": {"slot_margin_loss": 0.40168094635009766}, "step": 12}
Step:12	{"loss": {"total_loss": 7.080831772601231}, "step": 12}
Step:13	{"loss": {"intent_loss": 2.3827012711699354}, "step": 13}
Step:13	{"loss": {"intent_est_loss": 2.3818394434667427}, "step": 13}
Step:13	{"loss": {"intent_margin_loss": 0.0008618324063718319}, "step": 13}
Step:13	{"loss": {"slot_loss": 3.0551231710123816}, "step": 13}
Step:13	{"loss": {"slot_est_loss": 2.6811188884312305}, "step": 13}
Step:13	{"loss": {"slot_margin_loss": 0.374004065990448}, "step": 13}
Step:13	{"loss": {"total_loss": 5.4378244421823165}, "step": 13}
Step:14	{"loss": {"intent_loss": 2.549525475219707}, "step": 14}
Step:14	{"loss": {"intent_est_loss": 2.548663501330885}, "step": 14}
Step:14	{"loss": {"intent_margin_loss": 0.000861970940604806}, "step": 14}
Step:14	{"loss": {"slot_loss": 2.6049489948782125}, "step": 14}
Step:14	{"loss": {"slot_est_loss": 2.267560236284043}, "step": 14}
Step:14	{"loss": {"slot_margin_loss": 0.3373886048793793}, "step": 14}
Step:14	{"loss": {"total_loss": 5.15447447009792}, "step": 14}
Step:15	{"loss": {"intent_loss": 6.409423828622677}, "step": 15}
Step:15	{"loss": {"intent_est_loss": 6.408561691548686}, "step": 15}
Step:15	{"loss": {"intent_margin_loss": 0.000862137705553323}, "step": 15}
Step:15	{"loss": {"slot_loss": 2.8460005849366974}, "step": 15}
Step:15	{"loss": {"slot_est_loss": 2.484833502816037}, "step": 15}
Step:15	{"loss": {"slot_margin_loss": 0.3611671030521393}, "step": 15}
Step:15	{"loss": {"total_loss": 9.255424413559375}, "step": 15}
Step:16	{"loss": {"intent_loss": 2.1674376634648094}, "step": 16}
Step:16	{"loss": {"intent_est_loss": 2.1665760434756507}, "step": 16}
Step:16	{"loss": {"intent_margin_loss": 0.0008616182021796703}, "step": 16}
Step:16	{"loss": {"slot_loss": 2.6559160884120536}, "step": 16}
Step:16	{"loss": {"slot_est_loss": 2.3207612980389976}, "step": 16}
Step:16	{"loss": {"slot_margin_loss": 0.33515459299087524}, "step": 16}
Step:16	{"loss": {"total_loss": 4.823353751876863}, "step": 16}
Step:17	{"loss": {"intent_loss": 3.712373760457559}, "step": 17}
Step:17	{"loss": {"intent_est_loss": 3.7115118799745677}, "step": 17}
Step:17	{"loss": {"intent_margin_loss": 0.0008618627907708287}, "step": 17}
Step:17	{"loss": {"slot_loss": 2.472412594337953}, "step": 17}
Step:17	{"loss": {"slot_est_loss": 2.153444281063275}, "step": 17}
Step:17	{"loss": {"slot_margin_loss": 0.31896817684173584}, "step": 17}
Step:17	{"loss": {"total_loss": 6.184786354795512}, "step": 17}
Step:18	{"loss": {"intent_loss": 3.1266093709171408}, "step": 18}
Step:18	{"loss": {"intent_est_loss": 3.1257477158025715}, "step": 18}
Step:18	{"loss": {"intent_margin_loss": 0.0008616670384071767}, "step": 18}
Step:18	{"loss": {"slot_loss": 2.396694665250833}, "step": 18}
Step:18	{"loss": {"slot_est_loss": 2.0760376443446145}, "step": 18}
Step:18	{"loss": {"slot_margin_loss": 0.32065698504447937}, "step": 18}
Step:18	{"loss": {"total_loss": 5.523304036167974}, "step": 18}
Step:19	{"loss": {"intent_loss": 2.347529016502086}, "step": 19}
Step:19	{"loss": {"intent_est_loss": 2.3466671742091414}, "step": 19}
Step:19	{"loss": {"intent_margin_loss": 0.0008618430001661181}, "step": 19}
Step:19	{"loss": {"slot_loss": 2.15780012215255}, "step": 19}
Step:19	{"loss": {"slot_est_loss": 1.8659847537113803}, "step": 19}
Step:19	{"loss": {"slot_margin_loss": 0.2918155789375305}, "step": 19}
Step:19	{"loss": {"total_loss": 4.505329138654636}, "step": 19}
Step:20	{"loss": {"intent_loss": 2.5720022989247755}, "step": 20}
Step:20	{"loss": {"intent_est_loss": 2.5711405856083704}, "step": 20}
Step:20	{"loss": {"intent_margin_loss": 0.0008617035346105695}, "step": 20}
Step:20	{"loss": {"slot_loss": 2.0317774514434843}, "step": 20}
Step:20	{"loss": {"slot_est_loss": 1.7605086420953753}, "step": 20}
Step:20	{"loss": {"slot_margin_loss": 0.27126869559288025}, "step": 20}
Step:20	{"loss": {"total_loss": 4.603779750368259}, "step": 20}
Step:21	{"loss": {"intent_loss": 2.750421974963683}, "step": 21}
Step:21	{"loss": {"intent_est_loss": 2.7495598556488408}, "step": 21}
Step:21	{"loss": {"intent_margin_loss": 0.0008621221059001982}, "step": 21}
Step:21	{"loss": {"slot_loss": 1.965872399805813}, "step": 21}
Step:21	{"loss": {"slot_est_loss": 1.7003201537125274}, "step": 21}
Step:21	{"loss": {"slot_margin_loss": 0.265552282333374}, "step": 21}
Step:21	{"loss": {"total_loss": 4.716294374769496}, "step": 21}
Step:22	{"loss": {"intent_loss": 1.3504130717265064}, "step": 22}
Step:22	{"loss": {"intent_est_loss": 1.3495512772627982}, "step": 22}
Step:22	{"loss": {"intent_margin_loss": 0.0008617955027148128}, "step": 22}
Step:22	{"loss": {"slot_loss": 1.8583555599150723}, "step": 22}
Step:22	{"loss": {"slot_est_loss": 1.5886592012480831}, "step": 22}
Step:22	{"loss": {"slot_margin_loss": 0.26969653367996216}, "step": 22}
Step:22	{"loss": {"total_loss": 3.2087686316415787}, "step": 22}
Step:23	{"loss": {"intent_loss": 2.6927520700235617}, "step": 23}
Step:23	{"loss": {"intent_est_loss": 2.691890066536146}, "step": 23}
Step:23	{"loss": {"intent_margin_loss": 0.0008620064472779632}, "step": 23}
Step:23	{"loss": {"slot_loss": 1.8084390222124056}, "step": 23}
Step:23	{"loss": {"slot_est_loss": 1.5570057206932668}, "step": 23}
Step:23	{"loss": {"slot_margin_loss": 0.25143346190452576}, "step": 23}
Step:23	{"loss": {"total_loss": 4.501191092235967}, "step": 23}
Step:24	{"loss": {"intent_loss": 2.782807770709045}, "step": 24}
Step:24	{"loss": {"intent_est_loss": 2.781945452350194}, "step": 24}
Step:24	{"loss": {"intent_margin_loss": 0.0008623128524050117}, "step": 24}
Step:24	{"loss": {"slot_loss": 1.8065497864852633}, "step": 24}
Step:24	{"loss": {"slot_est_loss": 1.551325512945185}, "step": 24}
Step:24	{"loss": {"slot_margin_loss": 0.25522419810295105}, "step": 24}
Step:24	{"loss": {"total_loss": 4.589357557194308}, "step": 24}
Step:25	{"loss": {"intent_loss": 2.5381325063572153}, "step": 25}
Step:25	{"loss": {"intent_est_loss": 2.5372705255271297}, "step": 25}
Step:25	{"loss": {"intent_margin_loss": 0.0008619805448688567}, "step": 25}
Step:25	{"loss": {"slot_loss": 1.6761840450577448}, "step": 25}
Step:25	{"loss": {"slot_est_loss": 1.4324699504941227}, "step": 25}
Step:25	{"loss": {"slot_margin_loss": 0.2437141090631485}, "step": 25}
Step:25	{"loss": {"total_loss": 4.21431655141496}, "step": 25}
Step:26	{"loss": {"intent_loss": 3.3541832634393347}, "step": 26}
Step:26	{"loss": {"intent_est_loss": 3.3533215835326757}, "step": 26}
Step:26	{"loss": {"intent_margin_loss": 0.0008616764098405838}, "step": 26}
Step:26	{"loss": {"slot_loss": 1.6947833782003707}, "step": 26}
Step:26	{"loss": {"slot_est_loss": 1.4461229589796853}, "step": 26}
Step:26	{"loss": {"slot_margin_loss": 0.24866047501564026}, "step": 26}
Step:26	{"loss": {"total_loss": 5.048966641639705}, "step": 26}
Step:27	{"loss": {"intent_loss": 1.150842356165232}, "step": 27}
Step:27	{"loss": {"intent_est_loss": 1.1499805209969056}, "step": 27}
Step:27	{"loss": {"intent_margin_loss": 0.0008618317660875618}, "step": 27}
Step:27	{"loss": {"slot_loss": 1.5952100767171948}, "step": 27}
Step:27	{"loss": {"slot_est_loss": 1.3676623447507152}, "step": 27}
Step:27	{"loss": {"slot_margin_loss": 0.22754785418510437}, "step": 27}
Step:27	{"loss": {"total_loss": 2.7460524328824265}, "step": 27}
Step:28	{"loss": {"intent_loss": 1.4646167636790783}, "step": 28}
Step:28	{"loss": {"intent_est_loss": 1.4637551095074715}, "step": 28}
Step:28	{"loss": {"intent_margin_loss": 0.0008616595878265798}, "step": 28}
Step:28	{"loss": {"slot_loss": 1.4851996110635821}, "step": 28}
Step:28	{"loss": {"slot_est_loss": 1.2674515514401719}, "step": 28}
Step:28	{"loss": {"slot_margin_loss": 0.21774806082248688}, "step": 28}
Step:28	{"loss": {"total_loss": 2.9498163747426602}, "step": 28}
Step:29	{"loss": {"intent_loss": 1.551781554512851}, "step": 29}
Step:29	{"loss": {"intent_est_loss": 1.5509190262790074}, "step": 29}
Step:29	{"loss": {"intent_margin_loss": 0.0008625269401818514}, "step": 29}
Step:29	{"loss": {"slot_loss": 1.4237638914317354}, "step": 29}
Step:29	{"loss": {"slot_est_loss": 1.2169368004892012}, "step": 29}
Step:29	{"loss": {"slot_margin_loss": 0.2068271040916443}, "step": 29}
Step:29	{"loss": {"total_loss": 2.9755454459445865}, "step": 29}
Step:30	{"loss": {"intent_loss": 2.4644890612442363}, "step": 30}
Step:30	{"loss": {"intent_est_loss": 2.4636264057495287}, "step": 30}
Step:30	{"loss": {"intent_margin_loss": 0.0008626564522273839}, "step": 30}
Step:30	{"loss": {"slot_loss": 1.5006904035690236}, "step": 30}
Step:30	{"loss": {"slot_est_loss": 1.274781041342068}, "step": 30}
Step:30	{"loss": {"slot_margin_loss": 0.22590932250022888}, "step": 30}
Step:30	{"loss": {"total_loss": 3.96517946481326}, "step": 30}
Step:31	{"loss": {"intent_loss": 3.1363413331404466}, "step": 31}
Step:31	{"loss": {"intent_est_loss": 3.1354790995697837}, "step": 31}
Step:31	{"loss": {"intent_margin_loss": 0.0008622418390586972}, "step": 31}
Step:31	{"loss": {"slot_loss": 1.3800455903779942}, "step": 31}
Step:31	{"loss": {"slot_est_loss": 1.173951579659477}, "step": 31}
Step:31	{"loss": {"slot_margin_loss": 0.20609413087368011}, "step": 31}
Step:31	{"loss": {"total_loss": 4.516386923518441}, "step": 31}
Step:32	{"loss": {"intent_loss": 2.315450186128148}, "step": 32}
Step:32	{"loss": {"intent_est_loss": 2.3145879377188954}, "step": 32}
Step:32	{"loss": {"intent_margin_loss": 0.0008622424793429673}, "step": 32}
Step:32	{"loss": {"slot_loss": 1.432246822776505}, "step": 32}
Step:32	{"loss": {"slot_est_loss": 1.212802250943786}, "step": 32}
Step:32	{"loss": {"slot_margin_loss": 0.2194446474313736}, "step": 32}
Step:32	{"loss": {"total_loss": 3.7476970089046526}, "step": 32}
Step:33	{"loss": {"intent_loss": 1.6067804254860683}, "step": 33}
Step:33	{"loss": {"intent_est_loss": 1.605918467293666}, "step": 33}
Step:33	{"loss": {"intent_margin_loss": 0.0008619634318165481}, "step": 33}
Step:33	{"loss": {"slot_loss": 1.284924336618859}, "step": 33}
Step:33	{"loss": {"slot_est_loss": 1.090486546340981}, "step": 33}
Step:33	{"loss": {"slot_margin_loss": 0.19443769752979279}, "step": 33}
Step:33	{"loss": {"total_loss": 2.8917047621049274}, "step": 33}
Step:34	{"loss": {"intent_loss": 2.923775638076766}, "step": 34}
Step:34	{"loss": {"intent_est_loss": 2.9229131012514737}, "step": 34}
Step:34	{"loss": {"intent_margin_loss": 0.0008625366608612239}, "step": 34}
Step:34	{"loss": {"slot_loss": 1.4061240863287812}, "step": 34}
Step:34	{"loss": {"slot_est_loss": 1.1963916921376943}, "step": 34}
Step:34	{"loss": {"slot_margin_loss": 0.20973241329193115}, "step": 34}
Step:34	{"loss": {"total_loss": 4.329899724405547}, "step": 34}
Step:35	{"loss": {"intent_loss": 1.3511048821957954}, "step": 35}
Step:35	{"loss": {"intent_est_loss": 1.3502427284365692}, "step": 35}
Step:35	{"loss": {"intent_margin_loss": 0.0008621578454039991}, "step": 35}
Step:35	{"loss": {"slot_loss": 1.219202240346932}, "step": 35}
Step:35	{"loss": {"slot_est_loss": 1.0365067248145365}, "step": 35}
Step:35	{"loss": {"slot_margin_loss": 0.18269546329975128}, "step": 35}
Step:35	{"loss": {"total_loss": 2.5703071225427276}, "step": 35}
Step:36	{"loss": {"intent_loss": 0.9648959264093723}, "step": 36}
Step:36	{"loss": {"intent_est_loss": 0.9640340853475216}, "step": 36}
Step:36	{"loss": {"intent_margin_loss": 0.0008618409628979862}, "step": 36}
Step:36	{"loss": {"slot_loss": 1.2017052111652435}, "step": 36}
Step:36	{"loss": {"slot_est_loss": 1.0159104484395343}, "step": 36}
Step:36	{"loss": {"slot_margin_loss": 0.1857946664094925}, "step": 36}
Step:36	{"loss": {"total_loss": 2.1666011375746157}, "step": 36}
Step:37	{"loss": {"intent_loss": 0.954986865186947}, "step": 37}
Step:37	{"loss": {"intent_est_loss": 0.954124778293045}, "step": 37}
Step:37	{"loss": {"intent_margin_loss": 0.0008620845037512481}, "step": 37}
Step:37	{"loss": {"slot_loss": 1.1931911950057845}, "step": 37}
Step:37	{"loss": {"slot_est_loss": 1.0146989294094968}, "step": 37}
Step:37	{"loss": {"slot_margin_loss": 0.17849229276180267}, "step": 37}
Step:37	{"loss": {"total_loss": 2.1481780601927314}, "step": 37}
Step:38	{"loss": {"intent_loss": 1.2850786095652444}, "step": 38}
Step:38	{"loss": {"intent_est_loss": 1.2842163335677474}, "step": 38}
Step:38	{"loss": {"intent_margin_loss": 0.0008622673340141773}, "step": 38}
Step:38	{"loss": {"slot_loss": 1.0646442510362257}, "step": 38}
Step:38	{"loss": {"slot_est_loss": 0.8966460663577893}, "step": 38}
Step:38	{"loss": {"slot_margin_loss": 0.1679982841014862}, "step": 38}
Step:38	{"loss": {"total_loss": 2.34972286060147}, "step": 38}
Step:39	{"loss": {"intent_loss": 1.378141862110351}, "step": 39}
Step:39	{"loss": {"intent_est_loss": 1.3772794089338283}, "step": 39}
Step:39	{"loss": {"intent_margin_loss": 0.0008624499314464629}, "step": 39}
Step:39	{"loss": {"slot_loss": 1.1288931326183953}, "step": 39}
Step:39	{"loss": {"slot_est_loss": 0.9599700202641541}, "step": 39}
Step:39	{"loss": {"slot_margin_loss": 0.1689230501651764}, "step": 39}
Step:39	{"loss": {"total_loss": 2.5070349947287465}, "step": 39}
Step:40	{"loss": {"intent_loss": 1.4227694581495594}, "step": 40}
Step:40	{"loss": {"intent_est_loss": 1.4219070569866752}, "step": 40}
Step:40	{"loss": {"intent_margin_loss": 0.00086239940719679}, "step": 40}
Step:40	{"loss": {"slot_loss": 1.1087758211739138}, "step": 40}
Step:40	{"loss": {"slot_est_loss": 0.9368355070706463}, "step": 40}
Step:40	{"loss": {"slot_margin_loss": 0.1719401478767395}, "step": 40}
Step:40	{"loss": {"total_loss": 2.531545279323473}, "step": 40}
Step:41	{"loss": {"intent_loss": 1.7938560316441012}, "step": 41}
Step:41	{"loss": {"intent_est_loss": 1.7929940124406103}, "step": 41}
Step:41	{"loss": {"intent_margin_loss": 0.0008620253065600991}, "step": 41}
Step:41	{"loss": {"slot_loss": 1.2328104350803197}, "step": 41}
Step:41	{"loss": {"slot_est_loss": 1.0501388145523374}, "step": 41}
Step:41	{"loss": {"slot_margin_loss": 0.18267162144184113}, "step": 41}
Step:41	{"loss": {"total_loss": 3.026666466724421}, "step": 41}
Step:42	{"loss": {"intent_loss": 1.157044134382886}, "step": 42}
Step:42	{"loss": {"intent_est_loss": 1.156181769249087}, "step": 42}
Step:42	{"loss": {"intent_margin_loss": 0.0008623671601526439}, "step": 42}
Step:42	{"loss": {"slot_loss": 1.0539535436226304}, "step": 42}
Step:42	{"loss": {"slot_est_loss": 0.8923944692010995}, "step": 42}
Step:42	{"loss": {"slot_margin_loss": 0.16155903041362762}, "step": 42}
Step:42	{"loss": {"total_loss": 2.2109976780055165}, "step": 42}
Step:43	{"loss": {"intent_loss": 1.550840095943203}, "step": 43}
Step:43	{"loss": {"intent_est_loss": 1.5499777682038256}, "step": 43}
Step:43	{"loss": {"intent_margin_loss": 0.000862323387991637}, "step": 43}
Step:43	{"loss": {"slot_loss": 0.9427951270845368}, "step": 43}
Step:43	{"loss": {"slot_est_loss": 0.7876717074963377}, "step": 43}
Step:43	{"loss": {"slot_margin_loss": 0.15512345731258392}, "step": 43}
Step:43	{"loss": {"total_loss": 2.4936352230277397}, "step": 43}
Step:44	{"loss": {"intent_loss": 1.3866255360713715}, "step": 44}
Step:44	{"loss": {"intent_est_loss": 1.3857631462240543}, "step": 44}
Step:44	{"loss": {"intent_margin_loss": 0.0008623963803984225}, "step": 44}
Step:44	{"loss": {"slot_loss": 1.025011293198623}, "step": 44}
Step:44	{"loss": {"slot_est_loss": 0.8645199026388584}, "step": 44}
Step:44	{"loss": {"slot_margin_loss": 0.1604914665222168}, "step": 44}
Step:44	{"loss": {"total_loss": 2.4116368292699946}, "step": 44}
Step:45	{"loss": {"intent_loss": 1.3930853892306938}, "step": 45}
Step:45	{"loss": {"intent_est_loss": 1.3922229129057084}, "step": 45}
Step:45	{"loss": {"intent_margin_loss": 0.0008624808979220688}, "step": 45}
Step:45	{"loss": {"slot_loss": 1.072982707046321}, "step": 45}
Step:45	{"loss": {"slot_est_loss": 0.9015909445661234}, "step": 45}
Step:45	{"loss": {"slot_margin_loss": 0.17139171063899994}, "step": 45}
Step:45	{"loss": {"total_loss": 2.4660680962770147}, "step": 45}
Step:46	{"loss": {"intent_loss": 2.030295837638549}, "step": 46}
Step:46	{"loss": {"intent_est_loss": 2.029433432494261}, "step": 46}
Step:46	{"loss": {"intent_margin_loss": 0.0008624028996564448}, "step": 46}
Step:46	{"loss": {"slot_loss": 1.081264621284207}, "step": 46}
Step:46	{"loss": {"slot_est_loss": 0.9171217117007475}, "step": 46}
Step:46	{"loss": {"slot_margin_loss": 0.16414287686347961}, "step": 46}
Step:46	{"loss": {"total_loss": 3.1115604589227557}, "step": 46}
Step:47	{"loss": {"intent_loss": 2.114117817452642}, "step": 47}
Step:47	{"loss": {"intent_est_loss": 2.1132555224190566}, "step": 47}
Step:47	{"loss": {"intent_margin_loss": 0.0008622900932095945}, "step": 47}
Step:47	{"loss": {"slot_loss": 1.1169722752732927}, "step": 47}
Step:47	{"loss": {"slot_est_loss": 0.9355352150829264}, "step": 47}
Step:47	{"loss": {"slot_margin_loss": 0.18143710494041443}, "step": 47}
Step:47	{"loss": {"total_loss": 3.2310900927259345}, "step": 47}
Step:48	{"loss": {"intent_loss": 1.3233574396086627}, "step": 48}
Step:48	{"loss": {"intent_est_loss": 1.3224951477117433}, "step": 48}
Step:48	{"loss": {"intent_margin_loss": 0.0008622862515039742}, "step": 48}
Step:48	{"loss": {"slot_loss": 0.9955423371880898}, "step": 48}
Step:48	{"loss": {"slot_est_loss": 0.8398361092156844}, "step": 48}
Step:48	{"loss": {"slot_margin_loss": 0.15570631623268127}, "step": 48}
Step:48	{"loss": {"total_loss": 2.3188997767967523}, "step": 48}
Step:49	{"loss": {"intent_loss": 2.4419778939482066}, "step": 49}
Step:49	{"loss": {"intent_est_loss": 2.441116036731545}, "step": 49}
Step:49	{"loss": {"intent_margin_loss": 0.0008618587744422257}, "step": 49}
Step:49	{"loss": {"slot_loss": 0.9543428920689631}, "step": 49}
Step:49	{"loss": {"slot_est_loss": 0.7950345807868869}, "step": 49}
Step:49	{"loss": {"slot_margin_loss": 0.15930835902690887}, "step": 49}
Step:49	{"loss": {"total_loss": 3.39632078601717}, "step": 49}
Step:50	{"loss": {"intent_loss": 0.7227461919545025}, "step": 50}
Step:50	{"loss": {"intent_est_loss": 0.7218841820103993}, "step": 50}
Step:50	{"loss": {"intent_margin_loss": 0.0008620094740763307}, "step": 50}
Step:50	{"loss": {"slot_loss": 0.950432996999009}, "step": 50}
Step:50	{"loss": {"slot_est_loss": 0.8040890157208199}, "step": 50}
Step:50	{"loss": {"slot_margin_loss": 0.14634399116039276}, "step": 50}
Step:50	{"loss": {"total_loss": 1.6731791889535115}, "step": 50}
Step:51	{"loss": {"intent_loss": 0.7420587824424733}, "step": 51}
Step:51	{"loss": {"intent_est_loss": 0.7411964402836012}, "step": 51}
Step:51	{"loss": {"intent_margin_loss": 0.0008623456233181059}, "step": 51}
Step:51	{"loss": {"slot_loss": 0.9215103213253314}, "step": 51}
Step:51	{"loss": {"slot_est_loss": 0.7769290694770462}, "step": 51}
Step:51	{"loss": {"slot_margin_loss": 0.1445813626050949}, "step": 51}
Step:51	{"loss": {"total_loss": 1.6635691037678046}, "step": 51}
Step:52	{"loss": {"intent_loss": 0.8535377883243195}, "step": 52}
Step:52	{"loss": {"intent_est_loss": 0.8526756315201051}, "step": 52}
Step:52	{"loss": {"intent_margin_loss": 0.0008621566812507808}, "step": 52}
Step:52	{"loss": {"slot_loss": 0.8985328647977436}, "step": 52}
Step:52	{"loss": {"slot_est_loss": 0.7533386752431399}, "step": 52}
Step:52	{"loss": {"slot_margin_loss": 0.14519423246383667}, "step": 52}
Step:52	{"loss": {"total_loss": 1.7520706531220631}, "step": 52}
Step:53	{"loss": {"intent_loss": 1.1352310918140587}, "step": 53}
Step:53	{"loss": {"intent_est_loss": 1.1343687673914236}, "step": 53}
Step:53	{"loss": {"intent_margin_loss": 0.0008623265894129872}, "step": 53}
Step:53	{"loss": {"slot_loss": 0.9042609018128145}, "step": 53}
Step:53	{"loss": {"slot_est_loss": 0.7628859052842007}, "step": 53}
Step:53	{"loss": {"slot_margin_loss": 0.14137496054172516}, "step": 53}
Step:53	{"loss": {"total_loss": 2.039491993626873}, "step": 53}
Step:54	{"loss": {"intent_loss": 0.9168519506529266}, "step": 54}
Step:54	{"loss": {"intent_est_loss": 0.915989589729724}, "step": 54}
Step:54	{"loss": {"intent_margin_loss": 0.0008623544126749039}, "step": 54}
Step:54	{"loss": {"slot_loss": 0.8740153855964302}, "step": 54}
Step:54	{"loss": {"slot_est_loss": 0.723280875280034}, "step": 54}
Step:54	{"loss": {"slot_margin_loss": 0.15073460340499878}, "step": 54}
Step:54	{"loss": {"total_loss": 1.7908673362493568}, "step": 54}
Step:55	{"loss": {"intent_loss": 0.9903868650369985}, "step": 55}
Step:55	{"loss": {"intent_est_loss": 0.9895246023719658}, "step": 55}
Step:55	{"loss": {"intent_margin_loss": 0.0008622567402198911}, "step": 55}
Step:55	{"loss": {"slot_loss": 0.8897653293010077}, "step": 55}
Step:55	{"loss": {"slot_est_loss": 0.7447933269577324}, "step": 55}
Step:55	{"loss": {"slot_margin_loss": 0.14497201144695282}, "step": 55}
Step:55	{"loss": {"total_loss": 1.8801521943380062}, "step": 55}
Step:56	{"loss": {"intent_loss": 1.7106591556497737}, "step": 56}
Step:56	{"loss": {"intent_est_loss": 1.709796641023424}, "step": 56}
Step:56	{"loss": {"intent_margin_loss": 0.0008625134942121804}, "step": 56}
Step:56	{"loss": {"slot_loss": 0.9009094219421971}, "step": 56}
Step:56	{"loss": {"slot_est_loss": 0.7543482740496986}, "step": 56}
Step:56	{"loss": {"slot_margin_loss": 0.14656110107898712}, "step": 56}
Step:56	{"loss": {"total_loss": 2.611568577591971}, "step": 56}
Step:57	{"loss": {"intent_loss": 1.8560808180947785}, "step": 57}
Step:57	{"loss": {"intent_est_loss": 1.855218360314757}, "step": 57}
Step:57	{"loss": {"intent_margin_loss": 0.0008624712354503572}, "step": 57}
Step:57	{"loss": {"slot_loss": 0.9999023955257136}, "step": 57}
Step:57	{"loss": {"slot_est_loss": 0.8464811743047904}, "step": 57}
Step:57	{"loss": {"slot_margin_loss": 0.15342116355895996}, "step": 57}
Step:57	{"loss": {"total_loss": 2.855983213620492}, "step": 57}
Step:58	{"loss": {"intent_loss": 1.7415591500212018}, "step": 58}
Step:58	{"loss": {"intent_est_loss": 1.7406966745409587}, "step": 58}
Step:58	{"loss": {"intent_margin_loss": 0.000862480083014816}, "step": 58}
Step:58	{"loss": {"slot_loss": 0.8832431808492405}, "step": 58}
Step:58	{"loss": {"slot_est_loss": 0.7385515821340956}, "step": 58}
Step:58	{"loss": {"slot_margin_loss": 0.14469151198863983}, "step": 58}
Step:58	{"loss": {"total_loss": 2.624802330870442}, "step": 58}
Step:59	{"loss": {"intent_loss": 0.9053524832343106}, "step": 59}
Step:59	{"loss": {"intent_est_loss": 0.9044899088410593}, "step": 59}
Step:59	{"loss": {"intent_margin_loss": 0.00086258165538311}, "step": 59}
Step:59	{"loss": {"slot_loss": 0.8604441486575528}, "step": 59}
Step:59	{"loss": {"slot_est_loss": 0.7238945359204084}, "step": 59}
Step:59	{"loss": {"slot_margin_loss": 0.13654963672161102}, "step": 59}
Step:59	{"loss": {"total_loss": 1.7657966318918634}, "step": 59}
Step:60	{"loss": {"intent_loss": 0.8615581987174671}, "step": 60}
Step:60	{"loss": {"intent_est_loss": 0.8606963050919153}, "step": 60}
Step:60	{"loss": {"intent_margin_loss": 0.0008618854335509241}, "step": 60}
Step:60	{"loss": {"slot_loss": 0.782505498998216}, "step": 60}
Step:60	{"loss": {"slot_est_loss": 0.6496227607523902}, "step": 60}
Step:60	{"loss": {"slot_margin_loss": 0.13288269937038422}, "step": 60}
Step:60	{"loss": {"total_loss": 1.644063697715683}, "step": 60}
Step:61	{"loss": {"intent_loss": 3.209698921041851}, "step": 61}
Step:61	{"loss": {"intent_est_loss": 3.2088366999327267}, "step": 61}
Step:61	{"loss": {"intent_margin_loss": 0.0008622215827926993}, "step": 61}
Step:61	{"loss": {"slot_loss": 0.9535562222765295}, "step": 61}
Step:61	{"loss": {"slot_est_loss": 0.8010965717752696}, "step": 61}
Step:61	{"loss": {"slot_margin_loss": 0.15245965123176575}, "step": 61}
Step:61	{"loss": {"total_loss": 4.163255143318381}, "step": 61}
Step:62	{"loss": {"intent_loss": 0.9537369934587326}, "step": 62}
Step:62	{"loss": {"intent_est_loss": 0.9528749978228003}, "step": 62}
Step:62	{"loss": {"intent_margin_loss": 0.0008619923028163612}, "step": 62}
Step:62	{"loss": {"slot_loss": 0.7897125638395667}, "step": 62}
Step:62	{"loss": {"slot_est_loss": 0.6600404142474868}, "step": 62}
Step:62	{"loss": {"slot_margin_loss": 0.129672110080719}, "step": 62}
Step:62	{"loss": {"total_loss": 1.7434495572982993}, "step": 62}
Step:63	{"loss": {"intent_loss": 0.5713473995048833}, "step": 63}
Step:63	{"loss": {"intent_est_loss": 0.5704850664220429}, "step": 63}
Step:63	{"loss": {"intent_margin_loss": 0.0008623308385722339}, "step": 63}
Step:63	{"loss": {"slot_loss": 0.7837459570495413}, "step": 63}
Step:63	{"loss": {"slot_est_loss": 0.6569052175196699}, "step": 63}
Step:63	{"loss": {"slot_margin_loss": 0.12684068083763123}, "step": 63}
Step:63	{"loss": {"total_loss": 1.3550933565544248}, "step": 63}
Step:64	{"loss": {"intent_loss": 0.852501755388948}, "step": 64}
Step:64	{"loss": {"intent_est_loss": 0.8516396696606536}, "step": 64}
Step:64	{"loss": {"intent_margin_loss": 0.0008620891021564603}, "step": 64}
Step:64	{"loss": {"slot_loss": 0.8291076902765777}, "step": 64}
Step:64	{"loss": {"slot_est_loss": 0.7024751004908462}, "step": 64}
Step:64	{"loss": {"slot_margin_loss": 0.1266327053308487}, "step": 64}
Step:64	{"loss": {"total_loss": 1.6816094456655257}, "step": 64}
Step:65	{"loss": {"intent_loss": 2.3532714939945425}, "step": 65}
Step:65	{"loss": {"intent_est_loss": 2.352409242540308}, "step": 65}
Step:65	{"loss": {"intent_margin_loss": 0.0008622549939900637}, "step": 65}
Step:65	{"loss": {"slot_loss": 0.8780004158645182}, "step": 65}
Step:65	{"loss": {"slot_est_loss": 0.7324912707073957}, "step": 65}
Step:65	{"loss": {"slot_margin_loss": 0.14550918340682983}, "step": 65}
Step:65	{"loss": {"total_loss": 3.2312719098590605}, "step": 65}
Step:66	{"loss": {"intent_loss": 1.0397618366405375}, "step": 66}
Step:66	{"loss": {"intent_est_loss": 1.0388996270368815}, "step": 66}
Step:66	{"loss": {"intent_margin_loss": 0.0008622111054137349}, "step": 66}
Step:66	{"loss": {"slot_loss": 0.8780669376530568}, "step": 66}
Step:66	{"loss": {"slot_est_loss": 0.7329150018835208}, "step": 66}
Step:66	{"loss": {"slot_margin_loss": 0.14515186846256256}, "step": 66}
Step:66	{"loss": {"total_loss": 1.9178287742935942}, "step": 66}
Step:67	{"loss": {"intent_loss": 1.6067014704007312}, "step": 67}
Step:67	{"loss": {"intent_est_loss": 1.605839595981524}, "step": 67}
Step:67	{"loss": {"intent_margin_loss": 0.0008618683204986155}, "step": 67}
Step:67	{"loss": {"slot_loss": 0.8526533958225632}, "step": 67}
Step:67	{"loss": {"slot_est_loss": 0.7219380851413002}, "step": 67}
Step:67	{"loss": {"slot_margin_loss": 0.13071538507938385}, "step": 67}
Step:67	{"loss": {"total_loss": 2.4593548662232942}, "step": 67}
Step:68	{"loss": {"intent_loss": 1.0642418857634766}, "step": 68}
Step:68	{"loss": {"intent_est_loss": 1.063379321755928}, "step": 68}
Step:68	{"loss": {"intent_margin_loss": 0.0008625637856312096}, "step": 68}
Step:68	{"loss": {"slot_loss": 0.8907558744467682}, "step": 68}
Step:68	{"loss": {"slot_est_loss": 0.7482545746301186}, "step": 68}
Step:68	{"loss": {"slot_margin_loss": 0.14250129461288452}, "step": 68}
Step:68	{"loss": {"total_loss": 1.9549977602102446}, "step": 68}
Step:69	{"loss": {"intent_loss": 0.6734896836482217}, "step": 69}
Step:69	{"loss": {"intent_est_loss": 0.6726270889026644}, "step": 69}
Step:69	{"loss": {"intent_margin_loss": 0.0008625931804999709}, "step": 69}
Step:69	{"loss": {"slot_loss": 0.7510559502945405}, "step": 69}
Step:69	{"loss": {"slot_est_loss": 0.623788375336153}, "step": 69}
Step:69	{"loss": {"slot_margin_loss": 0.1272675096988678}, "step": 69}
Step:69	{"loss": {"total_loss": 1.4245456339427622}, "step": 69}
Step:70	{"loss": {"intent_loss": 1.299233589643699}, "step": 70}
Step:70	{"loss": {"intent_est_loss": 1.2983715089052554}, "step": 70}
Step:70	{"loss": {"intent_margin_loss": 0.0008620852022431791}, "step": 70}
Step:70	{"loss": {"slot_loss": 0.7566783487258362}, "step": 70}
Step:70	{"loss": {"slot_est_loss": 0.6380858452408574}, "step": 70}
Step:70	{"loss": {"slot_margin_loss": 0.1185925081372261}, "step": 70}
Step:70	{"loss": {"total_loss": 2.055911938369535}, "step": 70}
Step:71	{"loss": {"intent_loss": 1.2831777264778792}, "step": 71}
Step:71	{"loss": {"intent_est_loss": 1.2823156920625471}, "step": 71}
Step:71	{"loss": {"intent_margin_loss": 0.0008620356675237417}, "step": 71}
Step:71	{"loss": {"slot_loss": 0.7736242219310945}, "step": 71}
Step:71	{"loss": {"slot_est_loss": 0.6441874451862541}, "step": 71}
Step:71	{"loss": {"slot_margin_loss": 0.12943676114082336}, "step": 71}
Step:71	{"loss": {"total_loss": 2.0568019484089737}, "step": 71}
Step:72	{"loss": {"intent_loss": 1.0651251509993018}, "step": 72}
Step:72	{"loss": {"intent_est_loss": 1.0642631702445222}, "step": 72}
Step:72	{"loss": {"intent_margin_loss": 0.000861973559949547}, "step": 72}
Step:72	{"loss": {"slot_loss": 0.794930227604345}, "step": 72}
Step:72	{"loss": {"slot_est_loss": 0.6666503495565855}, "step": 72}
Step:72	{"loss": {"slot_margin_loss": 0.1282798945903778}, "step": 72}
Step:72	{"loss": {"total_loss": 1.8600553786036467}, "step": 72}
Step:73	{"loss": {"intent_loss": 1.4290314370424297}, "step": 73}
Step:73	{"loss": {"intent_est_loss": 1.4281687503316791}, "step": 73}
Step:73	{"loss": {"intent_margin_loss": 0.0008626963826827705}, "step": 73}
Step:73	{"loss": {"slot_loss": 0.743053457424686}, "step": 73}
Step:73	{"loss": {"slot_est_loss": 0.6130819542944659}, "step": 73}
Step:73	{"loss": {"slot_margin_loss": 0.1299714744091034}, "step": 73}
Step:73	{"loss": {"total_loss": 2.172084894467116}, "step": 73}
Step:74	{"loss": {"intent_loss": 0.6298971957225149}, "step": 74}
Step:74	{"loss": {"intent_est_loss": 0.6290348035996428}, "step": 74}
Step:74	{"loss": {"intent_margin_loss": 0.0008623912581242621}, "step": 74}
Step:74	{"loss": {"slot_loss": 0.697442809713539}, "step": 74}
Step:74	{"loss": {"slot_est_loss": 0.576362266394426}, "step": 74}
Step:74	{"loss": {"slot_margin_loss": 0.12108045816421509}, "step": 74}
Step:74	{"loss": {"total_loss": 1.3273400054360538}, "step": 74}
Step:75	{"loss": {"intent_loss": 2.4914952670667834}, "step": 75}
Step:75	{"loss": {"intent_est_loss": 2.490633223667103}, "step": 75}
Step:75	{"loss": {"intent_margin_loss": 0.0008620552835054696}, "step": 75}
Step:75	{"loss": {"slot_loss": 0.9928246461757225}, "step": 75}
Step:75	{"loss": {"slot_est_loss": 0.8497632020269511}, "step": 75}
Step:75	{"loss": {"slot_margin_loss": 0.14306142926216125}, "step": 75}
Step:75	{"loss": {"total_loss": 3.484319913242506}, "step": 75}
Step:76	{"loss": {"intent_loss": 0.5017020173851056}, "step": 76}
Step:76	{"loss": {"intent_est_loss": 0.5008399446618568}, "step": 76}
Step:76	{"loss": {"intent_margin_loss": 0.000862075190525502}, "step": 76}
Step:76	{"loss": {"slot_loss": 0.7157771774538563}, "step": 76}
Step:76	{"loss": {"slot_est_loss": 0.5915474281122438}, "step": 76}
Step:76	{"loss": {"slot_margin_loss": 0.12422975897789001}, "step": 76}
Step:76	{"loss": {"total_loss": 1.2174791948389618}, "step": 76}
Step:77	{"loss": {"intent_loss": 1.3041584834234539}, "step": 77}
Step:77	{"loss": {"intent_est_loss": 1.303296083763416}, "step": 77}
Step:77	{"loss": {"intent_margin_loss": 0.0008623900939710438}, "step": 77}
Step:77	{"loss": {"slot_loss": 0.7803238718959615}, "step": 77}
Step:77	{"loss": {"slot_est_loss": 0.6597536418965312}, "step": 77}
Step:77	{"loss": {"slot_margin_loss": 0.12057020515203476}, "step": 77}
Step:77	{"loss": {"total_loss": 2.084482355319415}, "step": 77}
Step:78	{"loss": {"intent_loss": 0.7211143509102834}, "step": 78}
Step:78	{"loss": {"intent_est_loss": 0.72025207540064}, "step": 78}
Step:78	{"loss": {"intent_margin_loss": 0.0008622778113931417}, "step": 78}
Step:78	{"loss": {"slot_loss": 0.7692177858436482}, "step": 78}
Step:78	{"loss": {"slot_est_loss": 0.6467360691749485}, "step": 78}
Step:78	{"loss": {"slot_margin_loss": 0.12248173356056213}, "step": 78}
Step:78	{"loss": {"total_loss": 1.4903321367539317}, "step": 78}
Step:79	{"loss": {"intent_loss": 0.7944771532329464}, "step": 79}
Step:79	{"loss": {"intent_est_loss": 0.7936149322449632}, "step": 79}
Step:79	{"loss": {"intent_margin_loss": 0.0008622221066616476}, "step": 79}
Step:79	{"loss": {"slot_loss": 0.7117652487504537}, "step": 79}
Step:79	{"loss": {"slot_est_loss": 0.5943118930692425}, "step": 79}
Step:79	{"loss": {"slot_margin_loss": 0.11745328456163406}, "step": 79}
Step:79	{"loss": {"total_loss": 1.5062424019834002}, "step": 79}
Step:80	{"loss": {"intent_loss": 2.1072124746526275}, "step": 80}
Step:80	{"loss": {"intent_est_loss": 2.106350125670359}, "step": 80}
Step:80	{"loss": {"intent_margin_loss": 0.0008623365429230034}, "step": 80}
Step:80	{"loss": {"slot_loss": 0.7943350407731493}, "step": 80}
Step:80	{"loss": {"slot_est_loss": 0.6714533529826439}, "step": 80}
Step:80	{"loss": {"slot_margin_loss": 0.12288161367177963}, "step": 80}
Step:80	{"loss": {"total_loss": 2.9015475154257766}, "step": 80}
Step:81	{"loss": {"intent_loss": 1.8885399446684479}, "step": 81}
Step:81	{"loss": {"intent_est_loss": 1.8876774751341123}, "step": 81}
Step:81	{"loss": {"intent_margin_loss": 0.0008624700712971389}, "step": 81}
Step:81	{"loss": {"slot_loss": 0.7698075515174416}, "step": 81}
Step:81	{"loss": {"slot_est_loss": 0.6350068942061624}, "step": 81}
Step:81	{"loss": {"slot_margin_loss": 0.1348007470369339}, "step": 81}
Step:81	{"loss": {"total_loss": 2.6583474961858897}, "step": 81}
Step:82	{"loss": {"intent_loss": 1.2389946049392164}, "step": 82}
Step:82	{"loss": {"intent_est_loss": 1.2381320450833293}, "step": 82}
Step:82	{"loss": {"intent_margin_loss": 0.0008625566260889173}, "step": 82}
Step:82	{"loss": {"slot_loss": 0.7430884973378855}, "step": 82}
Step:82	{"loss": {"slot_est_loss": 0.6168838026555019}, "step": 82}
Step:82	{"loss": {"slot_margin_loss": 0.12620466947555542}, "step": 82}
Step:82	{"loss": {"total_loss": 1.982083102277102}, "step": 82}
Step:83	{"loss": {"intent_loss": 0.8327520588791232}, "step": 83}
Step:83	{"loss": {"intent_est_loss": 0.831889860099909}, "step": 83}
Step:83	{"loss": {"intent_margin_loss": 0.0008621991146355867}, "step": 83}
Step:83	{"loss": {"slot_loss": 0.6023899397390785}, "step": 83}
Step:83	{"loss": {"slot_est_loss": 0.4938164157269059}, "step": 83}
Step:83	{"loss": {"slot_margin_loss": 0.1085735559463501}, "step": 83}
Step:83	{"loss": {"total_loss": 1.4351419986182017}, "step": 83}
Step:84	{"loss": {"intent_loss": 1.489028928010521}, "step": 84}
Step:84	{"loss": {"intent_est_loss": 1.4881668285765042}, "step": 84}
Step:84	{"loss": {"intent_margin_loss": 0.0008620954467914999}, "step": 84}
Step:84	{"loss": {"slot_loss": 0.8035399668471656}, "step": 84}
Step:84	{"loss": {"slot_est_loss": 0.6765116586742811}, "step": 84}
Step:84	{"loss": {"slot_margin_loss": 0.1270281970500946}, "step": 84}
Step:84	{"loss": {"total_loss": 2.2925688948576863}, "step": 84}
Step:85	{"loss": {"intent_loss": 1.178343106160172}, "step": 85}
Step:85	{"loss": {"intent_est_loss": 1.1774806021618123}, "step": 85}
Step:85	{"loss": {"intent_margin_loss": 0.0008625028422102332}, "step": 85}
Step:85	{"loss": {"slot_loss": 0.7837124813566325}, "step": 85}
Step:85	{"loss": {"slot_est_loss": 0.6568129262072026}, "step": 85}
Step:85	{"loss": {"slot_margin_loss": 0.12689951062202454}, "step": 85}
Step:85	{"loss": {"total_loss": 1.9620555875168044}, "step": 85}
Step:86	{"loss": {"intent_loss": 0.7090675974737668}, "step": 86}
Step:86	{"loss": {"intent_est_loss": 0.708205304686272}, "step": 86}
Step:86	{"loss": {"intent_margin_loss": 0.0008622903842478991}, "step": 86}
Step:86	{"loss": {"slot_loss": 0.6868395482015323}, "step": 86}
Step:86	{"loss": {"slot_est_loss": 0.5685646359444947}, "step": 86}
Step:86	{"loss": {"slot_margin_loss": 0.11827488988637924}, "step": 86}
Step:86	{"loss": {"total_loss": 1.3959071456752992}, "step": 86}
Step:87	{"loss": {"intent_loss": 1.0045909978594862}, "step": 87}
Step:87	{"loss": {"intent_est_loss": 1.003728899342243}, "step": 87}
Step:87	{"loss": {"intent_margin_loss": 0.0008620994631201029}, "step": 87}
Step:87	{"loss": {"slot_loss": 0.7262956305523405}, "step": 87}
Step:87	{"loss": {"slot_est_loss": 0.610757005147753}, "step": 87}
Step:87	{"loss": {"slot_margin_loss": 0.11553869396448135}, "step": 87}
Step:87	{"loss": {"total_loss": 1.7308866284118267}, "step": 87}
Step:88	{"loss": {"intent_loss": 1.276268666238322}, "step": 88}
Step:88	{"loss": {"intent_est_loss": 1.275406111666962}, "step": 88}
Step:88	{"loss": {"intent_margin_loss": 0.0008625451591797173}, "step": 88}
Step:88	{"loss": {"slot_loss": 0.6822181726078274}, "step": 88}
Step:88	{"loss": {"slot_est_loss": 0.5638982833595941}, "step": 88}
Step:88	{"loss": {"slot_margin_loss": 0.11831989884376526}, "step": 88}
Step:88	{"loss": {"total_loss": 1.9584868388461494}, "step": 88}
Step:89	{"loss": {"intent_loss": 2.465786023349212}, "step": 89}
Step:89	{"loss": {"intent_est_loss": 2.464923849807379}, "step": 89}
Step:89	{"loss": {"intent_margin_loss": 0.0008621703018434346}, "step": 89}
Step:89	{"loss": {"slot_loss": 0.7348494047633723}, "step": 89}
Step:89	{"loss": {"slot_est_loss": 0.6144303314664288}, "step": 89}
Step:89	{"loss": {"slot_margin_loss": 0.12041901797056198}, "step": 89}
Step:89	{"loss": {"total_loss": 3.200635428112584}, "step": 89}
Step:90	{"loss": {"intent_loss": 0.49029308933640975}, "step": 90}
Step:90	{"loss": {"intent_est_loss": 0.48943107064697006}, "step": 90}
Step:90	{"loss": {"intent_margin_loss": 0.0008620183216407895}, "step": 90}
Step:90	{"loss": {"slot_loss": 0.6709173995768646}, "step": 90}
Step:90	{"loss": {"slot_est_loss": 0.5681833297770942}, "step": 90}
Step:90	{"loss": {"slot_margin_loss": 0.10273414105176926}, "step": 90}
Step:90	{"loss": {"total_loss": 1.1612104889132744}, "step": 90}
Step:91	{"loss": {"intent_loss": 0.6069645075582224}, "step": 91}
Step:91	{"loss": {"intent_est_loss": 0.6061020890749207}, "step": 91}
Step:91	{"loss": {"intent_margin_loss": 0.0008624151814728975}, "step": 91}
Step:91	{"loss": {"slot_loss": 0.6881746204104273}, "step": 91}
Step:91	{"loss": {"slot_est_loss": 0.5723207134098635}, "step": 91}
Step:91	{"loss": {"slot_margin_loss": 0.11585400998592377}, "step": 91}
Step:91	{"loss": {"total_loss": 1.2951391279686497}, "step": 91}
Step:92	{"loss": {"intent_loss": 1.098060962957972}, "step": 92}
Step:92	{"loss": {"intent_est_loss": 1.0971987530301697}, "step": 92}
Step:92	{"loss": {"intent_margin_loss": 0.0008622066234238446}, "step": 92}
Step:92	{"loss": {"slot_loss": 0.6597546576376772}, "step": 92}
Step:92	{"loss": {"slot_est_loss": 0.5428842152927248}, "step": 92}
Step:92	{"loss": {"slot_margin_loss": 0.11687041074037552}, "step": 92}
Step:92	{"loss": {"total_loss": 1.7578156205956492}, "step": 92}
Step:93	{"loss": {"intent_loss": 1.1320194775547874}, "step": 93}
Step:93	{"loss": {"intent_est_loss": 1.1311573532893826}, "step": 93}
Step:93	{"loss": {"intent_margin_loss": 0.0008621154120191932}, "step": 93}
Step:93	{"loss": {"slot_loss": 0.7503356917106433}, "step": 93}
Step:93	{"loss": {"slot_est_loss": 0.6282837306840519}, "step": 93}
Step:93	{"loss": {"slot_margin_loss": 0.12205197662115097}, "step": 93}
Step:93	{"loss": {"total_loss": 1.8823551692654306}, "step": 93}
Step:94	{"loss": {"intent_loss": 1.8735399679742817}, "step": 94}
Step:94	{"loss": {"intent_est_loss": 1.8726774361388394}, "step": 94}
Step:94	{"loss": {"intent_margin_loss": 0.000862527173012495}, "step": 94}
Step:94	{"loss": {"slot_loss": 0.7117982327559722}, "step": 94}
Step:94	{"loss": {"slot_est_loss": 0.596138370376138}, "step": 94}
Step:94	{"loss": {"slot_margin_loss": 0.11565989255905151}, "step": 94}
Step:94	{"loss": {"total_loss": 2.585338200730254}, "step": 94}
Step:95	{"loss": {"intent_loss": 1.544116953175398}, "step": 95}
Step:95	{"loss": {"intent_est_loss": 1.5432547909360457}, "step": 95}
Step:95	{"loss": {"intent_margin_loss": 0.0008621636661700904}, "step": 95}
Step:95	{"loss": {"slot_loss": 0.677647970234103}, "step": 95}
Step:95	{"loss": {"slot_est_loss": 0.5602229572272337}, "step": 95}
Step:95	{"loss": {"slot_margin_loss": 0.11742506921291351}, "step": 95}
Step:95	{"loss": {"total_loss": 2.221764923409501}, "step": 95}
Step:96	{"loss": {"intent_loss": 2.317421666246808}, "step": 96}
Step:96	{"loss": {"intent_est_loss": 2.316559565247734}, "step": 96}
Step:96	{"loss": {"intent_margin_loss": 0.0008621067390777171}, "step": 96}
Step:96	{"loss": {"slot_loss": 0.7540876980929163}, "step": 96}
Step:96	{"loss": {"slot_est_loss": 0.6299566078843779}, "step": 96}
Step:96	{"loss": {"slot_margin_loss": 0.12413114309310913}, "step": 96}
Step:96	{"loss": {"total_loss": 3.0715093643397244}, "step": 96}
Step:97	{"loss": {"intent_loss": 1.1081331318022425}, "step": 97}
Step:97	{"loss": {"intent_est_loss": 1.1072711086697389}, "step": 97}
Step:97	{"loss": {"intent_margin_loss": 0.0008620274602435529}, "step": 97}
Step:97	{"loss": {"slot_loss": 0.6178028186885056}, "step": 97}
Step:97	{"loss": {"slot_est_loss": 0.5131339599392961}, "step": 97}
Step:97	{"loss": {"slot_margin_loss": 0.10466885566711426}, "step": 97}
Step:97	{"loss": {"total_loss": 1.725935950490748}, "step": 97}
Step:98	{"loss": {"intent_loss": 0.8510071761455041}, "step": 98}
Step:98	{"loss": {"intent_est_loss": 0.8501446893627879}, "step": 98}
Step:98	{"loss": {"intent_margin_loss": 0.0008624825277365744}, "step": 98}
Step:98	{"loss": {"slot_loss": 0.6094915080058856}, "step": 98}
Step:98	{"loss": {"slot_est_loss": 0.5044457316427724}, "step": 98}
Step:98	{"loss": {"slot_margin_loss": 0.10504589229822159}, "step": 98}
Step:98	{"loss": {"total_loss": 1.4604986841513896}, "step": 98}
Step:99	{"loss": {"intent_loss": 0.42671899715423955}, "step": 99}
Step:99	{"loss": {"intent_est_loss": 0.4258565514035584}, "step": 99}
Step:99	{"loss": {"intent_margin_loss": 0.0008624463225714862}, "step": 99}
Step:99	{"loss": {"slot_loss": 0.6405466419935698}, "step": 99}
Step:99	{"loss": {"slot_est_loss": 0.5262695285018705}, "step": 99}
Step:99	{"loss": {"slot_margin_loss": 0.11427716910839081}, "step": 99}
Step:99	{"loss": {"total_loss": 1.0672656391478093}, "step": 99}
Step:100	{"loss": {"intent_loss": 0.7624878954025922}, "step": 100}
Step:100	{"loss": {"intent_est_loss": 0.7616257782683536}, "step": 100}
Step:100	{"loss": {"intent_margin_loss": 0.000862122920807451}, "step": 100}
Step:100	{"loss": {"slot_loss": 0.6378539106517566}, "step": 100}
Step:100	{"loss": {"slot_est_loss": 0.5381659134058278}, "step": 100}
Step:100	{"loss": {"slot_margin_loss": 0.09968795627355576}, "step": 100}
Step:100	{"loss": {"total_loss": 1.4003418060543487}, "step": 100}
Step:101	{"loss": {"intent_loss": 1.0657284984958106}, "step": 101}
Step:101	{"loss": {"intent_est_loss": 1.0648660970218757}, "step": 101}
Step:101	{"loss": {"intent_margin_loss": 0.0008623994654044509}, "step": 101}
Step:101	{"loss": {"slot_loss": 0.6930045108645566}, "step": 101}
Step:101	{"loss": {"slot_est_loss": 0.5741746862477155}, "step": 101}
Step:101	{"loss": {"slot_margin_loss": 0.11882983148097992}, "step": 101}
Step:101	{"loss": {"total_loss": 1.7587330093603672}, "step": 101}
Step:102	{"loss": {"intent_loss": 1.414786589708093}, "step": 102}
Step:102	{"loss": {"intent_est_loss": 1.4139244735168175}, "step": 102}
Step:102	{"loss": {"intent_margin_loss": 0.0008621137822046876}, "step": 102}
Step:102	{"loss": {"slot_loss": 0.7893696091035958}, "step": 102}
Step:102	{"loss": {"slot_est_loss": 0.6661683705300675}, "step": 102}
Step:102	{"loss": {"slot_margin_loss": 0.12320113927125931}, "step": 102}
Step:102	{"loss": {"total_loss": 2.2041561988116887}, "step": 102}
Step:103	{"loss": {"intent_loss": 1.0847806225443497}, "step": 103}
Step:103	{"loss": {"intent_est_loss": 1.0839182484785859}, "step": 103}
Step:103	{"loss": {"intent_margin_loss": 0.0008623774047009647}, "step": 103}
Step:103	{"loss": {"slot_loss": 0.6230931890255307}, "step": 103}
Step:103	{"loss": {"slot_est_loss": 0.5133701236103656}, "step": 103}
Step:103	{"loss": {"slot_margin_loss": 0.1097230315208435}, "step": 103}
Step:103	{"loss": {"total_loss": 1.7078738115698804}, "step": 103}
Step:104	{"loss": {"intent_loss": 1.2872289617502248}, "step": 104}
Step:104	{"loss": {"intent_est_loss": 1.2863666709403339}, "step": 104}
Step:104	{"loss": {"intent_margin_loss": 0.0008622934692539275}, "step": 104}
Step:104	{"loss": {"slot_loss": 0.6518668743592568}, "step": 104}
Step:104	{"loss": {"slot_est_loss": 0.5368629074655478}, "step": 104}
Step:104	{"loss": {"slot_margin_loss": 0.11500396579504013}, "step": 104}
Step:104	{"loss": {"total_loss": 1.9390958361094817}, "step": 104}
Step:105	{"loss": {"intent_loss": 0.831860766736645}, "step": 105}
Step:105	{"loss": {"intent_est_loss": 0.8309984330709995}, "step": 105}
Step:105	{"loss": {"intent_margin_loss": 0.0008623437024652958}, "step": 105}
Step:105	{"loss": {"slot_loss": 0.6646692822672773}, "step": 105}
Step:105	{"loss": {"slot_est_loss": 0.5571297817630689}, "step": 105}
Step:105	{"loss": {"slot_margin_loss": 0.10753954201936722}, "step": 105}
Step:105	{"loss": {"total_loss": 1.4965300490039222}, "step": 105}
Step:106	{"loss": {"intent_loss": 1.3034194994950674}, "step": 106}
Step:106	{"loss": {"intent_est_loss": 1.3025568916888004}, "step": 106}
Step:106	{"loss": {"intent_margin_loss": 0.0008625975460745394}, "step": 106}
Step:106	{"loss": {"slot_loss": 0.5994371224442151}, "step": 106}
Step:106	{"loss": {"slot_est_loss": 0.5007747460957038}, "step": 106}
Step:106	{"loss": {"slot_margin_loss": 0.09866238385438919}, "step": 106}
Step:106	{"loss": {"total_loss": 1.9028566219392826}, "step": 106}
Step:107	{"loss": {"intent_loss": 1.6482522557133055}, "step": 107}
Step:107	{"loss": {"intent_est_loss": 1.6473898063020893}, "step": 107}
Step:107	{"loss": {"intent_margin_loss": 0.0008624481270089746}, "step": 107}
Step:107	{"loss": {"slot_loss": 0.6735066572902736}, "step": 107}
Step:107	{"loss": {"slot_est_loss": 0.5633338250307139}, "step": 107}
Step:107	{"loss": {"slot_margin_loss": 0.11017283797264099}, "step": 107}
Step:107	{"loss": {"total_loss": 2.321758913003579}, "step": 107}
Step:108	{"loss": {"intent_loss": 1.1579000722635102}, "step": 108}
Step:108	{"loss": {"intent_est_loss": 1.157037956399653}, "step": 108}
Step:108	{"loss": {"intent_margin_loss": 0.000862118205986917}, "step": 108}
Step:108	{"loss": {"slot_loss": 0.6577555984040371}, "step": 108}
Step:108	{"loss": {"slot_est_loss": 0.5489550223617705}, "step": 108}
Step:108	{"loss": {"slot_margin_loss": 0.10880053788423538}, "step": 108}
Step:108	{"loss": {"total_loss": 1.8156556706675473}, "step": 108}
Step:109	{"loss": {"intent_loss": 0.51070818272201}, "step": 109}
Step:109	{"loss": {"intent_est_loss": 0.5098460310549854}, "step": 109}
Step:109	{"loss": {"intent_margin_loss": 0.0008621510351076722}, "step": 109}
Step:109	{"loss": {"slot_loss": 0.5912409160562677}, "step": 109}
Step:109	{"loss": {"slot_est_loss": 0.47959430976334294}, "step": 109}
Step:109	{"loss": {"slot_margin_loss": 0.11164657026529312}, "step": 109}
Step:109	{"loss": {"total_loss": 1.1019490987782778}, "step": 109}
Step:110	{"loss": {"intent_loss": 0.8097845629890794}, "step": 110}
Step:110	{"loss": {"intent_est_loss": 0.8089222842609161}, "step": 110}
Step:110	{"loss": {"intent_margin_loss": 0.0008622770546935499}, "step": 110}
Step:110	{"loss": {"slot_loss": 0.662431689402729}, "step": 110}
Step:110	{"loss": {"slot_est_loss": 0.547820942249382}, "step": 110}
Step:110	{"loss": {"slot_margin_loss": 0.1146107167005539}, "step": 110}
Step:110	{"loss": {"total_loss": 1.4722162523918083}, "step": 110}
Step:111	{"loss": {"intent_loss": 0.8786611629548123}, "step": 111}
Step:111	{"loss": {"intent_est_loss": 0.8777991090057186}, "step": 111}
Step:111	{"loss": {"intent_margin_loss": 0.0008620523731224239}, "step": 111}
Step:111	{"loss": {"slot_loss": 0.6494886747546845}, "step": 111}
Step:111	{"loss": {"slot_est_loss": 0.5414967082557272}, "step": 111}
Step:111	{"loss": {"slot_margin_loss": 0.10799196362495422}, "step": 111}
Step:111	{"loss": {"total_loss": 1.5281498377094969}, "step": 111}
Step:112	{"loss": {"intent_loss": 0.7515467238936255}, "step": 112}
Step:112	{"loss": {"intent_est_loss": 0.7506841254253244}, "step": 112}
Step:112	{"loss": {"intent_margin_loss": 0.0008625985938124359}, "step": 112}
Step:112	{"loss": {"slot_loss": 0.6610823176015397}, "step": 112}
Step:112	{"loss": {"slot_est_loss": 0.5559667543799145}, "step": 112}
Step:112	{"loss": {"slot_margin_loss": 0.10511559993028641}, "step": 112}
Step:112	{"loss": {"total_loss": 1.4126290414951652}, "step": 112}
Step:113	{"loss": {"intent_loss": 2.1311386228349884}, "step": 113}
Step:113	{"loss": {"intent_est_loss": 2.130275946437905}, "step": 113}
Step:113	{"loss": {"intent_margin_loss": 0.0008626749040558934}, "step": 113}
Step:113	{"loss": {"slot_loss": 0.6816046966821884}, "step": 113}
Step:113	{"loss": {"slot_est_loss": 0.5693162014955304}, "step": 113}
Step:113	{"loss": {"slot_margin_loss": 0.1122884601354599}, "step": 113}
Step:113	{"loss": {"total_loss": 2.812743319517177}, "step": 113}
Step:114	{"loss": {"intent_loss": 0.56364394188422}, "step": 114}
Step:114	{"loss": {"intent_est_loss": 0.5627817878335918}, "step": 114}
Step:114	{"loss": {"intent_margin_loss": 0.0008621538290753961}, "step": 114}
Step:114	{"loss": {"slot_loss": 0.552216671170026}, "step": 114}
Step:114	{"loss": {"slot_est_loss": 0.45281710898707395}, "step": 114}
Step:114	{"loss": {"slot_margin_loss": 0.09939957410097122}, "step": 114}
Step:114	{"loss": {"total_loss": 1.115860613054246}, "step": 114}
Step:115	{"loss": {"intent_loss": 0.8752245202584167}, "step": 115}
Step:115	{"loss": {"intent_est_loss": 0.8743623201597072}, "step": 115}
Step:115	{"loss": {"intent_margin_loss": 0.0008621990564279258}, "step": 115}
Step:115	{"loss": {"slot_loss": 0.5743769160719238}, "step": 115}
Step:115	{"loss": {"slot_est_loss": 0.46745265347853987}, "step": 115}
Step:115	{"loss": {"slot_margin_loss": 0.10692431777715683}, "step": 115}
Step:115	{"loss": {"total_loss": 1.4496014363303404}, "step": 115}
Step:116	{"loss": {"intent_loss": 1.2404045818686424}, "step": 116}
Step:116	{"loss": {"intent_est_loss": 1.2395423444180782}, "step": 116}
Step:116	{"loss": {"intent_margin_loss": 0.0008622504537925124}, "step": 116}
Step:116	{"loss": {"slot_loss": 0.6928613502997907}, "step": 116}
Step:116	{"loss": {"slot_est_loss": 0.5827662533600236}, "step": 116}
Step:116	{"loss": {"slot_margin_loss": 0.11009512096643448}, "step": 116}
Step:116	{"loss": {"total_loss": 1.9332659321684331}, "step": 116}
Step:117	{"loss": {"intent_loss": 1.7447906989837072}, "step": 117}
Step:117	{"loss": {"intent_est_loss": 1.7439284632913772}, "step": 117}
Step:117	{"loss": {"intent_margin_loss": 0.0008622477180324495}, "step": 117}
Step:117	{"loss": {"slot_loss": 0.5819339605310238}, "step": 117}
Step:117	{"loss": {"slot_est_loss": 0.4793803895052404}, "step": 117}
Step:117	{"loss": {"slot_margin_loss": 0.10255353897809982}, "step": 117}
Step:117	{"loss": {"total_loss": 2.326724659514731}, "step": 117}
Step:118	{"loss": {"intent_loss": 1.4679910446720896}, "step": 118}
Step:118	{"loss": {"intent_est_loss": 1.4671287001852764}, "step": 118}
Step:118	{"loss": {"intent_margin_loss": 0.0008623323519714177}, "step": 118}
Step:118	{"loss": {"slot_loss": 0.718547540996224}, "step": 118}
Step:118	{"loss": {"slot_est_loss": 0.6059881952838615}, "step": 118}
Step:118	{"loss": {"slot_margin_loss": 0.11255931109189987}, "step": 118}
Step:118	{"loss": {"total_loss": 2.1865385856683135}, "step": 118}
Step:119	{"loss": {"intent_loss": 0.6640170299731835}, "step": 119}
Step:119	{"loss": {"intent_est_loss": 0.6631547211978619}, "step": 119}
Step:119	{"loss": {"intent_margin_loss": 0.0008623093017376959}, "step": 119}
Step:119	{"loss": {"slot_loss": 0.6109597798218598}, "step": 119}
Step:119	{"loss": {"slot_est_loss": 0.5072709066298555}, "step": 119}
Step:119	{"loss": {"slot_margin_loss": 0.1036888137459755}, "step": 119}
Step:119	{"loss": {"total_loss": 1.2749768097950431}, "step": 119}
Step:120	{"loss": {"intent_loss": 1.9478262925236778}, "step": 120}
Step:120	{"loss": {"intent_est_loss": 1.9469638203765498}, "step": 120}
Step:120	{"loss": {"intent_margin_loss": 0.0008624550537206233}, "step": 120}
Step:120	{"loss": {"slot_loss": 0.6210607661647367}, "step": 120}
Step:120	{"loss": {"slot_est_loss": 0.5143954308470705}, "step": 120}
Step:120	{"loss": {"slot_margin_loss": 0.10666535794734955}, "step": 120}
Step:120	{"loss": {"total_loss": 2.5688870586884143}, "step": 120}
Step:121	{"loss": {"intent_loss": 0.6141286836951622}, "step": 121}
Step:121	{"loss": {"intent_est_loss": 0.6132663340613366}, "step": 121}
Step:121	{"loss": {"intent_margin_loss": 0.0008623456815257668}, "step": 121}
Step:121	{"loss": {"slot_loss": 0.6574609592178605}, "step": 121}
Step:121	{"loss": {"slot_est_loss": 0.546028562902939}, "step": 121}
Step:121	{"loss": {"slot_margin_loss": 0.11143243312835693}, "step": 121}
Step:121	{"loss": {"total_loss": 1.2715896429130227}, "step": 121}
Step:122	{"loss": {"intent_loss": 1.0533174192794832}, "step": 122}
Step:122	{"loss": {"intent_est_loss": 1.0524553280898545}, "step": 122}
Step:122	{"loss": {"intent_margin_loss": 0.0008620936423540115}, "step": 122}
Step:122	{"loss": {"slot_loss": 0.6955090750139792}, "step": 122}
Step:122	{"loss": {"slot_est_loss": 0.5905296577286201}, "step": 122}
Step:122	{"loss": {"slot_margin_loss": 0.10497943311929703}, "step": 122}
Step:122	{"loss": {"total_loss": 1.7488264942934624}, "step": 122}
Step:123	{"loss": {"intent_loss": 0.9394239995621316}, "step": 123}
Step:123	{"loss": {"intent_est_loss": 0.9385615341565421}, "step": 123}
Step:123	{"loss": {"intent_margin_loss": 0.0008624527836218476}, "step": 123}
Step:123	{"loss": {"slot_loss": 0.6291800357517784}, "step": 123}
Step:123	{"loss": {"slot_est_loss": 0.5255527335510125}, "step": 123}
Step:123	{"loss": {"slot_margin_loss": 0.10362732410430908}, "step": 123}
Step:123	{"loss": {"total_loss": 1.5686040353139101}, "step": 123}
Step:124	{"loss": {"intent_loss": 1.502548705329901}, "step": 124}
Step:124	{"loss": {"intent_est_loss": 1.5016865460471314}, "step": 124}
Step:124	{"loss": {"intent_margin_loss": 0.0008621495217084885}, "step": 124}
Step:124	{"loss": {"slot_loss": 0.5353531830711292}, "step": 124}
Step:124	{"loss": {"slot_est_loss": 0.4374646043950637}, "step": 124}
Step:124	{"loss": {"slot_margin_loss": 0.09788861870765686}, "step": 124}
Step:124	{"loss": {"total_loss": 2.0379018884010303}, "step": 124}
Step:125	{"loss": {"intent_loss": 1.4096443257938522}, "step": 125}
Step:125	{"loss": {"intent_est_loss": 1.4087823290414236}, "step": 125}
Step:125	{"loss": {"intent_margin_loss": 0.0008619978907518089}, "step": 125}
Step:125	{"loss": {"slot_loss": 0.6582942133856693}, "step": 125}
Step:125	{"loss": {"slot_est_loss": 0.5456833737909618}, "step": 125}
Step:125	{"loss": {"slot_margin_loss": 0.1126108318567276}, "step": 125}
Step:125	{"loss": {"total_loss": 2.0679385391795213}, "step": 125}
Step:126	{"loss": {"intent_loss": 0.6063415205782806}, "step": 126}
Step:126	{"loss": {"intent_est_loss": 0.6054794646450307}, "step": 126}
Step:126	{"loss": {"intent_margin_loss": 0.0008620587759651244}, "step": 126}
Step:126	{"loss": {"slot_loss": 0.6026577134936806}, "step": 126}
Step:126	{"loss": {"slot_est_loss": 0.5009589406457964}, "step": 126}
Step:126	{"loss": {"slot_margin_loss": 0.10169878602027893}, "step": 126}
Step:126	{"loss": {"total_loss": 1.2089992340719613}, "step": 126}
Step:127	{"loss": {"intent_loss": 0.3013768123404586}, "step": 127}
Step:127	{"loss": {"intent_est_loss": 0.3005145727158379}, "step": 127}
Step:127	{"loss": {"intent_margin_loss": 0.0008622396853752434}, "step": 127}
Step:127	{"loss": {"slot_loss": 0.6016010488528986}, "step": 127}
Step:127	{"loss": {"slot_est_loss": 0.5068129115010371}, "step": 127}
Step:127	{"loss": {"slot_margin_loss": 0.0947880893945694}, "step": 127}
Step:127	{"loss": {"total_loss": 0.9029778611933572}, "step": 127}
Step:128	{"loss": {"intent_loss": 0.5505591708610152}, "step": 128}
Step:128	{"loss": {"intent_est_loss": 0.5496968539591759}, "step": 128}
Step:128	{"loss": {"intent_margin_loss": 0.0008623146568425}, "step": 128}
Step:128	{"loss": {"slot_loss": 0.5566394490771933}, "step": 128}
Step:128	{"loss": {"slot_est_loss": 0.463127244102361}, "step": 128}
Step:128	{"loss": {"slot_margin_loss": 0.09351219236850739}, "step": 128}
Step:128	{"loss": {"total_loss": 1.1071986199382087}, "step": 128}
Step:129	{"loss": {"intent_loss": 1.101181783914944}, "step": 129}
Step:129	{"loss": {"intent_est_loss": 1.1003191092597269}, "step": 129}
Step:129	{"loss": {"intent_margin_loss": 0.000862679909914732}, "step": 129}
Step:129	{"loss": {"slot_loss": 0.6507942510841533}, "step": 129}
Step:129	{"loss": {"slot_est_loss": 0.545397071149637}, "step": 129}
Step:129	{"loss": {"slot_margin_loss": 0.10539717972278595}, "step": 129}
Step:129	{"loss": {"total_loss": 1.7519760349990974}, "step": 129}
Step:130	{"loss": {"intent_loss": 1.0077739842588942}, "step": 130}
Step:130	{"loss": {"intent_est_loss": 1.0069116992443012}, "step": 130}
Step:130	{"loss": {"intent_margin_loss": 0.0008622842142358422}, "step": 130}
Step:130	{"loss": {"slot_loss": 0.5622137230580838}, "step": 130}
Step:130	{"loss": {"slot_est_loss": 0.46447520517103835}, "step": 130}
Step:130	{"loss": {"slot_margin_loss": 0.09773850440979004}, "step": 130}
Step:130	{"loss": {"total_loss": 1.5699877073169781}, "step": 130}
Step:131	{"loss": {"intent_loss": 2.216305623119479}, "step": 131}
Step:131	{"loss": {"intent_est_loss": 2.2154433053336136}, "step": 131}
Step:131	{"loss": {"intent_margin_loss": 0.0008622925379313529}, "step": 131}
Step:131	{"loss": {"slot_loss": 0.5878961222639191}, "step": 131}
Step:131	{"loss": {"slot_est_loss": 0.48515817944280576}, "step": 131}
Step:131	{"loss": {"slot_margin_loss": 0.1027379259467125}, "step": 131}
Step:131	{"loss": {"total_loss": 2.804201745383398}, "step": 131}
Step:132	{"loss": {"intent_loss": 1.3453588628777655}, "step": 132}
Step:132	{"loss": {"intent_est_loss": 1.344496084123238}, "step": 132}
Step:132	{"loss": {"intent_margin_loss": 0.0008627739734947681}, "step": 132}
Step:132	{"loss": {"slot_loss": 0.6601775989343885}, "step": 132}
Step:132	{"loss": {"slot_est_loss": 0.5535919809786711}, "step": 132}
Step:132	{"loss": {"slot_margin_loss": 0.10658559948205948}, "step": 132}
Step:132	{"loss": {"total_loss": 2.005536461812154}, "step": 132}
Step:133	{"loss": {"intent_loss": 1.9544059037059933}, "step": 133}
Step:133	{"loss": {"intent_est_loss": 1.95354367073778}, "step": 133}
Step:133	{"loss": {"intent_margin_loss": 0.0008622306631878018}, "step": 133}
Step:133	{"loss": {"slot_loss": 0.6713465932130933}, "step": 133}
Step:133	{"loss": {"slot_est_loss": 0.5603707916918211}, "step": 133}
Step:133	{"loss": {"slot_margin_loss": 0.11097582429647446}, "step": 133}
Step:133	{"loss": {"total_loss": 2.6257524969190866}, "step": 133}
Step:134	{"loss": {"intent_loss": 0.5671462706908632}, "step": 134}
Step:134	{"loss": {"intent_est_loss": 0.5662840122822677}, "step": 134}
Step:134	{"loss": {"intent_margin_loss": 0.0008622569730505347}, "step": 134}
Step:134	{"loss": {"slot_loss": 0.6406423251057273}, "step": 134}
Step:134	{"loss": {"slot_est_loss": 0.5323699281550943}, "step": 134}
Step:134	{"loss": {"slot_margin_loss": 0.10827239602804184}, "step": 134}
Step:134	{"loss": {"total_loss": 1.2077885957965906}, "step": 134}
Step:135	{"loss": {"intent_loss": 0.546366126762586}, "step": 135}
Step:135	{"loss": {"intent_est_loss": 0.5455037095758597}, "step": 135}
Step:135	{"loss": {"intent_margin_loss": 0.0008624182664789259}, "step": 135}
Step:135	{"loss": {"slot_loss": 0.47295645206395437}, "step": 135}
Step:135	{"loss": {"slot_est_loss": 0.3855353884602663}, "step": 135}
Step:135	{"loss": {"slot_margin_loss": 0.0874209925532341}, "step": 135}
Step:135	{"loss": {"total_loss": 1.0193225788265403}, "step": 135}
Step:136	{"loss": {"intent_loss": 2.126992123209126}, "step": 136}
Step:136	{"loss": {"intent_est_loss": 2.1261297764991474}, "step": 136}
Step:136	{"loss": {"intent_margin_loss": 0.0008623559260740876}, "step": 136}
Step:136	{"loss": {"slot_loss": 0.600183148466749}, "step": 136}
Step:136	{"loss": {"slot_est_loss": 0.5032327954715583}, "step": 136}
Step:136	{"loss": {"slot_margin_loss": 0.09695037454366684}, "step": 136}
Step:136	{"loss": {"total_loss": 2.727175271675875}, "step": 136}
Step:137	{"loss": {"intent_loss": 0.9260685006724088}, "step": 137}
Step:137	{"loss": {"intent_est_loss": 0.9252060469392747}, "step": 137}
Step:137	{"loss": {"intent_margin_loss": 0.0008624662295915186}, "step": 137}
Step:137	{"loss": {"slot_loss": 0.6007773922290645}, "step": 137}
Step:137	{"loss": {"slot_est_loss": 0.494204845513741}, "step": 137}
Step:137	{"loss": {"slot_margin_loss": 0.10657262802124023}, "step": 137}
Step:137	{"loss": {"total_loss": 1.5268458929014732}, "step": 137}
Step:138	{"loss": {"intent_loss": 0.7159285686753724}, "step": 138}
Step:138	{"loss": {"intent_est_loss": 0.7150663988300945}, "step": 138}
Step:138	{"loss": {"intent_margin_loss": 0.0008621684391982853}, "step": 138}
Step:138	{"loss": {"slot_loss": 0.6170055679678623}, "step": 138}
Step:138	{"loss": {"slot_est_loss": 0.5130301842255}, "step": 138}
Step:138	{"loss": {"slot_margin_loss": 0.10397541522979736}, "step": 138}
Step:138	{"loss": {"total_loss": 1.3329341366432348}, "step": 138}
Step:139	{"loss": {"intent_loss": 0.9409644741685045}, "step": 139}
Step:139	{"loss": {"intent_est_loss": 0.940102222616042}, "step": 139}
Step:139	{"loss": {"intent_margin_loss": 0.0008622510940767825}, "step": 139}
Step:139	{"loss": {"slot_loss": 0.527578289761732}, "step": 139}
Step:139	{"loss": {"slot_est_loss": 0.43472370108211156}, "step": 139}
Step:139	{"loss": {"slot_margin_loss": 0.0928545668721199}, "step": 139}
Step:139	{"loss": {"total_loss": 1.4685427639302366}, "step": 139}
Step:140	{"loss": {"intent_loss": 1.4098003749888457}, "step": 140}
Step:140	{"loss": {"intent_est_loss": 1.4089379101300454}, "step": 140}
Step:140	{"loss": {"intent_margin_loss": 0.0008624775218777359}, "step": 140}
Step:140	{"loss": {"slot_loss": 0.7596419891982801}, "step": 140}
Step:140	{"loss": {"slot_est_loss": 0.6413512017083121}, "step": 140}
Step:140	{"loss": {"slot_margin_loss": 0.1182907223701477}, "step": 140}
Step:140	{"loss": {"total_loss": 2.169442364187126}, "step": 140}
Step:141	{"loss": {"intent_loss": 0.7999704150395701}, "step": 141}
Step:141	{"loss": {"intent_est_loss": 0.7991078913961254}, "step": 141}
Step:141	{"loss": {"intent_margin_loss": 0.0008625306072644889}, "step": 141}
Step:141	{"loss": {"slot_loss": 0.6863711574318587}, "step": 141}
Step:141	{"loss": {"slot_est_loss": 0.5779861049828469}, "step": 141}
Step:141	{"loss": {"slot_margin_loss": 0.1083851084113121}, "step": 141}
Step:141	{"loss": {"total_loss": 1.4863415724714288}, "step": 141}
Step:142	{"loss": {"intent_loss": 0.8870366669689245}, "step": 142}
Step:142	{"loss": {"intent_est_loss": 0.8861738726227483}, "step": 142}
Step:142	{"loss": {"intent_margin_loss": 0.0008627928327769041}, "step": 142}
Step:142	{"loss": {"slot_loss": 0.5690272733103484}, "step": 142}
Step:142	{"loss": {"slot_est_loss": 0.4684753769499368}, "step": 142}
Step:142	{"loss": {"slot_margin_loss": 0.10055184364318848}, "step": 142}
Step:142	{"loss": {"total_loss": 1.456063940279273}, "step": 142}
Step:143	{"loss": {"intent_loss": 0.7470198926774164}, "step": 143}
Step:143	{"loss": {"intent_est_loss": 0.7461575964192886}, "step": 143}
Step:143	{"loss": {"intent_margin_loss": 0.0008622959139756858}, "step": 143}
Step:143	{"loss": {"slot_loss": 0.6143811528454536}, "step": 143}
Step:143	{"loss": {"slot_est_loss": 0.5164750058625944}, "step": 143}
Step:143	{"loss": {"slot_margin_loss": 0.09790614992380142}, "step": 143}
Step:143	{"loss": {"total_loss": 1.36140104552287}, "step": 143}
Step:144	{"loss": {"intent_loss": 1.7613862132064244}, "step": 144}
Step:144	{"loss": {"intent_est_loss": 1.7605240834993316}, "step": 144}
Step:144	{"loss": {"intent_margin_loss": 0.0008621292072348297}, "step": 144}
Step:144	{"loss": {"slot_loss": 0.5372307088793605}, "step": 144}
Step:144	{"loss": {"slot_est_loss": 0.44580025937757445}, "step": 144}
Step:144	{"loss": {"slot_margin_loss": 0.09143046289682388}, "step": 144}
Step:144	{"loss": {"total_loss": 2.298616922085785}, "step": 144}
Step:145	{"loss": {"intent_loss": 1.357491308698079}, "step": 145}
Step:145	{"loss": {"intent_est_loss": 1.3566290016842693}, "step": 145}
Step:145	{"loss": {"intent_margin_loss": 0.0008623080793768167}, "step": 145}
Step:145	{"loss": {"slot_loss": 0.5785586246798627}, "step": 145}
Step:145	{"loss": {"slot_est_loss": 0.4796751675923589}, "step": 145}
Step:145	{"loss": {"slot_margin_loss": 0.0988834798336029}, "step": 145}
Step:145	{"loss": {"total_loss": 1.9360499333779417}, "step": 145}
Step:146	{"loss": {"intent_loss": 0.7088736819900076}, "step": 146}
Step:146	{"loss": {"intent_est_loss": 0.7080115179825951}, "step": 146}
Step:146	{"loss": {"intent_margin_loss": 0.0008621644810773432}, "step": 146}
Step:146	{"loss": {"slot_loss": 0.5176583655571448}, "step": 146}
Step:146	{"loss": {"slot_est_loss": 0.42974664108769456}, "step": 146}
Step:146	{"loss": {"slot_margin_loss": 0.08791171759366989}, "step": 146}
Step:146	{"loss": {"total_loss": 1.2265320475471524}, "step": 146}
Step:147	{"loss": {"intent_loss": 1.2944793213326162}, "step": 147}
Step:147	{"loss": {"intent_est_loss": 1.2936166264167706}, "step": 147}
Step:147	{"loss": {"intent_margin_loss": 0.0008626876515336335}, "step": 147}
Step:147	{"loss": {"slot_loss": 0.5714662488491747}, "step": 147}
Step:147	{"loss": {"slot_est_loss": 0.4728621179048789}, "step": 147}
Step:147	{"loss": {"slot_margin_loss": 0.09860408306121826}, "step": 147}
Step:147	{"loss": {"total_loss": 1.865945570181791}, "step": 147}
Step:148	{"loss": {"intent_loss": 1.6030837368402007}, "step": 148}
Step:148	{"loss": {"intent_est_loss": 1.602221074017871}, "step": 148}
Step:148	{"loss": {"intent_margin_loss": 0.0008626662311144173}, "step": 148}
Step:148	{"loss": {"slot_loss": 0.6582590382022312}, "step": 148}
Step:148	{"loss": {"slot_est_loss": 0.5555407178268067}, "step": 148}
Step:148	{"loss": {"slot_margin_loss": 0.1027182936668396}, "step": 148}
Step:148	{"loss": {"total_loss": 2.261342775042432}, "step": 148}
Step:149	{"loss": {"intent_loss": 1.4022712691821657}, "step": 149}
Step:149	{"loss": {"intent_est_loss": 1.4014087224262775}, "step": 149}
Step:149	{"loss": {"intent_margin_loss": 0.0008625443442724645}, "step": 149}
Step:149	{"loss": {"slot_loss": 0.6301271356031068}, "step": 149}
Step:149	{"loss": {"slot_est_loss": 0.5270272983209005}, "step": 149}
Step:149	{"loss": {"slot_margin_loss": 0.10309987515211105}, "step": 149}
Step:149	{"loss": {"total_loss": 2.0323984047852726}, "step": 149}
Step:150	{"loss": {"intent_loss": 1.307209940945905}, "step": 150}
Step:150	{"loss": {"intent_est_loss": 1.3063474019989367}, "step": 150}
Step:150	{"loss": {"intent_margin_loss": 0.0008625284535810351}, "step": 150}
Step:150	{"loss": {"slot_loss": 0.5877526323005439}, "step": 150}
Step:150	{"loss": {"slot_est_loss": 0.49232526278719896}, "step": 150}
Step:150	{"loss": {"slot_margin_loss": 0.09542736411094666}, "step": 150}
Step:150	{"loss": {"total_loss": 1.894962573246449}, "step": 150}
Step:151	{"loss": {"intent_loss": 0.5375769580416085}, "step": 151}
Step:151	{"loss": {"intent_est_loss": 0.5367146473770845}, "step": 151}
Step:151	{"loss": {"intent_margin_loss": 0.0008623101748526096}, "step": 151}
Step:151	{"loss": {"slot_loss": 0.5836105150505325}, "step": 151}
Step:151	{"loss": {"slot_est_loss": 0.49010062532615856}, "step": 151}
Step:151	{"loss": {"slot_margin_loss": 0.09350991249084473}, "step": 151}
Step:151	{"loss": {"total_loss": 1.121187473092141}, "step": 151}
Step:152	{"loss": {"intent_loss": 1.1158759473335516}, "step": 152}
Step:152	{"loss": {"intent_est_loss": 1.115013440008625}, "step": 152}
Step:152	{"loss": {"intent_margin_loss": 0.0008625120390206575}, "step": 152}
Step:152	{"loss": {"slot_loss": 0.6401852880168004}, "step": 152}
Step:152	{"loss": {"slot_est_loss": 0.5409608760804986}, "step": 152}
Step:152	{"loss": {"slot_margin_loss": 0.09922444820404053}, "step": 152}
Step:152	{"loss": {"total_loss": 1.756061235350352}, "step": 152}
Step:153	{"loss": {"intent_loss": 2.3056653448744306}, "step": 153}
Step:153	{"loss": {"intent_est_loss": 2.3048030714242462}, "step": 153}
Step:153	{"loss": {"intent_margin_loss": 0.0008622666937299073}, "step": 153}
Step:153	{"loss": {"slot_loss": 0.6880407849988842}, "step": 153}
Step:153	{"loss": {"slot_est_loss": 0.5744875515083558}, "step": 153}
Step:153	{"loss": {"slot_margin_loss": 0.11355320364236832}, "step": 153}
Step:153	{"loss": {"total_loss": 2.9937061298733147}, "step": 153}
Step:154	{"loss": {"intent_loss": 0.5125943265764364}, "step": 154}
Step:154	{"loss": {"intent_est_loss": 0.5117320198769449}, "step": 154}
Step:154	{"loss": {"intent_margin_loss": 0.0008623082539997995}, "step": 154}
Step:154	{"loss": {"slot_loss": 0.5644848922107485}, "step": 154}
Step:154	{"loss": {"slot_est_loss": 0.4729796147876184}, "step": 154}
Step:154	{"loss": {"slot_margin_loss": 0.09150533378124237}, "step": 154}
Step:154	{"loss": {"total_loss": 1.077079218787185}, "step": 154}
Step:155	{"loss": {"intent_loss": 1.164201035617225}, "step": 155}
Step:155	{"loss": {"intent_est_loss": 1.1633385118690045}, "step": 155}
Step:155	{"loss": {"intent_margin_loss": 0.0008625161717645824}, "step": 155}
Step:155	{"loss": {"slot_loss": 0.7149840914527876}, "step": 155}
Step:155	{"loss": {"slot_est_loss": 0.6061341424501736}, "step": 155}
Step:155	{"loss": {"slot_margin_loss": 0.10884993523359299}, "step": 155}
Step:155	{"loss": {"total_loss": 1.8791851270700126}, "step": 155}
Step:156	{"loss": {"intent_loss": 0.6229220611465284}, "step": 156}
Step:156	{"loss": {"intent_est_loss": 0.6220594884689482}, "step": 156}
Step:156	{"loss": {"intent_margin_loss": 0.0008625708869658411}, "step": 156}
Step:156	{"loss": {"slot_loss": 0.5265261036183805}, "step": 156}
Step:156	{"loss": {"slot_est_loss": 0.43481925041851344}, "step": 156}
Step:156	{"loss": {"slot_margin_loss": 0.09170688688755035}, "step": 156}
Step:156	{"loss": {"total_loss": 1.1494481647649089}, "step": 156}
Step:157	{"loss": {"intent_loss": 1.3139132707216052}, "step": 157}
Step:157	{"loss": {"intent_est_loss": 1.3130507813784795}, "step": 157}
Step:157	{"loss": {"intent_margin_loss": 0.0008624895708635449}, "step": 157}
Step:157	{"loss": {"slot_loss": 0.5173666563438019}, "step": 157}
Step:157	{"loss": {"slot_est_loss": 0.424664624285651}, "step": 157}
Step:157	{"loss": {"slot_margin_loss": 0.09270203858613968}, "step": 157}
Step:157	{"loss": {"total_loss": 1.831279927065407}, "step": 157}
Step:158	{"loss": {"intent_loss": 2.239206497622946}, "step": 158}
Step:158	{"loss": {"intent_est_loss": 2.23834454305834}, "step": 158}
Step:158	{"loss": {"intent_margin_loss": 0.0008619460859335959}, "step": 158}
Step:158	{"loss": {"slot_loss": 0.5417653223878001}, "step": 158}
Step:158	{"loss": {"slot_est_loss": 0.44906874008447584}, "step": 158}
Step:158	{"loss": {"slot_margin_loss": 0.09269663691520691}, "step": 158}
Step:158	{"loss": {"total_loss": 2.7809718200107465}, "step": 158}
Step:159	{"loss": {"intent_loss": 1.7740761121458484}, "step": 159}
Step:159	{"loss": {"intent_est_loss": 1.7732138212180868}, "step": 159}
Step:159	{"loss": {"intent_margin_loss": 0.0008623037138022482}, "step": 159}
Step:159	{"loss": {"slot_loss": 0.6150234550761522}, "step": 159}
Step:159	{"loss": {"slot_est_loss": 0.5137509073872935}, "step": 159}
Step:159	{"loss": {"slot_margin_loss": 0.10127253085374832}, "step": 159}
Step:159	{"loss": {"total_loss": 2.389099567222001}, "step": 159}
Step:160	{"loss": {"intent_loss": 0.447375571759039}, "step": 160}
Step:160	{"loss": {"intent_est_loss": 0.44651318317883104}, "step": 160}
Step:160	{"loss": {"intent_margin_loss": 0.0008623895701020956}, "step": 160}
Step:160	{"loss": {"slot_loss": 0.5762543957534958}, "step": 160}
Step:160	{"loss": {"slot_est_loss": 0.4801792696191116}, "step": 160}
Step:160	{"loss": {"slot_margin_loss": 0.09607511013746262}, "step": 160}
Step:160	{"loss": {"total_loss": 1.0236299675125349}, "step": 160}
Step:161	{"loss": {"intent_loss": 0.5927186587796314}, "step": 161}
Step:161	{"loss": {"intent_est_loss": 0.5918563164832451}, "step": 161}
Step:161	{"loss": {"intent_margin_loss": 0.0008623405010439456}, "step": 161}
Step:161	{"loss": {"slot_loss": 0.5602050022105682}, "step": 161}
Step:161	{"loss": {"slot_est_loss": 0.469790411794383}, "step": 161}
Step:161	{"loss": {"slot_margin_loss": 0.09041464328765869}, "step": 161}
Step:161	{"loss": {"total_loss": 1.1529236609901996}, "step": 161}
Step:162	{"loss": {"intent_loss": 0.6541043457811608}, "step": 162}
Step:162	{"loss": {"intent_est_loss": 0.6532417559337775}, "step": 162}
Step:162	{"loss": {"intent_margin_loss": 0.0008625839254818857}, "step": 162}
Step:162	{"loss": {"slot_loss": 0.5189415126937094}, "step": 162}
Step:162	{"loss": {"slot_est_loss": 0.4307453458139206}, "step": 162}
Step:162	{"loss": {"slot_margin_loss": 0.08819624036550522}, "step": 162}
Step:162	{"loss": {"total_loss": 1.1730458584748702}, "step": 162}
Step:163	{"loss": {"intent_loss": 1.092024626309649}, "step": 163}
Step:163	{"loss": {"intent_est_loss": 1.091162529927169}, "step": 163}
Step:163	{"loss": {"intent_margin_loss": 0.0008620893931947649}, "step": 163}
Step:163	{"loss": {"slot_loss": 0.47795233917277075}, "step": 163}
Step:163	{"loss": {"slot_est_loss": 0.39442244995007114}, "step": 163}
Step:163	{"loss": {"slot_margin_loss": 0.08352993428707123}, "step": 163}
Step:163	{"loss": {"total_loss": 1.5699769654824196}, "step": 163}
Step:164	{"loss": {"intent_loss": 2.4614807299069055}, "step": 164}
Step:164	{"loss": {"intent_est_loss": 2.460618271105342}, "step": 164}
Step:164	{"loss": {"intent_margin_loss": 0.0008624747861176729}, "step": 164}
Step:164	{"loss": {"slot_loss": 0.6559351506060921}, "step": 164}
Step:164	{"loss": {"slot_est_loss": 0.5509620361568522}, "step": 164}
Step:164	{"loss": {"slot_margin_loss": 0.10497315227985382}, "step": 164}
Step:164	{"loss": {"total_loss": 3.1174158805129975}, "step": 164}
Step:165	{"loss": {"intent_loss": 0.7642352200626197}, "step": 165}
Step:165	{"loss": {"intent_est_loss": 0.7633729584289536}, "step": 165}
Step:165	{"loss": {"intent_margin_loss": 0.0008622558671049774}, "step": 165}
Step:165	{"loss": {"slot_loss": 0.5460763056136786}, "step": 165}
Step:165	{"loss": {"slot_est_loss": 0.4488620006217387}, "step": 165}
Step:165	{"loss": {"slot_margin_loss": 0.09721428155899048}, "step": 165}
Step:165	{"loss": {"total_loss": 1.3103115256762983}, "step": 165}
Step:166	{"loss": {"intent_loss": 0.8653528738479508}, "step": 166}
Step:166	{"loss": {"intent_est_loss": 0.8644902458072466}, "step": 166}
Step:166	{"loss": {"intent_margin_loss": 0.0008626203634776175}, "step": 166}
Step:166	{"loss": {"slot_loss": 0.5276141936723436}, "step": 166}
Step:166	{"loss": {"slot_est_loss": 0.4341820436704439}, "step": 166}
Step:166	{"loss": {"slot_margin_loss": 0.09343218803405762}, "step": 166}
Step:166	{"loss": {"total_loss": 1.3929670675202943}, "step": 166}
Step:167	{"loss": {"intent_loss": 1.7695968103085742}, "step": 167}
Step:167	{"loss": {"intent_est_loss": 1.7687343823890846}, "step": 167}
Step:167	{"loss": {"intent_margin_loss": 0.0008624165784567595}, "step": 167}
Step:167	{"loss": {"slot_loss": 0.5929268031861283}, "step": 167}
Step:167	{"loss": {"slot_est_loss": 0.49262679387102215}, "step": 167}
Step:167	{"loss": {"slot_margin_loss": 0.10029995441436768}, "step": 167}
Step:167	{"loss": {"total_loss": 2.3625236134947025}, "step": 167}
Step:168	{"loss": {"intent_loss": 1.2909982501914776}, "step": 168}
Step:168	{"loss": {"intent_est_loss": 1.2901357111364629}, "step": 168}
Step:168	{"loss": {"intent_margin_loss": 0.0008625478367321193}, "step": 168}
Step:168	{"loss": {"slot_loss": 0.5535348193850956}, "step": 168}
Step:168	{"loss": {"slot_est_loss": 0.4556027569706199}, "step": 168}
Step:168	{"loss": {"slot_margin_loss": 0.0979321151971817}, "step": 168}
Step:168	{"loss": {"total_loss": 1.8445330695765731}, "step": 168}
Step:169	{"loss": {"intent_loss": 1.0986858209620562}, "step": 169}
Step:169	{"loss": {"intent_est_loss": 1.0978233838814044}, "step": 169}
Step:169	{"loss": {"intent_margin_loss": 0.0008624388719908893}, "step": 169}
Step:169	{"loss": {"slot_loss": 0.699797400797252}, "step": 169}
Step:169	{"loss": {"slot_est_loss": 0.5913329777074982}, "step": 169}
Step:169	{"loss": {"slot_margin_loss": 0.10846443474292755}, "step": 169}
Step:169	{"loss": {"total_loss": 1.7984832217593083}, "step": 169}
Step:170	{"loss": {"intent_loss": 0.5873153467218801}, "step": 170}
Step:170	{"loss": {"intent_est_loss": 0.586452961893883}, "step": 170}
Step:170	{"loss": {"intent_margin_loss": 0.0008623839821666479}, "step": 170}
Step:170	{"loss": {"slot_loss": 0.47254329182615}, "step": 170}
Step:170	{"loss": {"slot_est_loss": 0.38793095191067495}, "step": 170}
Step:170	{"loss": {"slot_margin_loss": 0.08461233228445053}, "step": 170}
Step:170	{"loss": {"total_loss": 1.0598586385480302}, "step": 170}
Step:171	{"loss": {"intent_loss": 0.2846239856749889}, "step": 171}
Step:171	{"loss": {"intent_est_loss": 0.2837616371347395}, "step": 171}
Step:171	{"loss": {"intent_margin_loss": 0.0008623483590781689}, "step": 171}
Step:171	{"loss": {"slot_loss": 0.50069299363604}, "step": 171}
Step:171	{"loss": {"slot_est_loss": 0.41143773492221936}, "step": 171}
Step:171	{"loss": {"slot_margin_loss": 0.08925529569387436}, "step": 171}
Step:171	{"loss": {"total_loss": 0.785316979311029}, "step": 171}
Step:172	{"loss": {"intent_loss": 0.2632859664236095}, "step": 172}
Step:172	{"loss": {"intent_est_loss": 0.2624236021427348}, "step": 172}
Step:172	{"loss": {"intent_margin_loss": 0.000862365763168782}, "step": 172}
Step:172	{"loss": {"slot_loss": 0.44889881615599786}, "step": 172}
Step:172	{"loss": {"slot_est_loss": 0.3746234708312839}, "step": 172}
Step:172	{"loss": {"slot_margin_loss": 0.07427534461021423}, "step": 172}
Step:172	{"loss": {"total_loss": 0.7121847825796074}, "step": 172}
Step:173	{"loss": {"intent_loss": 2.0294969918701105}, "step": 173}
Step:173	{"loss": {"intent_est_loss": 2.02863438532113}, "step": 173}
Step:173	{"loss": {"intent_margin_loss": 0.0008626142516732216}, "step": 173}
Step:173	{"loss": {"slot_loss": 0.6710222664842145}, "step": 173}
Step:173	{"loss": {"slot_est_loss": 0.5699109058448808}, "step": 173}
Step:173	{"loss": {"slot_margin_loss": 0.10111136734485626}, "step": 173}
Step:173	{"loss": {"total_loss": 2.700519258354325}, "step": 173}
Step:174	{"loss": {"intent_loss": 0.6622756990287602}, "step": 174}
Step:174	{"loss": {"intent_est_loss": 0.6614134959996588}, "step": 174}
Step:174	{"loss": {"intent_margin_loss": 0.0008622038294561207}, "step": 174}
Step:174	{"loss": {"slot_loss": 0.5461414974968649}, "step": 174}
Step:174	{"loss": {"slot_est_loss": 0.445496371459739}, "step": 174}
Step:174	{"loss": {"slot_margin_loss": 0.10064511001110077}, "step": 174}
Step:174	{"loss": {"total_loss": 1.208417196525625}, "step": 174}
Step:175	{"loss": {"intent_loss": 1.0087942683185243}, "step": 175}
Step:175	{"loss": {"intent_est_loss": 1.0079318916956244}, "step": 175}
Step:175	{"loss": {"intent_margin_loss": 0.0008623740868642926}, "step": 175}
Step:175	{"loss": {"slot_loss": 0.564907356130425}, "step": 175}
Step:175	{"loss": {"slot_est_loss": 0.4730573148990511}, "step": 175}
Step:175	{"loss": {"slot_margin_loss": 0.09185005724430084}, "step": 175}
Step:175	{"loss": {"total_loss": 1.5737016244489492}, "step": 175}
Step:176	{"loss": {"intent_loss": 1.7757317142746576}, "step": 176}
Step:176	{"loss": {"intent_est_loss": 1.774869050525738}, "step": 176}
Step:176	{"loss": {"intent_margin_loss": 0.000862645567394793}, "step": 176}
Step:176	{"loss": {"slot_loss": 0.6610885623711507}, "step": 176}
Step:176	{"loss": {"slot_est_loss": 0.5605600400202089}, "step": 176}
Step:176	{"loss": {"slot_margin_loss": 0.10052856057882309}, "step": 176}
Step:176	{"loss": {"total_loss": 2.4368202766458085}, "step": 176}
Step:177	{"loss": {"intent_loss": 2.081109879076394}, "step": 177}
Step:177	{"loss": {"intent_est_loss": 2.0802476196397057}, "step": 177}
Step:177	{"loss": {"intent_margin_loss": 0.0008622505120001733}, "step": 177}
Step:177	{"loss": {"slot_loss": 0.6168800097773777}, "step": 177}
Step:177	{"loss": {"slot_est_loss": 0.5096273632458174}, "step": 177}
Step:177	{"loss": {"slot_margin_loss": 0.10725265741348267}, "step": 177}
Step:177	{"loss": {"total_loss": 2.6979898888537717}, "step": 177}
Step:178	{"loss": {"intent_loss": 0.4435546791486567}, "step": 178}
Step:178	{"loss": {"intent_est_loss": 0.4426922983020636}, "step": 178}
Step:178	{"loss": {"intent_margin_loss": 0.0008623809553682804}, "step": 178}
Step:178	{"loss": {"slot_loss": 0.5978479844183311}, "step": 178}
Step:178	{"loss": {"slot_est_loss": 0.5075200418257735}, "step": 178}
Step:178	{"loss": {"slot_margin_loss": 0.09032787382602692}, "step": 178}
Step:178	{"loss": {"total_loss": 1.0414026635669877}, "step": 178}
Step:179	{"loss": {"intent_loss": 0.6172304945317588}, "step": 179}
Step:179	{"loss": {"intent_est_loss": 0.6163685305669787}, "step": 179}
Step:179	{"loss": {"intent_margin_loss": 0.0008619642467238009}, "step": 179}
Step:179	{"loss": {"slot_loss": 0.502604049041838}, "step": 179}
Step:179	{"loss": {"slot_est_loss": 0.41918246791465197}, "step": 179}
Step:179	{"loss": {"slot_margin_loss": 0.08342164754867554}, "step": 179}
Step:179	{"loss": {"total_loss": 1.1198345435735968}, "step": 179}
Step:180	{"loss": {"intent_loss": 0.5961835601965503}, "step": 180}
Step:180	{"loss": {"intent_est_loss": 0.5953212145113863}, "step": 180}
Step:180	{"loss": {"intent_margin_loss": 0.0008623450412414968}, "step": 180}
Step:180	{"loss": {"slot_loss": 0.5029463936771209}, "step": 180}
Step:180	{"loss": {"slot_est_loss": 0.4161079220903048}, "step": 180}
Step:180	{"loss": {"slot_margin_loss": 0.08683846145868301}, "step": 180}
Step:180	{"loss": {"total_loss": 1.0991299538736712}, "step": 180}
Step:181	{"loss": {"intent_loss": 1.6981395216000243}, "step": 181}
Step:181	{"loss": {"intent_est_loss": 1.6972767611612676}, "step": 181}
Step:181	{"loss": {"intent_margin_loss": 0.0008627548813819885}, "step": 181}
Step:181	{"loss": {"slot_loss": 0.5583538206163218}, "step": 181}
Step:181	{"loss": {"slot_est_loss": 0.4671418716861807}, "step": 181}
Step:181	{"loss": {"slot_margin_loss": 0.09121192246675491}, "step": 181}
Step:181	{"loss": {"total_loss": 2.2564933422163462}, "step": 181}
Step:182	{"loss": {"intent_loss": 0.6874769830366863}, "step": 182}
Step:182	{"loss": {"intent_est_loss": 0.6866147353543062}, "step": 182}
Step:182	{"loss": {"intent_margin_loss": 0.000862241955474019}, "step": 182}
Step:182	{"loss": {"slot_loss": 0.4823055331478828}, "step": 182}
Step:182	{"loss": {"slot_est_loss": 0.39661403412974305}, "step": 182}
Step:182	{"loss": {"slot_margin_loss": 0.08569152653217316}, "step": 182}
Step:182	{"loss": {"total_loss": 1.169782516184569}, "step": 182}
Step:183	{"loss": {"intent_loss": 0.6631456911214619}, "step": 183}
Step:183	{"loss": {"intent_est_loss": 0.6622831368251351}, "step": 183}
Step:183	{"loss": {"intent_margin_loss": 0.0008625569171272218}, "step": 183}
Step:183	{"loss": {"slot_loss": 0.523966584607842}, "step": 183}
Step:183	{"loss": {"slot_est_loss": 0.43410355710147985}, "step": 183}
Step:183	{"loss": {"slot_margin_loss": 0.08986296504735947}, "step": 183}
Step:183	{"loss": {"total_loss": 1.1871122757293038}, "step": 183}
Step:184	{"loss": {"intent_loss": 3.0163551886442335}, "step": 184}
Step:184	{"loss": {"intent_est_loss": 3.0154928540618156}, "step": 184}
Step:184	{"loss": {"intent_margin_loss": 0.0008623463800176978}, "step": 184}
Step:184	{"loss": {"slot_loss": 0.6090987204253904}, "step": 184}
Step:184	{"loss": {"slot_est_loss": 0.5034987979262953}, "step": 184}
Step:184	{"loss": {"slot_margin_loss": 0.10559988021850586}, "step": 184}
Step:184	{"loss": {"total_loss": 3.625453909069624}, "step": 184}
Step:185	{"loss": {"intent_loss": 0.8784635188698301}, "step": 185}
Step:185	{"loss": {"intent_est_loss": 0.8776012895621536}, "step": 185}
Step:185	{"loss": {"intent_margin_loss": 0.000862234621308744}, "step": 185}
Step:185	{"loss": {"slot_loss": 0.504151629005355}, "step": 185}
Step:185	{"loss": {"slot_est_loss": 0.418583917316573}, "step": 185}
Step:185	{"loss": {"slot_margin_loss": 0.08556771278381348}, "step": 185}
Step:185	{"loss": {"total_loss": 1.3826151478751851}, "step": 185}
Step:186	{"loss": {"intent_loss": 0.27504033724690086}, "step": 186}
Step:186	{"loss": {"intent_est_loss": 0.2741777831273797}, "step": 186}
Step:186	{"loss": {"intent_margin_loss": 0.0008625535410828888}, "step": 186}
Step:186	{"loss": {"slot_loss": 0.6047584039741194}, "step": 186}
Step:186	{"loss": {"slot_est_loss": 0.5101683019020128}, "step": 186}
Step:186	{"loss": {"slot_margin_loss": 0.09459009021520615}, "step": 186}
Step:186	{"loss": {"total_loss": 0.8797987412210202}, "step": 186}
Step:187	{"loss": {"intent_loss": 0.411680386582157}, "step": 187}
Step:187	{"loss": {"intent_est_loss": 0.41081789546769876}, "step": 187}
Step:187	{"loss": {"intent_margin_loss": 0.0008624941692687571}, "step": 187}
Step:187	{"loss": {"slot_loss": 0.4754660503458579}, "step": 187}
Step:187	{"loss": {"slot_est_loss": 0.39100048227701306}, "step": 187}
Step:187	{"loss": {"slot_margin_loss": 0.08446551114320755}, "step": 187}
Step:187	{"loss": {"total_loss": 0.8871464369280149}, "step": 187}
Step:188	{"loss": {"intent_loss": 0.7898405140331306}, "step": 188}
Step:188	{"loss": {"intent_est_loss": 0.7889784093882548}, "step": 188}
Step:188	{"loss": {"intent_margin_loss": 0.0008621050510555506}, "step": 188}
Step:188	{"loss": {"slot_loss": 0.48944485017855166}, "step": 188}
Step:188	{"loss": {"slot_est_loss": 0.4035049292317124}, "step": 188}
Step:188	{"loss": {"slot_margin_loss": 0.08593995124101639}, "step": 188}
Step:188	{"loss": {"total_loss": 1.2792853642116824}, "step": 188}
Step:189	{"loss": {"intent_loss": 3.384768274133969}, "step": 189}
Step:189	{"loss": {"intent_est_loss": 3.383905519405375}, "step": 189}
Step:189	{"loss": {"intent_margin_loss": 0.000862733693793416}, "step": 189}
Step:189	{"loss": {"slot_loss": 0.6719298876356329}, "step": 189}
Step:189	{"loss": {"slot_est_loss": 0.5704644135359561}, "step": 189}
Step:189	{"loss": {"slot_margin_loss": 0.10146543383598328}, "step": 189}
Step:189	{"loss": {"total_loss": 4.056698161769602}, "step": 189}
Step:190	{"loss": {"intent_loss": 0.9931021325268375}, "step": 190}
Step:190	{"loss": {"intent_est_loss": 0.9922400804112845}, "step": 190}
Step:190	{"loss": {"intent_margin_loss": 0.000862054992467165}, "step": 190}
Step:190	{"loss": {"slot_loss": 0.5345112677547155}, "step": 190}
Step:190	{"loss": {"slot_est_loss": 0.44167505808582047}, "step": 190}
Step:190	{"loss": {"slot_margin_loss": 0.09283623844385147}, "step": 190}
Step:190	{"loss": {"total_loss": 1.527613400281553}, "step": 190}
Step:191	{"loss": {"intent_loss": 0.5828857117830918}, "step": 191}
Step:191	{"loss": {"intent_est_loss": 0.5820234414597512}, "step": 191}
Step:191	{"loss": {"intent_margin_loss": 0.0008622692548669875}, "step": 191}
Step:191	{"loss": {"slot_loss": 0.5195591375508228}, "step": 191}
Step:191	{"loss": {"slot_est_loss": 0.4357117202656812}, "step": 191}
Step:191	{"loss": {"slot_margin_loss": 0.08384740352630615}, "step": 191}
Step:191	{"loss": {"total_loss": 1.1024448493339145}, "step": 191}
Step:192	{"loss": {"intent_loss": 2.0654276485987815}, "step": 192}
Step:192	{"loss": {"intent_est_loss": 2.0645655928292412}, "step": 192}
Step:192	{"loss": {"intent_margin_loss": 0.0008620566804893315}, "step": 192}
Step:192	{"loss": {"slot_loss": 0.6523823353927585}, "step": 192}
Step:192	{"loss": {"slot_est_loss": 0.547237987861445}, "step": 192}
Step:192	{"loss": {"slot_margin_loss": 0.10514439642429352}, "step": 192}
Step:192	{"loss": {"total_loss": 2.7178099839915397}, "step": 192}
Step:193	{"loss": {"intent_loss": 0.7330862655879166}, "step": 193}
Step:193	{"loss": {"intent_est_loss": 0.7322242029884366}, "step": 193}
Step:193	{"loss": {"intent_margin_loss": 0.0008620601729489863}, "step": 193}
Step:193	{"loss": {"slot_loss": 0.6184757203533084}, "step": 193}
Step:193	{"loss": {"slot_est_loss": 0.5223072448483433}, "step": 193}
Step:193	{"loss": {"slot_margin_loss": 0.09616845101118088}, "step": 193}
Step:193	{"loss": {"total_loss": 1.351561985941225}, "step": 193}
Step:194	{"loss": {"intent_loss": 0.33203550941980187}, "step": 194}
Step:194	{"loss": {"intent_est_loss": 0.3311728352557115}, "step": 194}
Step:194	{"loss": {"intent_margin_loss": 0.0008626729832030833}, "step": 194}
Step:194	{"loss": {"slot_loss": 0.5181368589517656}, "step": 194}
Step:194	{"loss": {"slot_est_loss": 0.43285179414015124}, "step": 194}
Step:194	{"loss": {"slot_margin_loss": 0.08528508991003036}, "step": 194}
Step:194	{"loss": {"total_loss": 0.8501723683715675}, "step": 194}
Step:195	{"loss": {"intent_loss": 1.4488052935434124}, "step": 195}
Step:195	{"loss": {"intent_est_loss": 1.4479429377344792}, "step": 195}
Step:195	{"loss": {"intent_margin_loss": 0.0008623551111668348}, "step": 195}
Step:195	{"loss": {"slot_loss": 0.5647605858510363}, "step": 195}
Step:195	{"loss": {"slot_est_loss": 0.4641144402659849}, "step": 195}
Step:195	{"loss": {"slot_margin_loss": 0.10064615309238434}, "step": 195}
Step:195	{"loss": {"total_loss": 2.0135658793944486}, "step": 195}
Step:196	{"loss": {"intent_loss": 0.8067288349393494}, "step": 196}
Step:196	{"loss": {"intent_est_loss": 0.8058664582149507}, "step": 196}
Step:196	{"loss": {"intent_margin_loss": 0.0008623782778158784}, "step": 196}
Step:196	{"loss": {"slot_loss": 0.4731784721589061}, "step": 196}
Step:196	{"loss": {"slot_est_loss": 0.38921937230988984}, "step": 196}
Step:196	{"loss": {"slot_margin_loss": 0.08395904302597046}, "step": 196}
Step:196	{"loss": {"total_loss": 1.2799073070982556}, "step": 196}
Step:197	{"loss": {"intent_loss": 1.8640906292013817}, "step": 197}
Step:197	{"loss": {"intent_est_loss": 1.863228483260899}, "step": 197}
Step:197	{"loss": {"intent_margin_loss": 0.0008621643646620214}, "step": 197}
Step:197	{"loss": {"slot_loss": 0.6107185337183186}, "step": 197}
Step:197	{"loss": {"slot_est_loss": 0.5102002340674522}, "step": 197}
Step:197	{"loss": {"slot_margin_loss": 0.10051821172237396}, "step": 197}
Step:197	{"loss": {"total_loss": 2.4748091629197004}, "step": 197}
Step:198	{"loss": {"intent_loss": 0.3970202070791858}, "step": 198}
Step:198	{"loss": {"intent_est_loss": 0.39615756472048863}, "step": 198}
Step:198	{"loss": {"intent_margin_loss": 0.0008626437629573047}, "step": 198}
Step:198	{"loss": {"slot_loss": 0.5284265323236462}, "step": 198}
Step:198	{"loss": {"slot_est_loss": 0.43718335489102206}, "step": 198}
Step:198	{"loss": {"slot_margin_loss": 0.09124323725700378}, "step": 198}
Step:198	{"loss": {"total_loss": 0.9254467394028321}, "step": 198}
Step:199	{"loss": {"intent_loss": 1.0330078747476366}, "step": 199}
Step:199	{"loss": {"intent_est_loss": 1.0321452160475026}, "step": 199}
Step:199	{"loss": {"intent_margin_loss": 0.0008626603521406651}, "step": 199}
Step:199	{"loss": {"slot_loss": 0.642417624031077}, "step": 199}
Step:199	{"loss": {"slot_est_loss": 0.5396487146535949}, "step": 199}
Step:199	{"loss": {"slot_margin_loss": 0.1027689203619957}, "step": 199}
Step:199	{"loss": {"total_loss": 1.6754254987787136}, "step": 199}
