Step:0	{"loss": {"intent_loss": 311.09022201150606}, "step": 0}
Step:0	{"loss": {"intent_est_loss": 311.0893647171553}, "step": 0}
Step:0	{"loss": {"intent_margin_loss": 0.0008573163067921996}, "step": 0}
Step:0	{"loss": {"slot_loss": 82.17101078033438}, "step": 0}
Step:0	{"loss": {"slot_est_loss": 80.66670410186039}, "step": 0}
Step:0	{"loss": {"slot_margin_loss": 1.5043065547943115}, "step": 0}
Step:0	{"loss": {"total_loss": 393.2612327918404}, "step": 0}
Step:1	{"loss": {"intent_loss": 55.289292283449285}, "step": 1}
Step:1	{"loss": {"intent_est_loss": 55.288437009975326}, "step": 1}
Step:1	{"loss": {"intent_margin_loss": 0.0008552884683012962}, "step": 1}
Step:1	{"loss": {"slot_loss": 20.90124093815678}, "step": 1}
Step:1	{"loss": {"slot_est_loss": 19.580546348541983}, "step": 1}
Step:1	{"loss": {"slot_margin_loss": 1.3206950426101685}, "step": 1}
Step:1	{"loss": {"total_loss": 76.19053322160606}, "step": 1}
Step:2	{"loss": {"intent_loss": 22.75128319286741}, "step": 2}
Step:2	{"loss": {"intent_est_loss": 22.7504254094325}, "step": 2}
Step:2	{"loss": {"intent_margin_loss": 0.0008578209090046585}, "step": 2}
Step:2	{"loss": {"slot_loss": 13.368989594653266}, "step": 2}
Step:2	{"loss": {"slot_est_loss": 12.33614717982709}, "step": 2}
Step:2	{"loss": {"slot_margin_loss": 1.0328426361083984}, "step": 2}
Step:2	{"loss": {"total_loss": 36.120272787520676}, "step": 2}
Step:3	{"loss": {"intent_loss": 13.899794333288451}, "step": 3}
Step:3	{"loss": {"intent_est_loss": 13.898935547587456}, "step": 3}
Step:3	{"loss": {"intent_margin_loss": 0.0008587883785367012}, "step": 3}
Step:3	{"loss": {"slot_loss": 9.753485623188313}, "step": 3}
Step:3	{"loss": {"slot_est_loss": 8.902178883925076}, "step": 3}
Step:3	{"loss": {"slot_margin_loss": 0.8513064980506897}, "step": 3}
Step:3	{"loss": {"total_loss": 23.653279956476766}, "step": 3}
Step:4	{"loss": {"intent_loss": 10.37881931830198}, "step": 4}
Step:4	{"loss": {"intent_est_loss": 10.377959639718739}, "step": 4}
Step:4	{"loss": {"intent_margin_loss": 0.0008596978732384741}, "step": 4}
Step:4	{"loss": {"slot_loss": 7.916121574863799}, "step": 4}
Step:4	{"loss": {"slot_est_loss": 7.167309670802196}, "step": 4}
Step:4	{"loss": {"slot_margin_loss": 0.7488110661506653}, "step": 4}
Step:4	{"loss": {"total_loss": 18.29494089316578}, "step": 4}
Step:5	{"loss": {"intent_loss": 9.056087486527389}, "step": 5}
Step:5	{"loss": {"intent_est_loss": 9.05522712680977}, "step": 5}
Step:5	{"loss": {"intent_margin_loss": 0.0008603708120062947}, "step": 5}
Step:5	{"loss": {"slot_loss": 6.602776274131615}, "step": 5}
Step:5	{"loss": {"slot_est_loss": 5.938421469740577}, "step": 5}
Step:5	{"loss": {"slot_margin_loss": 0.6643547415733337}, "step": 5}
Step:5	{"loss": {"total_loss": 15.658863760659003}, "step": 5}
Step:6	{"loss": {"intent_loss": 6.005810986831789}, "step": 6}
Step:6	{"loss": {"intent_est_loss": 6.004950149293291}, "step": 6}
Step:6	{"loss": {"intent_margin_loss": 0.0008608461357653141}, "step": 6}
Step:6	{"loss": {"slot_loss": 5.650159128755333}, "step": 6}
Step:6	{"loss": {"slot_est_loss": 5.07103405690286}, "step": 6}
Step:6	{"loss": {"slot_margin_loss": 0.579124927520752}, "step": 6}
Step:6	{"loss": {"total_loss": 11.655970115587122}, "step": 6}
Step:7	{"loss": {"intent_loss": 7.168183988233801}, "step": 7}
Step:7	{"loss": {"intent_est_loss": 7.167322993167914}, "step": 7}
Step:7	{"loss": {"intent_margin_loss": 0.0008610009681433439}, "step": 7}
Step:7	{"loss": {"slot_loss": 5.192518575536087}, "step": 7}
Step:7	{"loss": {"slot_est_loss": 4.628185132797811}, "step": 7}
Step:7	{"loss": {"slot_margin_loss": 0.5643335580825806}, "step": 7}
Step:7	{"loss": {"total_loss": 12.360702563769888}, "step": 7}
Step:8	{"loss": {"intent_loss": 6.063069704454394}, "step": 8}
Step:8	{"loss": {"intent_est_loss": 6.062208659882888}, "step": 8}
Step:8	{"loss": {"intent_margin_loss": 0.0008610643562860787}, "step": 8}
Step:8	{"loss": {"slot_loss": 4.73602326596155}, "step": 8}
Step:8	{"loss": {"slot_est_loss": 4.2126673571299795}, "step": 8}
Step:8	{"loss": {"slot_margin_loss": 0.523356020450592}, "step": 8}
Step:8	{"loss": {"total_loss": 10.799092970415945}, "step": 8}
Step:9	{"loss": {"intent_loss": 4.5523270702979}, "step": 9}
Step:9	{"loss": {"intent_est_loss": 4.551465649221793}, "step": 9}
Step:9	{"loss": {"intent_margin_loss": 0.0008614313555881381}, "step": 9}
Step:9	{"loss": {"slot_loss": 4.067998889647426}, "step": 9}
Step:9	{"loss": {"slot_est_loss": 3.6081904246937504}, "step": 9}
Step:9	{"loss": {"slot_margin_loss": 0.45980867743492126}, "step": 9}
Step:9	{"loss": {"total_loss": 8.620325959945326}, "step": 9}
Step:10	{"loss": {"intent_loss": 4.544782569177916}, "step": 10}
Step:10	{"loss": {"intent_est_loss": 4.543920955134676}, "step": 10}
Step:10	{"loss": {"intent_margin_loss": 0.0008616178529337049}, "step": 10}
Step:10	{"loss": {"slot_loss": 3.8333166321506718}, "step": 10}
Step:10	{"loss": {"slot_est_loss": 3.3823349530808637}, "step": 10}
Step:10	{"loss": {"slot_margin_loss": 0.45098116993904114}, "step": 10}
Step:10	{"loss": {"total_loss": 8.378099201328588}, "step": 10}
Step:11	{"loss": {"intent_loss": 3.697886669350556}, "step": 11}
Step:11	{"loss": {"intent_est_loss": 3.6970254096522734}, "step": 11}
Step:11	{"loss": {"intent_margin_loss": 0.000861259235534817}, "step": 11}
Step:11	{"loss": {"slot_loss": 3.287381365324835}, "step": 11}
Step:11	{"loss": {"slot_est_loss": 2.8847787823877282}, "step": 11}
Step:11	{"loss": {"slot_margin_loss": 0.4026027321815491}, "step": 11}
Step:11	{"loss": {"total_loss": 6.985268034675391}, "step": 11}
Step:12	{"loss": {"intent_loss": 5.612841775649574}, "step": 12}
Step:12	{"loss": {"intent_est_loss": 5.611979777977108}, "step": 12}
Step:12	{"loss": {"intent_margin_loss": 0.0008619975997135043}, "step": 12}
Step:12	{"loss": {"slot_loss": 3.2340445329318777}, "step": 12}
Step:12	{"loss": {"slot_est_loss": 2.833720101381188}, "step": 12}
Step:12	{"loss": {"slot_margin_loss": 0.40032461285591125}, "step": 12}
Step:12	{"loss": {"total_loss": 8.846886308581452}, "step": 12}
Step:13	{"loss": {"intent_loss": 4.33567658042593}, "step": 13}
Step:13	{"loss": {"intent_est_loss": 4.334814685562745}, "step": 13}
Step:13	{"loss": {"intent_margin_loss": 0.0008618883439339697}, "step": 13}
Step:13	{"loss": {"slot_loss": 3.0372628793702487}, "step": 13}
Step:13	{"loss": {"slot_est_loss": 2.641756518452894}, "step": 13}
Step:13	{"loss": {"slot_margin_loss": 0.3955060839653015}, "step": 13}
Step:13	{"loss": {"total_loss": 7.372939459796179}, "step": 13}
Step:14	{"loss": {"intent_loss": 3.424401160381968}, "step": 14}
Step:14	{"loss": {"intent_est_loss": 3.4235391239170054}, "step": 14}
Step:14	{"loss": {"intent_margin_loss": 0.0008620317676104605}, "step": 14}
Step:14	{"loss": {"slot_loss": 2.8110543784918263}, "step": 14}
Step:14	{"loss": {"slot_est_loss": 2.4475966358790173}, "step": 14}
Step:14	{"loss": {"slot_margin_loss": 0.3634577989578247}, "step": 14}
Step:14	{"loss": {"total_loss": 6.2354555388737944}, "step": 14}
Step:15	{"loss": {"intent_loss": 3.2164869471103903}, "step": 15}
Step:15	{"loss": {"intent_est_loss": 3.215625207757691}, "step": 15}
Step:15	{"loss": {"intent_margin_loss": 0.0008617392741143703}, "step": 15}
Step:15	{"loss": {"slot_loss": 2.5785780636186257}, "step": 15}
Step:15	{"loss": {"slot_est_loss": 2.2379121486679665}, "step": 15}
Step:15	{"loss": {"slot_margin_loss": 0.3406657576560974}, "step": 15}
Step:15	{"loss": {"total_loss": 5.795065010729016}, "step": 15}
Step:16	{"loss": {"intent_loss": 3.120899016669136}, "step": 16}
Step:16	{"loss": {"intent_est_loss": 3.120037434896219}, "step": 16}
Step:16	{"loss": {"intent_margin_loss": 0.0008615950355306268}, "step": 16}
Step:16	{"loss": {"slot_loss": 2.528728099510772}, "step": 16}
Step:16	{"loss": {"slot_est_loss": 2.197930196690139}, "step": 16}
Step:16	{"loss": {"slot_margin_loss": 0.33079782128334045}, "step": 16}
Step:16	{"loss": {"total_loss": 5.649627116179908}, "step": 16}
Step:17	{"loss": {"intent_loss": 2.625351891329045}, "step": 17}
Step:17	{"loss": {"intent_est_loss": 2.624490748113021}, "step": 17}
Step:17	{"loss": {"intent_margin_loss": 0.0008611413650214672}, "step": 17}
Step:17	{"loss": {"slot_loss": 2.377859576320042}, "step": 17}
Step:17	{"loss": {"slot_est_loss": 2.05819151905016}, "step": 17}
Step:17	{"loss": {"slot_margin_loss": 0.31966811418533325}, "step": 17}
Step:17	{"loss": {"total_loss": 5.003211467649087}, "step": 17}
Step:18	{"loss": {"intent_loss": 2.5553754000735394}, "step": 18}
Step:18	{"loss": {"intent_est_loss": 2.5545131146398488}, "step": 18}
Step:18	{"loss": {"intent_margin_loss": 0.0008622847381047904}, "step": 18}
Step:18	{"loss": {"slot_loss": 2.130092687148139}, "step": 18}
Step:18	{"loss": {"slot_est_loss": 1.8345996482647025}, "step": 18}
Step:18	{"loss": {"slot_margin_loss": 0.2954929769039154}, "step": 18}
Step:18	{"loss": {"total_loss": 4.685468087221679}, "step": 18}
Step:19	{"loss": {"intent_loss": 1.9205478695832439}, "step": 19}
Step:19	{"loss": {"intent_est_loss": 1.9196857395683762}, "step": 19}
Step:19	{"loss": {"intent_margin_loss": 0.0008621274610050023}, "step": 19}
Step:19	{"loss": {"slot_loss": 2.2635441944410566}, "step": 19}
Step:19	{"loss": {"slot_est_loss": 1.957304999133339}, "step": 19}
Step:19	{"loss": {"slot_margin_loss": 0.30623936653137207}, "step": 19}
Step:19	{"loss": {"total_loss": 4.1840920640243}, "step": 19}
Step:20	{"loss": {"intent_loss": 2.1108038375605243}, "step": 20}
Step:20	{"loss": {"intent_est_loss": 2.1099421975595747}, "step": 20}
Step:20	{"loss": {"intent_margin_loss": 0.0008616361883468926}, "step": 20}
Step:20	{"loss": {"slot_loss": 1.8312562639766838}, "step": 20}
Step:20	{"loss": {"slot_est_loss": 1.5698495410411863}, "step": 20}
Step:20	{"loss": {"slot_margin_loss": 0.26140671968460083}, "step": 20}
Step:20	{"loss": {"total_loss": 3.942060101537208}, "step": 20}
Step:21	{"loss": {"intent_loss": 2.9443657396579543}, "step": 21}
Step:21	{"loss": {"intent_est_loss": 2.943503902760855}, "step": 21}
Step:21	{"loss": {"intent_margin_loss": 0.0008618395077064633}, "step": 21}
Step:21	{"loss": {"slot_loss": 1.9537177948397582}, "step": 21}
Step:21	{"loss": {"slot_est_loss": 1.681327694869835}, "step": 21}
Step:21	{"loss": {"slot_margin_loss": 0.27239009737968445}, "step": 21}
Step:21	{"loss": {"total_loss": 4.8980835344977125}, "step": 21}
Step:22	{"loss": {"intent_loss": 2.6288678830504084}, "step": 22}
Step:22	{"loss": {"intent_est_loss": 2.6280060778342915}, "step": 22}
Step:22	{"loss": {"intent_margin_loss": 0.0008617918356321752}, "step": 22}
Step:22	{"loss": {"slot_loss": 1.8102220765023962}, "step": 22}
Step:22	{"loss": {"slot_est_loss": 1.5519672229478585}, "step": 22}
Step:22	{"loss": {"slot_margin_loss": 0.25825467705726624}, "step": 22}
Step:22	{"loss": {"total_loss": 4.439089959552804}, "step": 22}
Step:23	{"loss": {"intent_loss": 1.7871079943652164}, "step": 23}
Step:23	{"loss": {"intent_est_loss": 1.7862459619733275}, "step": 23}
Step:23	{"loss": {"intent_margin_loss": 0.0008620243170298636}, "step": 23}
Step:23	{"loss": {"slot_loss": 1.6952748701965883}, "step": 23}
Step:23	{"loss": {"slot_est_loss": 1.4486179971077933}, "step": 23}
Step:23	{"loss": {"slot_margin_loss": 0.2466566413640976}, "step": 23}
Step:23	{"loss": {"total_loss": 3.4823828645618047}, "step": 23}
Step:24	{"loss": {"intent_loss": 2.203666194280958}, "step": 24}
Step:24	{"loss": {"intent_est_loss": 2.2028040629826147}, "step": 24}
Step:24	{"loss": {"intent_margin_loss": 0.0008621368324384093}, "step": 24}
Step:24	{"loss": {"slot_loss": 1.617149353850982}, "step": 24}
Step:24	{"loss": {"slot_est_loss": 1.38029064743605}, "step": 24}
Step:24	{"loss": {"slot_margin_loss": 0.23685866594314575}, "step": 24}
Step:24	{"loss": {"total_loss": 3.8208155481319404}, "step": 24}
Step:25	{"loss": {"intent_loss": 2.1973179575565145}, "step": 25}
Step:25	{"loss": {"intent_est_loss": 2.196455959032757}, "step": 25}
Step:25	{"loss": {"intent_margin_loss": 0.0008620021399110556}, "step": 25}
Step:25	{"loss": {"slot_loss": 1.6341862379544165}, "step": 25}
Step:25	{"loss": {"slot_est_loss": 1.3923426734167146}, "step": 25}
Step:25	{"loss": {"slot_margin_loss": 0.241843581199646}, "step": 25}
Step:25	{"loss": {"total_loss": 3.831504195510931}, "step": 25}
Step:26	{"loss": {"intent_loss": 1.8768896689151016}, "step": 26}
Step:26	{"loss": {"intent_est_loss": 1.8760274161577406}, "step": 26}
Step:26	{"loss": {"intent_margin_loss": 0.0008622484165243804}, "step": 26}
Step:26	{"loss": {"slot_loss": 1.6428762888681394}, "step": 26}
Step:26	{"loss": {"slot_est_loss": 1.3995395545964124}, "step": 26}
Step:26	{"loss": {"slot_margin_loss": 0.24333661794662476}, "step": 26}
Step:26	{"loss": {"total_loss": 3.5197659577832408}, "step": 26}
Step:27	{"loss": {"intent_loss": 1.8192613632752879}, "step": 27}
Step:27	{"loss": {"intent_est_loss": 1.818399122082338}, "step": 27}
Step:27	{"loss": {"intent_margin_loss": 0.0008622454479336739}, "step": 27}
Step:27	{"loss": {"slot_loss": 1.6159132267610392}, "step": 27}
Step:27	{"loss": {"slot_est_loss": 1.3915826820652006}, "step": 27}
Step:27	{"loss": {"slot_margin_loss": 0.22433063387870789}, "step": 27}
Step:27	{"loss": {"total_loss": 3.4351745900363273}, "step": 27}
Step:28	{"loss": {"intent_loss": 1.2238217974518206}, "step": 28}
Step:28	{"loss": {"intent_est_loss": 1.2229595135373539}, "step": 28}
Step:28	{"loss": {"intent_margin_loss": 0.0008622811292298138}, "step": 28}
Step:28	{"loss": {"slot_loss": 1.5282173783110902}, "step": 28}
Step:28	{"loss": {"slot_est_loss": 1.308976365654962}, "step": 28}
Step:28	{"loss": {"slot_margin_loss": 0.21924106776714325}, "step": 28}
Step:28	{"loss": {"total_loss": 2.752039175762911}, "step": 28}
Step:29	{"loss": {"intent_loss": 3.189897087725695}, "step": 29}
Step:29	{"loss": {"intent_est_loss": 3.1890348395390897}, "step": 29}
Step:29	{"loss": {"intent_margin_loss": 0.0008622512104921043}, "step": 29}
Step:29	{"loss": {"slot_loss": 1.5415274430299175}, "step": 29}
Step:29	{"loss": {"slot_est_loss": 1.3072661247395445}, "step": 29}
Step:29	{"loss": {"slot_margin_loss": 0.2342614382505417}, "step": 29}
Step:29	{"loss": {"total_loss": 4.731424530755612}, "step": 29}
Step:30	{"loss": {"intent_loss": 2.0852378704352335}, "step": 30}
Step:30	{"loss": {"intent_est_loss": 2.0843760257717805}, "step": 30}
Step:30	{"loss": {"intent_margin_loss": 0.0008618436404503882}, "step": 30}
Step:30	{"loss": {"slot_loss": 1.475624332227745}, "step": 30}
Step:30	{"loss": {"slot_est_loss": 1.2560006890940711}, "step": 30}
Step:30	{"loss": {"slot_margin_loss": 0.2196238487958908}, "step": 30}
Step:30	{"loss": {"total_loss": 3.560862202662978}, "step": 30}
Step:31	{"loss": {"intent_loss": 2.232281591722858}, "step": 31}
Step:31	{"loss": {"intent_est_loss": 2.231419493297289}, "step": 31}
Step:31	{"loss": {"intent_margin_loss": 0.0008620950975455344}, "step": 31}
Step:31	{"loss": {"slot_loss": 1.532455718959684}, "step": 31}
Step:31	{"loss": {"slot_est_loss": 1.3143852865789076}, "step": 31}
Step:31	{"loss": {"slot_margin_loss": 0.21807043254375458}, "step": 31}
Step:31	{"loss": {"total_loss": 3.7647373106825417}, "step": 31}
Step:32	{"loss": {"intent_loss": 1.18396156774397}, "step": 32}
Step:32	{"loss": {"intent_est_loss": 1.1830993602750812}, "step": 32}
Step:32	{"loss": {"intent_margin_loss": 0.0008622070890851319}, "step": 32}
Step:32	{"loss": {"slot_loss": 1.3419353237230094}, "step": 32}
Step:32	{"loss": {"slot_est_loss": 1.1329578673496137}, "step": 32}
Step:32	{"loss": {"slot_margin_loss": 0.20897744596004486}, "step": 32}
Step:32	{"loss": {"total_loss": 2.5258968914669797}, "step": 32}
Step:33	{"loss": {"intent_loss": 2.825508187312518}, "step": 33}
Step:33	{"loss": {"intent_est_loss": 2.8246461443646647}, "step": 33}
Step:33	{"loss": {"intent_margin_loss": 0.0008620488806627691}, "step": 33}
Step:33	{"loss": {"slot_loss": 1.372321425221162}, "step": 33}
Step:33	{"loss": {"slot_est_loss": 1.160485278215492}, "step": 33}
Step:33	{"loss": {"slot_margin_loss": 0.21183602511882782}, "step": 33}
Step:33	{"loss": {"total_loss": 4.19782961253368}, "step": 33}
Step:34	{"loss": {"intent_loss": 1.8350782413559505}, "step": 34}
Step:34	{"loss": {"intent_est_loss": 1.8342161284323084}, "step": 34}
Step:34	{"loss": {"intent_margin_loss": 0.0008621205925010145}, "step": 34}
Step:34	{"loss": {"slot_loss": 1.2665850300603787}, "step": 34}
Step:34	{"loss": {"slot_est_loss": 1.0678061539976615}, "step": 34}
Step:34	{"loss": {"slot_margin_loss": 0.19877873361110687}, "step": 34}
Step:34	{"loss": {"total_loss": 3.1016632714163292}, "step": 34}
Step:35	{"loss": {"intent_loss": 1.142024404532277}, "step": 35}
Step:35	{"loss": {"intent_est_loss": 1.1411618265701688}, "step": 35}
Step:35	{"loss": {"intent_margin_loss": 0.000862575601786375}, "step": 35}
Step:35	{"loss": {"slot_loss": 1.2492336201219592}, "step": 35}
Step:35	{"loss": {"slot_est_loss": 1.0597569574005323}, "step": 35}
Step:35	{"loss": {"slot_margin_loss": 0.18947671353816986}, "step": 35}
Step:35	{"loss": {"total_loss": 2.391258024654236}, "step": 35}
Step:36	{"loss": {"intent_loss": 0.8826690103858705}, "step": 36}
Step:36	{"loss": {"intent_est_loss": 0.8818071089153814}, "step": 36}
Step:36	{"loss": {"intent_margin_loss": 0.000861905631609261}, "step": 36}
Step:36	{"loss": {"slot_loss": 1.2216209271282414}, "step": 36}
Step:36	{"loss": {"slot_est_loss": 1.0430077501601773}, "step": 36}
Step:36	{"loss": {"slot_margin_loss": 0.17861312627792358}, "step": 36}
Step:36	{"loss": {"total_loss": 2.104289937514112}, "step": 36}
Step:37	{"loss": {"intent_loss": 0.7076262336500798}, "step": 37}
Step:37	{"loss": {"intent_est_loss": 0.7067639576656796}, "step": 37}
Step:37	{"loss": {"intent_margin_loss": 0.0008622777531854808}, "step": 37}
Step:37	{"loss": {"slot_loss": 1.0992316429852507}, "step": 37}
Step:37	{"loss": {"slot_est_loss": 0.9281923224887587}, "step": 37}
Step:37	{"loss": {"slot_margin_loss": 0.17103946208953857}, "step": 37}
Step:37	{"loss": {"total_loss": 1.8068578766353305}, "step": 37}
Step:38	{"loss": {"intent_loss": 1.8926868133108663}, "step": 38}
Step:38	{"loss": {"intent_est_loss": 1.8918249058420786}, "step": 38}
Step:38	{"loss": {"intent_margin_loss": 0.0008618899155408144}, "step": 38}
Step:38	{"loss": {"slot_loss": 1.193202007150103}, "step": 38}
Step:38	{"loss": {"slot_est_loss": 1.0115206384289188}, "step": 38}
Step:38	{"loss": {"slot_margin_loss": 0.18168127536773682}, "step": 38}
Step:38	{"loss": {"total_loss": 3.085888820460969}, "step": 38}
Step:39	{"loss": {"intent_loss": 2.2410532412315667}, "step": 39}
Step:39	{"loss": {"intent_est_loss": 2.2401908515152167}, "step": 39}
Step:39	{"loss": {"intent_margin_loss": 0.000862383225467056}, "step": 39}
Step:39	{"loss": {"slot_loss": 1.152774076694914}, "step": 39}
Step:39	{"loss": {"slot_est_loss": 0.9812727657335922}, "step": 39}
Step:39	{"loss": {"slot_margin_loss": 0.1715012788772583}, "step": 39}
Step:39	{"loss": {"total_loss": 3.3938273179264806}, "step": 39}
Step:40	{"loss": {"intent_loss": 2.2104399370626195}, "step": 40}
Step:40	{"loss": {"intent_est_loss": 2.209577732370236}, "step": 40}
Step:40	{"loss": {"intent_margin_loss": 0.0008622038294561207}, "step": 40}
Step:40	{"loss": {"slot_loss": 1.2120754608127755}, "step": 40}
Step:40	{"loss": {"slot_est_loss": 1.0224804262237737}, "step": 40}
Step:40	{"loss": {"slot_margin_loss": 0.18959501385688782}, "step": 40}
Step:40	{"loss": {"total_loss": 3.422515397875395}, "step": 40}
Step:41	{"loss": {"intent_loss": 1.703472526460246}, "step": 41}
Step:41	{"loss": {"intent_est_loss": 1.7026102031049952}, "step": 41}
Step:41	{"loss": {"intent_margin_loss": 0.000862332119140774}, "step": 41}
Step:41	{"loss": {"slot_loss": 1.180556808580877}, "step": 41}
Step:41	{"loss": {"slot_est_loss": 0.9960986664096706}, "step": 41}
Step:41	{"loss": {"slot_margin_loss": 0.1844581663608551}, "step": 41}
Step:41	{"loss": {"total_loss": 2.884029335041123}, "step": 41}
Step:42	{"loss": {"intent_loss": 1.0566348445659972}, "step": 42}
Step:42	{"loss": {"intent_est_loss": 1.0557724565849633}, "step": 42}
Step:42	{"loss": {"intent_margin_loss": 0.0008623923640698195}, "step": 42}
Step:42	{"loss": {"slot_loss": 1.0472045269561934}, "step": 42}
Step:42	{"loss": {"slot_est_loss": 0.8864439484663316}, "step": 42}
Step:42	{"loss": {"slot_margin_loss": 0.1607605218887329}, "step": 42}
Step:42	{"loss": {"total_loss": 2.1038393715221906}, "step": 42}
Step:43	{"loss": {"intent_loss": 1.9563937367311135}, "step": 43}
Step:43	{"loss": {"intent_est_loss": 1.955531631698251}, "step": 43}
Step:43	{"loss": {"intent_margin_loss": 0.0008621035958640277}, "step": 43}
Step:43	{"loss": {"slot_loss": 1.0128661372349608}, "step": 43}
Step:43	{"loss": {"slot_est_loss": 0.851497287803795}, "step": 43}
Step:43	{"loss": {"slot_margin_loss": 0.16136886179447174}, "step": 43}
Step:43	{"loss": {"total_loss": 2.9692598739660743}, "step": 43}
Step:44	{"loss": {"intent_loss": 0.9255034472429533}, "step": 44}
Step:44	{"loss": {"intent_est_loss": 0.9246413010012463}, "step": 44}
Step:44	{"loss": {"intent_margin_loss": 0.0008621488232165575}, "step": 44}
Step:44	{"loss": {"slot_loss": 1.0039901052849007}, "step": 44}
Step:44	{"loss": {"slot_est_loss": 0.8400033069658102}, "step": 44}
Step:44	{"loss": {"slot_margin_loss": 0.16398675739765167}, "step": 44}
Step:44	{"loss": {"total_loss": 1.929493552527854}, "step": 44}
Step:45	{"loss": {"intent_loss": 1.2009504621666576}, "step": 45}
Step:45	{"loss": {"intent_est_loss": 1.200088071972277}, "step": 45}
Step:45	{"loss": {"intent_margin_loss": 0.0008623965550214052}, "step": 45}
Step:45	{"loss": {"slot_loss": 1.1053113907779328}, "step": 45}
Step:45	{"loss": {"slot_est_loss": 0.9294337726794752}, "step": 45}
Step:45	{"loss": {"slot_margin_loss": 0.17587760090827942}, "step": 45}
Step:45	{"loss": {"total_loss": 2.3062618529445906}, "step": 45}
Step:46	{"loss": {"intent_loss": 2.3137169130248405}, "step": 46}
Step:46	{"loss": {"intent_est_loss": 2.312854468911246}, "step": 46}
Step:46	{"loss": {"intent_margin_loss": 0.0008624539477750659}, "step": 46}
Step:46	{"loss": {"slot_loss": 0.9985023635701512}, "step": 46}
Step:46	{"loss": {"slot_est_loss": 0.8465474086639017}, "step": 46}
Step:46	{"loss": {"slot_margin_loss": 0.15195485949516296}, "step": 46}
Step:46	{"loss": {"total_loss": 3.3122192765949916}, "step": 46}
Step:47	{"loss": {"intent_loss": 0.7156927464391637}, "step": 47}
Step:47	{"loss": {"intent_est_loss": 0.7148303915470022}, "step": 47}
Step:47	{"loss": {"intent_margin_loss": 0.0008623574976809323}, "step": 47}
Step:47	{"loss": {"slot_loss": 0.877550650431658}, "step": 47}
Step:47	{"loss": {"slot_est_loss": 0.7280357138064564}, "step": 47}
Step:47	{"loss": {"slot_margin_loss": 0.1495150327682495}, "step": 47}
Step:47	{"loss": {"total_loss": 1.5932433968708217}, "step": 47}
Step:48	{"loss": {"intent_loss": 1.194690028431797}, "step": 48}
Step:48	{"loss": {"intent_est_loss": 1.1938278376219391}, "step": 48}
Step:48	{"loss": {"intent_margin_loss": 0.0008621859597042203}, "step": 48}
Step:48	{"loss": {"slot_loss": 1.02182240844122}, "step": 48}
Step:48	{"loss": {"slot_est_loss": 0.8645083629933654}, "step": 48}
Step:48	{"loss": {"slot_margin_loss": 0.1573139727115631}, "step": 48}
Step:48	{"loss": {"total_loss": 2.2165124368730167}, "step": 48}
Step:49	{"loss": {"intent_loss": 1.8594076045003016}, "step": 49}
Step:49	{"loss": {"intent_est_loss": 1.858544995079865}, "step": 49}
Step:49	{"loss": {"intent_margin_loss": 0.0008626013877801597}, "step": 49}
Step:49	{"loss": {"slot_loss": 1.008446362678659}, "step": 49}
Step:49	{"loss": {"slot_est_loss": 0.8583057398645907}, "step": 49}
Step:49	{"loss": {"slot_margin_loss": 0.15014073252677917}, "step": 49}
Step:49	{"loss": {"total_loss": 2.8678539671789607}, "step": 49}
Step:50	{"loss": {"intent_loss": 4.252516988171559}, "step": 50}
Step:50	{"loss": {"intent_est_loss": 4.251654911696093}, "step": 50}
Step:50	{"loss": {"intent_margin_loss": 0.000862078566569835}, "step": 50}
Step:50	{"loss": {"slot_loss": 0.9918777763523395}, "step": 50}
Step:50	{"loss": {"slot_est_loss": 0.8283382800771502}, "step": 50}
Step:50	{"loss": {"slot_margin_loss": 0.16353943943977356}, "step": 50}
Step:50	{"loss": {"total_loss": 5.244394764523898}, "step": 50}
Step:51	{"loss": {"intent_loss": 1.8932163908000796}, "step": 51}
Step:51	{"loss": {"intent_est_loss": 1.892354140190585}, "step": 51}
Step:51	{"loss": {"intent_margin_loss": 0.000862250744830817}, "step": 51}
Step:51	{"loss": {"slot_loss": 1.0113193070035766}, "step": 51}
Step:51	{"loss": {"slot_est_loss": 0.8439290651658676}, "step": 51}
Step:51	{"loss": {"slot_margin_loss": 0.16739019751548767}, "step": 51}
Step:51	{"loss": {"total_loss": 2.9045356978036563}, "step": 51}
Step:52	{"loss": {"intent_loss": 1.5807044324334127}, "step": 52}
Step:52	{"loss": {"intent_est_loss": 1.579842309785454}, "step": 52}
Step:52	{"loss": {"intent_margin_loss": 0.0008621281594969332}, "step": 52}
Step:52	{"loss": {"slot_loss": 0.909436903260939}, "step": 52}
Step:52	{"loss": {"slot_est_loss": 0.758672266961366}, "step": 52}
Step:52	{"loss": {"slot_margin_loss": 0.1507645696401596}, "step": 52}
Step:52	{"loss": {"total_loss": 2.490141335694352}, "step": 52}
Step:53	{"loss": {"intent_loss": 0.9642931084003069}, "step": 53}
Step:53	{"loss": {"intent_est_loss": 0.9634311487214285}, "step": 53}
Step:53	{"loss": {"intent_margin_loss": 0.0008619617437943816}, "step": 53}
Step:53	{"loss": {"slot_loss": 0.9582535648485654}, "step": 53}
Step:53	{"loss": {"slot_est_loss": 0.7945444777957161}, "step": 53}
Step:53	{"loss": {"slot_margin_loss": 0.16370908915996552}, "step": 53}
Step:53	{"loss": {"total_loss": 1.9225466732488723}, "step": 53}
Step:54	{"loss": {"intent_loss": 1.6465228204477185}, "step": 54}
Step:54	{"loss": {"intent_est_loss": 1.645660551915351}, "step": 54}
Step:54	{"loss": {"intent_margin_loss": 0.000862272223457694}, "step": 54}
Step:54	{"loss": {"slot_loss": 0.8242487586889172}, "step": 54}
Step:54	{"loss": {"slot_est_loss": 0.6867639732183306}, "step": 54}
Step:54	{"loss": {"slot_margin_loss": 0.13748475909233093}, "step": 54}
Step:54	{"loss": {"total_loss": 2.4707715791366356}, "step": 54}
Step:55	{"loss": {"intent_loss": 1.1554324421471405}, "step": 55}
Step:55	{"loss": {"intent_est_loss": 1.1545701649840334}, "step": 55}
Step:55	{"loss": {"intent_margin_loss": 0.0008622793829999864}, "step": 55}
Step:55	{"loss": {"slot_loss": 0.9944017220012029}, "step": 55}
Step:55	{"loss": {"slot_est_loss": 0.8330119893216762}, "step": 55}
Step:55	{"loss": {"slot_margin_loss": 0.16138973832130432}, "step": 55}
Step:55	{"loss": {"total_loss": 2.149834164148343}, "step": 55}
Step:56	{"loss": {"intent_loss": 0.7783256860107939}, "step": 56}
Step:56	{"loss": {"intent_est_loss": 0.7774633371693189}, "step": 56}
Step:56	{"loss": {"intent_margin_loss": 0.0008623444009572268}, "step": 56}
Step:56	{"loss": {"slot_loss": 0.9546609903482023}, "step": 56}
Step:56	{"loss": {"slot_est_loss": 0.803517073736293}, "step": 56}
Step:56	{"loss": {"slot_margin_loss": 0.1511438488960266}, "step": 56}
Step:56	{"loss": {"total_loss": 1.7329866763589963}, "step": 56}
Step:57	{"loss": {"intent_loss": 1.1723879770994232}, "step": 57}
Step:57	{"loss": {"intent_est_loss": 1.171525659572215}, "step": 57}
Step:57	{"loss": {"intent_margin_loss": 0.0008623100584372878}, "step": 57}
Step:57	{"loss": {"slot_loss": 0.873853886756115}, "step": 57}
Step:57	{"loss": {"slot_est_loss": 0.7283464665015349}, "step": 57}
Step:57	{"loss": {"slot_margin_loss": 0.1455073356628418}, "step": 57}
Step:57	{"loss": {"total_loss": 2.0462418638555384}, "step": 57}
Step:58	{"loss": {"intent_loss": 0.869849713485019}, "step": 58}
Step:58	{"loss": {"intent_est_loss": 0.8689875524112718}, "step": 58}
Step:58	{"loss": {"intent_margin_loss": 0.0008621533634141088}, "step": 58}
Step:58	{"loss": {"slot_loss": 0.7625867259426735}, "step": 58}
Step:58	{"loss": {"slot_est_loss": 0.6367858000521669}, "step": 58}
Step:58	{"loss": {"slot_margin_loss": 0.1258009374141693}, "step": 58}
Step:58	{"loss": {"total_loss": 1.6324364394276927}, "step": 58}
Step:59	{"loss": {"intent_loss": 2.534878803985337}, "step": 59}
Step:59	{"loss": {"intent_est_loss": 2.534016550697561}, "step": 59}
Step:59	{"loss": {"intent_margin_loss": 0.0008622614550404251}, "step": 59}
Step:59	{"loss": {"slot_loss": 0.9053582890774123}, "step": 59}
Step:59	{"loss": {"slot_est_loss": 0.7530007127512355}, "step": 59}
Step:59	{"loss": {"slot_margin_loss": 0.15235759317874908}, "step": 59}
Step:59	{"loss": {"total_loss": 3.4402370930627493}, "step": 59}
Step:60	{"loss": {"intent_loss": 1.5727113586057353}, "step": 60}
Step:60	{"loss": {"intent_est_loss": 1.571848793733809}, "step": 60}
Step:60	{"loss": {"intent_margin_loss": 0.0008625598275102675}, "step": 60}
Step:60	{"loss": {"slot_loss": 0.896947392619041}, "step": 60}
Step:60	{"loss": {"slot_est_loss": 0.7457733330069454}, "step": 60}
Step:60	{"loss": {"slot_margin_loss": 0.15117400884628296}, "step": 60}
Step:60	{"loss": {"total_loss": 2.4696587512247765}, "step": 60}
Step:61	{"loss": {"intent_loss": 0.5382745118138694}, "step": 61}
Step:61	{"loss": {"intent_est_loss": 0.5374121032578849}, "step": 61}
Step:61	{"loss": {"intent_margin_loss": 0.0008624068577773869}, "step": 61}
Step:61	{"loss": {"slot_loss": 0.8195441724623379}, "step": 61}
Step:61	{"loss": {"slot_est_loss": 0.6913006718983525}, "step": 61}
Step:61	{"loss": {"slot_margin_loss": 0.12824349105358124}, "step": 61}
Step:61	{"loss": {"total_loss": 1.3578186842762072}, "step": 61}
Step:62	{"loss": {"intent_loss": 1.78362669558337}, "step": 62}
Step:62	{"loss": {"intent_est_loss": 1.7827645354067492}, "step": 62}
Step:62	{"loss": {"intent_margin_loss": 0.0008621608722023666}, "step": 62}
Step:62	{"loss": {"slot_loss": 0.8672553696582328}, "step": 62}
Step:62	{"loss": {"slot_est_loss": 0.728038910066243}, "step": 62}
Step:62	{"loss": {"slot_margin_loss": 0.13921646773815155}, "step": 62}
Step:62	{"loss": {"total_loss": 2.6508820652416025}, "step": 62}
Step:63	{"loss": {"intent_loss": 1.2563294514140584}, "step": 63}
Step:63	{"loss": {"intent_est_loss": 1.255466919997707}, "step": 63}
Step:63	{"loss": {"intent_margin_loss": 0.0008625301416032016}, "step": 63}
Step:63	{"loss": {"slot_loss": 0.9074020655330953}, "step": 63}
Step:63	{"loss": {"slot_est_loss": 0.7564288281049822}, "step": 63}
Step:63	{"loss": {"slot_margin_loss": 0.15097323060035706}, "step": 63}
Step:63	{"loss": {"total_loss": 2.163731516947154}, "step": 63}
Step:64	{"loss": {"intent_loss": 0.46819109853604474}, "step": 64}
Step:64	{"loss": {"intent_est_loss": 0.46732852991845}, "step": 64}
Step:64	{"loss": {"intent_margin_loss": 0.0008625691407360137}, "step": 64}
Step:64	{"loss": {"slot_loss": 0.7115219936313222}, "step": 64}
Step:64	{"loss": {"slot_est_loss": 0.5881948378359086}, "step": 64}
Step:64	{"loss": {"slot_margin_loss": 0.12332713603973389}, "step": 64}
Step:64	{"loss": {"total_loss": 1.1797130921673669}, "step": 64}
Step:65	{"loss": {"intent_loss": 1.046245273646491}, "step": 65}
Step:65	{"loss": {"intent_est_loss": 1.045382879470708}, "step": 65}
Step:65	{"loss": {"intent_margin_loss": 0.0008623969042673707}, "step": 65}
Step:65	{"loss": {"slot_loss": 0.7795311235764528}, "step": 65}
Step:65	{"loss": {"slot_est_loss": 0.6567384655150814}, "step": 65}
Step:65	{"loss": {"slot_margin_loss": 0.12279272824525833}, "step": 65}
Step:65	{"loss": {"total_loss": 1.8257763972229437}, "step": 65}
Step:66	{"loss": {"intent_loss": 1.3658933676422762}, "step": 66}
Step:66	{"loss": {"intent_est_loss": 1.3650308313081037}, "step": 66}
Step:66	{"loss": {"intent_margin_loss": 0.0008625395130366087}, "step": 66}
Step:66	{"loss": {"slot_loss": 0.8383822758827583}, "step": 66}
Step:66	{"loss": {"slot_est_loss": 0.7055439118063079}, "step": 66}
Step:66	{"loss": {"slot_margin_loss": 0.13283827900886536}, "step": 66}
Step:66	{"loss": {"total_loss": 2.2042756435250346}, "step": 66}
Step:67	{"loss": {"intent_loss": 1.9323969630975635}, "step": 67}
Step:67	{"loss": {"intent_est_loss": 1.9315343168687842}, "step": 67}
Step:67	{"loss": {"intent_margin_loss": 0.0008626498165540397}, "step": 67}
Step:67	{"loss": {"slot_loss": 0.7942055646824882}, "step": 67}
Step:67	{"loss": {"slot_est_loss": 0.6699130046676156}, "step": 67}
Step:67	{"loss": {"slot_margin_loss": 0.12429250776767731}, "step": 67}
Step:67	{"loss": {"total_loss": 2.7266025277800514}, "step": 67}
Step:68	{"loss": {"intent_loss": 1.8589419009178507}, "step": 68}
Step:68	{"loss": {"intent_est_loss": 1.8580796355025087}, "step": 68}
Step:68	{"loss": {"intent_margin_loss": 0.0008622693130746484}, "step": 68}
Step:68	{"loss": {"slot_loss": 0.8485701507481286}, "step": 68}
Step:68	{"loss": {"slot_est_loss": 0.7048214419759459}, "step": 68}
Step:68	{"loss": {"slot_margin_loss": 0.1437487155199051}, "step": 68}
Step:68	{"loss": {"total_loss": 2.7075120516659794}, "step": 68}
Step:69	{"loss": {"intent_loss": 0.5043884264669033}, "step": 69}
Step:69	{"loss": {"intent_est_loss": 0.503526225595488}, "step": 69}
Step:69	{"loss": {"intent_margin_loss": 0.0008622010936960578}, "step": 69}
Step:69	{"loss": {"slot_loss": 0.8492872252842062}, "step": 69}
Step:69	{"loss": {"slot_est_loss": 0.7124083194037668}, "step": 69}
Step:69	{"loss": {"slot_margin_loss": 0.13687890768051147}, "step": 69}
Step:69	{"loss": {"total_loss": 1.3536756517511095}, "step": 69}
Step:70	{"loss": {"intent_loss": 1.308418716811866}, "step": 70}
Step:70	{"loss": {"intent_est_loss": 1.3075564592349105}, "step": 70}
Step:70	{"loss": {"intent_margin_loss": 0.0008622684399597347}, "step": 70}
Step:70	{"loss": {"slot_loss": 0.7303973719608626}, "step": 70}
Step:70	{"loss": {"slot_est_loss": 0.6067177480639662}, "step": 70}
Step:70	{"loss": {"slot_margin_loss": 0.12367957085371017}, "step": 70}
Step:70	{"loss": {"total_loss": 2.0388160887727285}, "step": 70}
Step:71	{"loss": {"intent_loss": 1.2314772146266488}, "step": 71}
Step:71	{"loss": {"intent_est_loss": 1.2306148157229468}, "step": 71}
Step:71	{"loss": {"intent_margin_loss": 0.0008623998146504164}, "step": 71}
Step:71	{"loss": {"slot_loss": 0.8227109565690625}, "step": 71}
Step:71	{"loss": {"slot_est_loss": 0.6849158214987252}, "step": 71}
Step:71	{"loss": {"slot_margin_loss": 0.1377951204776764}, "step": 71}
Step:71	{"loss": {"total_loss": 2.0541881711957113}, "step": 71}
Step:72	{"loss": {"intent_loss": 2.3332587245582554}, "step": 72}
Step:72	{"loss": {"intent_est_loss": 2.332396395453543}, "step": 72}
Step:72	{"loss": {"intent_margin_loss": 0.0008623343892395496}, "step": 72}
Step:72	{"loss": {"slot_loss": 0.8368982699787008}, "step": 72}
Step:72	{"loss": {"slot_est_loss": 0.7023076555924491}, "step": 72}
Step:72	{"loss": {"slot_margin_loss": 0.13459061086177826}, "step": 72}
Step:72	{"loss": {"total_loss": 3.1701569945369563}, "step": 72}
Step:73	{"loss": {"intent_loss": 0.5280873422299919}, "step": 73}
Step:73	{"loss": {"intent_est_loss": 0.5272251105910984}, "step": 73}
Step:73	{"loss": {"intent_margin_loss": 0.0008622310124337673}, "step": 73}
Step:73	{"loss": {"slot_loss": 0.7143242587728303}, "step": 73}
Step:73	{"loss": {"slot_est_loss": 0.5954086943165757}, "step": 73}
Step:73	{"loss": {"slot_margin_loss": 0.11891555041074753}, "step": 73}
Step:73	{"loss": {"total_loss": 1.2424116010028223}, "step": 73}
Step:74	{"loss": {"intent_loss": 0.3300082057179679}, "step": 74}
Step:74	{"loss": {"intent_est_loss": 0.3291457728708338}, "step": 74}
Step:74	{"loss": {"intent_margin_loss": 0.0008624325273558497}, "step": 74}
Step:74	{"loss": {"slot_loss": 0.6657177717905145}, "step": 74}
Step:74	{"loss": {"slot_est_loss": 0.5518449245369993}, "step": 74}
Step:74	{"loss": {"slot_margin_loss": 0.11387287825345993}, "step": 74}
Step:74	{"loss": {"total_loss": 0.9957259775084824}, "step": 74}
Step:75	{"loss": {"intent_loss": 0.8195266089202051}, "step": 75}
Step:75	{"loss": {"intent_est_loss": 0.8186647552985955}, "step": 75}
Step:75	{"loss": {"intent_margin_loss": 0.0008618534193374217}, "step": 75}
Step:75	{"loss": {"slot_loss": 0.6925632231577771}, "step": 75}
Step:75	{"loss": {"slot_est_loss": 0.5769463567587073}, "step": 75}
Step:75	{"loss": {"slot_margin_loss": 0.11561688035726547}, "step": 75}
Step:75	{"loss": {"total_loss": 1.512089832077982}, "step": 75}
Step:76	{"loss": {"intent_loss": 4.236466363092765}, "step": 76}
Step:76	{"loss": {"intent_est_loss": 4.235603919882852}, "step": 76}
Step:76	{"loss": {"intent_margin_loss": 0.0008624448091723025}, "step": 76}
Step:76	{"loss": {"slot_loss": 0.8358123322803289}, "step": 76}
Step:76	{"loss": {"slot_est_loss": 0.6909716134759953}, "step": 76}
Step:76	{"loss": {"slot_margin_loss": 0.14484058320522308}, "step": 76}
Step:76	{"loss": {"total_loss": 5.072278695373094}, "step": 76}
Step:77	{"loss": {"intent_loss": 0.8237552944359782}, "step": 77}
Step:77	{"loss": {"intent_est_loss": 0.8228928047523361}, "step": 77}
Step:77	{"loss": {"intent_margin_loss": 0.0008624876500107348}, "step": 77}
Step:77	{"loss": {"slot_loss": 0.8576594026599199}, "step": 77}
Step:77	{"loss": {"slot_est_loss": 0.7145254521252346}, "step": 77}
Step:77	{"loss": {"slot_margin_loss": 0.1431339532136917}, "step": 77}
Step:77	{"loss": {"total_loss": 1.681414697095898}, "step": 77}
Step:78	{"loss": {"intent_loss": 1.055125977818534}, "step": 78}
Step:78	{"loss": {"intent_est_loss": 1.0542635372214144}, "step": 78}
Step:78	{"loss": {"intent_margin_loss": 0.0008624366600997746}, "step": 78}
Step:78	{"loss": {"slot_loss": 0.7982908813151887}, "step": 78}
Step:78	{"loss": {"slot_est_loss": 0.6688581912225338}, "step": 78}
Step:78	{"loss": {"slot_margin_loss": 0.1294327825307846}, "step": 78}
Step:78	{"loss": {"total_loss": 1.8534168591337226}, "step": 78}
Step:79	{"loss": {"intent_loss": 0.4530225895603507}, "step": 79}
Step:79	{"loss": {"intent_est_loss": 0.4521601545457089}, "step": 79}
Step:79	{"loss": {"intent_margin_loss": 0.0008624353213235736}, "step": 79}
Step:79	{"loss": {"slot_loss": 0.6556623379452503}, "step": 79}
Step:79	{"loss": {"slot_est_loss": 0.5466185048826449}, "step": 79}
Step:79	{"loss": {"slot_margin_loss": 0.10904381424188614}, "step": 79}
Step:79	{"loss": {"total_loss": 1.108684927505601}, "step": 79}
Step:80	{"loss": {"intent_loss": 0.6198948247441877}, "step": 80}
Step:80	{"loss": {"intent_est_loss": 0.6190324812363545}, "step": 80}
Step:80	{"loss": {"intent_margin_loss": 0.0008623406174592674}, "step": 80}
Step:80	{"loss": {"slot_loss": 0.7234542544276341}, "step": 80}
Step:80	{"loss": {"slot_est_loss": 0.6024657854446565}, "step": 80}
Step:80	{"loss": {"slot_margin_loss": 0.12098847329616547}, "step": 80}
Step:80	{"loss": {"total_loss": 1.343349079171822}, "step": 80}
Step:81	{"loss": {"intent_loss": 1.6270779569482325}, "step": 81}
Step:81	{"loss": {"intent_est_loss": 1.6262157411219962}, "step": 81}
Step:81	{"loss": {"intent_margin_loss": 0.0008622351451776922}, "step": 81}
Step:81	{"loss": {"slot_loss": 0.7522857085758}, "step": 81}
Step:81	{"loss": {"slot_est_loss": 0.6416651608873507}, "step": 81}
Step:81	{"loss": {"slot_margin_loss": 0.11062053591012955}, "step": 81}
Step:81	{"loss": {"total_loss": 2.3793636655240324}, "step": 81}
Step:82	{"loss": {"intent_loss": 3.338492801523537}, "step": 82}
Step:82	{"loss": {"intent_est_loss": 3.337629918394668}, "step": 82}
Step:82	{"loss": {"intent_margin_loss": 0.0008628706564195454}, "step": 82}
Step:82	{"loss": {"slot_loss": 0.825372794461145}, "step": 82}
Step:82	{"loss": {"slot_est_loss": 0.6888612635200843}, "step": 82}
Step:82	{"loss": {"slot_margin_loss": 0.13651151955127716}, "step": 82}
Step:82	{"loss": {"total_loss": 4.1638655959846815}, "step": 82}
Step:83	{"loss": {"intent_loss": 1.2622637804350254}, "step": 83}
Step:83	{"loss": {"intent_est_loss": 1.2614018459411447}, "step": 83}
Step:83	{"loss": {"intent_margin_loss": 0.000861939275637269}, "step": 83}
Step:83	{"loss": {"slot_loss": 0.8117643485515145}, "step": 83}
Step:83	{"loss": {"slot_est_loss": 0.6744776311417806}, "step": 83}
Step:83	{"loss": {"slot_margin_loss": 0.13728675246238708}, "step": 83}
Step:83	{"loss": {"total_loss": 2.07402812898654}, "step": 83}
Step:84	{"loss": {"intent_loss": 0.5459649487798744}, "step": 84}
Step:84	{"loss": {"intent_est_loss": 0.5451026645445385}, "step": 84}
Step:84	{"loss": {"intent_margin_loss": 0.0008622845052741468}, "step": 84}
Step:84	{"loss": {"slot_loss": 0.6804155230216566}, "step": 84}
Step:84	{"loss": {"slot_est_loss": 0.5620100930958869}, "step": 84}
Step:84	{"loss": {"slot_margin_loss": 0.11840533465147018}, "step": 84}
Step:84	{"loss": {"total_loss": 1.226380471801531}, "step": 84}
Step:85	{"loss": {"intent_loss": 0.9133391168888921}, "step": 85}
Step:85	{"loss": {"intent_est_loss": 0.9124763115185488}, "step": 85}
Step:85	{"loss": {"intent_margin_loss": 0.0008627997594885528}, "step": 85}
Step:85	{"loss": {"slot_loss": 0.6342003621059122}, "step": 85}
Step:85	{"loss": {"slot_est_loss": 0.5154711838687944}, "step": 85}
Step:85	{"loss": {"slot_margin_loss": 0.11872920393943787}, "step": 85}
Step:85	{"loss": {"total_loss": 1.5475394789948043}, "step": 85}
Step:86	{"loss": {"intent_loss": 1.5422839749371635}, "step": 86}
Step:86	{"loss": {"intent_est_loss": 1.5414215400141982}, "step": 86}
Step:86	{"loss": {"intent_margin_loss": 0.0008624290348961949}, "step": 86}
Step:86	{"loss": {"slot_loss": 0.711027702227874}, "step": 86}
Step:86	{"loss": {"slot_est_loss": 0.5960953413348755}, "step": 86}
Step:86	{"loss": {"slot_margin_loss": 0.11493238061666489}, "step": 86}
Step:86	{"loss": {"total_loss": 2.2533116771650374}, "step": 86}
Step:87	{"loss": {"intent_loss": 0.5075238572873788}, "step": 87}
Step:87	{"loss": {"intent_est_loss": 0.5066615415151321}, "step": 87}
Step:87	{"loss": {"intent_margin_loss": 0.0008623159374110401}, "step": 87}
Step:87	{"loss": {"slot_loss": 0.6667900497617661}, "step": 87}
Step:87	{"loss": {"slot_est_loss": 0.556215943425195}, "step": 87}
Step:87	{"loss": {"slot_margin_loss": 0.11057417094707489}, "step": 87}
Step:87	{"loss": {"total_loss": 1.1743139070491448}, "step": 87}
Step:88	{"loss": {"intent_loss": 2.03002408453758}, "step": 88}
Step:88	{"loss": {"intent_est_loss": 2.0291617261780632}, "step": 88}
Step:88	{"loss": {"intent_margin_loss": 0.0008623527246527374}, "step": 88}
Step:88	{"loss": {"slot_loss": 0.7483339267491833}, "step": 88}
Step:88	{"loss": {"slot_est_loss": 0.6215722684326457}, "step": 88}
Step:88	{"loss": {"slot_margin_loss": 0.12676167488098145}, "step": 88}
Step:88	{"loss": {"total_loss": 2.7783580112867634}, "step": 88}
Step:89	{"loss": {"intent_loss": 1.114274048814696}, "step": 89}
Step:89	{"loss": {"intent_est_loss": 1.1134119386675585}, "step": 89}
Step:89	{"loss": {"intent_margin_loss": 0.0008621073211543262}, "step": 89}
Step:89	{"loss": {"slot_loss": 0.7113216068508332}, "step": 89}
Step:89	{"loss": {"slot_est_loss": 0.5904235482725197}, "step": 89}
Step:89	{"loss": {"slot_margin_loss": 0.12089806795120239}, "step": 89}
Step:89	{"loss": {"total_loss": 1.8255956556655293}, "step": 89}
Step:90	{"loss": {"intent_loss": 1.0216020006060729}, "step": 90}
Step:90	{"loss": {"intent_est_loss": 1.0207393109682015}, "step": 90}
Step:90	{"loss": {"intent_margin_loss": 0.0008626885246485472}, "step": 90}
Step:90	{"loss": {"slot_loss": 0.6651411394603196}, "step": 90}
Step:90	{"loss": {"slot_est_loss": 0.5512693462718745}, "step": 90}
Step:90	{"loss": {"slot_margin_loss": 0.11387179791927338}, "step": 90}
Step:90	{"loss": {"total_loss": 1.6867431400663926}, "step": 90}
Step:91	{"loss": {"intent_loss": 1.4104756716944393}, "step": 91}
Step:91	{"loss": {"intent_est_loss": 1.4096134330226067}, "step": 91}
Step:91	{"loss": {"intent_margin_loss": 0.0008622288005426526}, "step": 91}
Step:91	{"loss": {"slot_loss": 0.7644252441503342}, "step": 91}
Step:91	{"loss": {"slot_est_loss": 0.6390669273285314}, "step": 91}
Step:91	{"loss": {"slot_margin_loss": 0.12535831332206726}, "step": 91}
Step:91	{"loss": {"total_loss": 2.1749009158447734}, "step": 91}
Step:92	{"loss": {"intent_loss": 0.9655881487869927}, "step": 92}
Step:92	{"loss": {"intent_est_loss": 0.9647257959182753}, "step": 92}
Step:92	{"loss": {"intent_margin_loss": 0.00086235097842291}, "step": 92}
Step:92	{"loss": {"slot_loss": 0.693936192255933}, "step": 92}
Step:92	{"loss": {"slot_est_loss": 0.5803424958328836}, "step": 92}
Step:92	{"loss": {"slot_margin_loss": 0.11359372735023499}, "step": 92}
Step:92	{"loss": {"total_loss": 1.6595243410429257}, "step": 92}
Step:93	{"loss": {"intent_loss": 1.2350137003370039}, "step": 93}
Step:93	{"loss": {"intent_est_loss": 1.2341511420592728}, "step": 93}
Step:93	{"loss": {"intent_margin_loss": 0.0008625653572380543}, "step": 93}
Step:93	{"loss": {"slot_loss": 0.6852243697299861}, "step": 93}
Step:93	{"loss": {"slot_est_loss": 0.5666953253399695}, "step": 93}
Step:93	{"loss": {"slot_margin_loss": 0.11852904409170151}, "step": 93}
Step:93	{"loss": {"total_loss": 1.9202380700669899}, "step": 93}
Step:94	{"loss": {"intent_loss": 1.7653181271693026}, "step": 94}
Step:94	{"loss": {"intent_est_loss": 1.7644559318279796}, "step": 94}
Step:94	{"loss": {"intent_margin_loss": 0.0008622060995548964}, "step": 94}
Step:94	{"loss": {"slot_loss": 0.6819041941591412}, "step": 94}
Step:94	{"loss": {"slot_est_loss": 0.5640221200599627}, "step": 94}
Step:94	{"loss": {"slot_margin_loss": 0.11788211017847061}, "step": 94}
Step:94	{"loss": {"total_loss": 2.447222321328444}, "step": 94}
Step:95	{"loss": {"intent_loss": 1.1251766116372903}, "step": 95}
Step:95	{"loss": {"intent_est_loss": 1.1243142707586238}, "step": 95}
Step:95	{"loss": {"intent_margin_loss": 0.0008623363683000207}, "step": 95}
Step:95	{"loss": {"slot_loss": 0.669683975722002}, "step": 95}
Step:95	{"loss": {"slot_est_loss": 0.5646757559923578}, "step": 95}
Step:95	{"loss": {"slot_margin_loss": 0.10500822961330414}, "step": 95}
Step:95	{"loss": {"total_loss": 1.7948605873592922}, "step": 95}
Step:96	{"loss": {"intent_loss": 0.6252494173793826}, "step": 96}
Step:96	{"loss": {"intent_est_loss": 0.6243872166814985}, "step": 96}
Step:96	{"loss": {"intent_margin_loss": 0.0008622016757726669}, "step": 96}
Step:96	{"loss": {"slot_loss": 0.6500612942341821}, "step": 96}
Step:96	{"loss": {"slot_est_loss": 0.5379905238747601}, "step": 96}
Step:96	{"loss": {"slot_margin_loss": 0.11207085847854614}, "step": 96}
Step:96	{"loss": {"total_loss": 1.2753107116135647}, "step": 96}
Step:97	{"loss": {"intent_loss": 1.454523631367555}, "step": 97}
Step:97	{"loss": {"intent_est_loss": 1.4536610886192658}, "step": 97}
Step:97	{"loss": {"intent_margin_loss": 0.0008625468472018838}, "step": 97}
Step:97	{"loss": {"slot_loss": 0.671629117144038}, "step": 97}
Step:97	{"loss": {"slot_est_loss": 0.5546172943446437}, "step": 97}
Step:97	{"loss": {"slot_margin_loss": 0.11701182276010513}, "step": 97}
Step:97	{"loss": {"total_loss": 2.126152748511593}, "step": 97}
Step:98	{"loss": {"intent_loss": 4.3872490136010995}, "step": 98}
Step:98	{"loss": {"intent_est_loss": 4.386386543503612}, "step": 98}
Step:98	{"loss": {"intent_margin_loss": 0.000862474029418081}, "step": 98}
Step:98	{"loss": {"slot_loss": 0.7289621897682084}, "step": 98}
Step:98	{"loss": {"slot_est_loss": 0.6032368463667803}, "step": 98}
Step:98	{"loss": {"slot_margin_loss": 0.12572534382343292}, "step": 98}
Step:98	{"loss": {"total_loss": 5.116211203369308}, "step": 98}
Step:99	{"loss": {"intent_loss": 1.2203356958198144}, "step": 99}
Step:99	{"loss": {"intent_est_loss": 1.2194734311051427}, "step": 99}
Step:99	{"loss": {"intent_margin_loss": 0.0008622781606391072}, "step": 99}
Step:99	{"loss": {"slot_loss": 0.7241774969559631}, "step": 99}
Step:99	{"loss": {"slot_est_loss": 0.6048674086065139}, "step": 99}
Step:99	{"loss": {"slot_margin_loss": 0.11931010335683823}, "step": 99}
Step:99	{"loss": {"total_loss": 1.9445131927757775}, "step": 99}
Step:100	{"loss": {"intent_loss": 0.39389372198238587}, "step": 100}
Step:100	{"loss": {"intent_est_loss": 0.39303119419382665}, "step": 100}
Step:100	{"loss": {"intent_margin_loss": 0.000862527231220156}, "step": 100}
Step:100	{"loss": {"slot_loss": 0.5388657280782356}, "step": 100}
Step:100	{"loss": {"slot_est_loss": 0.44047328079468656}, "step": 100}
Step:100	{"loss": {"slot_margin_loss": 0.09839242696762085}, "step": 100}
Step:100	{"loss": {"total_loss": 0.9327594500606216}, "step": 100}
Step:101	{"loss": {"intent_loss": 0.5877123215665054}, "step": 101}
Step:101	{"loss": {"intent_est_loss": 0.5868498005194855}, "step": 101}
Step:101	{"loss": {"intent_margin_loss": 0.0008625230402685702}, "step": 101}
Step:101	{"loss": {"slot_loss": 0.6238027271887403}, "step": 101}
Step:101	{"loss": {"slot_est_loss": 0.5193775746098254}, "step": 101}
Step:101	{"loss": {"slot_margin_loss": 0.10442511737346649}, "step": 101}
Step:101	{"loss": {"total_loss": 1.2115150487552457}, "step": 101}
Step:102	{"loss": {"intent_loss": 1.091358064873203}, "step": 102}
Step:102	{"loss": {"intent_est_loss": 1.0904959283754578}, "step": 102}
Step:102	{"loss": {"intent_margin_loss": 0.0008621371816843748}, "step": 102}
Step:102	{"loss": {"slot_loss": 0.6310209822535394}, "step": 102}
Step:102	{"loss": {"slot_est_loss": 0.5256969882379057}, "step": 102}
Step:102	{"loss": {"slot_margin_loss": 0.10532397031784058}, "step": 102}
Step:102	{"loss": {"total_loss": 1.7223790471267426}, "step": 102}
Step:103	{"loss": {"intent_loss": 1.5343898565683018}, "step": 103}
Step:103	{"loss": {"intent_est_loss": 1.5335272556410933}, "step": 103}
Step:103	{"loss": {"intent_margin_loss": 0.0008626006892882288}, "step": 103}
Step:103	{"loss": {"slot_loss": 0.769742200776818}, "step": 103}
Step:103	{"loss": {"slot_est_loss": 0.6493245154706534}, "step": 103}
Step:103	{"loss": {"slot_margin_loss": 0.12041765451431274}, "step": 103}
Step:103	{"loss": {"total_loss": 2.30413205734512}, "step": 103}
Step:104	{"loss": {"intent_loss": 0.6236078526595522}, "step": 104}
Step:104	{"loss": {"intent_est_loss": 0.6227454226936961}, "step": 104}
Step:104	{"loss": {"intent_margin_loss": 0.0008624290348961949}, "step": 104}
Step:104	{"loss": {"slot_loss": 0.6243392998789203}, "step": 104}
Step:104	{"loss": {"slot_est_loss": 0.5158715626050246}, "step": 104}
Step:104	{"loss": {"slot_margin_loss": 0.10846775770187378}, "step": 104}
Step:104	{"loss": {"total_loss": 1.2479471525384724}, "step": 104}
Step:105	{"loss": {"intent_loss": 0.3250278206221997}, "step": 105}
Step:105	{"loss": {"intent_est_loss": 0.3241651198848561}, "step": 105}
Step:105	{"loss": {"intent_margin_loss": 0.000862700049765408}, "step": 105}
Step:105	{"loss": {"slot_loss": 0.5952467694121883}, "step": 105}
Step:105	{"loss": {"slot_est_loss": 0.4950371843064205}, "step": 105}
Step:105	{"loss": {"slot_margin_loss": 0.10020963102579117}, "step": 105}
Step:105	{"loss": {"total_loss": 0.920274590034388}, "step": 105}
Step:106	{"loss": {"intent_loss": 1.4550995860481633}, "step": 106}
Step:106	{"loss": {"intent_est_loss": 1.454237231499792}, "step": 106}
Step:106	{"loss": {"intent_margin_loss": 0.000862348941154778}, "step": 106}
Step:106	{"loss": {"slot_loss": 0.5642942133650646}, "step": 106}
Step:106	{"loss": {"slot_est_loss": 0.46570898530044363}, "step": 106}
Step:106	{"loss": {"slot_margin_loss": 0.09858521819114685}, "step": 106}
Step:106	{"loss": {"total_loss": 2.019393799413228}, "step": 106}
Step:107	{"loss": {"intent_loss": 1.5016622306240583}, "step": 107}
Step:107	{"loss": {"intent_est_loss": 1.5007998102220912}, "step": 107}
Step:107	{"loss": {"intent_margin_loss": 0.0008624283946119249}, "step": 107}
Step:107	{"loss": {"slot_loss": 0.6695464465679835}, "step": 107}
Step:107	{"loss": {"slot_est_loss": 0.5542243449002855}, "step": 107}
Step:107	{"loss": {"slot_margin_loss": 0.11532203108072281}, "step": 107}
Step:107	{"loss": {"total_loss": 2.171208677192042}, "step": 107}
Step:108	{"loss": {"intent_loss": 0.7864415132164142}, "step": 108}
Step:108	{"loss": {"intent_est_loss": 0.7855793869275661}, "step": 108}
Step:108	{"loss": {"intent_margin_loss": 0.000862126296851784}, "step": 108}
Step:108	{"loss": {"slot_loss": 0.6234700686014552}, "step": 108}
Step:108	{"loss": {"slot_est_loss": 0.5173744100342443}, "step": 108}
Step:108	{"loss": {"slot_margin_loss": 0.10609573870897293}, "step": 108}
Step:108	{"loss": {"total_loss": 1.4099115818178694}, "step": 108}
Step:109	{"loss": {"intent_loss": 1.0930450122945334}, "step": 109}
Step:109	{"loss": {"intent_est_loss": 1.0921825759964114}, "step": 109}
Step:109	{"loss": {"intent_margin_loss": 0.0008624307229183614}, "step": 109}
Step:109	{"loss": {"slot_loss": 0.6431584662612285}, "step": 109}
Step:109	{"loss": {"slot_est_loss": 0.5316880750717246}, "step": 109}
Step:109	{"loss": {"slot_margin_loss": 0.11147037893533707}, "step": 109}
Step:109	{"loss": {"total_loss": 1.7362034785557618}, "step": 109}
Step:110	{"loss": {"intent_loss": 0.5283358505748759}, "step": 110}
Step:110	{"loss": {"intent_est_loss": 0.5274730645680391}, "step": 110}
Step:110	{"loss": {"intent_margin_loss": 0.000862784800119698}, "step": 110}
Step:110	{"loss": {"slot_loss": 0.6322622272011357}, "step": 110}
Step:110	{"loss": {"slot_est_loss": 0.5242729218793108}, "step": 110}
Step:110	{"loss": {"slot_margin_loss": 0.10798933357000351}, "step": 110}
Step:110	{"loss": {"total_loss": 1.1605980777760116}, "step": 110}
Step:111	{"loss": {"intent_loss": 1.7656423117332467}, "step": 111}
Step:111	{"loss": {"intent_est_loss": 1.7647799544476597}, "step": 111}
Step:111	{"loss": {"intent_margin_loss": 0.0008623516769148409}, "step": 111}
Step:111	{"loss": {"slot_loss": 0.5008745669052588}, "step": 111}
Step:111	{"loss": {"slot_est_loss": 0.408983006108611}, "step": 111}
Step:111	{"loss": {"slot_margin_loss": 0.09189154952764511}, "step": 111}
Step:111	{"loss": {"total_loss": 2.2665168786385053}, "step": 111}
Step:112	{"loss": {"intent_loss": 1.5748886242894484}, "step": 112}
Step:112	{"loss": {"intent_est_loss": 1.5740262881059606}, "step": 112}
Step:112	{"loss": {"intent_margin_loss": 0.000862335495185107}, "step": 112}
Step:112	{"loss": {"slot_loss": 0.7552849167739629}, "step": 112}
Step:112	{"loss": {"slot_est_loss": 0.6289422247471522}, "step": 112}
Step:112	{"loss": {"slot_margin_loss": 0.12634271383285522}, "step": 112}
Step:112	{"loss": {"total_loss": 2.3301735410634112}, "step": 112}
Step:113	{"loss": {"intent_loss": 1.2297071510452953}, "step": 113}
Step:113	{"loss": {"intent_est_loss": 1.2288443690100388}, "step": 113}
Step:113	{"loss": {"intent_margin_loss": 0.0008627856732346117}, "step": 113}
Step:113	{"loss": {"slot_loss": 0.655705906524963}, "step": 113}
Step:113	{"loss": {"slot_est_loss": 0.5449017817183627}, "step": 113}
Step:113	{"loss": {"slot_margin_loss": 0.11080411821603775}, "step": 113}
Step:113	{"loss": {"total_loss": 1.8854130575702581}, "step": 113}
Step:114	{"loss": {"intent_loss": 1.4118019876434138}, "step": 114}
Step:114	{"loss": {"intent_est_loss": 1.4109395544655847}, "step": 114}
Step:114	{"loss": {"intent_margin_loss": 0.0008624309557490051}, "step": 114}
Step:114	{"loss": {"slot_loss": 0.5556533300579757}, "step": 114}
Step:114	{"loss": {"slot_est_loss": 0.45906373470061224}, "step": 114}
Step:114	{"loss": {"slot_margin_loss": 0.09658954292535782}, "step": 114}
Step:114	{"loss": {"total_loss": 1.9674553177013894}, "step": 114}
Step:115	{"loss": {"intent_loss": 0.8700345123688744}, "step": 115}
Step:115	{"loss": {"intent_est_loss": 0.8691727275017905}, "step": 115}
Step:115	{"loss": {"intent_margin_loss": 0.0008617924759164453}, "step": 115}
Step:115	{"loss": {"slot_loss": 0.5714636245160369}, "step": 115}
Step:115	{"loss": {"slot_est_loss": 0.47535945523995915}, "step": 115}
Step:115	{"loss": {"slot_margin_loss": 0.09610413014888763}, "step": 115}
Step:115	{"loss": {"total_loss": 1.4414981368849114}, "step": 115}
Step:116	{"loss": {"intent_loss": 0.92262800554854}, "step": 116}
Step:116	{"loss": {"intent_est_loss": 0.9217658449953894}, "step": 116}
Step:116	{"loss": {"intent_margin_loss": 0.0008621680899523199}, "step": 116}
Step:116	{"loss": {"slot_loss": 0.5856420287331272}, "step": 116}
Step:116	{"loss": {"slot_est_loss": 0.48539381925074837}, "step": 116}
Step:116	{"loss": {"slot_margin_loss": 0.10024815797805786}, "step": 116}
Step:116	{"loss": {"total_loss": 1.5082700342816673}, "step": 116}
Step:117	{"loss": {"intent_loss": 1.579209641497801}, "step": 117}
Step:117	{"loss": {"intent_est_loss": 1.5783478247663885}, "step": 117}
Step:117	{"loss": {"intent_margin_loss": 0.0008618139545433223}, "step": 117}
Step:117	{"loss": {"slot_loss": 0.6970570937104642}, "step": 117}
Step:117	{"loss": {"slot_est_loss": 0.5829659910654301}, "step": 117}
Step:117	{"loss": {"slot_margin_loss": 0.11409106105566025}, "step": 117}
Step:117	{"loss": {"total_loss": 2.276266735208265}, "step": 117}
Step:118	{"loss": {"intent_loss": 1.5842960058907918}, "step": 118}
Step:118	{"loss": {"intent_est_loss": 1.5834335833475035}, "step": 118}
Step:118	{"loss": {"intent_margin_loss": 0.0008624239126220345}, "step": 118}
Step:118	{"loss": {"slot_loss": 0.629942518469761}, "step": 118}
Step:118	{"loss": {"slot_est_loss": 0.5170277702112798}, "step": 118}
Step:118	{"loss": {"slot_margin_loss": 0.11291472613811493}, "step": 118}
Step:118	{"loss": {"total_loss": 2.2142385243605527}, "step": 118}
Step:119	{"loss": {"intent_loss": 0.37874243909136596}, "step": 119}
Step:119	{"loss": {"intent_est_loss": 0.37788020738044015}, "step": 119}
Step:119	{"loss": {"intent_margin_loss": 0.0008622310706414282}, "step": 119}
Step:119	{"loss": {"slot_loss": 0.6675487674816398}, "step": 119}
Step:119	{"loss": {"slot_est_loss": 0.5599415410411892}, "step": 119}
Step:119	{"loss": {"slot_margin_loss": 0.10760724544525146}, "step": 119}
Step:119	{"loss": {"total_loss": 1.046291206573006}, "step": 119}
Step:120	{"loss": {"intent_loss": 0.9519677574986434}, "step": 120}
Step:120	{"loss": {"intent_est_loss": 0.951105450222894}, "step": 120}
Step:120	{"loss": {"intent_margin_loss": 0.0008623016765341163}, "step": 120}
Step:120	{"loss": {"slot_loss": 0.5216478228830965}, "step": 120}
Step:120	{"loss": {"slot_est_loss": 0.4343872949109934}, "step": 120}
Step:120	{"loss": {"slot_margin_loss": 0.08726046234369278}, "step": 120}
Step:120	{"loss": {"total_loss": 1.47361558038174}, "step": 120}
Step:121	{"loss": {"intent_loss": 1.233761262348343}, "step": 121}
Step:121	{"loss": {"intent_est_loss": 1.232899081793221}, "step": 121}
Step:121	{"loss": {"intent_margin_loss": 0.000862181419506669}, "step": 121}
Step:121	{"loss": {"slot_loss": 0.5474479399556003}, "step": 121}
Step:121	{"loss": {"slot_est_loss": 0.4528829376664364}, "step": 121}
Step:121	{"loss": {"slot_margin_loss": 0.0945650264620781}, "step": 121}
Step:121	{"loss": {"total_loss": 1.7812092023039432}, "step": 121}
Step:122	{"loss": {"intent_loss": 2.696494241082837}, "step": 122}
Step:122	{"loss": {"intent_est_loss": 2.6956319911576445}, "step": 122}
Step:122	{"loss": {"intent_margin_loss": 0.0008622376481071115}, "step": 122}
Step:122	{"loss": {"slot_loss": 0.7047265523055111}, "step": 122}
Step:122	{"loss": {"slot_est_loss": 0.5871061346435459}, "step": 122}
Step:122	{"loss": {"slot_margin_loss": 0.11762046068906784}, "step": 122}
Step:122	{"loss": {"total_loss": 3.4012207933883483}, "step": 122}
Step:123	{"loss": {"intent_loss": 2.2451913811237296}, "step": 123}
Step:123	{"loss": {"intent_est_loss": 2.2443289393937405}, "step": 123}
Step:123	{"loss": {"intent_margin_loss": 0.0008624288602732122}, "step": 123}
Step:123	{"loss": {"slot_loss": 0.7749290375330025}, "step": 123}
Step:123	{"loss": {"slot_est_loss": 0.655591695090698}, "step": 123}
Step:123	{"loss": {"slot_margin_loss": 0.1193372830748558}, "step": 123}
Step:123	{"loss": {"total_loss": 3.020120418656732}, "step": 123}
Step:124	{"loss": {"intent_loss": 0.832644121700286}, "step": 124}
Step:124	{"loss": {"intent_est_loss": 0.8317817796953022}, "step": 124}
Step:124	{"loss": {"intent_margin_loss": 0.0008623387548141181}, "step": 124}
Step:124	{"loss": {"slot_loss": 0.7065927515359356}, "step": 124}
Step:124	{"loss": {"slot_est_loss": 0.5901542919193167}, "step": 124}
Step:124	{"loss": {"slot_margin_loss": 0.11643839627504349}, "step": 124}
Step:124	{"loss": {"total_loss": 1.5392368732362216}, "step": 124}
Step:125	{"loss": {"intent_loss": 2.0814254292356056}, "step": 125}
Step:125	{"loss": {"intent_est_loss": 2.0805633366937393}, "step": 125}
Step:125	{"loss": {"intent_margin_loss": 0.0008620923035778105}, "step": 125}
Step:125	{"loss": {"slot_loss": 0.6196869903898922}, "step": 125}
Step:125	{"loss": {"slot_est_loss": 0.5170140493239163}, "step": 125}
Step:125	{"loss": {"slot_margin_loss": 0.10267291963100433}, "step": 125}
Step:125	{"loss": {"total_loss": 2.7011124196254976}, "step": 125}
Step:126	{"loss": {"intent_loss": 0.6776069044448376}, "step": 126}
Step:126	{"loss": {"intent_est_loss": 0.6767443836695755}, "step": 126}
Step:126	{"loss": {"intent_margin_loss": 0.0008625217014923692}, "step": 126}
Step:126	{"loss": {"slot_loss": 0.6599613987025802}, "step": 126}
Step:126	{"loss": {"slot_est_loss": 0.5445439872768477}, "step": 126}
Step:126	{"loss": {"slot_margin_loss": 0.1154174730181694}, "step": 126}
Step:126	{"loss": {"total_loss": 1.337568303147418}, "step": 126}
Step:127	{"loss": {"intent_loss": 0.5237404254581641}, "step": 127}
Step:127	{"loss": {"intent_est_loss": 0.5228779540149849}, "step": 127}
Step:127	{"loss": {"intent_margin_loss": 0.0008624698966741562}, "step": 127}
Step:127	{"loss": {"slot_loss": 0.5338939861569083}, "step": 127}
Step:127	{"loss": {"slot_est_loss": 0.4374019282753579}, "step": 127}
Step:127	{"loss": {"slot_margin_loss": 0.09649205207824707}, "step": 127}
Step:127	{"loss": {"total_loss": 1.0576344116150724}, "step": 127}
Step:128	{"loss": {"intent_loss": 0.3197331217601456}, "step": 128}
Step:128	{"loss": {"intent_est_loss": 0.318870959507694}, "step": 128}
Step:128	{"loss": {"intent_margin_loss": 0.0008621627348475158}, "step": 128}
Step:128	{"loss": {"slot_loss": 0.5665241000926469}, "step": 128}
Step:128	{"loss": {"slot_est_loss": 0.4701598646373899}, "step": 128}
Step:128	{"loss": {"slot_margin_loss": 0.09636424481868744}, "step": 128}
Step:128	{"loss": {"total_loss": 0.8862572218527924}, "step": 128}
Step:129	{"loss": {"intent_loss": 2.105906403779589}, "step": 129}
Step:129	{"loss": {"intent_est_loss": 2.105043852868766}, "step": 129}
Step:129	{"loss": {"intent_margin_loss": 0.0008625412010587752}, "step": 129}
Step:129	{"loss": {"slot_loss": 0.5518651988299099}, "step": 129}
Step:129	{"loss": {"slot_est_loss": 0.4486936905799664}, "step": 129}
Step:129	{"loss": {"slot_margin_loss": 0.10317148268222809}, "step": 129}
Step:129	{"loss": {"total_loss": 2.6577716026094986}, "step": 129}
Step:130	{"loss": {"intent_loss": 1.2956112193976876}, "step": 130}
Step:130	{"loss": {"intent_est_loss": 1.2947488677666112}, "step": 130}
Step:130	{"loss": {"intent_margin_loss": 0.0008623487083241343}, "step": 130}
Step:130	{"loss": {"slot_loss": 0.7102566003857647}, "step": 130}
Step:130	{"loss": {"slot_est_loss": 0.6033073868922662}, "step": 130}
Step:130	{"loss": {"slot_margin_loss": 0.10694923251867294}, "step": 130}
Step:130	{"loss": {"total_loss": 2.005867819783452}, "step": 130}
Step:131	{"loss": {"intent_loss": 1.248702749198856}, "step": 131}
Step:131	{"loss": {"intent_est_loss": 1.2478407999318732}, "step": 131}
Step:131	{"loss": {"intent_margin_loss": 0.0008619425934739411}, "step": 131}
Step:131	{"loss": {"slot_loss": 0.5984779606136721}, "step": 131}
Step:131	{"loss": {"slot_est_loss": 0.5013288183086843}, "step": 131}
Step:131	{"loss": {"slot_margin_loss": 0.0971490889787674}, "step": 131}
Step:131	{"loss": {"total_loss": 1.8471807098125281}, "step": 131}
Step:132	{"loss": {"intent_loss": 2.349160187154487}, "step": 132}
Step:132	{"loss": {"intent_est_loss": 2.348297916886803}, "step": 132}
Step:132	{"loss": {"intent_margin_loss": 0.0008622711175121367}, "step": 132}
Step:132	{"loss": {"slot_loss": 0.6235691180772843}, "step": 132}
Step:132	{"loss": {"slot_est_loss": 0.518605964979361}, "step": 132}
Step:132	{"loss": {"slot_margin_loss": 0.10496312379837036}, "step": 132}
Step:132	{"loss": {"total_loss": 2.972729305231771}, "step": 132}
Step:133	{"loss": {"intent_loss": 2.111725088255479}, "step": 133}
Step:133	{"loss": {"intent_est_loss": 2.1108626835433824}, "step": 133}
Step:133	{"loss": {"intent_margin_loss": 0.0008624230977147818}, "step": 133}
Step:133	{"loss": {"slot_loss": 0.6169624884743824}, "step": 133}
Step:133	{"loss": {"slot_est_loss": 0.5137898717046482}, "step": 133}
Step:133	{"loss": {"slot_margin_loss": 0.10317262262105942}, "step": 133}
Step:133	{"loss": {"total_loss": 2.7286875767298615}, "step": 133}
Step:134	{"loss": {"intent_loss": 0.8296140608814296}, "step": 134}
Step:134	{"loss": {"intent_est_loss": 0.8287517588738409}, "step": 134}
Step:134	{"loss": {"intent_margin_loss": 0.000862299173604697}, "step": 134}
Step:134	{"loss": {"slot_loss": 0.6047933806446967}, "step": 134}
Step:134	{"loss": {"slot_est_loss": 0.5007721086542006}, "step": 134}
Step:134	{"loss": {"slot_margin_loss": 0.10402131825685501}, "step": 134}
Step:134	{"loss": {"total_loss": 1.4344074415261263}, "step": 134}
Step:135	{"loss": {"intent_loss": 0.5200788557685887}, "step": 135}
Step:135	{"loss": {"intent_est_loss": 0.5192165214120904}, "step": 135}
Step:135	{"loss": {"intent_margin_loss": 0.0008623312460258603}, "step": 135}
Step:135	{"loss": {"slot_loss": 0.6168292464572008}, "step": 135}
Step:135	{"loss": {"slot_est_loss": 0.5160532743466323}, "step": 135}
Step:135	{"loss": {"slot_margin_loss": 0.10077601671218872}, "step": 135}
Step:135	{"loss": {"total_loss": 1.1369081022257896}, "step": 135}
Step:136	{"loss": {"intent_loss": 1.462226470105815}, "step": 136}
Step:136	{"loss": {"intent_est_loss": 1.46136413126369}, "step": 136}
Step:136	{"loss": {"intent_margin_loss": 0.0008623329340480268}, "step": 136}
Step:136	{"loss": {"slot_loss": 0.6034402816992952}, "step": 136}
Step:136	{"loss": {"slot_est_loss": 0.49811483902885856}, "step": 136}
Step:136	{"loss": {"slot_margin_loss": 0.10532546043395996}, "step": 136}
Step:136	{"loss": {"total_loss": 2.06566675180511}, "step": 136}
Step:137	{"loss": {"intent_loss": 1.1797130153201578}, "step": 137}
Step:137	{"loss": {"intent_est_loss": 1.1788505747950702}, "step": 137}
Step:137	{"loss": {"intent_margin_loss": 0.0008624538313597441}, "step": 137}
Step:137	{"loss": {"slot_loss": 0.609842915534682}, "step": 137}
Step:137	{"loss": {"slot_est_loss": 0.5045983083138704}, "step": 137}
Step:137	{"loss": {"slot_margin_loss": 0.10524455457925797}, "step": 137}
Step:137	{"loss": {"total_loss": 1.7895559308548399}, "step": 137}
Step:138	{"loss": {"intent_loss": 0.48650195920745326}, "step": 138}
Step:138	{"loss": {"intent_est_loss": 0.4856396545084864}, "step": 138}
Step:138	{"loss": {"intent_margin_loss": 0.0008623081375844777}, "step": 138}
Step:138	{"loss": {"slot_loss": 0.5614633795310514}, "step": 138}
Step:138	{"loss": {"slot_est_loss": 0.466259473738319}, "step": 138}
Step:138	{"loss": {"slot_margin_loss": 0.09520383179187775}, "step": 138}
Step:138	{"loss": {"total_loss": 1.0479653387385046}, "step": 138}
Step:139	{"loss": {"intent_loss": 0.3682003195772259}, "step": 139}
Step:139	{"loss": {"intent_est_loss": 0.3673379364026915}, "step": 139}
Step:139	{"loss": {"intent_margin_loss": 0.0008623808971606195}, "step": 139}
Step:139	{"loss": {"slot_loss": 0.5511196973719062}, "step": 139}
Step:139	{"loss": {"slot_est_loss": 0.46368214566318766}, "step": 139}
Step:139	{"loss": {"slot_margin_loss": 0.08743755519390106}, "step": 139}
Step:139	{"loss": {"total_loss": 0.9193200169491321}, "step": 139}
Step:140	{"loss": {"intent_loss": 0.6214492294056986}, "step": 140}
Step:140	{"loss": {"intent_est_loss": 0.620586855254806}, "step": 140}
Step:140	{"loss": {"intent_margin_loss": 0.0008623722824268043}, "step": 140}
Step:140	{"loss": {"slot_loss": 0.5211535694601477}, "step": 140}
Step:140	{"loss": {"slot_est_loss": 0.42381920163897996}, "step": 140}
Step:140	{"loss": {"slot_margin_loss": 0.09733439236879349}, "step": 140}
Step:140	{"loss": {"total_loss": 1.1426027988658463}, "step": 140}
Step:141	{"loss": {"intent_loss": 1.4487502080097339}, "step": 141}
Step:141	{"loss": {"intent_est_loss": 1.4478879904498159}, "step": 141}
Step:141	{"loss": {"intent_margin_loss": 0.0008622181485407054}, "step": 141}
Step:141	{"loss": {"slot_loss": 0.7092424527727413}, "step": 141}
Step:141	{"loss": {"slot_est_loss": 0.5960883152525653}, "step": 141}
Step:141	{"loss": {"slot_margin_loss": 0.11315407603979111}, "step": 141}
Step:141	{"loss": {"total_loss": 2.157992660782475}, "step": 141}
Step:142	{"loss": {"intent_loss": 1.8171496493163426}, "step": 142}
Step:142	{"loss": {"intent_est_loss": 1.8162875415364417}, "step": 142}
Step:142	{"loss": {"intent_margin_loss": 0.0008621076704002917}, "step": 142}
Step:142	{"loss": {"slot_loss": 0.5865424891904691}, "step": 142}
Step:142	{"loss": {"slot_est_loss": 0.48911350425987593}, "step": 142}
Step:142	{"loss": {"slot_margin_loss": 0.09742902219295502}, "step": 142}
Step:142	{"loss": {"total_loss": 2.4036921385068117}, "step": 142}
Step:143	{"loss": {"intent_loss": 0.7670745174778855}, "step": 143}
Step:143	{"loss": {"intent_est_loss": 0.7662125313108846}, "step": 143}
Step:143	{"loss": {"intent_margin_loss": 0.0008619842701591551}, "step": 143}
Step:143	{"loss": {"slot_loss": 0.6353155849355976}, "step": 143}
Step:143	{"loss": {"slot_est_loss": 0.527460679660726}, "step": 143}
Step:143	{"loss": {"slot_margin_loss": 0.10785480588674545}, "step": 143}
Step:143	{"loss": {"total_loss": 1.402390102413483}, "step": 143}
Step:144	{"loss": {"intent_loss": 1.3593528600093137}, "step": 144}
Step:144	{"loss": {"intent_est_loss": 1.3584902369846532}, "step": 144}
Step:144	{"loss": {"intent_margin_loss": 0.0008626155322417617}, "step": 144}
Step:144	{"loss": {"slot_loss": 0.6276654624496585}, "step": 144}
Step:144	{"loss": {"slot_est_loss": 0.5183697351443698}, "step": 144}
Step:144	{"loss": {"slot_margin_loss": 0.10929569602012634}, "step": 144}
Step:144	{"loss": {"total_loss": 1.9870183224589721}, "step": 144}
Step:145	{"loss": {"intent_loss": 1.5057445215810716}, "step": 145}
Step:145	{"loss": {"intent_est_loss": 1.5048817214854355}, "step": 145}
Step:145	{"loss": {"intent_margin_loss": 0.0008627873612567782}, "step": 145}
Step:145	{"loss": {"slot_loss": 0.6907125132376681}, "step": 145}
Step:145	{"loss": {"slot_est_loss": 0.5840468013877393}, "step": 145}
Step:145	{"loss": {"slot_margin_loss": 0.10666575282812119}, "step": 145}
Step:145	{"loss": {"total_loss": 2.1964570348187396}, "step": 145}
Step:146	{"loss": {"intent_loss": 0.47999964244590976}, "step": 146}
Step:146	{"loss": {"intent_est_loss": 0.4791376386277988}, "step": 146}
Step:146	{"loss": {"intent_margin_loss": 0.0008620020234957337}, "step": 146}
Step:146	{"loss": {"slot_loss": 0.49412609379141964}, "step": 146}
Step:146	{"loss": {"slot_est_loss": 0.40882998421511796}, "step": 146}
Step:146	{"loss": {"slot_margin_loss": 0.08529618382453918}, "step": 146}
Step:146	{"loss": {"total_loss": 0.9741257362373295}, "step": 146}
Step:147	{"loss": {"intent_loss": 1.668661281311507}, "step": 147}
Step:147	{"loss": {"intent_est_loss": 1.6677991660304525}, "step": 147}
Step:147	{"loss": {"intent_margin_loss": 0.0008621266460977495}, "step": 147}
Step:147	{"loss": {"slot_loss": 0.6032093792971867}, "step": 147}
Step:147	{"loss": {"slot_est_loss": 0.49724937648425077}, "step": 147}
Step:147	{"loss": {"slot_margin_loss": 0.10596004128456116}, "step": 147}
Step:147	{"loss": {"total_loss": 2.271870660608694}, "step": 147}
Step:148	{"loss": {"intent_loss": 0.427489592494021}, "step": 148}
Step:148	{"loss": {"intent_est_loss": 0.4266271328640868}, "step": 148}
Step:148	{"loss": {"intent_margin_loss": 0.0008624590118415654}, "step": 148}
Step:148	{"loss": {"slot_loss": 0.5738236750912615}, "step": 148}
Step:148	{"loss": {"slot_est_loss": 0.4704271114562287}, "step": 148}
Step:148	{"loss": {"slot_margin_loss": 0.10339655727148056}, "step": 148}
Step:148	{"loss": {"total_loss": 1.0013132675852825}, "step": 148}
Step:149	{"loss": {"intent_loss": 0.7094223592073837}, "step": 149}
Step:149	{"loss": {"intent_est_loss": 0.708559870771205}, "step": 149}
Step:149	{"loss": {"intent_margin_loss": 0.0008624890469945967}, "step": 149}
Step:149	{"loss": {"slot_loss": 0.5270777799072672}, "step": 149}
Step:149	{"loss": {"slot_est_loss": 0.43170537906262285}, "step": 149}
Step:149	{"loss": {"slot_margin_loss": 0.09537243098020554}, "step": 149}
Step:149	{"loss": {"total_loss": 1.2365001391146508}, "step": 149}
Step:150	{"loss": {"intent_loss": 1.4766098126478029}, "step": 150}
Step:150	{"loss": {"intent_est_loss": 1.4757476058075538}, "step": 150}
Step:150	{"loss": {"intent_margin_loss": 0.0008621977176517248}, "step": 150}
Step:150	{"loss": {"slot_loss": 0.5802166993235007}, "step": 150}
Step:150	{"loss": {"slot_est_loss": 0.4805357252815159}, "step": 150}
Step:150	{"loss": {"slot_margin_loss": 0.09968094527721405}, "step": 150}
Step:150	{"loss": {"total_loss": 2.0568265119713036}, "step": 150}
Step:151	{"loss": {"intent_loss": 0.49442208257823944}, "step": 151}
Step:151	{"loss": {"intent_est_loss": 0.49355957510270004}, "step": 151}
Step:151	{"loss": {"intent_margin_loss": 0.0008625070913694799}, "step": 151}
Step:151	{"loss": {"slot_loss": 0.5844990695783059}, "step": 151}
Step:151	{"loss": {"slot_est_loss": 0.4847817715475683}, "step": 151}
Step:151	{"loss": {"slot_margin_loss": 0.09971733391284943}, "step": 151}
Step:151	{"loss": {"total_loss": 1.0789211521565454}, "step": 151}
Step:152	{"loss": {"intent_loss": 1.5838896900208053}, "step": 152}
Step:152	{"loss": {"intent_est_loss": 1.5830271358096073}, "step": 152}
Step:152	{"loss": {"intent_margin_loss": 0.0008625633781775832}, "step": 152}
Step:152	{"loss": {"slot_loss": 0.5506869997072497}, "step": 152}
Step:152	{"loss": {"slot_est_loss": 0.45865390029794045}, "step": 152}
Step:152	{"loss": {"slot_margin_loss": 0.0920330062508583}, "step": 152}
Step:152	{"loss": {"total_loss": 2.134576689728055}, "step": 152}
Step:153	{"loss": {"intent_loss": 1.8445671186498669}, "step": 153}
Step:153	{"loss": {"intent_est_loss": 1.8437049721200318}, "step": 153}
Step:153	{"loss": {"intent_margin_loss": 0.0008621516753919423}, "step": 153}
Step:153	{"loss": {"slot_loss": 0.6737428020642248}, "step": 153}
Step:153	{"loss": {"slot_est_loss": 0.567345079290681}, "step": 153}
Step:153	{"loss": {"slot_margin_loss": 0.10639773309230804}, "step": 153}
Step:153	{"loss": {"total_loss": 2.5183099207140915}, "step": 153}
Step:154	{"loss": {"intent_loss": 0.7501924461153966}, "step": 154}
Step:154	{"loss": {"intent_est_loss": 0.7493302061993748}, "step": 154}
Step:154	{"loss": {"intent_margin_loss": 0.00086224265396595}, "step": 154}
Step:154	{"loss": {"slot_loss": 0.5715662549540872}, "step": 154}
Step:154	{"loss": {"slot_est_loss": 0.47810766384936854}, "step": 154}
Step:154	{"loss": {"slot_margin_loss": 0.09345860034227371}, "step": 154}
Step:154	{"loss": {"total_loss": 1.3217587010694838}, "step": 154}
Step:155	{"loss": {"intent_loss": 0.969335118508752}, "step": 155}
Step:155	{"loss": {"intent_est_loss": 0.9684731248340537}, "step": 155}
Step:155	{"loss": {"intent_margin_loss": 0.0008619966683909297}, "step": 155}
Step:155	{"loss": {"slot_loss": 0.529516072079423}, "step": 155}
Step:155	{"loss": {"slot_est_loss": 0.4328018705600697}, "step": 155}
Step:155	{"loss": {"slot_margin_loss": 0.09671418368816376}, "step": 155}
Step:155	{"loss": {"total_loss": 1.498851190588175}, "step": 155}
Step:156	{"loss": {"intent_loss": 1.020615570922382}, "step": 156}
Step:156	{"loss": {"intent_est_loss": 1.0197529100580145}, "step": 156}
Step:156	{"loss": {"intent_margin_loss": 0.0008626622729934752}, "step": 156}
Step:156	{"loss": {"slot_loss": 0.5461744649321192}, "step": 156}
Step:156	{"loss": {"slot_est_loss": 0.4505092809311464}, "step": 156}
Step:156	{"loss": {"slot_margin_loss": 0.09566520899534225}, "step": 156}
Step:156	{"loss": {"total_loss": 1.5667900358545013}, "step": 156}
Step:157	{"loss": {"intent_loss": 0.6529020852405666}, "step": 157}
Step:157	{"loss": {"intent_est_loss": 0.652039722352857}, "step": 157}
Step:157	{"loss": {"intent_margin_loss": 0.0008623608155176044}, "step": 157}
Step:157	{"loss": {"slot_loss": 0.5700048313679873}, "step": 157}
Step:157	{"loss": {"slot_est_loss": 0.48058895381545863}, "step": 157}
Step:157	{"loss": {"slot_margin_loss": 0.08941588550806046}, "step": 157}
Step:157	{"loss": {"total_loss": 1.222906916608554}, "step": 157}
Step:158	{"loss": {"intent_loss": 0.789882527582813}, "step": 158}
Step:158	{"loss": {"intent_est_loss": 0.7890204485584041}, "step": 158}
Step:158	{"loss": {"intent_margin_loss": 0.0008620747248642147}, "step": 158}
Step:158	{"loss": {"slot_loss": 0.6287402766334704}, "step": 158}
Step:158	{"loss": {"slot_est_loss": 0.525309341796674}, "step": 158}
Step:158	{"loss": {"slot_margin_loss": 0.10343094170093536}, "step": 158}
Step:158	{"loss": {"total_loss": 1.4186228042162834}, "step": 158}
Step:159	{"loss": {"intent_loss": 2.042096552101068}, "step": 159}
Step:159	{"loss": {"intent_est_loss": 2.041234140523007}, "step": 159}
Step:159	{"loss": {"intent_margin_loss": 0.0008624240872450173}, "step": 159}
Step:159	{"loss": {"slot_loss": 0.5849735190269716}, "step": 159}
Step:159	{"loss": {"slot_est_loss": 0.49050475416952344}, "step": 159}
Step:159	{"loss": {"slot_margin_loss": 0.09446875005960464}, "step": 159}
Step:159	{"loss": {"total_loss": 2.6270700711280393}, "step": 159}
Step:160	{"loss": {"intent_loss": 1.2986316248010559}, "step": 160}
Step:160	{"loss": {"intent_est_loss": 1.2977688326584034}, "step": 160}
Step:160	{"loss": {"intent_margin_loss": 0.0008627888164483011}, "step": 160}
Step:160	{"loss": {"slot_loss": 0.5096341212221885}, "step": 160}
Step:160	{"loss": {"slot_est_loss": 0.4143850511580246}, "step": 160}
Step:160	{"loss": {"slot_margin_loss": 0.0952489897608757}, "step": 160}
Step:160	{"loss": {"total_loss": 1.8082657460232445}, "step": 160}
Step:161	{"loss": {"intent_loss": 0.9384439810815836}, "step": 161}
Step:161	{"loss": {"intent_est_loss": 0.9375817211963294}, "step": 161}
Step:161	{"loss": {"intent_margin_loss": 0.0008622655877843499}, "step": 161}
Step:161	{"loss": {"slot_loss": 0.5249743277250672}, "step": 161}
Step:161	{"loss": {"slot_est_loss": 0.43108314298005984}, "step": 161}
Step:161	{"loss": {"slot_margin_loss": 0.09389111399650574}, "step": 161}
Step:161	{"loss": {"total_loss": 1.4634183088066508}, "step": 161}
Step:162	{"loss": {"intent_loss": 0.9245779116896312}, "step": 162}
Step:162	{"loss": {"intent_est_loss": 0.9237155486775015}, "step": 162}
Step:162	{"loss": {"intent_margin_loss": 0.0008623676258139312}, "step": 162}
Step:162	{"loss": {"slot_loss": 0.49730959830631}, "step": 162}
Step:162	{"loss": {"slot_est_loss": 0.409955541213276}, "step": 162}
Step:162	{"loss": {"slot_margin_loss": 0.08735410869121552}, "step": 162}
Step:162	{"loss": {"total_loss": 1.4218875099959412}, "step": 162}
Step:163	{"loss": {"intent_loss": 1.2128093780665945}, "step": 163}
Step:163	{"loss": {"intent_est_loss": 1.2119470170189748}, "step": 163}
Step:163	{"loss": {"intent_margin_loss": 0.0008623608737252653}, "step": 163}
Step:163	{"loss": {"slot_loss": 0.582328195696755}, "step": 163}
Step:163	{"loss": {"slot_est_loss": 0.48360523982264614}, "step": 163}
Step:163	{"loss": {"slot_margin_loss": 0.09872297197580338}, "step": 163}
Step:163	{"loss": {"total_loss": 1.7951375737633495}, "step": 163}
Step:164	{"loss": {"intent_loss": 1.2559651492869297}, "step": 164}
Step:164	{"loss": {"intent_est_loss": 1.255102742099552}, "step": 164}
Step:164	{"loss": {"intent_margin_loss": 0.0008624083711765707}, "step": 164}
Step:164	{"loss": {"slot_loss": 0.7623226258016079}, "step": 164}
Step:164	{"loss": {"slot_est_loss": 0.6400481439108273}, "step": 164}
Step:164	{"loss": {"slot_margin_loss": 0.1222744733095169}, "step": 164}
Step:164	{"loss": {"total_loss": 2.0182877750885377}, "step": 164}
Step:165	{"loss": {"intent_loss": 0.9544535523484229}, "step": 165}
Step:165	{"loss": {"intent_est_loss": 0.9535910950791726}, "step": 165}
Step:165	{"loss": {"intent_margin_loss": 0.0008624481852166355}, "step": 165}
Step:165	{"loss": {"slot_loss": 0.589331025340653}, "step": 165}
Step:165	{"loss": {"slot_est_loss": 0.49249536135466704}, "step": 165}
Step:165	{"loss": {"slot_margin_loss": 0.0968356728553772}, "step": 165}
Step:165	{"loss": {"total_loss": 1.5437845776890757}, "step": 165}
Step:166	{"loss": {"intent_loss": 1.3949105895080711}, "step": 166}
Step:166	{"loss": {"intent_est_loss": 1.3940483308899254}, "step": 166}
Step:166	{"loss": {"intent_margin_loss": 0.0008622530731372535}, "step": 166}
Step:166	{"loss": {"slot_loss": 0.5532460436021217}, "step": 166}
Step:166	{"loss": {"slot_est_loss": 0.4639579595997932}, "step": 166}
Step:166	{"loss": {"slot_margin_loss": 0.08928807824850082}, "step": 166}
Step:166	{"loss": {"total_loss": 1.9481566331101927}, "step": 166}
Step:167	{"loss": {"intent_loss": 1.6797898882352464}, "step": 167}
Step:167	{"loss": {"intent_est_loss": 1.67892796756496}, "step": 167}
Step:167	{"loss": {"intent_margin_loss": 0.0008619317668490112}, "step": 167}
Step:167	{"loss": {"slot_loss": 0.5086622304414046}, "step": 167}
Step:167	{"loss": {"slot_est_loss": 0.4212524179631141}, "step": 167}
Step:167	{"loss": {"slot_margin_loss": 0.08740979433059692}, "step": 167}
Step:167	{"loss": {"total_loss": 2.188452118676651}, "step": 167}
Step:168	{"loss": {"intent_loss": 0.7789230331647552}, "step": 168}
Step:168	{"loss": {"intent_est_loss": 0.7780603148254156}, "step": 168}
Step:168	{"loss": {"intent_margin_loss": 0.0008627239731140435}, "step": 168}
Step:168	{"loss": {"slot_loss": 0.5125228808217794}, "step": 168}
Step:168	{"loss": {"slot_est_loss": 0.42179226502630646}, "step": 168}
Step:168	{"loss": {"slot_margin_loss": 0.09073062241077423}, "step": 168}
Step:168	{"loss": {"total_loss": 1.2914459139865346}, "step": 168}
Step:169	{"loss": {"intent_loss": 1.9037765781318736}, "step": 169}
Step:169	{"loss": {"intent_est_loss": 1.9029140137969103}, "step": 169}
Step:169	{"loss": {"intent_margin_loss": 0.0008625640184618533}, "step": 169}
Step:169	{"loss": {"slot_loss": 0.6534148711565648}, "step": 169}
Step:169	{"loss": {"slot_est_loss": 0.5457625593640832}, "step": 169}
Step:169	{"loss": {"slot_margin_loss": 0.10765232890844345}, "step": 169}
Step:169	{"loss": {"total_loss": 2.5571914492884384}, "step": 169}
Step:170	{"loss": {"intent_loss": 0.7955168561682519}, "step": 170}
Step:170	{"loss": {"intent_est_loss": 0.794654941889165}, "step": 170}
Step:170	{"loss": {"intent_margin_loss": 0.0008619128493592143}, "step": 170}
Step:170	{"loss": {"slot_loss": 0.6129824600560824}, "step": 170}
Step:170	{"loss": {"slot_est_loss": 0.513237455849594}, "step": 170}
Step:170	{"loss": {"slot_margin_loss": 0.09974496066570282}, "step": 170}
Step:170	{"loss": {"total_loss": 1.4084993162243342}, "step": 170}
Step:171	{"loss": {"intent_loss": 0.485649630302578}, "step": 171}
Step:171	{"loss": {"intent_est_loss": 0.48478741139697396}, "step": 171}
Step:171	{"loss": {"intent_margin_loss": 0.0008622212917543948}, "step": 171}
Step:171	{"loss": {"slot_loss": 0.5072694286631307}, "step": 171}
Step:171	{"loss": {"slot_est_loss": 0.41749731285090036}, "step": 171}
Step:171	{"loss": {"slot_margin_loss": 0.089772067964077}, "step": 171}
Step:171	{"loss": {"total_loss": 0.9929190589657088}, "step": 171}
Step:172	{"loss": {"intent_loss": 0.7320525877807095}, "step": 172}
Step:172	{"loss": {"intent_est_loss": 0.7311903453861304}, "step": 172}
Step:172	{"loss": {"intent_margin_loss": 0.0008622484165243804}, "step": 172}
Step:172	{"loss": {"slot_loss": 0.5414519064986965}, "step": 172}
Step:172	{"loss": {"slot_est_loss": 0.45246792813995873}, "step": 172}
Step:172	{"loss": {"slot_margin_loss": 0.08898390829563141}, "step": 172}
Step:172	{"loss": {"total_loss": 1.2735044942794058}, "step": 172}
Step:173	{"loss": {"intent_loss": 0.5183440860928391}, "step": 173}
Step:173	{"loss": {"intent_est_loss": 0.517481632474301}, "step": 173}
Step:173	{"loss": {"intent_margin_loss": 0.0008624502806924284}, "step": 173}
Step:173	{"loss": {"slot_loss": 0.5577517703539342}, "step": 173}
Step:173	{"loss": {"slot_est_loss": 0.46094878650619614}, "step": 173}
Step:173	{"loss": {"slot_margin_loss": 0.09680299460887909}, "step": 173}
Step:173	{"loss": {"total_loss": 1.0760958564467733}, "step": 173}
Step:174	{"loss": {"intent_loss": 0.22137164123942063}, "step": 174}
Step:174	{"loss": {"intent_est_loss": 0.2205093683523953}, "step": 174}
Step:174	{"loss": {"intent_margin_loss": 0.0008622733294032514}, "step": 174}
Step:174	{"loss": {"slot_loss": 0.48822728736340665}, "step": 174}
Step:174	{"loss": {"slot_est_loss": 0.4011069789135941}, "step": 174}
Step:174	{"loss": {"slot_margin_loss": 0.08712027966976166}, "step": 174}
Step:174	{"loss": {"total_loss": 0.7095989286028273}, "step": 174}
Step:175	{"loss": {"intent_loss": 3.265036133112516}, "step": 175}
Step:175	{"loss": {"intent_est_loss": 3.264173658748765}, "step": 175}
Step:175	{"loss": {"intent_margin_loss": 0.0008624769980087876}, "step": 175}
Step:175	{"loss": {"slot_loss": 0.6632718980312351}, "step": 175}
Step:175	{"loss": {"slot_est_loss": 0.5538745149809992}, "step": 175}
Step:175	{"loss": {"slot_margin_loss": 0.10939737409353256}, "step": 175}
Step:175	{"loss": {"total_loss": 3.928308031143751}, "step": 175}
Step:176	{"loss": {"intent_loss": 0.46792602222340013}, "step": 176}
Step:176	{"loss": {"intent_est_loss": 0.46706370912288564}, "step": 176}
Step:176	{"loss": {"intent_margin_loss": 0.0008623116300441325}, "step": 176}
Step:176	{"loss": {"slot_loss": 0.5618398041784533}, "step": 176}
Step:176	{"loss": {"slot_est_loss": 0.46673279368551496}, "step": 176}
Step:176	{"loss": {"slot_margin_loss": 0.09510702639818192}, "step": 176}
Step:176	{"loss": {"total_loss": 1.0297658264018534}, "step": 176}
Step:177	{"loss": {"intent_loss": 0.6565179146095041}, "step": 177}
Step:177	{"loss": {"intent_est_loss": 0.655655655189185}, "step": 177}
Step:177	{"loss": {"intent_margin_loss": 0.0008622637833468616}, "step": 177}
Step:177	{"loss": {"slot_loss": 0.49267013203498183}, "step": 177}
Step:177	{"loss": {"slot_est_loss": 0.4044031164157788}, "step": 177}
Step:177	{"loss": {"slot_margin_loss": 0.088267020881176}, "step": 177}
Step:177	{"loss": {"total_loss": 1.149188046644486}, "step": 177}
Step:178	{"loss": {"intent_loss": 0.433905883511034}, "step": 178}
Step:178	{"loss": {"intent_est_loss": 0.4330435083811604}, "step": 178}
Step:178	{"loss": {"intent_margin_loss": 0.0008623767062090337}, "step": 178}
Step:178	{"loss": {"slot_loss": 0.43908573263470296}, "step": 178}
Step:178	{"loss": {"slot_est_loss": 0.3555907474801639}, "step": 178}
Step:178	{"loss": {"slot_margin_loss": 0.08349502086639404}, "step": 178}
Step:178	{"loss": {"total_loss": 0.872991616145737}, "step": 178}
Step:179	{"loss": {"intent_loss": 1.5497706876183652}, "step": 179}
Step:179	{"loss": {"intent_est_loss": 1.548908049047893}, "step": 179}
Step:179	{"loss": {"intent_margin_loss": 0.0008626433555036783}, "step": 179}
Step:179	{"loss": {"slot_loss": 0.6333036125099177}, "step": 179}
Step:179	{"loss": {"slot_est_loss": 0.5313381484913409}, "step": 179}
Step:179	{"loss": {"slot_margin_loss": 0.10196544975042343}, "step": 179}
Step:179	{"loss": {"total_loss": 2.183074300128283}, "step": 179}
Step:180	{"loss": {"intent_loss": 1.6157365774015486}, "step": 180}
Step:180	{"loss": {"intent_est_loss": 1.6148746494756785}, "step": 180}
Step:180	{"loss": {"intent_margin_loss": 0.000861933222040534}, "step": 180}
Step:180	{"loss": {"slot_loss": 0.5861774665085252}, "step": 180}
Step:180	{"loss": {"slot_est_loss": 0.48520908385180517}, "step": 180}
Step:180	{"loss": {"slot_margin_loss": 0.10096840560436249}, "step": 180}
Step:180	{"loss": {"total_loss": 2.2019140439100737}, "step": 180}
Step:181	{"loss": {"intent_loss": 1.3129861097797406}, "step": 181}
Step:181	{"loss": {"intent_est_loss": 1.3121237662031486}, "step": 181}
Step:181	{"loss": {"intent_margin_loss": 0.0008623295580036938}, "step": 181}
Step:181	{"loss": {"slot_loss": 0.6305546535964826}, "step": 181}
Step:181	{"loss": {"slot_est_loss": 0.5222463344369315}, "step": 181}
Step:181	{"loss": {"slot_margin_loss": 0.1083083227276802}, "step": 181}
Step:181	{"loss": {"total_loss": 1.9435407633762232}, "step": 181}
Step:182	{"loss": {"intent_loss": 1.0413355406832132}, "step": 182}
Step:182	{"loss": {"intent_est_loss": 1.0404734202878891}, "step": 182}
Step:182	{"loss": {"intent_margin_loss": 0.000862120243255049}, "step": 182}
Step:182	{"loss": {"slot_loss": 0.6291973220431826}, "step": 182}
Step:182	{"loss": {"slot_est_loss": 0.5318562565167675}, "step": 182}
Step:182	{"loss": {"slot_margin_loss": 0.09734105318784714}, "step": 182}
Step:182	{"loss": {"total_loss": 1.6705328627263958}, "step": 182}
Step:183	{"loss": {"intent_loss": 1.4250306884416215}, "step": 183}
Step:183	{"loss": {"intent_est_loss": 1.4241683118219977}, "step": 183}
Step:183	{"loss": {"intent_margin_loss": 0.0008623747853562236}, "step": 183}
Step:183	{"loss": {"slot_loss": 0.60587486360746}, "step": 183}
Step:183	{"loss": {"slot_est_loss": 0.5008049690390179}, "step": 183}
Step:183	{"loss": {"slot_margin_loss": 0.10506995022296906}, "step": 183}
Step:183	{"loss": {"total_loss": 2.0309055520490817}, "step": 183}
Step:184	{"loss": {"intent_loss": 1.3474906199022376}, "step": 184}
Step:184	{"loss": {"intent_est_loss": 1.3466278646104912}, "step": 184}
Step:184	{"loss": {"intent_margin_loss": 0.000862759945448488}, "step": 184}
Step:184	{"loss": {"slot_loss": 0.5226466737833109}, "step": 184}
Step:184	{"loss": {"slot_est_loss": 0.4313493793393716}, "step": 184}
Step:184	{"loss": {"slot_margin_loss": 0.09129728376865387}, "step": 184}
Step:184	{"loss": {"total_loss": 1.8701372936855485}, "step": 184}
Step:185	{"loss": {"intent_loss": 0.41969115796673556}, "step": 185}
Step:185	{"loss": {"intent_est_loss": 0.4188286786196842}, "step": 185}
Step:185	{"loss": {"intent_margin_loss": 0.0008624811889603734}, "step": 185}
Step:185	{"loss": {"slot_loss": 0.4540358614416618}, "step": 185}
Step:185	{"loss": {"slot_est_loss": 0.37205005508803873}, "step": 185}
Step:185	{"loss": {"slot_margin_loss": 0.08198585361242294}, "step": 185}
Step:185	{"loss": {"total_loss": 0.8737270194083974}, "step": 185}
Step:186	{"loss": {"intent_loss": 1.4924976182817762}, "step": 186}
Step:186	{"loss": {"intent_est_loss": 1.4916351377494717}, "step": 186}
Step:186	{"loss": {"intent_margin_loss": 0.0008624863112345338}, "step": 186}
Step:186	{"loss": {"slot_loss": 0.5734061459166694}, "step": 186}
Step:186	{"loss": {"slot_est_loss": 0.47917595115432043}, "step": 186}
Step:186	{"loss": {"slot_margin_loss": 0.09423018991947174}, "step": 186}
Step:186	{"loss": {"total_loss": 2.0659037641984455}, "step": 186}
Step:187	{"loss": {"intent_loss": 1.4327696330627073}, "step": 187}
Step:187	{"loss": {"intent_est_loss": 1.4319073176178756}, "step": 187}
Step:187	{"loss": {"intent_margin_loss": 0.0008623148896731436}, "step": 187}
Step:187	{"loss": {"slot_loss": 0.6317462354083543}, "step": 187}
Step:187	{"loss": {"slot_est_loss": 0.522360351370298}, "step": 187}
Step:187	{"loss": {"slot_margin_loss": 0.1093859151005745}, "step": 187}
Step:187	{"loss": {"total_loss": 2.0645158684710614}, "step": 187}
Step:188	{"loss": {"intent_loss": 1.0501266209823363}, "step": 188}
Step:188	{"loss": {"intent_est_loss": 1.0492643776677142}, "step": 188}
Step:188	{"loss": {"intent_margin_loss": 0.0008622473105788231}, "step": 188}
Step:188	{"loss": {"slot_loss": 0.4783809054351877}, "step": 188}
Step:188	{"loss": {"slot_est_loss": 0.3903534570563352}, "step": 188}
Step:188	{"loss": {"slot_margin_loss": 0.0880274847149849}, "step": 188}
Step:188	{"loss": {"total_loss": 1.528507526417524}, "step": 188}
Step:189	{"loss": {"intent_loss": 0.94003381838229}, "step": 189}
Step:189	{"loss": {"intent_est_loss": 0.939171573757995}, "step": 189}
Step:189	{"loss": {"intent_margin_loss": 0.0008622452733106911}, "step": 189}
Step:189	{"loss": {"slot_loss": 0.503468054294353}, "step": 189}
Step:189	{"loss": {"slot_est_loss": 0.417251441758708}, "step": 189}
Step:189	{"loss": {"slot_margin_loss": 0.08621665090322495}, "step": 189}
Step:189	{"loss": {"total_loss": 1.443501872676643}, "step": 189}
Step:190	{"loss": {"intent_loss": 0.9828598143780255}, "step": 190}
Step:190	{"loss": {"intent_est_loss": 0.9819973364225019}, "step": 190}
Step:190	{"loss": {"intent_margin_loss": 0.0008624812471680343}, "step": 190}
Step:190	{"loss": {"slot_loss": 0.6533965661525144}, "step": 190}
Step:190	{"loss": {"slot_est_loss": 0.5562644637109768}, "step": 190}
Step:190	{"loss": {"slot_margin_loss": 0.0971321240067482}, "step": 190}
Step:190	{"loss": {"total_loss": 1.63625638053054}, "step": 190}
Step:191	{"loss": {"intent_loss": 0.7453076743353442}, "step": 191}
Step:191	{"loss": {"intent_est_loss": 0.7444454638443857}, "step": 191}
Step:191	{"loss": {"intent_margin_loss": 0.000862210406921804}, "step": 191}
Step:191	{"loss": {"slot_loss": 0.5264268022569012}, "step": 191}
Step:191	{"loss": {"slot_est_loss": 0.427303800836671}, "step": 191}
Step:191	{"loss": {"slot_margin_loss": 0.09912305325269699}, "step": 191}
Step:191	{"loss": {"total_loss": 1.2717344765922454}, "step": 191}
Step:192	{"loss": {"intent_loss": 0.536935965219345}, "step": 192}
Step:192	{"loss": {"intent_est_loss": 0.5360737731849434}, "step": 192}
Step:192	{"loss": {"intent_margin_loss": 0.0008621914312243462}, "step": 192}
Step:192	{"loss": {"slot_loss": 0.4674478297674798}, "step": 192}
Step:192	{"loss": {"slot_est_loss": 0.39262656649661964}, "step": 192}
Step:192	{"loss": {"slot_margin_loss": 0.07482130080461502}, "step": 192}
Step:192	{"loss": {"total_loss": 1.0043837949868246}, "step": 192}
Step:193	{"loss": {"intent_loss": 3.140760443162436}, "step": 193}
Step:193	{"loss": {"intent_est_loss": 3.139897868664412}, "step": 193}
Step:193	{"loss": {"intent_margin_loss": 0.0008625633781775832}, "step": 193}
Step:193	{"loss": {"slot_loss": 0.6109785499153071}, "step": 193}
Step:193	{"loss": {"slot_est_loss": 0.5099944241213965}, "step": 193}
Step:193	{"loss": {"slot_margin_loss": 0.1009841114282608}, "step": 193}
Step:193	{"loss": {"total_loss": 3.751738993077743}, "step": 193}
Step:194	{"loss": {"intent_loss": 0.3610475671132004}, "step": 194}
Step:194	{"loss": {"intent_est_loss": 0.3601855270171649}, "step": 194}
Step:194	{"loss": {"intent_margin_loss": 0.0008620407897979021}, "step": 194}
Step:194	{"loss": {"slot_loss": 0.5988844041828996}, "step": 194}
Step:194	{"loss": {"slot_est_loss": 0.4942741593200479}, "step": 194}
Step:194	{"loss": {"slot_margin_loss": 0.10461030155420303}, "step": 194}
Step:194	{"loss": {"total_loss": 0.9599319712961}, "step": 194}
Step:195	{"loss": {"intent_loss": 0.5514768022403587}, "step": 195}
Step:195	{"loss": {"intent_est_loss": 0.550614557819063}, "step": 195}
Step:195	{"loss": {"intent_margin_loss": 0.0008622409077361226}, "step": 195}
Step:195	{"loss": {"slot_loss": 0.5320305321423804}, "step": 195}
Step:195	{"loss": {"slot_est_loss": 0.4397712971433069}, "step": 195}
Step:195	{"loss": {"slot_margin_loss": 0.0922592505812645}, "step": 195}
Step:195	{"loss": {"total_loss": 1.083507334382739}, "step": 195}
Step:196	{"loss": {"intent_loss": 1.8637945272872443}, "step": 196}
Step:196	{"loss": {"intent_est_loss": 1.8629319342508104}, "step": 196}
Step:196	{"loss": {"intent_margin_loss": 0.0008625953923910856}, "step": 196}
Step:196	{"loss": {"slot_loss": 0.6291144142262048}, "step": 196}
Step:196	{"loss": {"slot_est_loss": 0.5258275114902065}, "step": 196}
Step:196	{"loss": {"slot_margin_loss": 0.10328690707683563}, "step": 196}
Step:196	{"loss": {"total_loss": 2.4929089415134493}, "step": 196}
Step:197	{"loss": {"intent_loss": 0.6446221880625674}, "step": 197}
Step:197	{"loss": {"intent_est_loss": 0.6437599779939769}, "step": 197}
Step:197	{"loss": {"intent_margin_loss": 0.0008622106397524476}, "step": 197}
Step:197	{"loss": {"slot_loss": 0.5335378643358132}, "step": 197}
Step:197	{"loss": {"slot_est_loss": 0.4362992904818379}, "step": 197}
Step:197	{"loss": {"slot_margin_loss": 0.09723860770463943}, "step": 197}
Step:197	{"loss": {"total_loss": 1.1781600523983806}, "step": 197}
Step:198	{"loss": {"intent_loss": 0.5922659011546786}, "step": 198}
Step:198	{"loss": {"intent_est_loss": 0.591403560999606}, "step": 198}
Step:198	{"loss": {"intent_margin_loss": 0.000862341548781842}, "step": 198}
Step:198	{"loss": {"slot_loss": 0.5565563036216192}, "step": 198}
Step:198	{"loss": {"slot_est_loss": 0.46561819968337675}, "step": 198}
Step:198	{"loss": {"slot_margin_loss": 0.09093808382749557}, "step": 198}
Step:198	{"loss": {"total_loss": 1.1488222047762977}, "step": 198}
Step:199	{"loss": {"intent_loss": 0.6790154318714487}, "step": 199}
Step:199	{"loss": {"intent_est_loss": 0.678153253405253}, "step": 199}
Step:199	{"loss": {"intent_margin_loss": 0.0008621768793091178}, "step": 199}
Step:199	{"loss": {"slot_loss": 0.488888079955359}, "step": 199}
Step:199	{"loss": {"slot_est_loss": 0.4031415145524081}, "step": 199}
Step:199	{"loss": {"slot_margin_loss": 0.08574660867452621}, "step": 199}
Step:199	{"loss": {"total_loss": 1.1679035118268077}, "step": 199}
