Step:0	{"loss": {"intent_loss": 454.5187525704501}, "step": 0}
Step:0	{"loss": {"intent_est_loss": 454.5162593146788}, "step": 0}
Step:0	{"loss": {"intent_margin_loss": 0.00249312911182642}, "step": 0}
Step:0	{"loss": {"slot_loss": 394.14994077384335}, "step": 0}
Step:0	{"loss": {"slot_est_loss": 386.00331949293593}, "step": 0}
Step:0	{"loss": {"slot_margin_loss": 8.146623611450195}, "step": 0}
Step:0	{"loss": {"total_loss": 848.6686933442934}, "step": 0}
Step:1	{"loss": {"intent_loss": 97.89371838150556}, "step": 1}
Step:1	{"loss": {"intent_est_loss": 97.89122222308092}, "step": 1}
Step:1	{"loss": {"intent_margin_loss": 0.0024960986338555813}, "step": 1}
Step:1	{"loss": {"slot_loss": 167.86141857504805}, "step": 1}
Step:1	{"loss": {"slot_est_loss": 161.58614862859275}, "step": 1}
Step:1	{"loss": {"slot_margin_loss": 6.275269985198975}, "step": 1}
Step:1	{"loss": {"total_loss": 265.7551369565536}, "step": 1}
Step:2	{"loss": {"intent_loss": 55.605650758277726}, "step": 2}
Step:2	{"loss": {"intent_est_loss": 55.60315433529921}, "step": 2}
Step:2	{"loss": {"intent_margin_loss": 0.002496346365660429}, "step": 2}
Step:2	{"loss": {"slot_loss": 118.45029081106199}, "step": 2}
Step:2	{"loss": {"slot_est_loss": 113.19272875934851}, "step": 2}
Step:2	{"loss": {"slot_margin_loss": 5.257558822631836}, "step": 2}
Step:2	{"loss": {"total_loss": 174.05594156933972}, "step": 2}
Step:3	{"loss": {"intent_loss": 36.87546270402392}, "step": 3}
Step:3	{"loss": {"intent_est_loss": 36.872966942848876}, "step": 3}
Step:3	{"loss": {"intent_margin_loss": 0.0024956779088824987}, "step": 3}
Step:3	{"loss": {"slot_loss": 89.69502782002077}, "step": 3}
Step:3	{"loss": {"slot_est_loss": 84.98577194809918}, "step": 3}
Step:3	{"loss": {"slot_margin_loss": 4.709254264831543}, "step": 3}
Step:3	{"loss": {"total_loss": 126.57049052404469}, "step": 3}
Step:4	{"loss": {"intent_loss": 28.335739566569117}, "step": 4}
Step:4	{"loss": {"intent_est_loss": 28.333242531763926}, "step": 4}
Step:4	{"loss": {"intent_margin_loss": 0.0024969407822936773}, "step": 4}
Step:4	{"loss": {"slot_loss": 68.82232452556495}, "step": 4}
Step:4	{"loss": {"slot_est_loss": 64.56701336130503}, "step": 4}
Step:4	{"loss": {"slot_margin_loss": 4.255310535430908}, "step": 4}
Step:4	{"loss": {"total_loss": 97.15806409213407}, "step": 4}
Step:5	{"loss": {"intent_loss": 15.745088556178974}, "step": 5}
Step:5	{"loss": {"intent_est_loss": 15.742591640475442}, "step": 5}
Step:5	{"loss": {"intent_margin_loss": 0.002496895845979452}, "step": 5}
Step:5	{"loss": {"slot_loss": 53.401464191824246}, "step": 5}
Step:5	{"loss": {"slot_est_loss": 49.678961504995925}, "step": 5}
Step:5	{"loss": {"slot_margin_loss": 3.722501039505005}, "step": 5}
Step:5	{"loss": {"total_loss": 69.14655274800322}, "step": 5}
Step:6	{"loss": {"intent_loss": 16.940604236131183}, "step": 6}
Step:6	{"loss": {"intent_est_loss": 16.938107959678785}, "step": 6}
Step:6	{"loss": {"intent_margin_loss": 0.0024962422903627157}, "step": 6}
Step:6	{"loss": {"slot_loss": 44.08523773066697}, "step": 6}
Step:6	{"loss": {"slot_est_loss": 40.72179691698396}, "step": 6}
Step:6	{"loss": {"slot_margin_loss": 3.363440752029419}, "step": 6}
Step:6	{"loss": {"total_loss": 61.025841966798154}, "step": 6}
Step:7	{"loss": {"intent_loss": 10.932541348386485}, "step": 7}
Step:7	{"loss": {"intent_est_loss": 10.930044229709894}, "step": 7}
Step:7	{"loss": {"intent_margin_loss": 0.002497120527550578}, "step": 7}
Step:7	{"loss": {"slot_loss": 36.126630416512484}, "step": 7}
Step:7	{"loss": {"slot_est_loss": 33.20380045156927}, "step": 7}
Step:7	{"loss": {"slot_margin_loss": 2.9228289127349854}, "step": 7}
Step:7	{"loss": {"total_loss": 47.05917176489897}, "step": 7}
Step:8	{"loss": {"intent_loss": 11.441025604201394}, "step": 8}
Step:8	{"loss": {"intent_est_loss": 11.438528167785268}, "step": 8}
Step:8	{"loss": {"intent_margin_loss": 0.0024974187836050987}, "step": 8}
Step:8	{"loss": {"slot_loss": 31.026101074554017}, "step": 8}
Step:8	{"loss": {"slot_est_loss": 28.363494542427347}, "step": 8}
Step:8	{"loss": {"slot_margin_loss": 2.6626060009002686}, "step": 8}
Step:8	{"loss": {"total_loss": 42.46712667875541}, "step": 8}
Step:9	{"loss": {"intent_loss": 12.358176778208868}, "step": 9}
Step:9	{"loss": {"intent_est_loss": 12.355679547581545}, "step": 9}
Step:9	{"loss": {"intent_margin_loss": 0.0024972378741949797}, "step": 9}
Step:9	{"loss": {"slot_loss": 28.080343624949432}, "step": 9}
Step:9	{"loss": {"slot_est_loss": 25.60424223635346}, "step": 9}
Step:9	{"loss": {"slot_margin_loss": 2.476099729537964}, "step": 9}
Step:9	{"loss": {"total_loss": 40.4385204031583}, "step": 9}
Step:10	{"loss": {"intent_loss": 9.810695743626283}, "step": 10}
Step:10	{"loss": {"intent_est_loss": 9.808198278777137}, "step": 10}
Step:10	{"loss": {"intent_margin_loss": 0.0024974611587822437}, "step": 10}
Step:10	{"loss": {"slot_loss": 24.757574183680113}, "step": 10}
Step:10	{"loss": {"slot_est_loss": 22.493093322962537}, "step": 10}
Step:10	{"loss": {"slot_margin_loss": 2.2644810676574707}, "step": 10}
Step:10	{"loss": {"total_loss": 34.568269927306396}, "step": 10}
Step:11	{"loss": {"intent_loss": 7.572382977692175}, "step": 11}
Step:11	{"loss": {"intent_est_loss": 7.569886347680597}, "step": 11}
Step:11	{"loss": {"intent_margin_loss": 0.0024966453202068806}, "step": 11}
Step:11	{"loss": {"slot_loss": 22.323971052747215}, "step": 11}
Step:11	{"loss": {"slot_est_loss": 20.203131733182882}, "step": 11}
Step:11	{"loss": {"slot_margin_loss": 2.1208393573760986}, "step": 11}
Step:11	{"loss": {"total_loss": 29.89635403043939}, "step": 11}
Step:12	{"loss": {"intent_loss": 9.0238143608876}, "step": 12}
Step:12	{"loss": {"intent_est_loss": 9.021317852767252}, "step": 12}
Step:12	{"loss": {"intent_margin_loss": 0.0024965351913124323}, "step": 12}
Step:12	{"loss": {"slot_loss": 20.626533250557284}, "step": 12}
Step:12	{"loss": {"slot_est_loss": 18.661191712040445}, "step": 12}
Step:12	{"loss": {"slot_margin_loss": 1.9653396606445312}, "step": 12}
Step:12	{"loss": {"total_loss": 29.650347611444886}, "step": 12}
Step:13	{"loss": {"intent_loss": 7.410435746637804}, "step": 13}
Step:13	{"loss": {"intent_est_loss": 7.4079381255447405}, "step": 13}
Step:13	{"loss": {"intent_margin_loss": 0.002497611101716757}, "step": 13}
Step:13	{"loss": {"slot_loss": 19.01961976019665}, "step": 13}
Step:13	{"loss": {"slot_est_loss": 17.13286224389451}, "step": 13}
Step:13	{"loss": {"slot_margin_loss": 1.8867603540420532}, "step": 13}
Step:13	{"loss": {"total_loss": 26.430055506834456}, "step": 13}
Step:14	{"loss": {"intent_loss": 6.557192999334064}, "step": 14}
Step:14	{"loss": {"intent_est_loss": 6.554696110727676}, "step": 14}
Step:14	{"loss": {"intent_margin_loss": 0.0024969144724309444}, "step": 14}
Step:14	{"loss": {"slot_loss": 17.708446871908414}, "step": 14}
Step:14	{"loss": {"slot_est_loss": 15.930515143694384}, "step": 14}
Step:14	{"loss": {"slot_margin_loss": 1.7779312133789062}, "step": 14}
Step:14	{"loss": {"total_loss": 24.265639871242477}, "step": 14}
Step:15	{"loss": {"intent_loss": 4.616481763904446}, "step": 15}
Step:15	{"loss": {"intent_est_loss": 4.613984548560987}, "step": 15}
Step:15	{"loss": {"intent_margin_loss": 0.0024971861857920885}, "step": 15}
Step:15	{"loss": {"slot_loss": 16.31718268124381}, "step": 15}
Step:15	{"loss": {"slot_est_loss": 14.587997962231723}, "step": 15}
Step:15	{"loss": {"slot_margin_loss": 1.7291843891143799}, "step": 15}
Step:15	{"loss": {"total_loss": 20.933664445148256}, "step": 15}
Step:16	{"loss": {"intent_loss": 6.739378717025084}, "step": 16}
Step:16	{"loss": {"intent_est_loss": 6.736880662168568}, "step": 16}
Step:16	{"loss": {"intent_margin_loss": 0.0024980660527944565}, "step": 16}
Step:16	{"loss": {"slot_loss": 15.590407820744419}, "step": 16}
Step:16	{"loss": {"slot_est_loss": 13.967169410549122}, "step": 16}
Step:16	{"loss": {"slot_margin_loss": 1.62324059009552}, "step": 16}
Step:16	{"loss": {"total_loss": 22.329786537769504}, "step": 16}
Step:17	{"loss": {"intent_loss": 5.836249433214114}, "step": 17}
Step:17	{"loss": {"intent_est_loss": 5.833751826619111}, "step": 17}
Step:17	{"loss": {"intent_margin_loss": 0.002497598296031356}, "step": 17}
Step:17	{"loss": {"slot_loss": 14.713270391849804}, "step": 17}
Step:17	{"loss": {"slot_est_loss": 13.139193956251288}, "step": 17}
Step:17	{"loss": {"slot_margin_loss": 1.5740755796432495}, "step": 17}
Step:17	{"loss": {"total_loss": 20.549519825063918}, "step": 17}
Step:18	{"loss": {"intent_loss": 5.523134261304226}, "step": 18}
Step:18	{"loss": {"intent_est_loss": 5.5206370205530995}, "step": 18}
Step:18	{"loss": {"intent_margin_loss": 0.002497258363291621}, "step": 18}
Step:18	{"loss": {"slot_loss": 13.768078607157845}, "step": 18}
Step:18	{"loss": {"slot_est_loss": 12.274671200267036}, "step": 18}
Step:18	{"loss": {"slot_margin_loss": 1.4934067726135254}, "step": 18}
Step:18	{"loss": {"total_loss": 19.291212868462072}, "step": 18}
Step:19	{"loss": {"intent_loss": 6.5505544333908}, "step": 19}
Step:19	{"loss": {"intent_est_loss": 6.548057329480785}, "step": 19}
Step:19	{"loss": {"intent_margin_loss": 0.002497152891010046}, "step": 19}
Step:19	{"loss": {"slot_loss": 13.516401624470024}, "step": 19}
Step:19	{"loss": {"slot_est_loss": 12.05472421459851}, "step": 19}
Step:19	{"loss": {"slot_margin_loss": 1.4616788625717163}, "step": 19}
Step:19	{"loss": {"total_loss": 20.066956057860825}, "step": 19}
Step:20	{"loss": {"intent_loss": 6.311500114193786}, "step": 20}
Step:20	{"loss": {"intent_est_loss": 6.309002692026827}, "step": 20}
Step:20	{"loss": {"intent_margin_loss": 0.002497415291145444}, "step": 20}
Step:20	{"loss": {"slot_loss": 13.090481476508979}, "step": 20}
Step:20	{"loss": {"slot_est_loss": 11.65063217156567}, "step": 20}
Step:20	{"loss": {"slot_margin_loss": 1.43984854221344}, "step": 20}
Step:20	{"loss": {"total_loss": 19.401981590702764}, "step": 20}
Step:21	{"loss": {"intent_loss": 5.597295844815399}, "step": 21}
Step:21	{"loss": {"intent_est_loss": 5.5947989169580925}, "step": 21}
Step:21	{"loss": {"intent_margin_loss": 0.0024969244841486216}, "step": 21}
Step:21	{"loss": {"slot_loss": 12.71742002335377}, "step": 21}
Step:21	{"loss": {"slot_est_loss": 11.323151627904727}, "step": 21}
Step:21	{"loss": {"slot_margin_loss": 1.394269347190857}, "step": 21}
Step:21	{"loss": {"total_loss": 18.314715868169166}, "step": 21}
Step:22	{"loss": {"intent_loss": 3.784437234038341}, "step": 22}
Step:22	{"loss": {"intent_est_loss": 3.7819392646837486}, "step": 22}
Step:22	{"loss": {"intent_margin_loss": 0.0024979310110211372}, "step": 22}
Step:22	{"loss": {"slot_loss": 11.506491132639344}, "step": 22}
Step:22	{"loss": {"slot_est_loss": 10.20312920561992}, "step": 22}
Step:22	{"loss": {"slot_margin_loss": 1.3033616542816162}, "step": 22}
Step:22	{"loss": {"total_loss": 15.290928366677685}, "step": 22}
Step:23	{"loss": {"intent_loss": 4.814601148046487}, "step": 23}
Step:23	{"loss": {"intent_est_loss": 4.812103241084699}, "step": 23}
Step:23	{"loss": {"intent_margin_loss": 0.0024978951551020145}, "step": 23}
Step:23	{"loss": {"slot_loss": 11.829850263358116}, "step": 23}
Step:23	{"loss": {"slot_est_loss": 10.506056134414363}, "step": 23}
Step:23	{"loss": {"slot_margin_loss": 1.3237934112548828}, "step": 23}
Step:23	{"loss": {"total_loss": 16.644451411404603}, "step": 23}
Step:24	{"loss": {"intent_loss": 4.503992936090797}, "step": 24}
Step:24	{"loss": {"intent_est_loss": 4.5014954661011775}, "step": 24}
Step:24	{"loss": {"intent_margin_loss": 0.0024974930565804243}, "step": 24}
Step:24	{"loss": {"slot_loss": 10.610501091519826}, "step": 24}
Step:24	{"loss": {"slot_est_loss": 9.375848395912895}, "step": 24}
Step:24	{"loss": {"slot_margin_loss": 1.2346532344818115}, "step": 24}
Step:24	{"loss": {"total_loss": 15.114494027610622}, "step": 24}
Step:25	{"loss": {"intent_loss": 5.789428837355814}, "step": 25}
Step:25	{"loss": {"intent_est_loss": 5.786931385380742}, "step": 25}
Step:25	{"loss": {"intent_margin_loss": 0.00249744625762105}, "step": 25}
Step:25	{"loss": {"slot_loss": 10.910096936021016}, "step": 25}
Step:25	{"loss": {"slot_est_loss": 9.656084118969732}, "step": 25}
Step:25	{"loss": {"slot_margin_loss": 1.2540143728256226}, "step": 25}
Step:25	{"loss": {"total_loss": 16.69952577337683}, "step": 25}
Step:26	{"loss": {"intent_loss": 6.030768156488201}, "step": 26}
Step:26	{"loss": {"intent_est_loss": 6.02827038770992}, "step": 26}
Step:26	{"loss": {"intent_margin_loss": 0.0024977801367640495}, "step": 26}
Step:26	{"loss": {"slot_loss": 10.976737664826244}, "step": 26}
Step:26	{"loss": {"slot_est_loss": 9.763935604190925}, "step": 26}
Step:26	{"loss": {"slot_margin_loss": 1.2128015756607056}, "step": 26}
Step:26	{"loss": {"total_loss": 17.007505821314446}, "step": 26}
Step:27	{"loss": {"intent_loss": 4.672692759805071}, "step": 27}
Step:27	{"loss": {"intent_est_loss": 4.670195011176122}, "step": 27}
Step:27	{"loss": {"intent_margin_loss": 0.0024977412540465593}, "step": 27}
Step:27	{"loss": {"slot_loss": 10.36515716493595}, "step": 27}
Step:27	{"loss": {"slot_est_loss": 9.15224074255673}, "step": 27}
Step:27	{"loss": {"slot_margin_loss": 1.2129168510437012}, "step": 27}
Step:27	{"loss": {"total_loss": 15.037849924741021}, "step": 27}
Step:28	{"loss": {"intent_loss": 4.648615243461962}, "step": 28}
Step:28	{"loss": {"intent_est_loss": 4.646118015342653}, "step": 28}
Step:28	{"loss": {"intent_margin_loss": 0.0024972271639853716}, "step": 28}
Step:28	{"loss": {"slot_loss": 9.905053976131626}, "step": 28}
Step:28	{"loss": {"slot_est_loss": 8.781905507051846}, "step": 28}
Step:28	{"loss": {"slot_margin_loss": 1.123147964477539}, "step": 28}
Step:28	{"loss": {"total_loss": 14.553669219593587}, "step": 28}
Step:29	{"loss": {"intent_loss": 4.35399001452824}, "step": 29}
Step:29	{"loss": {"intent_est_loss": 4.3514932895392135}, "step": 29}
Step:29	{"loss": {"intent_margin_loss": 0.0024966932833194733}, "step": 29}
Step:29	{"loss": {"slot_loss": 9.664312430564335}, "step": 29}
Step:29	{"loss": {"slot_est_loss": 8.554018299048755}, "step": 29}
Step:29	{"loss": {"slot_margin_loss": 1.1102949380874634}, "step": 29}
Step:29	{"loss": {"total_loss": 14.018302445092576}, "step": 29}
Step:30	{"loss": {"intent_loss": 5.556532188104036}, "step": 30}
Step:30	{"loss": {"intent_est_loss": 5.554034595967825}, "step": 30}
Step:30	{"loss": {"intent_margin_loss": 0.0024976329877972603}, "step": 30}
Step:30	{"loss": {"slot_loss": 9.729586070275397}, "step": 30}
Step:30	{"loss": {"slot_est_loss": 8.596761908789624}, "step": 30}
Step:30	{"loss": {"slot_margin_loss": 1.132824420928955}, "step": 30}
Step:30	{"loss": {"total_loss": 15.286118258379433}, "step": 30}
Step:31	{"loss": {"intent_loss": 3.395055507712819}, "step": 31}
Step:31	{"loss": {"intent_est_loss": 3.3925577127083595}, "step": 31}
Step:31	{"loss": {"intent_margin_loss": 0.002497789217159152}, "step": 31}
Step:31	{"loss": {"slot_loss": 9.473318797326655}, "step": 31}
Step:31	{"loss": {"slot_est_loss": 8.365607770159839}, "step": 31}
Step:31	{"loss": {"slot_margin_loss": 1.1077111959457397}, "step": 31}
Step:31	{"loss": {"total_loss": 12.868374305039474}, "step": 31}
Step:32	{"loss": {"intent_loss": 5.459670974755128}, "step": 32}
Step:32	{"loss": {"intent_est_loss": 5.457173452807551}, "step": 32}
Step:32	{"loss": {"intent_margin_loss": 0.0024975338019430637}, "step": 32}
Step:32	{"loss": {"slot_loss": 9.36840652495158}, "step": 32}
Step:32	{"loss": {"slot_est_loss": 8.278156232531176}, "step": 32}
Step:32	{"loss": {"slot_margin_loss": 1.0902506113052368}, "step": 32}
Step:32	{"loss": {"total_loss": 14.828077499706708}, "step": 32}
Step:33	{"loss": {"intent_loss": 4.708478276824447}, "step": 33}
Step:33	{"loss": {"intent_est_loss": 4.705980995211573}, "step": 33}
Step:33	{"loss": {"intent_margin_loss": 0.002497294219210744}, "step": 33}
Step:33	{"loss": {"slot_loss": 9.202832538436637}, "step": 33}
Step:33	{"loss": {"slot_est_loss": 8.137813648162425}, "step": 33}
Step:33	{"loss": {"slot_margin_loss": 1.065019965171814}, "step": 33}
Step:33	{"loss": {"total_loss": 13.911310815261084}, "step": 33}
Step:34	{"loss": {"intent_loss": 6.435066016636844}, "step": 34}
Step:34	{"loss": {"intent_est_loss": 6.432568903303776}, "step": 34}
Step:34	{"loss": {"intent_margin_loss": 0.002497149398550391}, "step": 34}
Step:34	{"loss": {"slot_loss": 9.351102028897735}, "step": 34}
Step:34	{"loss": {"slot_est_loss": 8.258971517160537}, "step": 34}
Step:34	{"loss": {"slot_margin_loss": 1.092130184173584}, "step": 34}
Step:34	{"loss": {"total_loss": 15.786168045534579}, "step": 34}
Step:35	{"loss": {"intent_loss": 3.8565990648719897}, "step": 35}
Step:35	{"loss": {"intent_est_loss": 3.8541016102382892}, "step": 35}
Step:35	{"loss": {"intent_margin_loss": 0.0024974422995001078}, "step": 35}
Step:35	{"loss": {"slot_loss": 8.467104802827835}, "step": 35}
Step:35	{"loss": {"slot_est_loss": 7.472203627845746}, "step": 35}
Step:35	{"loss": {"slot_margin_loss": 0.9949003458023071}, "step": 35}
Step:35	{"loss": {"total_loss": 12.323703867699825}, "step": 35}
Step:36	{"loss": {"intent_loss": 5.28623314070463}, "step": 36}
Step:36	{"loss": {"intent_est_loss": 5.283735523743582}, "step": 36}
Step:36	{"loss": {"intent_margin_loss": 0.0024976085405796766}, "step": 36}
Step:36	{"loss": {"slot_loss": 8.948278143571216}, "step": 36}
Step:36	{"loss": {"slot_est_loss": 7.908216990588696}, "step": 36}
Step:36	{"loss": {"slot_margin_loss": 1.0400598049163818}, "step": 36}
Step:36	{"loss": {"total_loss": 14.234511284275847}, "step": 36}
Step:37	{"loss": {"intent_loss": 4.5136654365887665}, "step": 37}
Step:37	{"loss": {"intent_est_loss": 4.511167516235597}, "step": 37}
Step:37	{"loss": {"intent_margin_loss": 0.002497898181900382}, "step": 37}
Step:37	{"loss": {"slot_loss": 8.98148266822101}, "step": 37}
Step:37	{"loss": {"slot_est_loss": 7.91900968323461}, "step": 37}
Step:37	{"loss": {"slot_margin_loss": 1.0624721050262451}, "step": 37}
Step:37	{"loss": {"total_loss": 13.495148104809777}, "step": 37}
Step:38	{"loss": {"intent_loss": 3.8265948210559206}, "step": 38}
Step:38	{"loss": {"intent_est_loss": 3.8240975785694817}, "step": 38}
Step:38	{"loss": {"intent_margin_loss": 0.0024972674436867237}, "step": 38}
Step:38	{"loss": {"slot_loss": 8.651268601475765}, "step": 38}
Step:38	{"loss": {"slot_est_loss": 7.583927469362972}, "step": 38}
Step:38	{"loss": {"slot_margin_loss": 1.0673407316207886}, "step": 38}
Step:38	{"loss": {"total_loss": 12.477863422531685}, "step": 38}
Step:39	{"loss": {"intent_loss": 6.253794653724618}, "step": 39}
Step:39	{"loss": {"intent_est_loss": 6.251297440188496}, "step": 39}
Step:39	{"loss": {"intent_margin_loss": 0.002497217385098338}, "step": 39}
Step:39	{"loss": {"slot_loss": 8.696286318427893}, "step": 39}
Step:39	{"loss": {"slot_est_loss": 7.673684585909357}, "step": 39}
Step:39	{"loss": {"slot_margin_loss": 1.02260422706604}, "step": 39}
Step:39	{"loss": {"total_loss": 14.95008097215251}, "step": 39}
Step:40	{"loss": {"intent_loss": 4.568960194323144}, "step": 40}
Step:40	{"loss": {"intent_est_loss": 4.566462949138805}, "step": 40}
Step:40	{"loss": {"intent_margin_loss": 0.0024972683750092983}, "step": 40}
Step:40	{"loss": {"slot_loss": 8.533297256898381}, "step": 40}
Step:40	{"loss": {"slot_est_loss": 7.5350428442121515}, "step": 40}
Step:40	{"loss": {"slot_margin_loss": 0.998254120349884}, "step": 40}
Step:40	{"loss": {"total_loss": 13.102257451221526}, "step": 40}
Step:41	{"loss": {"intent_loss": 3.9450856641225927}, "step": 41}
Step:41	{"loss": {"intent_est_loss": 3.9425882174582507}, "step": 41}
Step:41	{"loss": {"intent_margin_loss": 0.002497456269338727}, "step": 41}
Step:41	{"loss": {"slot_loss": 8.384811314847326}, "step": 41}
Step:41	{"loss": {"slot_est_loss": 7.411875116801809}, "step": 41}
Step:41	{"loss": {"slot_margin_loss": 0.9729374051094055}, "step": 41}
Step:41	{"loss": {"total_loss": 12.329896978969918}, "step": 41}
Step:42	{"loss": {"intent_loss": 5.520705070991967}, "step": 42}
Step:42	{"loss": {"intent_est_loss": 5.518207778679068}, "step": 42}
Step:42	{"loss": {"intent_margin_loss": 0.002497308189049363}, "step": 42}
Step:42	{"loss": {"slot_loss": 8.326157326425893}, "step": 42}
Step:42	{"loss": {"slot_est_loss": 7.345055011287329}, "step": 42}
Step:42	{"loss": {"slot_margin_loss": 0.9811021089553833}, "step": 42}
Step:42	{"loss": {"total_loss": 13.84686239741786}, "step": 42}
Step:43	{"loss": {"intent_loss": 5.84539665849663}, "step": 43}
Step:43	{"loss": {"intent_est_loss": 5.84289895773618}, "step": 43}
Step:43	{"loss": {"intent_margin_loss": 0.002497707027941942}, "step": 43}
Step:43	{"loss": {"slot_loss": 8.208076454291579}, "step": 43}
Step:43	{"loss": {"slot_est_loss": 7.256440532684803}, "step": 43}
Step:43	{"loss": {"slot_margin_loss": 0.9516357183456421}, "step": 43}
Step:43	{"loss": {"total_loss": 14.053473112788208}, "step": 43}
Step:44	{"loss": {"intent_loss": 2.758684578402613}, "step": 44}
Step:44	{"loss": {"intent_est_loss": 2.756186042326591}, "step": 44}
Step:44	{"loss": {"intent_margin_loss": 0.002498539397493005}, "step": 44}
Step:44	{"loss": {"slot_loss": 8.092448188737045}, "step": 44}
Step:44	{"loss": {"slot_est_loss": 7.145874565880517}, "step": 44}
Step:44	{"loss": {"slot_margin_loss": 0.9465731978416443}, "step": 44}
Step:44	{"loss": {"total_loss": 10.851132767139658}, "step": 44}
Step:45	{"loss": {"intent_loss": 3.9513486962539957}, "step": 45}
Step:45	{"loss": {"intent_est_loss": 3.948851504667982}, "step": 45}
Step:45	{"loss": {"intent_margin_loss": 0.0024972171522676945}, "step": 45}
Step:45	{"loss": {"slot_loss": 8.004563796438736}, "step": 45}
Step:45	{"loss": {"slot_est_loss": 7.04671841977978}, "step": 45}
Step:45	{"loss": {"slot_margin_loss": 0.9578450918197632}, "step": 45}
Step:45	{"loss": {"total_loss": 11.955912492692732}, "step": 45}
Step:46	{"loss": {"intent_loss": 6.163451112839539}, "step": 46}
Step:46	{"loss": {"intent_est_loss": 6.1609531756177445}, "step": 46}
Step:46	{"loss": {"intent_margin_loss": 0.002497941954061389}, "step": 46}
Step:46	{"loss": {"slot_loss": 8.217131846374835}, "step": 46}
Step:46	{"loss": {"slot_est_loss": 7.261795889795761}, "step": 46}
Step:46	{"loss": {"slot_margin_loss": 0.9553353786468506}, "step": 46}
Step:46	{"loss": {"total_loss": 14.380582959214374}, "step": 46}
Step:47	{"loss": {"intent_loss": 3.3933099479083473}, "step": 47}
Step:47	{"loss": {"intent_est_loss": 3.3908126145994135}, "step": 47}
Step:47	{"loss": {"intent_margin_loss": 0.0024973242543637753}, "step": 47}
Step:47	{"loss": {"slot_loss": 7.909404270711818}, "step": 47}
Step:47	{"loss": {"slot_est_loss": 6.976747956924367}, "step": 47}
Step:47	{"loss": {"slot_margin_loss": 0.9326561689376831}, "step": 47}
Step:47	{"loss": {"total_loss": 11.302714218620165}, "step": 47}
Step:48	{"loss": {"intent_loss": 3.466813388295122}, "step": 48}
Step:48	{"loss": {"intent_est_loss": 3.464315780789909}, "step": 48}
Step:48	{"loss": {"intent_margin_loss": 0.002497624373063445}, "step": 48}
Step:48	{"loss": {"slot_loss": 7.904840548289945}, "step": 48}
Step:48	{"loss": {"slot_est_loss": 6.976668416964812}, "step": 48}
Step:48	{"loss": {"slot_margin_loss": 0.9281724691390991}, "step": 48}
Step:48	{"loss": {"total_loss": 11.371653936585068}, "step": 48}
Step:49	{"loss": {"intent_loss": 6.352468493343613}, "step": 49}
Step:49	{"loss": {"intent_est_loss": 6.349970934263541}, "step": 49}
Step:49	{"loss": {"intent_margin_loss": 0.002497551729902625}, "step": 49}
Step:49	{"loss": {"slot_loss": 8.056864724261699}, "step": 49}
Step:49	{"loss": {"slot_est_loss": 7.10393115516637}, "step": 49}
Step:49	{"loss": {"slot_margin_loss": 0.9529336094856262}, "step": 49}
Step:49	{"loss": {"total_loss": 14.409333217605312}, "step": 49}
Step:50	{"loss": {"intent_loss": 2.4824498401423636}, "step": 50}
Step:50	{"loss": {"intent_est_loss": 2.4799523430490846}, "step": 50}
Step:50	{"loss": {"intent_margin_loss": 0.0024975058622658253}, "step": 50}
Step:50	{"loss": {"slot_loss": 7.5943433643377}, "step": 50}
Step:50	{"loss": {"slot_est_loss": 6.68711096174084}, "step": 50}
Step:50	{"loss": {"slot_margin_loss": 0.9072327017784119}, "step": 50}
Step:50	{"loss": {"total_loss": 10.076793204480063}, "step": 50}
Step:51	{"loss": {"intent_loss": 5.332014636351965}, "step": 51}
Step:51	{"loss": {"intent_est_loss": 5.329517824390851}, "step": 51}
Step:51	{"loss": {"intent_margin_loss": 0.002496840199455619}, "step": 51}
Step:51	{"loss": {"slot_loss": 7.736089247162447}, "step": 51}
Step:51	{"loss": {"slot_est_loss": 6.83230787456851}, "step": 51}
Step:51	{"loss": {"slot_margin_loss": 0.9037806987762451}, "step": 51}
Step:51	{"loss": {"total_loss": 13.06810388351441}, "step": 51}
Step:52	{"loss": {"intent_loss": 3.0711403004854176}, "step": 52}
Step:52	{"loss": {"intent_est_loss": 3.0686428153821996}, "step": 52}
Step:52	{"loss": {"intent_margin_loss": 0.0024974881671369076}, "step": 52}
Step:52	{"loss": {"slot_loss": 7.6501626607030575}, "step": 52}
Step:52	{"loss": {"slot_est_loss": 6.741957536048734}, "step": 52}
Step:52	{"loss": {"slot_margin_loss": 0.908205509185791}, "step": 52}
Step:52	{"loss": {"total_loss": 10.721302961188474}, "step": 52}
Step:53	{"loss": {"intent_loss": 4.583516426485583}, "step": 53}
Step:53	{"loss": {"intent_est_loss": 4.581019023786951}, "step": 53}
Step:53	{"loss": {"intent_margin_loss": 0.0024973987601697445}, "step": 53}
Step:53	{"loss": {"slot_loss": 7.531884034664832}, "step": 53}
Step:53	{"loss": {"slot_est_loss": 6.646259774861385}, "step": 53}
Step:53	{"loss": {"slot_margin_loss": 0.8856239914894104}, "step": 53}
Step:53	{"loss": {"total_loss": 12.115400461150415}, "step": 53}
Step:54	{"loss": {"intent_loss": 5.582728951251926}, "step": 54}
Step:54	{"loss": {"intent_est_loss": 5.580232289932607}, "step": 54}
Step:54	{"loss": {"intent_margin_loss": 0.0024966602213680744}, "step": 54}
Step:54	{"loss": {"slot_loss": 7.948768671485607}, "step": 54}
Step:54	{"loss": {"slot_est_loss": 7.037618233409006}, "step": 54}
Step:54	{"loss": {"slot_margin_loss": 0.9111510515213013}, "step": 54}
Step:54	{"loss": {"total_loss": 13.531497622737533}, "step": 54}
Step:55	{"loss": {"intent_loss": 3.7426983408957315}, "step": 55}
Step:55	{"loss": {"intent_est_loss": 3.740200766007909}, "step": 55}
Step:55	{"loss": {"intent_margin_loss": 0.002497592242434621}, "step": 55}
Step:55	{"loss": {"slot_loss": 7.454303198377627}, "step": 55}
Step:55	{"loss": {"slot_est_loss": 6.599437503609802}, "step": 55}
Step:55	{"loss": {"slot_margin_loss": 0.8548656105995178}, "step": 55}
Step:55	{"loss": {"total_loss": 11.197001539273359}, "step": 55}
Step:56	{"loss": {"intent_loss": 5.332950159882598}, "step": 56}
Step:56	{"loss": {"intent_est_loss": 5.330453862645668}, "step": 56}
Step:56	{"loss": {"intent_margin_loss": 0.0024963165633380413}, "step": 56}
Step:56	{"loss": {"slot_loss": 7.9235696586431015}, "step": 56}
Step:56	{"loss": {"slot_est_loss": 7.00427679220448}, "step": 56}
Step:56	{"loss": {"slot_margin_loss": 0.9192925095558167}, "step": 56}
Step:56	{"loss": {"total_loss": 13.2565198185257}, "step": 56}
Step:57	{"loss": {"intent_loss": 2.9297851524548664}, "step": 57}
Step:57	{"loss": {"intent_est_loss": 2.9272875790731634}, "step": 57}
Step:57	{"loss": {"intent_margin_loss": 0.0024975701235234737}, "step": 57}
Step:57	{"loss": {"slot_loss": 7.275760412227822}, "step": 57}
Step:57	{"loss": {"slot_est_loss": 6.4252374230301985}, "step": 57}
Step:57	{"loss": {"slot_margin_loss": 0.8505229949951172}, "step": 57}
Step:57	{"loss": {"total_loss": 10.205545564682687}, "step": 57}
Step:58	{"loss": {"intent_loss": 4.2497152286676245}, "step": 58}
Step:58	{"loss": {"intent_est_loss": 4.247217820235892}, "step": 58}
Step:58	{"loss": {"intent_margin_loss": 0.0024974290281534195}, "step": 58}
Step:58	{"loss": {"slot_loss": 7.3834457123885056}, "step": 58}
Step:58	{"loss": {"slot_est_loss": 6.5225151089951465}, "step": 58}
Step:58	{"loss": {"slot_margin_loss": 0.8609302043914795}, "step": 58}
Step:58	{"loss": {"total_loss": 11.63316094105613}, "step": 58}
Step:59	{"loss": {"intent_loss": 4.203483184694782}, "step": 59}
Step:59	{"loss": {"intent_est_loss": 4.2009861947459335}, "step": 59}
Step:59	{"loss": {"intent_margin_loss": 0.002497002249583602}, "step": 59}
Step:59	{"loss": {"slot_loss": 7.166424849058966}, "step": 59}
Step:59	{"loss": {"slot_est_loss": 6.305602578748949}, "step": 59}
Step:59	{"loss": {"slot_margin_loss": 0.8608223795890808}, "step": 59}
Step:59	{"loss": {"total_loss": 11.369908033753749}, "step": 59}
Step:60	{"loss": {"intent_loss": 5.09457601488612}, "step": 60}
Step:60	{"loss": {"intent_est_loss": 5.0920783416353546}, "step": 60}
Step:60	{"loss": {"intent_margin_loss": 0.002497679553925991}, "step": 60}
Step:60	{"loss": {"slot_loss": 7.292882291844584}, "step": 60}
Step:60	{"loss": {"slot_est_loss": 6.411775299767032}, "step": 60}
Step:60	{"loss": {"slot_margin_loss": 0.8811079263687134}, "step": 60}
Step:60	{"loss": {"total_loss": 12.387458306730704}, "step": 60}
Step:61	{"loss": {"intent_loss": 4.984643455929462}, "step": 61}
Step:61	{"loss": {"intent_est_loss": 4.982146417424527}, "step": 61}
Step:61	{"loss": {"intent_margin_loss": 0.0024970429949462414}, "step": 61}
Step:61	{"loss": {"slot_loss": 7.4233281064196595}, "step": 61}
Step:61	{"loss": {"slot_est_loss": 6.577384028374223}, "step": 61}
Step:61	{"loss": {"slot_margin_loss": 0.8459432125091553}, "step": 61}
Step:61	{"loss": {"total_loss": 12.407971562349122}, "step": 61}
Step:62	{"loss": {"intent_loss": 3.109173884057237}, "step": 62}
Step:62	{"loss": {"intent_est_loss": 3.1066757643457095}, "step": 62}
Step:62	{"loss": {"intent_margin_loss": 0.002498127054423094}, "step": 62}
Step:62	{"loss": {"slot_loss": 6.990073942265006}, "step": 62}
Step:62	{"loss": {"slot_est_loss": 6.155741835420486}, "step": 62}
Step:62	{"loss": {"slot_margin_loss": 0.8343315720558167}, "step": 62}
Step:62	{"loss": {"total_loss": 10.099247826322243}, "step": 62}
Step:63	{"loss": {"intent_loss": 8.209895965138998}, "step": 63}
Step:63	{"loss": {"intent_est_loss": 8.207398436999942}, "step": 63}
Step:63	{"loss": {"intent_margin_loss": 0.002497547073289752}, "step": 63}
Step:63	{"loss": {"slot_loss": 7.707350505318039}, "step": 63}
Step:63	{"loss": {"slot_est_loss": 6.821746174909641}, "step": 63}
Step:63	{"loss": {"slot_margin_loss": 0.8856037259101868}, "step": 63}
Step:63	{"loss": {"total_loss": 15.917246470457037}, "step": 63}
Step:64	{"loss": {"intent_loss": 2.7161348917859898}, "step": 64}
Step:64	{"loss": {"intent_est_loss": 2.7136382880333283}, "step": 64}
Step:64	{"loss": {"intent_margin_loss": 0.002496622269973159}, "step": 64}
Step:64	{"loss": {"slot_loss": 6.8729482881026165}, "step": 64}
Step:64	{"loss": {"slot_est_loss": 6.050143220042816}, "step": 64}
Step:64	{"loss": {"slot_margin_loss": 0.8228043913841248}, "step": 64}
Step:64	{"loss": {"total_loss": 9.589083179888606}, "step": 64}
Step:65	{"loss": {"intent_loss": 4.561652887524174}, "step": 65}
Step:65	{"loss": {"intent_est_loss": 4.559154701340234}, "step": 65}
Step:65	{"loss": {"intent_margin_loss": 0.0024982006289064884}, "step": 65}
Step:65	{"loss": {"slot_loss": 7.340981544659019}, "step": 65}
Step:65	{"loss": {"slot_est_loss": 6.498463891452407}, "step": 65}
Step:65	{"loss": {"slot_margin_loss": 0.842517614364624}, "step": 65}
Step:65	{"loss": {"total_loss": 11.902634432183193}, "step": 65}
Step:66	{"loss": {"intent_loss": 3.054743468947343}, "step": 66}
Step:66	{"loss": {"intent_est_loss": 3.052246112935241}, "step": 66}
Step:66	{"loss": {"intent_margin_loss": 0.0024973528925329447}, "step": 66}
Step:66	{"loss": {"slot_loss": 6.7733802738133795}, "step": 66}
Step:66	{"loss": {"slot_est_loss": 5.956829020444997}, "step": 66}
Step:66	{"loss": {"slot_margin_loss": 0.8165508508682251}, "step": 66}
Step:66	{"loss": {"total_loss": 9.828123742760722}, "step": 66}
Step:67	{"loss": {"intent_loss": 4.508407851553063}, "step": 67}
Step:67	{"loss": {"intent_est_loss": 4.505909268060357}, "step": 67}
Step:67	{"loss": {"intent_margin_loss": 0.0024985705967992544}, "step": 67}
Step:67	{"loss": {"slot_loss": 7.168793529825046}, "step": 67}
Step:67	{"loss": {"slot_est_loss": 6.351895836240155}, "step": 67}
Step:67	{"loss": {"slot_margin_loss": 0.8168980479240417}, "step": 67}
Step:67	{"loss": {"total_loss": 11.677201381378108}, "step": 67}
Step:68	{"loss": {"intent_loss": 5.004946500383819}, "step": 68}
Step:68	{"loss": {"intent_est_loss": 5.002448690049647}, "step": 68}
Step:68	{"loss": {"intent_margin_loss": 0.0024978001601994038}, "step": 68}
Step:68	{"loss": {"slot_loss": 7.30867852086666}, "step": 68}
Step:68	{"loss": {"slot_est_loss": 6.466550007829206}, "step": 68}
Step:68	{"loss": {"slot_margin_loss": 0.842128574848175}, "step": 68}
Step:68	{"loss": {"total_loss": 12.313625021250479}, "step": 68}
Step:69	{"loss": {"intent_loss": 4.53367137702662}, "step": 69}
Step:69	{"loss": {"intent_est_loss": 4.531173724324619}, "step": 69}
Step:69	{"loss": {"intent_margin_loss": 0.002497664885595441}, "step": 69}
Step:69	{"loss": {"slot_loss": 7.003791848092796}, "step": 69}
Step:69	{"loss": {"slot_est_loss": 6.165242772299095}, "step": 69}
Step:69	{"loss": {"slot_margin_loss": 0.8385490775108337}, "step": 69}
Step:69	{"loss": {"total_loss": 11.537463225119415}, "step": 69}
Step:70	{"loss": {"intent_loss": 4.577712320215139}, "step": 70}
Step:70	{"loss": {"intent_est_loss": 4.5752144927930125}, "step": 70}
Step:70	{"loss": {"intent_margin_loss": 0.0024978441651910543}, "step": 70}
Step:70	{"loss": {"slot_loss": 7.120197746338084}, "step": 70}
Step:70	{"loss": {"slot_est_loss": 6.295444963878249}, "step": 70}
Step:70	{"loss": {"slot_margin_loss": 0.8247532248497009}, "step": 70}
Step:70	{"loss": {"total_loss": 11.697910066553224}, "step": 70}
Step:71	{"loss": {"intent_loss": 4.793214201817305}, "step": 71}
Step:71	{"loss": {"intent_est_loss": 4.790716344537939}, "step": 71}
Step:71	{"loss": {"intent_margin_loss": 0.0024978569708764553}, "step": 71}
Step:71	{"loss": {"slot_loss": 7.06728166186366}, "step": 71}
Step:71	{"loss": {"slot_est_loss": 6.22091004662798}, "step": 71}
Step:71	{"loss": {"slot_margin_loss": 0.846372127532959}, "step": 71}
Step:71	{"loss": {"total_loss": 11.860495863680965}, "step": 71}
Step:72	{"loss": {"intent_loss": 2.93409649906534}, "step": 72}
Step:72	{"loss": {"intent_est_loss": 2.9315983425618475}, "step": 72}
Step:72	{"loss": {"intent_margin_loss": 0.0024981582537293434}, "step": 72}
Step:72	{"loss": {"slot_loss": 6.491263215418446}, "step": 72}
Step:72	{"loss": {"slot_est_loss": 5.725824204500529}, "step": 72}
Step:72	{"loss": {"slot_margin_loss": 0.7654395699501038}, "step": 72}
Step:72	{"loss": {"total_loss": 9.425359714483786}, "step": 72}
Step:73	{"loss": {"intent_loss": 3.864507009229418}, "step": 73}
Step:73	{"loss": {"intent_est_loss": 3.8620091433127497}, "step": 73}
Step:73	{"loss": {"intent_margin_loss": 0.002497888868674636}, "step": 73}
Step:73	{"loss": {"slot_loss": 6.958126725093467}, "step": 73}
Step:73	{"loss": {"slot_est_loss": 6.126230017159828}, "step": 73}
Step:73	{"loss": {"slot_margin_loss": 0.8318971991539001}, "step": 73}
Step:73	{"loss": {"total_loss": 10.822633734322885}, "step": 73}
Step:74	{"loss": {"intent_loss": 5.602150054310184}, "step": 74}
Step:74	{"loss": {"intent_est_loss": 5.599653183718332}, "step": 74}
Step:74	{"loss": {"intent_margin_loss": 0.0024968255311250687}, "step": 74}
Step:74	{"loss": {"slot_loss": 6.89206613056594}, "step": 74}
Step:74	{"loss": {"slot_est_loss": 6.086267487937597}, "step": 74}
Step:74	{"loss": {"slot_margin_loss": 0.8057986497879028}, "step": 74}
Step:74	{"loss": {"total_loss": 12.494216184876123}, "step": 74}
Step:75	{"loss": {"intent_loss": 4.20441102774676}, "step": 75}
Step:75	{"loss": {"intent_est_loss": 4.20191442403666}, "step": 75}
Step:75	{"loss": {"intent_margin_loss": 0.0024966103956103325}, "step": 75}
Step:75	{"loss": {"slot_loss": 7.090387539286171}, "step": 75}
Step:75	{"loss": {"slot_est_loss": 6.283825229184004}, "step": 75}
Step:75	{"loss": {"slot_margin_loss": 0.8065622448921204}, "step": 75}
Step:75	{"loss": {"total_loss": 11.294798567032931}, "step": 75}
Step:76	{"loss": {"intent_loss": 3.46354647599473}, "step": 76}
Step:76	{"loss": {"intent_est_loss": 3.461048467683941}, "step": 76}
Step:76	{"loss": {"intent_margin_loss": 0.0024979980662465096}, "step": 76}
Step:76	{"loss": {"slot_loss": 6.862275227159263}, "step": 76}
Step:76	{"loss": {"slot_est_loss": 6.06188463890575}, "step": 76}
Step:76	{"loss": {"slot_margin_loss": 0.8003911972045898}, "step": 76}
Step:76	{"loss": {"total_loss": 10.325821703153993}, "step": 76}
Step:77	{"loss": {"intent_loss": 2.917281277643634}, "step": 77}
Step:77	{"loss": {"intent_est_loss": 2.9147840177091022}, "step": 77}
Step:77	{"loss": {"intent_margin_loss": 0.002497239038348198}, "step": 77}
Step:77	{"loss": {"slot_loss": 6.693693513853936}, "step": 77}
Step:77	{"loss": {"slot_est_loss": 5.912413485546127}, "step": 77}
Step:77	{"loss": {"slot_margin_loss": 0.7812795042991638}, "step": 77}
Step:77	{"loss": {"total_loss": 9.61097479149757}, "step": 77}
Step:78	{"loss": {"intent_loss": 3.3652763076210213}, "step": 78}
Step:78	{"loss": {"intent_est_loss": 3.3627789877657026}, "step": 78}
Step:78	{"loss": {"intent_margin_loss": 0.002497320994734764}, "step": 78}
Step:78	{"loss": {"slot_loss": 6.686311835783996}, "step": 78}
Step:78	{"loss": {"slot_est_loss": 5.890626725158647}, "step": 78}
Step:78	{"loss": {"slot_margin_loss": 0.7956861853599548}, "step": 78}
Step:78	{"loss": {"total_loss": 10.051588143405016}, "step": 78}
Step:79	{"loss": {"intent_loss": 4.585154939393755}, "step": 79}
Step:79	{"loss": {"intent_est_loss": 4.582657110259239}, "step": 79}
Step:79	{"loss": {"intent_margin_loss": 0.002497811336070299}, "step": 79}
Step:79	{"loss": {"slot_loss": 6.93045738757357}, "step": 79}
Step:79	{"loss": {"slot_est_loss": 6.119827076880034}, "step": 79}
Step:79	{"loss": {"slot_margin_loss": 0.8106298446655273}, "step": 79}
Step:79	{"loss": {"total_loss": 11.515612326967325}, "step": 79}
Step:80	{"loss": {"intent_loss": 5.154938913076339}, "step": 80}
Step:80	{"loss": {"intent_est_loss": 5.152441444180285}, "step": 80}
Step:80	{"loss": {"intent_margin_loss": 0.0024974881671369076}, "step": 80}
Step:80	{"loss": {"slot_loss": 6.985357049049345}, "step": 80}
Step:80	{"loss": {"slot_est_loss": 6.176251831377156}, "step": 80}
Step:80	{"loss": {"slot_margin_loss": 0.8091053366661072}, "step": 80}
Step:80	{"loss": {"total_loss": 12.140295962125684}, "step": 80}
Step:81	{"loss": {"intent_loss": 4.9689174118164425}, "step": 81}
Step:81	{"loss": {"intent_est_loss": 4.966419742664947}, "step": 81}
Step:81	{"loss": {"intent_margin_loss": 0.0024976853746920824}, "step": 81}
Step:81	{"loss": {"slot_loss": 6.934661843872158}, "step": 81}
Step:81	{"loss": {"slot_est_loss": 6.163073019922012}, "step": 81}
Step:81	{"loss": {"slot_margin_loss": 0.7715888619422913}, "step": 81}
Step:81	{"loss": {"total_loss": 11.903579255688602}, "step": 81}
Step:82	{"loss": {"intent_loss": 3.132774930872257}, "step": 82}
Step:82	{"loss": {"intent_est_loss": 3.130277593120262}, "step": 82}
Step:82	{"loss": {"intent_margin_loss": 0.0024973577819764614}, "step": 82}
Step:82	{"loss": {"slot_loss": 6.290245837933633}, "step": 82}
Step:82	{"loss": {"slot_est_loss": 5.555304255842935}, "step": 82}
Step:82	{"loss": {"slot_margin_loss": 0.7349410057067871}, "step": 82}
Step:82	{"loss": {"total_loss": 9.423020768805891}, "step": 82}
Step:83	{"loss": {"intent_loss": 4.724944702508944}, "step": 83}
Step:83	{"loss": {"intent_est_loss": 4.7224479810298385}, "step": 83}
Step:83	{"loss": {"intent_margin_loss": 0.002496758010238409}, "step": 83}
Step:83	{"loss": {"slot_loss": 6.761242151190535}, "step": 83}
Step:83	{"loss": {"slot_est_loss": 5.984739936923159}, "step": 83}
Step:83	{"loss": {"slot_margin_loss": 0.7765023112297058}, "step": 83}
Step:83	{"loss": {"total_loss": 11.48618685369948}, "step": 83}
Step:84	{"loss": {"intent_loss": 5.315331310672624}, "step": 84}
Step:84	{"loss": {"intent_est_loss": 5.312833093108932}, "step": 84}
Step:84	{"loss": {"intent_margin_loss": 0.0024981931783258915}, "step": 84}
Step:84	{"loss": {"slot_loss": 6.716265873494557}, "step": 84}
Step:84	{"loss": {"slot_est_loss": 5.922536428598684}, "step": 84}
Step:84	{"loss": {"slot_margin_loss": 0.7937292456626892}, "step": 84}
Step:84	{"loss": {"total_loss": 12.03159718416718}, "step": 84}
Step:85	{"loss": {"intent_loss": 4.801239681064908}, "step": 85}
Step:85	{"loss": {"intent_est_loss": 4.798741961222552}, "step": 85}
Step:85	{"loss": {"intent_margin_loss": 0.0024977291468530893}, "step": 85}
Step:85	{"loss": {"slot_loss": 6.341525622765763}, "step": 85}
Step:85	{"loss": {"slot_est_loss": 5.606950691982629}, "step": 85}
Step:85	{"loss": {"slot_margin_loss": 0.7345752716064453}, "step": 85}
Step:85	{"loss": {"total_loss": 11.142765303830672}, "step": 85}
Step:86	{"loss": {"intent_loss": 3.6760614404472953}, "step": 86}
Step:86	{"loss": {"intent_est_loss": 3.6735634754702873}, "step": 86}
Step:86	{"loss": {"intent_margin_loss": 0.002497956156730652}, "step": 86}
Step:86	{"loss": {"slot_loss": 6.708364946476657}, "step": 86}
Step:86	{"loss": {"slot_est_loss": 5.9228680035390315}, "step": 86}
Step:86	{"loss": {"slot_margin_loss": 0.7854977250099182}, "step": 86}
Step:86	{"loss": {"total_loss": 10.384426386923952}, "step": 86}
Step:87	{"loss": {"intent_loss": 3.892943105625086}, "step": 87}
Step:87	{"loss": {"intent_est_loss": 3.8904460219233483}, "step": 87}
Step:87	{"loss": {"intent_margin_loss": 0.0024971088860183954}, "step": 87}
Step:87	{"loss": {"slot_loss": 6.669318406365352}, "step": 87}
Step:87	{"loss": {"slot_est_loss": 5.8909964199934475}, "step": 87}
Step:87	{"loss": {"slot_margin_loss": 0.7783225178718567}, "step": 87}
Step:87	{"loss": {"total_loss": 10.562261511990437}, "step": 87}
Step:88	{"loss": {"intent_loss": 3.489446050812698}, "step": 88}
Step:88	{"loss": {"intent_est_loss": 3.4869487729847646}, "step": 88}
Step:88	{"loss": {"intent_margin_loss": 0.002497295383363962}, "step": 88}
Step:88	{"loss": {"slot_loss": 6.5273740619362846}, "step": 88}
Step:88	{"loss": {"slot_est_loss": 5.774290909102996}, "step": 88}
Step:88	{"loss": {"slot_margin_loss": 0.7530828714370728}, "step": 88}
Step:88	{"loss": {"total_loss": 10.016820112748983}, "step": 88}
Step:89	{"loss": {"intent_loss": 2.993845464571134}, "step": 89}
Step:89	{"loss": {"intent_est_loss": 2.991348159410334}, "step": 89}
Step:89	{"loss": {"intent_margin_loss": 0.002497272100299597}, "step": 89}
Step:89	{"loss": {"slot_loss": 6.4601038075226676}, "step": 89}
Step:89	{"loss": {"slot_est_loss": 5.6993440542195515}, "step": 89}
Step:89	{"loss": {"slot_margin_loss": 0.7607596516609192}, "step": 89}
Step:89	{"loss": {"total_loss": 9.453949272093801}, "step": 89}
Step:90	{"loss": {"intent_loss": 7.26783698444124}, "step": 90}
Step:90	{"loss": {"intent_est_loss": 7.265339240422307}, "step": 90}
Step:90	{"loss": {"intent_margin_loss": 0.002497781068086624}, "step": 90}
Step:90	{"loss": {"slot_loss": 6.536096571735103}, "step": 90}
Step:90	{"loss": {"slot_est_loss": 5.75766916408612}, "step": 90}
Step:90	{"loss": {"slot_margin_loss": 0.7784276008605957}, "step": 90}
Step:90	{"loss": {"total_loss": 13.803933556176343}, "step": 90}
Step:91	{"loss": {"intent_loss": 3.445142495171968}, "step": 91}
Step:91	{"loss": {"intent_est_loss": 3.442644511460102}, "step": 91}
Step:91	{"loss": {"intent_margin_loss": 0.002497960813343525}, "step": 91}
Step:91	{"loss": {"slot_loss": 6.21679152524447}, "step": 91}
Step:91	{"loss": {"slot_est_loss": 5.4562948077917035}, "step": 91}
Step:91	{"loss": {"slot_margin_loss": 0.7604966759681702}, "step": 91}
Step:91	{"loss": {"total_loss": 9.661934020416439}, "step": 91}
Step:92	{"loss": {"intent_loss": 4.696478524451595}, "step": 92}
Step:92	{"loss": {"intent_est_loss": 4.693981485658498}, "step": 92}
Step:92	{"loss": {"intent_margin_loss": 0.0024970511440187693}, "step": 92}
Step:92	{"loss": {"slot_loss": 6.463406902702984}, "step": 92}
Step:92	{"loss": {"slot_est_loss": 5.707807632966443}, "step": 92}
Step:92	{"loss": {"slot_margin_loss": 0.7555999159812927}, "step": 92}
Step:92	{"loss": {"total_loss": 11.15988542715458}, "step": 92}
Step:93	{"loss": {"intent_loss": 3.705259184668116}, "step": 93}
Step:93	{"loss": {"intent_est_loss": 3.7027616936353396}, "step": 93}
Step:93	{"loss": {"intent_margin_loss": 0.002497500041499734}, "step": 93}
Step:93	{"loss": {"slot_loss": 6.622107718663747}, "step": 93}
Step:93	{"loss": {"slot_est_loss": 5.866934889118403}, "step": 93}
Step:93	{"loss": {"slot_margin_loss": 0.7551718950271606}, "step": 93}
Step:93	{"loss": {"total_loss": 10.327366903331864}, "step": 93}
Step:94	{"loss": {"intent_loss": 3.052024872538822}, "step": 94}
Step:94	{"loss": {"intent_est_loss": 3.0495267713264167}, "step": 94}
Step:94	{"loss": {"intent_margin_loss": 0.002498108195140958}, "step": 94}
Step:94	{"loss": {"slot_loss": 6.5096596755960485}, "step": 94}
Step:94	{"loss": {"slot_est_loss": 5.765866743429799}, "step": 94}
Step:94	{"loss": {"slot_margin_loss": 0.7437927722930908}, "step": 94}
Step:94	{"loss": {"total_loss": 9.56168454813487}, "step": 94}
Step:95	{"loss": {"intent_loss": 5.9514166218519815}, "step": 95}
Step:95	{"loss": {"intent_est_loss": 5.948918531758677}, "step": 95}
Step:95	{"loss": {"intent_margin_loss": 0.002498059766367078}, "step": 95}
Step:95	{"loss": {"slot_loss": 7.015427943971016}, "step": 95}
Step:95	{"loss": {"slot_est_loss": 6.218190219579262}, "step": 95}
Step:95	{"loss": {"slot_margin_loss": 0.7972370386123657}, "step": 95}
Step:95	{"loss": {"total_loss": 12.966844565822997}, "step": 95}
Step:96	{"loss": {"intent_loss": 4.547293856378015}, "step": 96}
Step:96	{"loss": {"intent_est_loss": 4.544796903672981}, "step": 96}
Step:96	{"loss": {"intent_margin_loss": 0.0024969540536403656}, "step": 96}
Step:96	{"loss": {"slot_loss": 6.290957923111266}, "step": 96}
Step:96	{"loss": {"slot_est_loss": 5.5558522304694655}, "step": 96}
Step:96	{"loss": {"slot_margin_loss": 0.735105574131012}, "step": 96}
Step:96	{"loss": {"total_loss": 10.838251779489282}, "step": 96}
Step:97	{"loss": {"intent_loss": 4.329579599303541}, "step": 97}
Step:97	{"loss": {"intent_est_loss": 4.327082109387258}, "step": 97}
Step:97	{"loss": {"intent_margin_loss": 0.002497508656233549}, "step": 97}
Step:97	{"loss": {"slot_loss": 6.207562886766401}, "step": 97}
Step:97	{"loss": {"slot_est_loss": 5.495305068552262}, "step": 97}
Step:97	{"loss": {"slot_margin_loss": 0.7122568488121033}, "step": 97}
Step:97	{"loss": {"total_loss": 10.537142486069943}, "step": 97}
Step:98	{"loss": {"intent_loss": 1.7048142164338074}, "step": 98}
Step:98	{"loss": {"intent_est_loss": 1.7023173073081128}, "step": 98}
Step:98	{"loss": {"intent_margin_loss": 0.0024969095829874277}, "step": 98}
Step:98	{"loss": {"slot_loss": 6.1559654165408615}, "step": 98}
Step:98	{"loss": {"slot_est_loss": 5.437316330085737}, "step": 98}
Step:98	{"loss": {"slot_margin_loss": 0.7186493873596191}, "step": 98}
Step:98	{"loss": {"total_loss": 7.860779632974669}, "step": 98}
Step:99	{"loss": {"intent_loss": 4.770431060684866}, "step": 99}
Step:99	{"loss": {"intent_est_loss": 4.767934288347905}, "step": 99}
Step:99	{"loss": {"intent_margin_loss": 0.0024967666249722242}, "step": 99}
Step:99	{"loss": {"slot_loss": 6.767025780235408}, "step": 99}
Step:99	{"loss": {"slot_est_loss": 5.980070998767045}, "step": 99}
Step:99	{"loss": {"slot_margin_loss": 0.7869548797607422}, "step": 99}
Step:99	{"loss": {"total_loss": 11.537456840920274}, "step": 99}
Step:100	{"loss": {"intent_loss": 3.918368553742039}, "step": 100}
Step:100	{"loss": {"intent_est_loss": 3.915871185864308}, "step": 100}
Step:100	{"loss": {"intent_margin_loss": 0.0024973470717668533}, "step": 100}
Step:100	{"loss": {"slot_loss": 6.267774966231077}, "step": 100}
Step:100	{"loss": {"slot_est_loss": 5.532627153320943}, "step": 100}
Step:100	{"loss": {"slot_margin_loss": 0.7351474165916443}, "step": 100}
Step:100	{"loss": {"total_loss": 10.186143519973115}, "step": 100}
Step:101	{"loss": {"intent_loss": 4.587526136090672}, "step": 101}
Step:101	{"loss": {"intent_est_loss": 4.585028400633736}, "step": 101}
Step:101	{"loss": {"intent_margin_loss": 0.002497749635949731}, "step": 101}
Step:101	{"loss": {"slot_loss": 6.1370042776863505}, "step": 101}
Step:101	{"loss": {"slot_est_loss": 5.4297978490008925}, "step": 101}
Step:101	{"loss": {"slot_margin_loss": 0.7072063684463501}, "step": 101}
Step:101	{"loss": {"total_loss": 10.724530413777021}, "step": 101}
Step:102	{"loss": {"intent_loss": 6.576137195103008}, "step": 102}
Step:102	{"loss": {"intent_est_loss": 6.573639228950575}, "step": 102}
Step:102	{"loss": {"intent_margin_loss": 0.0024979624431580305}, "step": 102}
Step:102	{"loss": {"slot_loss": 6.646651020023277}, "step": 102}
Step:102	{"loss": {"slot_est_loss": 5.895847524574501}, "step": 102}
Step:102	{"loss": {"slot_margin_loss": 0.7508028149604797}, "step": 102}
Step:102	{"loss": {"total_loss": 13.222788215126284}, "step": 102}
Step:103	{"loss": {"intent_loss": 2.7382219994859054}, "step": 103}
Step:103	{"loss": {"intent_est_loss": 2.7357240287103157}, "step": 103}
Step:103	{"loss": {"intent_margin_loss": 0.002497974783182144}, "step": 103}
Step:103	{"loss": {"slot_loss": 6.093179043807331}, "step": 103}
Step:103	{"loss": {"slot_est_loss": 5.365736840537268}, "step": 103}
Step:103	{"loss": {"slot_margin_loss": 0.7274418473243713}, "step": 103}
Step:103	{"loss": {"total_loss": 8.831401043293237}, "step": 103}
Step:104	{"loss": {"intent_loss": 3.9051258377075997}, "step": 104}
Step:104	{"loss": {"intent_est_loss": 3.902628047928738}, "step": 104}
Step:104	{"loss": {"intent_margin_loss": 0.002497802721336484}, "step": 104}
Step:104	{"loss": {"slot_loss": 6.5130734411883076}, "step": 104}
Step:104	{"loss": {"slot_est_loss": 5.775221716321531}, "step": 104}
Step:104	{"loss": {"slot_margin_loss": 0.7378518581390381}, "step": 104}
Step:104	{"loss": {"total_loss": 10.418199278895907}, "step": 104}
Step:105	{"loss": {"intent_loss": 4.0358460388204636}, "step": 105}
Step:105	{"loss": {"intent_est_loss": 4.033348203415887}, "step": 105}
Step:105	{"loss": {"intent_margin_loss": 0.0024978071451187134}, "step": 105}
Step:105	{"loss": {"slot_loss": 6.353647509345329}, "step": 105}
Step:105	{"loss": {"slot_est_loss": 5.600983657082522}, "step": 105}
Step:105	{"loss": {"slot_margin_loss": 0.7526642680168152}, "step": 105}
Step:105	{"loss": {"total_loss": 10.389493548165792}, "step": 105}
Step:106	{"loss": {"intent_loss": 4.340518908383097}, "step": 106}
Step:106	{"loss": {"intent_est_loss": 4.338021163002115}, "step": 106}
Step:106	{"loss": {"intent_margin_loss": 0.002497763140127063}, "step": 106}
Step:106	{"loss": {"slot_loss": 6.324354839720758}, "step": 106}
Step:106	{"loss": {"slot_est_loss": 5.596640445821677}, "step": 106}
Step:106	{"loss": {"slot_margin_loss": 0.7277151942253113}, "step": 106}
Step:106	{"loss": {"total_loss": 10.664873748103854}, "step": 106}
Step:107	{"loss": {"intent_loss": 3.334298189685075}, "step": 107}
Step:107	{"loss": {"intent_est_loss": 3.3318010083439717}, "step": 107}
Step:107	{"loss": {"intent_margin_loss": 0.002497176406905055}, "step": 107}
Step:107	{"loss": {"slot_loss": 6.217519634007477}, "step": 107}
Step:107	{"loss": {"slot_est_loss": 5.495451925246748}, "step": 107}
Step:107	{"loss": {"slot_margin_loss": 0.7220680117607117}, "step": 107}
Step:107	{"loss": {"total_loss": 9.551817823692552}, "step": 107}
Step:108	{"loss": {"intent_loss": 3.2590091776408396}, "step": 108}
Step:108	{"loss": {"intent_est_loss": 3.2565116183119214}, "step": 108}
Step:108	{"loss": {"intent_margin_loss": 0.002497568726539612}, "step": 108}
Step:108	{"loss": {"slot_loss": 6.112078253738582}, "step": 108}
Step:108	{"loss": {"slot_est_loss": 5.416923666989902}, "step": 108}
Step:108	{"loss": {"slot_margin_loss": 0.6951541900634766}, "step": 108}
Step:108	{"loss": {"total_loss": 9.371087431379422}, "step": 108}
Step:109	{"loss": {"intent_loss": 3.817117114314534}, "step": 109}
Step:109	{"loss": {"intent_est_loss": 3.8146199405335177}, "step": 109}
Step:109	{"loss": {"intent_margin_loss": 0.002497161040082574}, "step": 109}
Step:109	{"loss": {"slot_loss": 6.327127665019347}, "step": 109}
Step:109	{"loss": {"slot_est_loss": 5.6054264274716905}, "step": 109}
Step:109	{"loss": {"slot_margin_loss": 0.7217015624046326}, "step": 109}
Step:109	{"loss": {"total_loss": 10.144244779333881}, "step": 109}
Step:110	{"loss": {"intent_loss": 4.043194525104256}, "step": 110}
Step:110	{"loss": {"intent_est_loss": 4.040696296319942}, "step": 110}
Step:110	{"loss": {"intent_margin_loss": 0.0024981917813420296}, "step": 110}
Step:110	{"loss": {"slot_loss": 6.56602479622814}, "step": 110}
Step:110	{"loss": {"slot_est_loss": 5.809535019658513}, "step": 110}
Step:110	{"loss": {"slot_margin_loss": 0.7564895749092102}, "step": 110}
Step:110	{"loss": {"total_loss": 10.609219321332397}, "step": 110}
Step:111	{"loss": {"intent_loss": 3.477256819399188}, "step": 111}
Step:111	{"loss": {"intent_est_loss": 3.4747595139240697}, "step": 111}
Step:111	{"loss": {"intent_margin_loss": 0.0024973303079605103}, "step": 111}
Step:111	{"loss": {"slot_loss": 6.250205727660789}, "step": 111}
Step:111	{"loss": {"slot_est_loss": 5.522745064203613}, "step": 111}
Step:111	{"loss": {"slot_margin_loss": 0.7274616360664368}, "step": 111}
Step:111	{"loss": {"total_loss": 9.727462547059977}, "step": 111}
Step:112	{"loss": {"intent_loss": 3.0330413715309925}, "step": 112}
Step:112	{"loss": {"intent_est_loss": 3.0305431297612873}, "step": 112}
Step:112	{"loss": {"intent_margin_loss": 0.0024982369504868984}, "step": 112}
Step:112	{"loss": {"slot_loss": 6.13275747753213}, "step": 112}
Step:112	{"loss": {"slot_est_loss": 5.422902113740558}, "step": 112}
Step:112	{"loss": {"slot_margin_loss": 0.7098556160926819}, "step": 112}
Step:112	{"loss": {"total_loss": 9.165798849063123}, "step": 112}
Step:113	{"loss": {"intent_loss": 5.375922396648822}, "step": 113}
Step:113	{"loss": {"intent_est_loss": 5.3734250303819815}, "step": 113}
Step:113	{"loss": {"intent_margin_loss": 0.0024973435793071985}, "step": 113}
Step:113	{"loss": {"slot_loss": 6.199259237101076}, "step": 113}
Step:113	{"loss": {"slot_est_loss": 5.487050134595483}, "step": 113}
Step:113	{"loss": {"slot_margin_loss": 0.71220862865448}, "step": 113}
Step:113	{"loss": {"total_loss": 11.5751816337499}, "step": 113}
Step:114	{"loss": {"intent_loss": 4.642652214339609}, "step": 114}
Step:114	{"loss": {"intent_est_loss": 4.640155567924381}, "step": 114}
Step:114	{"loss": {"intent_margin_loss": 0.0024966192431747913}, "step": 114}
Step:114	{"loss": {"slot_loss": 6.477431329968372}, "step": 114}
Step:114	{"loss": {"slot_est_loss": 5.735361286537953}, "step": 114}
Step:114	{"loss": {"slot_margin_loss": 0.7420712113380432}, "step": 114}
Step:114	{"loss": {"total_loss": 11.120083544307981}, "step": 114}
Step:115	{"loss": {"intent_loss": 3.4475375373913217}, "step": 115}
Step:115	{"loss": {"intent_est_loss": 3.445039269352845}, "step": 115}
Step:115	{"loss": {"intent_margin_loss": 0.0024982630275189877}, "step": 115}
Step:115	{"loss": {"slot_loss": 6.012962253909796}, "step": 115}
Step:115	{"loss": {"slot_est_loss": 5.3043722263653565}, "step": 115}
Step:115	{"loss": {"slot_margin_loss": 0.7085903286933899}, "step": 115}
Step:115	{"loss": {"total_loss": 9.460499791301118}, "step": 115}
Step:116	{"loss": {"intent_loss": 5.566246901271005}, "step": 116}
Step:116	{"loss": {"intent_est_loss": 5.563749343104427}, "step": 116}
Step:116	{"loss": {"intent_margin_loss": 0.0024975754786282778}, "step": 116}
Step:116	{"loss": {"slot_loss": 6.349198609002632}, "step": 116}
Step:116	{"loss": {"slot_est_loss": 5.632641007110945}, "step": 116}
Step:116	{"loss": {"slot_margin_loss": 0.7165579199790955}, "step": 116}
Step:116	{"loss": {"total_loss": 11.915445510273637}, "step": 116}
Step:117	{"loss": {"intent_loss": 3.6591592878259647}, "step": 117}
Step:117	{"loss": {"intent_est_loss": 3.6566620096771683}, "step": 117}
Step:117	{"loss": {"intent_margin_loss": 0.002497272565960884}, "step": 117}
Step:117	{"loss": {"slot_loss": 6.154286517755821}, "step": 117}
Step:117	{"loss": {"slot_est_loss": 5.439879172953073}, "step": 117}
Step:117	{"loss": {"slot_margin_loss": 0.7144069671630859}, "step": 117}
Step:117	{"loss": {"total_loss": 9.813445805581786}, "step": 117}
Step:118	{"loss": {"intent_loss": 4.193500250881704}, "step": 118}
Step:118	{"loss": {"intent_est_loss": 4.1910033920605185}, "step": 118}
Step:118	{"loss": {"intent_margin_loss": 0.0024968415964394808}, "step": 118}
Step:118	{"loss": {"slot_loss": 6.308097103371975}, "step": 118}
Step:118	{"loss": {"slot_est_loss": 5.596726402244534}, "step": 118}
Step:118	{"loss": {"slot_margin_loss": 0.7113705277442932}, "step": 118}
Step:118	{"loss": {"total_loss": 10.50159735425368}, "step": 118}
Step:119	{"loss": {"intent_loss": 4.476581332272331}, "step": 119}
Step:119	{"loss": {"intent_est_loss": 4.47408491285278}, "step": 119}
Step:119	{"loss": {"intent_margin_loss": 0.0024964171461760998}, "step": 119}
Step:119	{"loss": {"slot_loss": 5.986170096480056}, "step": 119}
Step:119	{"loss": {"slot_est_loss": 5.2955349258263436}, "step": 119}
Step:119	{"loss": {"slot_margin_loss": 0.6906348466873169}, "step": 119}
Step:119	{"loss": {"total_loss": 10.462751428752387}, "step": 119}
Step:120	{"loss": {"intent_loss": 5.371430155150304}, "step": 120}
Step:120	{"loss": {"intent_est_loss": 5.368933276075034}, "step": 120}
Step:120	{"loss": {"intent_margin_loss": 0.002496863016858697}, "step": 120}
Step:120	{"loss": {"slot_loss": 6.3071647750155435}, "step": 120}
Step:120	{"loss": {"slot_est_loss": 5.577576454693907}, "step": 120}
Step:120	{"loss": {"slot_margin_loss": 0.7295880317687988}, "step": 120}
Step:120	{"loss": {"total_loss": 11.678594930165847}, "step": 120}
Step:121	{"loss": {"intent_loss": 3.245710722886723}, "step": 121}
Step:121	{"loss": {"intent_est_loss": 3.2432128575659585}, "step": 121}
Step:121	{"loss": {"intent_margin_loss": 0.0024978683795779943}, "step": 121}
Step:121	{"loss": {"slot_loss": 6.21787364685443}, "step": 121}
Step:121	{"loss": {"slot_est_loss": 5.484889400796958}, "step": 121}
Step:121	{"loss": {"slot_margin_loss": 0.7329838871955872}, "step": 121}
Step:121	{"loss": {"total_loss": 9.463584369741152}, "step": 121}
Step:122	{"loss": {"intent_loss": 2.984092437112486}, "step": 122}
Step:122	{"loss": {"intent_est_loss": 2.9815950552179875}, "step": 122}
Step:122	{"loss": {"intent_margin_loss": 0.0024973656982183456}, "step": 122}
Step:122	{"loss": {"slot_loss": 6.092247302585735}, "step": 122}
Step:122	{"loss": {"slot_est_loss": 5.388044409023127}, "step": 122}
Step:122	{"loss": {"slot_margin_loss": 0.7042031288146973}, "step": 122}
Step:122	{"loss": {"total_loss": 9.07633973969822}, "step": 122}
Step:123	{"loss": {"intent_loss": 4.70901401924275}, "step": 123}
Step:123	{"loss": {"intent_est_loss": 4.706517481193076}, "step": 123}
Step:123	{"loss": {"intent_margin_loss": 0.0024965382181108}, "step": 123}
Step:123	{"loss": {"slot_loss": 6.189512781926879}, "step": 123}
Step:123	{"loss": {"slot_est_loss": 5.4872034871543445}, "step": 123}
Step:123	{"loss": {"slot_margin_loss": 0.7023093700408936}, "step": 123}
Step:123	{"loss": {"total_loss": 10.89852680116963}, "step": 123}
Step:124	{"loss": {"intent_loss": 4.235294317816809}, "step": 124}
Step:124	{"loss": {"intent_est_loss": 4.232797266375564}, "step": 124}
Step:124	{"loss": {"intent_margin_loss": 0.0024970120284706354}, "step": 124}
Step:124	{"loss": {"slot_loss": 5.900840969209079}, "step": 124}
Step:124	{"loss": {"slot_est_loss": 5.229987588006772}, "step": 124}
Step:124	{"loss": {"slot_margin_loss": 0.670852780342102}, "step": 124}
Step:124	{"loss": {"total_loss": 10.136135287025887}, "step": 124}
Step:125	{"loss": {"intent_loss": 2.9983639306905365}, "step": 125}
Step:125	{"loss": {"intent_est_loss": 2.995865418610994}, "step": 125}
Step:125	{"loss": {"intent_margin_loss": 0.0024985207710415125}, "step": 125}
Step:125	{"loss": {"slot_loss": 6.059769197145944}, "step": 125}
Step:125	{"loss": {"slot_est_loss": 5.348932965233684}, "step": 125}
Step:125	{"loss": {"slot_margin_loss": 0.7108359336853027}, "step": 125}
Step:125	{"loss": {"total_loss": 9.05813312783648}, "step": 125}
Step:126	{"loss": {"intent_loss": 1.4968486091169337}, "step": 126}
Step:126	{"loss": {"intent_est_loss": 1.4943509701501154}, "step": 126}
Step:126	{"loss": {"intent_margin_loss": 0.00249764253385365}, "step": 126}
Step:126	{"loss": {"slot_loss": 5.908976700837958}, "step": 126}
Step:126	{"loss": {"slot_est_loss": 5.233301633375224}, "step": 126}
Step:126	{"loss": {"slot_margin_loss": 0.6756752729415894}, "step": 126}
Step:126	{"loss": {"total_loss": 7.405825309954892}, "step": 126}
Step:127	{"loss": {"intent_loss": 4.61722096168597}, "step": 127}
Step:127	{"loss": {"intent_est_loss": 4.614722870125842}, "step": 127}
Step:127	{"loss": {"intent_margin_loss": 0.0024980485904961824}, "step": 127}
Step:127	{"loss": {"slot_loss": 6.123347635439123}, "step": 127}
Step:127	{"loss": {"slot_est_loss": 5.406566753512007}, "step": 127}
Step:127	{"loss": {"slot_margin_loss": 0.716781497001648}, "step": 127}
Step:127	{"loss": {"total_loss": 10.740568597125094}, "step": 127}
Step:128	{"loss": {"intent_loss": 4.4279564172713455}, "step": 128}
Step:128	{"loss": {"intent_est_loss": 4.425459264982056}, "step": 128}
Step:128	{"loss": {"intent_margin_loss": 0.002497150329872966}, "step": 128}
Step:128	{"loss": {"slot_loss": 6.019506351684674}, "step": 128}
Step:128	{"loss": {"slot_est_loss": 5.324813726160222}, "step": 128}
Step:128	{"loss": {"slot_margin_loss": 0.694692075252533}, "step": 128}
Step:128	{"loss": {"total_loss": 10.447462768956019}, "step": 128}
Step:129	{"loss": {"intent_loss": 2.4636966887475826}, "step": 129}
Step:129	{"loss": {"intent_est_loss": 2.461199727618074}, "step": 129}
Step:129	{"loss": {"intent_margin_loss": 0.0024969582445919514}, "step": 129}
Step:129	{"loss": {"slot_loss": 5.70088303709054}, "step": 129}
Step:129	{"loss": {"slot_est_loss": 5.022886205854599}, "step": 129}
Step:129	{"loss": {"slot_margin_loss": 0.6779968738555908}, "step": 129}
Step:129	{"loss": {"total_loss": 8.164579725838122}, "step": 129}
Step:130	{"loss": {"intent_loss": 3.1126644082203696}, "step": 130}
Step:130	{"loss": {"intent_est_loss": 3.110167100692343}, "step": 130}
Step:130	{"loss": {"intent_margin_loss": 0.002497307723388076}, "step": 130}
Step:130	{"loss": {"slot_loss": 5.871316076954819}, "step": 130}
Step:130	{"loss": {"slot_est_loss": 5.203049109509448}, "step": 130}
Step:130	{"loss": {"slot_margin_loss": 0.6682659983634949}, "step": 130}
Step:130	{"loss": {"total_loss": 8.983980485175188}, "step": 130}
Step:131	{"loss": {"intent_loss": 6.034219224744455}, "step": 131}
Step:131	{"loss": {"intent_est_loss": 6.0317215709914365}, "step": 131}
Step:131	{"loss": {"intent_margin_loss": 0.002497668843716383}, "step": 131}
Step:131	{"loss": {"slot_loss": 6.165998720895734}, "step": 131}
Step:131	{"loss": {"slot_est_loss": 5.472992013080516}, "step": 131}
Step:131	{"loss": {"slot_margin_loss": 0.6930081844329834}, "step": 131}
Step:131	{"loss": {"total_loss": 12.20021794564019}, "step": 131}
Step:132	{"loss": {"intent_loss": 2.6979080704266383}, "step": 132}
Step:132	{"loss": {"intent_est_loss": 2.6954113583182306}, "step": 132}
Step:132	{"loss": {"intent_margin_loss": 0.002496709581464529}, "step": 132}
Step:132	{"loss": {"slot_loss": 5.715323378657926}, "step": 132}
Step:132	{"loss": {"slot_est_loss": 5.042658332327841}, "step": 132}
Step:132	{"loss": {"slot_margin_loss": 0.6726651787757874}, "step": 132}
Step:132	{"loss": {"total_loss": 8.413231449084565}, "step": 132}
Step:133	{"loss": {"intent_loss": 3.624674271299231}, "step": 133}
Step:133	{"loss": {"intent_est_loss": 3.6221759118194377}, "step": 133}
Step:133	{"loss": {"intent_margin_loss": 0.0024983694311231375}, "step": 133}
Step:133	{"loss": {"slot_loss": 6.149788243707731}, "step": 133}
Step:133	{"loss": {"slot_est_loss": 5.438361065037312}, "step": 133}
Step:133	{"loss": {"slot_margin_loss": 0.7114272713661194}, "step": 133}
Step:133	{"loss": {"total_loss": 9.774462515006963}, "step": 133}
Step:134	{"loss": {"intent_loss": 4.969436825756919}, "step": 134}
Step:134	{"loss": {"intent_est_loss": 4.966939233630546}, "step": 134}
Step:134	{"loss": {"intent_margin_loss": 0.0024976490531116724}, "step": 134}
Step:134	{"loss": {"slot_loss": 5.840985688840739}, "step": 134}
Step:134	{"loss": {"slot_est_loss": 5.17417570633697}, "step": 134}
Step:134	{"loss": {"slot_margin_loss": 0.6668092608451843}, "step": 134}
Step:134	{"loss": {"total_loss": 10.810422514597658}, "step": 134}
Step:135	{"loss": {"intent_loss": 3.7424414611054067}, "step": 135}
Step:135	{"loss": {"intent_est_loss": 3.739944239482056}, "step": 135}
Step:135	{"loss": {"intent_margin_loss": 0.0024972243700176477}, "step": 135}
Step:135	{"loss": {"slot_loss": 5.869646610430202}, "step": 135}
Step:135	{"loss": {"slot_est_loss": 5.191450074574099}, "step": 135}
Step:135	{"loss": {"slot_margin_loss": 0.6781961917877197}, "step": 135}
Step:135	{"loss": {"total_loss": 9.61208807153561}, "step": 135}
Step:136	{"loss": {"intent_loss": 5.596205117306459}, "step": 136}
Step:136	{"loss": {"intent_est_loss": 5.593707124819779}, "step": 136}
Step:136	{"loss": {"intent_margin_loss": 0.0024979873560369015}, "step": 136}
Step:136	{"loss": {"slot_loss": 6.203074527462019}, "step": 136}
Step:136	{"loss": {"slot_est_loss": 5.489851290261138}, "step": 136}
Step:136	{"loss": {"slot_margin_loss": 0.7132231593132019}, "step": 136}
Step:136	{"loss": {"total_loss": 11.799279644768479}, "step": 136}
Step:137	{"loss": {"intent_loss": 4.0166044177592966}, "step": 137}
Step:137	{"loss": {"intent_est_loss": 4.014107360735583}, "step": 137}
Step:137	{"loss": {"intent_margin_loss": 0.0024970262311398983}, "step": 137}
Step:137	{"loss": {"slot_loss": 6.118089912470878}, "step": 137}
Step:137	{"loss": {"slot_est_loss": 5.394122471642919}, "step": 137}
Step:137	{"loss": {"slot_margin_loss": 0.7239670157432556}, "step": 137}
Step:137	{"loss": {"total_loss": 10.134694330230175}, "step": 137}
Step:138	{"loss": {"intent_loss": 3.1158624012059533}, "step": 138}
Step:138	{"loss": {"intent_est_loss": 3.1133646433732816}, "step": 138}
Step:138	{"loss": {"intent_margin_loss": 0.0024977489374578}, "step": 138}
Step:138	{"loss": {"slot_loss": 5.620196048403161}, "step": 138}
Step:138	{"loss": {"slot_est_loss": 4.956115647585828}, "step": 138}
Step:138	{"loss": {"slot_margin_loss": 0.664080798625946}, "step": 138}
Step:138	{"loss": {"total_loss": 8.736058449609114}, "step": 138}
Step:139	{"loss": {"intent_loss": 4.628447315931779}, "step": 139}
Step:139	{"loss": {"intent_est_loss": 4.625949221637726}, "step": 139}
Step:139	{"loss": {"intent_margin_loss": 0.0024980860762298107}, "step": 139}
Step:139	{"loss": {"slot_loss": 6.064066922845086}, "step": 139}
Step:139	{"loss": {"slot_est_loss": 5.375969095563051}, "step": 139}
Step:139	{"loss": {"slot_margin_loss": 0.688097357749939}, "step": 139}
Step:139	{"loss": {"total_loss": 10.692514238776866}, "step": 139}
Step:140	{"loss": {"intent_loss": 3.859161997934639}, "step": 140}
Step:140	{"loss": {"intent_est_loss": 3.8566639200016626}, "step": 140}
Step:140	{"loss": {"intent_margin_loss": 0.002498053479939699}, "step": 140}
Step:140	{"loss": {"slot_loss": 6.035263177653544}, "step": 140}
Step:140	{"loss": {"slot_est_loss": 5.336766225122847}, "step": 140}
Step:140	{"loss": {"slot_margin_loss": 0.6984960436820984}, "step": 140}
Step:140	{"loss": {"total_loss": 9.894425175588182}, "step": 140}
Step:141	{"loss": {"intent_loss": 3.9732996929327813}, "step": 141}
Step:141	{"loss": {"intent_est_loss": 3.97080184902188}, "step": 141}
Step:141	{"loss": {"intent_margin_loss": 0.002497835783287883}, "step": 141}
Step:141	{"loss": {"slot_loss": 5.9904531501408185}, "step": 141}
Step:141	{"loss": {"slot_est_loss": 5.306030381767773}, "step": 141}
Step:141	{"loss": {"slot_margin_loss": 0.6844230890274048}, "step": 141}
Step:141	{"loss": {"total_loss": 9.9637528430736}, "step": 141}
Step:142	{"loss": {"intent_loss": 2.735079110657533}, "step": 142}
Step:142	{"loss": {"intent_est_loss": 2.732582090507643}, "step": 142}
Step:142	{"loss": {"intent_margin_loss": 0.0024970383383333683}, "step": 142}
Step:142	{"loss": {"slot_loss": 5.495662676630309}, "step": 142}
Step:142	{"loss": {"slot_est_loss": 4.849235400825269}, "step": 142}
Step:142	{"loss": {"slot_margin_loss": 0.6464265584945679}, "step": 142}
Step:142	{"loss": {"total_loss": 8.230741787287842}, "step": 142}
Step:143	{"loss": {"intent_loss": 4.0859503686729965}, "step": 143}
Step:143	{"loss": {"intent_est_loss": 4.083453301440381}, "step": 143}
Step:143	{"loss": {"intent_margin_loss": 0.002497056731954217}, "step": 143}
Step:143	{"loss": {"slot_loss": 5.960967342444937}, "step": 143}
Step:143	{"loss": {"slot_est_loss": 5.295701156623539}, "step": 143}
Step:143	{"loss": {"slot_margin_loss": 0.6652659773826599}, "step": 143}
Step:143	{"loss": {"total_loss": 10.046917711117935}, "step": 143}
Step:144	{"loss": {"intent_loss": 6.6061056865888474}, "step": 144}
Step:144	{"loss": {"intent_est_loss": 6.603607701419966}, "step": 144}
Step:144	{"loss": {"intent_margin_loss": 0.0024979584850370884}, "step": 144}
Step:144	{"loss": {"slot_loss": 6.087414249731236}, "step": 144}
Step:144	{"loss": {"slot_est_loss": 5.409778342238862}, "step": 144}
Step:144	{"loss": {"slot_margin_loss": 0.6776367425918579}, "step": 144}
Step:144	{"loss": {"total_loss": 12.693519936320083}, "step": 144}
Step:145	{"loss": {"intent_loss": 3.8311113057949133}, "step": 145}
Step:145	{"loss": {"intent_est_loss": 3.828613905224484}, "step": 145}
Step:145	{"loss": {"intent_margin_loss": 0.002497392473742366}, "step": 145}
Step:145	{"loss": {"slot_loss": 5.787665346520948}, "step": 145}
Step:145	{"loss": {"slot_est_loss": 5.122615222324383}, "step": 145}
Step:145	{"loss": {"slot_margin_loss": 0.6650503277778625}, "step": 145}
Step:145	{"loss": {"total_loss": 9.618776652315862}, "step": 145}
Step:146	{"loss": {"intent_loss": 3.4235105583091343}, "step": 146}
Step:146	{"loss": {"intent_est_loss": 3.4210133404805685}, "step": 146}
Step:146	{"loss": {"intent_margin_loss": 0.0024972104001790285}, "step": 146}
Step:146	{"loss": {"slot_loss": 6.157706331502418}, "step": 146}
Step:146	{"loss": {"slot_est_loss": 5.470583148580039}, "step": 146}
Step:146	{"loss": {"slot_margin_loss": 0.6871225833892822}, "step": 146}
Step:146	{"loss": {"total_loss": 9.581216889811552}, "step": 146}
Step:147	{"loss": {"intent_loss": 2.828521855715371}, "step": 147}
Step:147	{"loss": {"intent_est_loss": 2.8260248208316585}, "step": 147}
Step:147	{"loss": {"intent_margin_loss": 0.002497031120583415}, "step": 147}
Step:147	{"loss": {"slot_loss": 5.590401088172805}, "step": 147}
Step:147	{"loss": {"slot_est_loss": 4.935519277310236}, "step": 147}
Step:147	{"loss": {"slot_margin_loss": 0.6548815965652466}, "step": 147}
Step:147	{"loss": {"total_loss": 8.418922943888177}, "step": 147}
Step:148	{"loss": {"intent_loss": 3.645774471560073}, "step": 148}
Step:148	{"loss": {"intent_est_loss": 3.643277443260742}, "step": 148}
Step:148	{"loss": {"intent_margin_loss": 0.002497021108865738}, "step": 148}
Step:148	{"loss": {"slot_loss": 6.031491912272746}, "step": 148}
Step:148	{"loss": {"slot_est_loss": 5.3525661869789385}, "step": 148}
Step:148	{"loss": {"slot_margin_loss": 0.6789252758026123}, "step": 148}
Step:148	{"loss": {"total_loss": 9.67726638383282}, "step": 148}
Step:149	{"loss": {"intent_loss": 4.365303255248369}, "step": 149}
Step:149	{"loss": {"intent_est_loss": 4.362805590903367}, "step": 149}
Step:149	{"loss": {"intent_margin_loss": 0.002497655339539051}, "step": 149}
Step:149	{"loss": {"slot_loss": 5.928650004637893}, "step": 149}
Step:149	{"loss": {"slot_est_loss": 5.2644726616330555}, "step": 149}
Step:149	{"loss": {"slot_margin_loss": 0.664177656173706}, "step": 149}
Step:149	{"loss": {"total_loss": 10.293953259886262}, "step": 149}
Step:150	{"loss": {"intent_loss": 1.8385748175020145}, "step": 150}
Step:150	{"loss": {"intent_est_loss": 1.8360784863347395}, "step": 150}
Step:150	{"loss": {"intent_margin_loss": 0.0024963226169347763}, "step": 150}
Step:150	{"loss": {"slot_loss": 5.496309135050977}, "step": 150}
Step:150	{"loss": {"slot_est_loss": 4.846931783336896}, "step": 150}
Step:150	{"loss": {"slot_margin_loss": 0.6493772864341736}, "step": 150}
Step:150	{"loss": {"total_loss": 7.334883952552991}, "step": 150}
Step:151	{"loss": {"intent_loss": 5.18747261977805}, "step": 151}
Step:151	{"loss": {"intent_est_loss": 5.184975250868969}, "step": 151}
Step:151	{"loss": {"intent_margin_loss": 0.002497354056686163}, "step": 151}
Step:151	{"loss": {"slot_loss": 6.294608593487646}, "step": 151}
Step:151	{"loss": {"slot_est_loss": 5.567018421989631}, "step": 151}
Step:151	{"loss": {"slot_margin_loss": 0.7275905609130859}, "step": 151}
Step:151	{"loss": {"total_loss": 11.482081213265696}, "step": 151}
Step:152	{"loss": {"intent_loss": 4.578835438066372}, "step": 152}
Step:152	{"loss": {"intent_est_loss": 4.576338622353067}, "step": 152}
Step:152	{"loss": {"intent_margin_loss": 0.002496819943189621}, "step": 152}
Step:152	{"loss": {"slot_loss": 5.959246624866502}, "step": 152}
Step:152	{"loss": {"slot_est_loss": 5.283496577746703}, "step": 152}
Step:152	{"loss": {"slot_margin_loss": 0.675750732421875}, "step": 152}
Step:152	{"loss": {"total_loss": 10.538082062932874}, "step": 152}
Step:153	{"loss": {"intent_loss": 3.1430005214042436}, "step": 153}
Step:153	{"loss": {"intent_est_loss": 3.1405023254468722}, "step": 153}
Step:153	{"loss": {"intent_margin_loss": 0.002498183399438858}, "step": 153}
Step:153	{"loss": {"slot_loss": 5.980170704104239}, "step": 153}
Step:153	{"loss": {"slot_est_loss": 5.285516114498023}, "step": 153}
Step:153	{"loss": {"slot_margin_loss": 0.6946550011634827}, "step": 153}
Step:153	{"loss": {"total_loss": 9.123171225508482}, "step": 153}
Step:154	{"loss": {"intent_loss": 1.3614861276819306}, "step": 154}
Step:154	{"loss": {"intent_est_loss": 1.358987868906118}, "step": 154}
Step:154	{"loss": {"intent_margin_loss": 0.00249825743958354}, "step": 154}
Step:154	{"loss": {"slot_loss": 5.5010004545096365}, "step": 154}
Step:154	{"loss": {"slot_est_loss": 4.836344262328922}, "step": 154}
Step:154	{"loss": {"slot_margin_loss": 0.6646572351455688}, "step": 154}
Step:154	{"loss": {"total_loss": 6.862486582191567}, "step": 154}
Step:155	{"loss": {"intent_loss": 6.46365899493358}, "step": 155}
Step:155	{"loss": {"intent_est_loss": 6.461161417367463}, "step": 155}
Step:155	{"loss": {"intent_margin_loss": 0.0024975824635475874}, "step": 155}
Step:155	{"loss": {"slot_loss": 6.313491627364416}, "step": 155}
Step:155	{"loss": {"slot_est_loss": 5.630176008967101}, "step": 155}
Step:155	{"loss": {"slot_margin_loss": 0.6833152174949646}, "step": 155}
Step:155	{"loss": {"total_loss": 12.777150622297995}, "step": 155}
Step:156	{"loss": {"intent_loss": 5.548969629804176}, "step": 156}
Step:156	{"loss": {"intent_est_loss": 5.546471253193894}, "step": 156}
Step:156	{"loss": {"intent_margin_loss": 0.0024983403272926807}, "step": 156}
Step:156	{"loss": {"slot_loss": 5.95370886953896}, "step": 156}
Step:156	{"loss": {"slot_est_loss": 5.262034788506564}, "step": 156}
Step:156	{"loss": {"slot_margin_loss": 0.6916740536689758}, "step": 156}
Step:156	{"loss": {"total_loss": 11.502678499343137}, "step": 156}
Step:157	{"loss": {"intent_loss": 4.7293056391172295}, "step": 157}
Step:157	{"loss": {"intent_est_loss": 4.726808142194203}, "step": 157}
Step:157	{"loss": {"intent_margin_loss": 0.0024974814150482416}, "step": 157}
Step:157	{"loss": {"slot_loss": 5.781972471991341}, "step": 157}
Step:157	{"loss": {"slot_est_loss": 5.123256123988549}, "step": 157}
Step:157	{"loss": {"slot_margin_loss": 0.6587163209915161}, "step": 157}
Step:157	{"loss": {"total_loss": 10.51127811110857}, "step": 157}
Step:158	{"loss": {"intent_loss": 2.404441425995538}, "step": 158}
Step:158	{"loss": {"intent_est_loss": 2.4019442071356045}, "step": 158}
Step:158	{"loss": {"intent_margin_loss": 0.0024972062092274427}, "step": 158}
Step:158	{"loss": {"slot_loss": 5.514221614960111}, "step": 158}
Step:158	{"loss": {"slot_est_loss": 4.860513207846092}, "step": 158}
Step:158	{"loss": {"slot_margin_loss": 0.6537079811096191}, "step": 158}
Step:158	{"loss": {"total_loss": 7.918663040955649}, "step": 158}
Step:159	{"loss": {"intent_loss": 3.6748836694474476}, "step": 159}
Step:159	{"loss": {"intent_est_loss": 3.672386534003819}, "step": 159}
Step:159	{"loss": {"intent_margin_loss": 0.0024971477687358856}, "step": 159}
Step:159	{"loss": {"slot_loss": 5.852311997831551}, "step": 159}
Step:159	{"loss": {"slot_est_loss": 5.200131602754127}, "step": 159}
Step:159	{"loss": {"slot_margin_loss": 0.6521803140640259}, "step": 159}
Step:159	{"loss": {"total_loss": 9.527195667278999}, "step": 159}
Step:160	{"loss": {"intent_loss": 2.7421711597580742}, "step": 160}
Step:160	{"loss": {"intent_est_loss": 2.7396732760822458}, "step": 160}
Step:160	{"loss": {"intent_margin_loss": 0.0024978986475616693}, "step": 160}
Step:160	{"loss": {"slot_loss": 6.053315255977207}, "step": 160}
Step:160	{"loss": {"slot_est_loss": 5.348423053446451}, "step": 160}
Step:160	{"loss": {"slot_margin_loss": 0.704892635345459}, "step": 160}
Step:160	{"loss": {"total_loss": 8.795486415735281}, "step": 160}
Step:161	{"loss": {"intent_loss": 4.253582514496522}, "step": 161}
Step:161	{"loss": {"intent_est_loss": 4.251084679653471}, "step": 161}
Step:161	{"loss": {"intent_margin_loss": 0.002497818088158965}, "step": 161}
Step:161	{"loss": {"slot_loss": 5.857278650073575}, "step": 161}
Step:161	{"loss": {"slot_est_loss": 5.194256820203734}, "step": 161}
Step:161	{"loss": {"slot_margin_loss": 0.6630224585533142}, "step": 161}
Step:161	{"loss": {"total_loss": 10.110861164570096}, "step": 161}
Step:162	{"loss": {"intent_loss": 3.688552329778397}, "step": 162}
Step:162	{"loss": {"intent_est_loss": 3.686054474617407}, "step": 162}
Step:162	{"loss": {"intent_margin_loss": 0.002497861161828041}, "step": 162}
Step:162	{"loss": {"slot_loss": 5.49954956916044}, "step": 162}
Step:162	{"loss": {"slot_est_loss": 4.857441098283742}, "step": 162}
Step:162	{"loss": {"slot_margin_loss": 0.6421085000038147}, "step": 162}
Step:162	{"loss": {"total_loss": 9.188101898938836}, "step": 162}
Step:163	{"loss": {"intent_loss": 2.739624172437835}, "step": 163}
Step:163	{"loss": {"intent_est_loss": 2.737126289243313}, "step": 163}
Step:163	{"loss": {"intent_margin_loss": 0.002497862558811903}, "step": 163}
Step:163	{"loss": {"slot_loss": 5.416188703797524}, "step": 163}
Step:163	{"loss": {"slot_est_loss": 4.770668994862349}, "step": 163}
Step:163	{"loss": {"slot_margin_loss": 0.6455191373825073}, "step": 163}
Step:163	{"loss": {"total_loss": 8.155812876235359}, "step": 163}
Step:164	{"loss": {"intent_loss": 4.736992007445214}, "step": 164}
Step:164	{"loss": {"intent_est_loss": 4.734494644527872}, "step": 164}
Step:164	{"loss": {"intent_margin_loss": 0.0024973852559924126}, "step": 164}
Step:164	{"loss": {"slot_loss": 6.0634307211381415}, "step": 164}
Step:164	{"loss": {"slot_est_loss": 5.382249258924281}, "step": 164}
Step:164	{"loss": {"slot_margin_loss": 0.6811813712120056}, "step": 164}
Step:164	{"loss": {"total_loss": 10.800422728583357}, "step": 164}
Step:165	{"loss": {"intent_loss": 1.428356382266066}, "step": 165}
Step:165	{"loss": {"intent_est_loss": 1.4258590028206517}, "step": 165}
Step:165	{"loss": {"intent_margin_loss": 0.0024973852559924126}, "step": 165}
Step:165	{"loss": {"slot_loss": 5.344340272556293}, "step": 165}
Step:165	{"loss": {"slot_est_loss": 4.716229534806912}, "step": 165}
Step:165	{"loss": {"slot_margin_loss": 0.6281102299690247}, "step": 165}
Step:165	{"loss": {"total_loss": 6.772696654822359}, "step": 165}
Step:166	{"loss": {"intent_loss": 3.967052686568055}, "step": 166}
Step:166	{"loss": {"intent_est_loss": 3.964555719197966}, "step": 166}
Step:166	{"loss": {"intent_margin_loss": 0.002496971981599927}, "step": 166}
Step:166	{"loss": {"slot_loss": 5.896066908969075}, "step": 166}
Step:166	{"loss": {"slot_est_loss": 5.226107403266349}, "step": 166}
Step:166	{"loss": {"slot_margin_loss": 0.669959306716919}, "step": 166}
Step:166	{"loss": {"total_loss": 9.86311959553713}, "step": 166}
Step:167	{"loss": {"intent_loss": 4.012577494436125}, "step": 167}
Step:167	{"loss": {"intent_est_loss": 4.010080441930766}, "step": 167}
Step:167	{"loss": {"intent_margin_loss": 0.0024970422964543104}, "step": 167}
Step:167	{"loss": {"slot_loss": 5.870707173558196}, "step": 167}
Step:167	{"loss": {"slot_est_loss": 5.184133420127911}, "step": 167}
Step:167	{"loss": {"slot_margin_loss": 0.6865739822387695}, "step": 167}
Step:167	{"loss": {"total_loss": 9.883284667994321}, "step": 167}
Step:168	{"loss": {"intent_loss": 3.117566164313035}, "step": 168}
Step:168	{"loss": {"intent_est_loss": 3.1150691575938296}, "step": 168}
Step:168	{"loss": {"intent_margin_loss": 0.002497011097148061}, "step": 168}
Step:168	{"loss": {"slot_loss": 5.6277439988974844}, "step": 168}
Step:168	{"loss": {"slot_est_loss": 4.981194504039014}, "step": 168}
Step:168	{"loss": {"slot_margin_loss": 0.6465500593185425}, "step": 168}
Step:168	{"loss": {"total_loss": 8.745310163210519}, "step": 168}
Step:169	{"loss": {"intent_loss": 5.3452650031093025}, "step": 169}
Step:169	{"loss": {"intent_est_loss": 5.3427671923265825}, "step": 169}
Step:169	{"loss": {"intent_margin_loss": 0.002497852547094226}, "step": 169}
Step:169	{"loss": {"slot_loss": 6.117544547416029}, "step": 169}
Step:169	{"loss": {"slot_est_loss": 5.407636415225003}, "step": 169}
Step:169	{"loss": {"slot_margin_loss": 0.7099087238311768}, "step": 169}
Step:169	{"loss": {"total_loss": 11.462809550525332}, "step": 169}
Step:170	{"loss": {"intent_loss": 4.099860356215513}, "step": 170}
Step:170	{"loss": {"intent_est_loss": 4.09736266825057}, "step": 170}
Step:170	{"loss": {"intent_margin_loss": 0.002497657435014844}, "step": 170}
Step:170	{"loss": {"slot_loss": 5.766635106521417}, "step": 170}
Step:170	{"loss": {"slot_est_loss": 5.095081539708198}, "step": 170}
Step:170	{"loss": {"slot_margin_loss": 0.6715530753135681}, "step": 170}
Step:170	{"loss": {"total_loss": 9.86649546273693}, "step": 170}
Step:171	{"loss": {"intent_loss": 2.9919927185244894}, "step": 171}
Step:171	{"loss": {"intent_est_loss": 2.9894952004011413}, "step": 171}
Step:171	{"loss": {"intent_margin_loss": 0.0024975091218948364}, "step": 171}
Step:171	{"loss": {"slot_loss": 5.990613691310864}, "step": 171}
Step:171	{"loss": {"slot_est_loss": 5.325682837062054}, "step": 171}
Step:171	{"loss": {"slot_margin_loss": 0.6649311780929565}, "step": 171}
Step:171	{"loss": {"total_loss": 8.982606409835354}, "step": 171}
Step:172	{"loss": {"intent_loss": 3.507589444568658}, "step": 172}
Step:172	{"loss": {"intent_est_loss": 3.5050921931469894}, "step": 172}
Step:172	{"loss": {"intent_margin_loss": 0.002497224137187004}, "step": 172}
Step:172	{"loss": {"slot_loss": 5.454923806112495}, "step": 172}
Step:172	{"loss": {"slot_est_loss": 4.801624895285942}, "step": 172}
Step:172	{"loss": {"slot_margin_loss": 0.6532999873161316}, "step": 172}
Step:172	{"loss": {"total_loss": 8.962513250681154}, "step": 172}
Step:173	{"loss": {"intent_loss": 3.390203512733206}, "step": 173}
Step:173	{"loss": {"intent_est_loss": 3.3877059902093647}, "step": 173}
Step:173	{"loss": {"intent_margin_loss": 0.002497525420039892}, "step": 173}
Step:173	{"loss": {"slot_loss": 5.54196147150943}, "step": 173}
Step:173	{"loss": {"slot_est_loss": 4.890118005446861}, "step": 173}
Step:173	{"loss": {"slot_margin_loss": 0.6518441438674927}, "step": 173}
Step:173	{"loss": {"total_loss": 8.932164984242636}, "step": 173}
Step:174	{"loss": {"intent_loss": 2.8849135294683905}, "step": 174}
Step:174	{"loss": {"intent_est_loss": 2.882415638530434}, "step": 174}
Step:174	{"loss": {"intent_margin_loss": 0.002497901441529393}, "step": 174}
Step:174	{"loss": {"slot_loss": 5.6780028215318445}, "step": 174}
Step:174	{"loss": {"slot_est_loss": 5.036531470890605}, "step": 174}
Step:174	{"loss": {"slot_margin_loss": 0.641470193862915}, "step": 174}
Step:174	{"loss": {"total_loss": 8.562916351000235}, "step": 174}
Step:175	{"loss": {"intent_loss": 4.348305702886128}, "step": 175}
Step:175	{"loss": {"intent_est_loss": 4.345808067645338}, "step": 175}
Step:175	{"loss": {"intent_margin_loss": 0.0024976131971925497}, "step": 175}
Step:175	{"loss": {"slot_loss": 5.989431675954246}, "step": 175}
Step:175	{"loss": {"slot_est_loss": 5.32544282344752}, "step": 175}
Step:175	{"loss": {"slot_margin_loss": 0.6639884114265442}, "step": 175}
Step:175	{"loss": {"total_loss": 10.337737378840373}, "step": 175}
Step:176	{"loss": {"intent_loss": 4.17709902414208}, "step": 176}
Step:176	{"loss": {"intent_est_loss": 4.174601216188246}, "step": 176}
Step:176	{"loss": {"intent_margin_loss": 0.0024977782741189003}, "step": 176}
Step:176	{"loss": {"slot_loss": 5.40517584290939}, "step": 176}
Step:176	{"loss": {"slot_est_loss": 4.773742731328805}, "step": 176}
Step:176	{"loss": {"slot_margin_loss": 0.6314324140548706}, "step": 176}
Step:176	{"loss": {"total_loss": 9.58227486705147}, "step": 176}
Step:177	{"loss": {"intent_loss": 3.247202607017605}, "step": 177}
Step:177	{"loss": {"intent_est_loss": 3.244704745160928}, "step": 177}
Step:177	{"loss": {"intent_margin_loss": 0.0024978758301585913}, "step": 177}
Step:177	{"loss": {"slot_loss": 5.818226223601957}, "step": 177}
Step:177	{"loss": {"slot_est_loss": 5.156122575100745}, "step": 177}
Step:177	{"loss": {"slot_margin_loss": 0.6621037721633911}, "step": 177}
Step:177	{"loss": {"total_loss": 9.065428830619561}, "step": 177}
Step:178	{"loss": {"intent_loss": 4.101775496897247}, "step": 178}
Step:178	{"loss": {"intent_est_loss": 4.099277823024388}, "step": 178}
Step:178	{"loss": {"intent_margin_loss": 0.0024976327549666166}, "step": 178}
Step:178	{"loss": {"slot_loss": 5.6303170649567535}, "step": 178}
Step:178	{"loss": {"slot_est_loss": 4.986093524200249}, "step": 178}
Step:178	{"loss": {"slot_margin_loss": 0.6442238092422485}, "step": 178}
Step:178	{"loss": {"total_loss": 9.732092561854}, "step": 178}
Step:179	{"loss": {"intent_loss": 3.598208887600043}, "step": 179}
Step:179	{"loss": {"intent_est_loss": 3.5957117832087553}, "step": 179}
Step:179	{"loss": {"intent_margin_loss": 0.00249710981734097}, "step": 179}
Step:179	{"loss": {"slot_loss": 5.614057936414623}, "step": 179}
Step:179	{"loss": {"slot_est_loss": 4.99095696194563}, "step": 179}
Step:179	{"loss": {"slot_margin_loss": 0.6231008172035217}, "step": 179}
Step:179	{"loss": {"total_loss": 9.212266824014666}, "step": 179}
Step:180	{"loss": {"intent_loss": 3.021892543933793}, "step": 180}
Step:180	{"loss": {"intent_est_loss": 3.0193947888186816}, "step": 180}
Step:180	{"loss": {"intent_margin_loss": 0.0024977317079901695}, "step": 180}
Step:180	{"loss": {"slot_loss": 5.370523204316855}, "step": 180}
Step:180	{"loss": {"slot_est_loss": 4.743788874434546}, "step": 180}
Step:180	{"loss": {"slot_margin_loss": 0.6267344951629639}, "step": 180}
Step:180	{"loss": {"total_loss": 8.392415748250649}, "step": 180}
Step:181	{"loss": {"intent_loss": 4.363763852700506}, "step": 181}
Step:181	{"loss": {"intent_est_loss": 4.361266586394421}, "step": 181}
Step:181	{"loss": {"intent_margin_loss": 0.0024972856044769287}, "step": 181}
Step:181	{"loss": {"slot_loss": 5.996240906376614}, "step": 181}
Step:181	{"loss": {"slot_est_loss": 5.335917527135463}, "step": 181}
Step:181	{"loss": {"slot_margin_loss": 0.6603235602378845}, "step": 181}
Step:181	{"loss": {"total_loss": 10.360004759077121}, "step": 181}
Step:182	{"loss": {"intent_loss": 2.73196564896898}, "step": 182}
Step:182	{"loss": {"intent_est_loss": 2.729468252727018}, "step": 182}
Step:182	{"loss": {"intent_margin_loss": 0.002497404580935836}, "step": 182}
Step:182	{"loss": {"slot_loss": 5.36952044175705}, "step": 182}
Step:182	{"loss": {"slot_est_loss": 4.74624097115011}, "step": 182}
Step:182	{"loss": {"slot_margin_loss": 0.6232802271842957}, "step": 182}
Step:182	{"loss": {"total_loss": 8.10148609072603}, "step": 182}
Step:183	{"loss": {"intent_loss": 7.327193914796956}, "step": 183}
Step:183	{"loss": {"intent_est_loss": 7.324696161446642}, "step": 183}
Step:183	{"loss": {"intent_margin_loss": 0.002497753594070673}, "step": 183}
Step:183	{"loss": {"slot_loss": 5.902118737885031}, "step": 183}
Step:183	{"loss": {"slot_est_loss": 5.2441566532245}, "step": 183}
Step:183	{"loss": {"slot_margin_loss": 0.6579622030258179}, "step": 183}
Step:183	{"loss": {"total_loss": 13.229312652681987}, "step": 183}
Step:184	{"loss": {"intent_loss": 4.707926248361777}, "step": 184}
Step:184	{"loss": {"intent_est_loss": 4.7054284034587885}, "step": 184}
Step:184	{"loss": {"intent_margin_loss": 0.002497840439900756}, "step": 184}
Step:184	{"loss": {"slot_loss": 5.7913911189534515}, "step": 184}
Step:184	{"loss": {"slot_est_loss": 5.131301213655386}, "step": 184}
Step:184	{"loss": {"slot_margin_loss": 0.6600901484489441}, "step": 184}
Step:184	{"loss": {"total_loss": 10.499317367315228}, "step": 184}
Step:185	{"loss": {"intent_loss": 2.500409463935645}, "step": 185}
Step:185	{"loss": {"intent_est_loss": 2.497911898048549}, "step": 185}
Step:185	{"loss": {"intent_margin_loss": 0.002497561275959015}, "step": 185}
Step:185	{"loss": {"slot_loss": 5.422352542995932}, "step": 185}
Step:185	{"loss": {"slot_est_loss": 4.805395700590457}, "step": 185}
Step:185	{"loss": {"slot_margin_loss": 0.6169570684432983}, "step": 185}
Step:185	{"loss": {"total_loss": 7.922762006931577}, "step": 185}
Step:186	{"loss": {"intent_loss": 5.541809832062429}, "step": 186}
Step:186	{"loss": {"intent_est_loss": 5.5393120404009055}, "step": 186}
Step:186	{"loss": {"intent_margin_loss": 0.002497769659385085}, "step": 186}
Step:186	{"loss": {"slot_loss": 6.011568671587156}, "step": 186}
Step:186	{"loss": {"slot_est_loss": 5.343482579191926}, "step": 186}
Step:186	{"loss": {"slot_margin_loss": 0.6680854558944702}, "step": 186}
Step:186	{"loss": {"total_loss": 11.553378503649586}, "step": 186}
Step:187	{"loss": {"intent_loss": 2.347832328156072}, "step": 187}
Step:187	{"loss": {"intent_est_loss": 2.345333751902582}, "step": 187}
Step:187	{"loss": {"intent_margin_loss": 0.0024985719937831163}, "step": 187}
Step:187	{"loss": {"slot_loss": 5.444944212413978}, "step": 187}
Step:187	{"loss": {"slot_est_loss": 4.812966430181408}, "step": 187}
Step:187	{"loss": {"slot_margin_loss": 0.6319785118103027}, "step": 187}
Step:187	{"loss": {"total_loss": 7.792776540570051}, "step": 187}
Step:188	{"loss": {"intent_loss": 3.3507438821476154}, "step": 188}
Step:188	{"loss": {"intent_est_loss": 3.348245867578223}, "step": 188}
Step:188	{"loss": {"intent_margin_loss": 0.0024980211164802313}, "step": 188}
Step:188	{"loss": {"slot_loss": 5.782585856755031}, "step": 188}
Step:188	{"loss": {"slot_est_loss": 5.148939973494278}, "step": 188}
Step:188	{"loss": {"slot_margin_loss": 0.6336450576782227}, "step": 188}
Step:188	{"loss": {"total_loss": 9.133329738902646}, "step": 188}
Step:189	{"loss": {"intent_loss": 3.7040738812906002}, "step": 189}
Step:189	{"loss": {"intent_est_loss": 3.701576666392429}, "step": 189}
Step:189	{"loss": {"intent_margin_loss": 0.0024972110986709595}, "step": 189}
Step:189	{"loss": {"slot_loss": 5.647092969145149}, "step": 189}
Step:189	{"loss": {"slot_est_loss": 4.995145065669196}, "step": 189}
Step:189	{"loss": {"slot_margin_loss": 0.6519491076469421}, "step": 189}
Step:189	{"loss": {"total_loss": 9.35116685043575}, "step": 189}
Step:190	{"loss": {"intent_loss": 3.683617185055475}, "step": 190}
Step:190	{"loss": {"intent_est_loss": 3.6811192159562793}, "step": 190}
Step:190	{"loss": {"intent_margin_loss": 0.0024979279842227697}, "step": 190}
Step:190	{"loss": {"slot_loss": 5.872460752667383}, "step": 190}
Step:190	{"loss": {"slot_est_loss": 5.22389273476436}, "step": 190}
Step:190	{"loss": {"slot_margin_loss": 0.6485673785209656}, "step": 190}
Step:190	{"loss": {"total_loss": 9.556077937722858}, "step": 190}
Step:191	{"loss": {"intent_loss": 3.1727911729471083}, "step": 191}
Step:191	{"loss": {"intent_est_loss": 3.170293541916913}, "step": 191}
Step:191	{"loss": {"intent_margin_loss": 0.0024976509157568216}, "step": 191}
Step:191	{"loss": {"slot_loss": 5.3598903998208645}, "step": 191}
Step:191	{"loss": {"slot_est_loss": 4.727600785368123}, "step": 191}
Step:191	{"loss": {"slot_margin_loss": 0.6322897672653198}, "step": 191}
Step:191	{"loss": {"total_loss": 8.532681572767974}, "step": 191}
Step:192	{"loss": {"intent_loss": 2.882124494305758}, "step": 192}
Step:192	{"loss": {"intent_est_loss": 2.879626165626177}, "step": 192}
Step:192	{"loss": {"intent_margin_loss": 0.0024983203038573265}, "step": 192}
Step:192	{"loss": {"slot_loss": 5.772068582475195}, "step": 192}
Step:192	{"loss": {"slot_est_loss": 5.101494151825324}, "step": 192}
Step:192	{"loss": {"slot_margin_loss": 0.6705746054649353}, "step": 192}
Step:192	{"loss": {"total_loss": 8.654193076780953}, "step": 192}
Step:193	{"loss": {"intent_loss": 4.067525990662388}, "step": 193}
Step:193	{"loss": {"intent_est_loss": 4.0650283613282205}, "step": 193}
Step:193	{"loss": {"intent_margin_loss": 0.0024976260028779507}, "step": 193}
Step:193	{"loss": {"slot_loss": 5.546248756785647}, "step": 193}
Step:193	{"loss": {"slot_est_loss": 4.9225442322727675}, "step": 193}
Step:193	{"loss": {"slot_margin_loss": 0.6237050294876099}, "step": 193}
Step:193	{"loss": {"total_loss": 9.613774747448035}, "step": 193}
Step:194	{"loss": {"intent_loss": 2.4904401101677633}, "step": 194}
Step:194	{"loss": {"intent_est_loss": 2.4879419365468487}, "step": 194}
Step:194	{"loss": {"intent_margin_loss": 0.0024981668684631586}, "step": 194}
Step:194	{"loss": {"slot_loss": 5.727262035623431}, "step": 194}
Step:194	{"loss": {"slot_est_loss": 5.093906980718025}, "step": 194}
Step:194	{"loss": {"slot_margin_loss": 0.6333556771278381}, "step": 194}
Step:194	{"loss": {"total_loss": 8.217702145791193}, "step": 194}
Step:195	{"loss": {"intent_loss": 4.494113855508487}, "step": 195}
Step:195	{"loss": {"intent_est_loss": 4.491616863244777}, "step": 195}
Step:195	{"loss": {"intent_margin_loss": 0.0024970120284706354}, "step": 195}
Step:195	{"loss": {"slot_loss": 5.587590796838046}, "step": 195}
Step:195	{"loss": {"slot_est_loss": 4.959869377466384}, "step": 195}
Step:195	{"loss": {"slot_margin_loss": 0.6277206540107727}, "step": 195}
Step:195	{"loss": {"total_loss": 10.081704652346533}, "step": 195}
Step:196	{"loss": {"intent_loss": 3.7537364030242353}, "step": 196}
Step:196	{"loss": {"intent_est_loss": 3.751238898586969}, "step": 196}
Step:196	{"loss": {"intent_margin_loss": 0.0024975277483463287}, "step": 196}
Step:196	{"loss": {"slot_loss": 5.763765075820264}, "step": 196}
Step:196	{"loss": {"slot_est_loss": 5.120775846240571}, "step": 196}
Step:196	{"loss": {"slot_margin_loss": 0.6429883241653442}, "step": 196}
Step:196	{"loss": {"total_loss": 9.5175014788445}, "step": 196}
Step:197	{"loss": {"intent_loss": 5.948653411735713}, "step": 197}
Step:197	{"loss": {"intent_est_loss": 5.946156250743665}, "step": 197}
Step:197	{"loss": {"intent_margin_loss": 0.0024971389211714268}, "step": 197}
Step:197	{"loss": {"slot_loss": 5.639193159755087}, "step": 197}
Step:197	{"loss": {"slot_est_loss": 4.995300351327751}, "step": 197}
Step:197	{"loss": {"slot_margin_loss": 0.6438934803009033}, "step": 197}
Step:197	{"loss": {"total_loss": 11.5878465714908}, "step": 197}
Step:198	{"loss": {"intent_loss": 2.6871310390066347}, "step": 198}
Step:198	{"loss": {"intent_est_loss": 2.6846338803457956}, "step": 198}
Step:198	{"loss": {"intent_margin_loss": 0.0024971449747681618}, "step": 198}
Step:198	{"loss": {"slot_loss": 5.5067036622203975}, "step": 198}
Step:198	{"loss": {"slot_est_loss": 4.8767663857142916}, "step": 198}
Step:198	{"loss": {"slot_margin_loss": 0.6299368143081665}, "step": 198}
Step:198	{"loss": {"total_loss": 8.193834701227033}, "step": 198}
Step:199	{"loss": {"intent_loss": 2.7926278230577757}, "step": 199}
Step:199	{"loss": {"intent_est_loss": 2.7901302543745192}, "step": 199}
Step:199	{"loss": {"intent_margin_loss": 0.0024975775741040707}, "step": 199}
Step:199	{"loss": {"slot_loss": 5.3637657039449556}, "step": 199}
Step:199	{"loss": {"slot_est_loss": 4.750415338732997}, "step": 199}
Step:199	{"loss": {"slot_margin_loss": 0.6133500933647156}, "step": 199}
Step:199	{"loss": {"total_loss": 8.15639352700273}, "step": 199}
