Step:0	{"loss": {"intent_loss": 428.1255123392673}, "step": 0}
Step:0	{"loss": {"intent_est_loss": 428.1230166913016}, "step": 0}
Step:0	{"loss": {"intent_margin_loss": 0.002495691180229187}, "step": 0}
Step:0	{"loss": {"slot_loss": 392.63728871345467}, "step": 0}
Step:0	{"loss": {"slot_est_loss": 384.60669891834186}, "step": 0}
Step:0	{"loss": {"slot_margin_loss": 8.030596733093262}, "step": 0}
Step:0	{"loss": {"total_loss": 820.7628010527219}, "step": 0}
Step:1	{"loss": {"intent_loss": 98.31750640338302}, "step": 1}
Step:1	{"loss": {"intent_est_loss": 98.31501096223947}, "step": 1}
Step:1	{"loss": {"intent_margin_loss": 0.0024954774416983128}, "step": 1}
Step:1	{"loss": {"slot_loss": 168.40687933862196}, "step": 1}
Step:1	{"loss": {"slot_est_loss": 162.2899700343605}, "step": 1}
Step:1	{"loss": {"slot_margin_loss": 6.1169023513793945}, "step": 1}
Step:1	{"loss": {"total_loss": 266.724385742005}, "step": 1}
Step:2	{"loss": {"intent_loss": 51.9225912938418}, "step": 2}
Step:2	{"loss": {"intent_est_loss": 51.92009439712858}, "step": 2}
Step:2	{"loss": {"intent_margin_loss": 0.0024968935176730156}, "step": 2}
Step:2	{"loss": {"slot_loss": 117.79565697014353}, "step": 2}
Step:2	{"loss": {"slot_est_loss": 112.60617043226938}, "step": 2}
Step:2	{"loss": {"slot_margin_loss": 5.189484596252441}, "step": 2}
Step:2	{"loss": {"total_loss": 169.71824826398532}, "step": 2}
Step:3	{"loss": {"intent_loss": 35.41649180492383}, "step": 3}
Step:3	{"loss": {"intent_est_loss": 35.41399504101134}, "step": 3}
Step:3	{"loss": {"intent_margin_loss": 0.002496774075552821}, "step": 3}
Step:3	{"loss": {"slot_loss": 87.98234379664072}, "step": 3}
Step:3	{"loss": {"slot_est_loss": 83.38048347309227}, "step": 3}
Step:3	{"loss": {"slot_margin_loss": 4.601862907409668}, "step": 3}
Step:3	{"loss": {"total_loss": 123.39883560156454}, "step": 3}
Step:4	{"loss": {"intent_loss": 26.27341526486276}, "step": 4}
Step:4	{"loss": {"intent_est_loss": 26.270918006365548}, "step": 4}
Step:4	{"loss": {"intent_margin_loss": 0.0024972346145659685}, "step": 4}
Step:4	{"loss": {"slot_loss": 65.54903150796885}, "step": 4}
Step:4	{"loss": {"slot_est_loss": 61.50779920369373}, "step": 4}
Step:4	{"loss": {"slot_margin_loss": 4.041231632232666}, "step": 4}
Step:4	{"loss": {"total_loss": 91.82244677283161}, "step": 4}
Step:5	{"loss": {"intent_loss": 19.42415531408329}, "step": 5}
Step:5	{"loss": {"intent_est_loss": 19.421657714259368}, "step": 5}
Step:5	{"loss": {"intent_margin_loss": 0.002497575245797634}, "step": 5}
Step:5	{"loss": {"slot_loss": 51.47864753715683}, "step": 5}
Step:5	{"loss": {"slot_est_loss": 47.95317317508169}, "step": 5}
Step:5	{"loss": {"slot_margin_loss": 3.525472640991211}, "step": 5}
Step:5	{"loss": {"total_loss": 70.90280285124012}, "step": 5}
Step:6	{"loss": {"intent_loss": 14.370724592747878}, "step": 6}
Step:6	{"loss": {"intent_est_loss": 14.36822754104797}, "step": 6}
Step:6	{"loss": {"intent_margin_loss": 0.0024970490485429764}, "step": 6}
Step:6	{"loss": {"slot_loss": 42.9974283529445}, "step": 6}
Step:6	{"loss": {"slot_est_loss": 39.78823405876748}, "step": 6}
Step:6	{"loss": {"slot_margin_loss": 3.2091941833496094}, "step": 6}
Step:6	{"loss": {"total_loss": 57.36815294569238}, "step": 6}
Step:7	{"loss": {"intent_loss": 12.32676477353378}, "step": 7}
Step:7	{"loss": {"intent_est_loss": 12.32426830048646}, "step": 7}
Step:7	{"loss": {"intent_margin_loss": 0.002496496308594942}, "step": 7}
Step:7	{"loss": {"slot_loss": 35.78396697212008}, "step": 7}
Step:7	{"loss": {"slot_est_loss": 32.957507736422116}, "step": 7}
Step:7	{"loss": {"slot_margin_loss": 2.8264553546905518}, "step": 7}
Step:7	{"loss": {"total_loss": 48.110731745653865}, "step": 7}
Step:8	{"loss": {"intent_loss": 10.727419394131003}, "step": 8}
Step:8	{"loss": {"intent_est_loss": 10.724923507463254}, "step": 8}
Step:8	{"loss": {"intent_margin_loss": 0.0024959102738648653}, "step": 8}
Step:8	{"loss": {"slot_loss": 30.906962069403363}, "step": 8}
Step:8	{"loss": {"slot_est_loss": 28.26494087558238}, "step": 8}
Step:8	{"loss": {"slot_margin_loss": 2.6420199871063232}, "step": 8}
Step:8	{"loss": {"total_loss": 41.63438146353437}, "step": 8}
Step:9	{"loss": {"intent_loss": 8.942609007484878}, "step": 9}
Step:9	{"loss": {"intent_est_loss": 8.940112561652489}, "step": 9}
Step:9	{"loss": {"intent_margin_loss": 0.0024964865297079086}, "step": 9}
Step:9	{"loss": {"slot_loss": 27.018685581441936}, "step": 9}
Step:9	{"loss": {"slot_est_loss": 24.653365462738932}, "step": 9}
Step:9	{"loss": {"slot_margin_loss": 2.3653202056884766}, "step": 9}
Step:9	{"loss": {"total_loss": 35.96129458892681}, "step": 9}
Step:10	{"loss": {"intent_loss": 8.269114210050603}, "step": 10}
Step:10	{"loss": {"intent_est_loss": 8.266617178611341}, "step": 10}
Step:10	{"loss": {"intent_margin_loss": 0.002497099805623293}, "step": 10}
Step:10	{"loss": {"slot_loss": 24.116174817271443}, "step": 10}
Step:10	{"loss": {"slot_est_loss": 21.93416775828229}, "step": 10}
Step:10	{"loss": {"slot_margin_loss": 2.182004928588867}, "step": 10}
Step:10	{"loss": {"total_loss": 32.385289027322045}, "step": 10}
Step:11	{"loss": {"intent_loss": 8.553369975065305}, "step": 11}
Step:11	{"loss": {"intent_est_loss": 8.550872564187738}, "step": 11}
Step:11	{"loss": {"intent_margin_loss": 0.002497378271073103}, "step": 11}
Step:11	{"loss": {"slot_loss": 22.274296437297046}, "step": 11}
Step:11	{"loss": {"slot_est_loss": 20.1855387271382}, "step": 11}
Step:11	{"loss": {"slot_margin_loss": 2.088758945465088}, "step": 11}
Step:11	{"loss": {"total_loss": 30.82766641236235}, "step": 11}
Step:12	{"loss": {"intent_loss": 9.994366625201662}, "step": 12}
Step:12	{"loss": {"intent_est_loss": 9.991869270234002}, "step": 12}
Step:12	{"loss": {"intent_margin_loss": 0.002497361972928047}, "step": 12}
Step:12	{"loss": {"slot_loss": 20.737072753068084}, "step": 12}
Step:12	{"loss": {"slot_est_loss": 18.778765694191677}, "step": 12}
Step:12	{"loss": {"slot_margin_loss": 1.9583055973052979}, "step": 12}
Step:12	{"loss": {"total_loss": 30.731439378269748}, "step": 12}
Step:13	{"loss": {"intent_loss": 7.8325101796828545}, "step": 13}
Step:13	{"loss": {"intent_est_loss": 7.830012758773227}, "step": 13}
Step:13	{"loss": {"intent_margin_loss": 0.002497416455298662}, "step": 13}
Step:13	{"loss": {"slot_loss": 18.996026401966795}, "step": 13}
Step:13	{"loss": {"slot_est_loss": 17.14132143571041}, "step": 13}
Step:13	{"loss": {"slot_margin_loss": 1.8547039031982422}, "step": 13}
Step:13	{"loss": {"total_loss": 26.82853658164965}, "step": 13}
Step:14	{"loss": {"intent_loss": 5.99425378948727}, "step": 14}
Step:14	{"loss": {"intent_est_loss": 5.991756417173017}, "step": 14}
Step:14	{"loss": {"intent_margin_loss": 0.0024973833933472633}, "step": 14}
Step:14	{"loss": {"slot_loss": 17.341544962185463}, "step": 14}
Step:14	{"loss": {"slot_est_loss": 15.629410585644678}, "step": 14}
Step:14	{"loss": {"slot_margin_loss": 1.7121329307556152}, "step": 14}
Step:14	{"loss": {"total_loss": 23.335798751672733}, "step": 14}
Step:15	{"loss": {"intent_loss": 6.568673365783628}, "step": 15}
Step:15	{"loss": {"intent_est_loss": 6.56617639806646}, "step": 15}
Step:15	{"loss": {"intent_margin_loss": 0.002496943576261401}, "step": 15}
Step:15	{"loss": {"slot_loss": 16.389458149019646}, "step": 15}
Step:15	{"loss": {"slot_est_loss": 14.719170446274813}, "step": 15}
Step:15	{"loss": {"slot_margin_loss": 1.6702879667282104}, "step": 15}
Step:15	{"loss": {"total_loss": 22.958131514803274}, "step": 15}
Step:16	{"loss": {"intent_loss": 3.4189038128526548}, "step": 16}
Step:16	{"loss": {"intent_est_loss": 3.416407139556393}, "step": 16}
Step:16	{"loss": {"intent_margin_loss": 0.00249667395837605}, "step": 16}
Step:16	{"loss": {"slot_loss": 15.155572496005338}, "step": 16}
Step:16	{"loss": {"slot_est_loss": 13.560613579396165}, "step": 16}
Step:16	{"loss": {"slot_margin_loss": 1.5949581861495972}, "step": 16}
Step:16	{"loss": {"total_loss": 18.574476308857992}, "step": 16}
Step:17	{"loss": {"intent_loss": 4.640683228302078}, "step": 17}
Step:17	{"loss": {"intent_est_loss": 4.638186104681519}, "step": 17}
Step:17	{"loss": {"intent_margin_loss": 0.0024971270468086004}, "step": 17}
Step:17	{"loss": {"slot_loss": 14.238219981989811}, "step": 17}
Step:17	{"loss": {"slot_est_loss": 12.74469971570651}, "step": 17}
Step:17	{"loss": {"slot_margin_loss": 1.4935187101364136}, "step": 17}
Step:17	{"loss": {"total_loss": 18.878903210291888}, "step": 17}
Step:18	{"loss": {"intent_loss": 7.658308554485849}, "step": 18}
Step:18	{"loss": {"intent_est_loss": 7.655810743791511}, "step": 18}
Step:18	{"loss": {"intent_margin_loss": 0.0024978492874652147}, "step": 18}
Step:18	{"loss": {"slot_loss": 14.56405267072845}, "step": 18}
Step:18	{"loss": {"slot_est_loss": 13.032398335472653}, "step": 18}
Step:18	{"loss": {"slot_margin_loss": 1.5316532850265503}, "step": 18}
Step:18	{"loss": {"total_loss": 22.2223612252143}, "step": 18}
Step:19	{"loss": {"intent_loss": 4.405991022833766}, "step": 19}
Step:19	{"loss": {"intent_est_loss": 4.403493516317399}, "step": 19}
Step:19	{"loss": {"intent_margin_loss": 0.002497495152056217}, "step": 19}
Step:19	{"loss": {"slot_loss": 13.338828337751353}, "step": 19}
Step:19	{"loss": {"slot_est_loss": 11.907354414032337}, "step": 19}
Step:19	{"loss": {"slot_margin_loss": 1.4314732551574707}, "step": 19}
Step:19	{"loss": {"total_loss": 17.74481936058512}, "step": 19}
Step:20	{"loss": {"intent_loss": 4.31844812980926}, "step": 20}
Step:20	{"loss": {"intent_est_loss": 4.315951547967408}, "step": 20}
Step:20	{"loss": {"intent_margin_loss": 0.0024965854827314615}, "step": 20}
Step:20	{"loss": {"slot_loss": 12.577839637198478}, "step": 20}
Step:20	{"loss": {"slot_est_loss": 11.20262721171604}, "step": 20}
Step:20	{"loss": {"slot_margin_loss": 1.375213861465454}, "step": 20}
Step:20	{"loss": {"total_loss": 16.89628776700774}, "step": 20}
Step:21	{"loss": {"intent_loss": 4.830765956216779}, "step": 21}
Step:21	{"loss": {"intent_est_loss": 4.82826839156405}, "step": 21}
Step:21	{"loss": {"intent_margin_loss": 0.0024975803680717945}, "step": 21}
Step:21	{"loss": {"slot_loss": 12.067974209727252}, "step": 21}
Step:21	{"loss": {"slot_est_loss": 10.731214416120208}, "step": 21}
Step:21	{"loss": {"slot_margin_loss": 1.336759328842163}, "step": 21}
Step:21	{"loss": {"total_loss": 16.89874016594403}, "step": 21}
Step:22	{"loss": {"intent_loss": 5.06283041359494}, "step": 22}
Step:22	{"loss": {"intent_est_loss": 5.060334061338653}, "step": 22}
Step:22	{"loss": {"intent_margin_loss": 0.002496360568329692}, "step": 22}
Step:22	{"loss": {"slot_loss": 11.653973877360112}, "step": 22}
Step:22	{"loss": {"slot_est_loss": 10.362651533284227}, "step": 22}
Step:22	{"loss": {"slot_margin_loss": 1.2913223505020142}, "step": 22}
Step:22	{"loss": {"total_loss": 16.716804290955054}, "step": 22}
Step:23	{"loss": {"intent_loss": 4.949805884892711}, "step": 23}
Step:23	{"loss": {"intent_est_loss": 4.947308954966135}, "step": 23}
Step:23	{"loss": {"intent_margin_loss": 0.0024969123769551516}, "step": 23}
Step:23	{"loss": {"slot_loss": 11.699610059102994}, "step": 23}
Step:23	{"loss": {"slot_est_loss": 10.40295257507822}, "step": 23}
Step:23	{"loss": {"slot_margin_loss": 1.296657919883728}, "step": 23}
Step:23	{"loss": {"total_loss": 16.649415943995706}, "step": 23}
Step:24	{"loss": {"intent_loss": 5.5058868377520485}, "step": 24}
Step:24	{"loss": {"intent_est_loss": 5.503390053395561}, "step": 24}
Step:24	{"loss": {"intent_margin_loss": 0.002496743109077215}, "step": 24}
Step:24	{"loss": {"slot_loss": 11.453111104597337}, "step": 24}
Step:24	{"loss": {"slot_est_loss": 10.186266312527017}, "step": 24}
Step:24	{"loss": {"slot_margin_loss": 1.2668445110321045}, "step": 24}
Step:24	{"loss": {"total_loss": 16.958997942349384}, "step": 24}
Step:25	{"loss": {"intent_loss": 5.139431799189344}, "step": 25}
Step:25	{"loss": {"intent_est_loss": 5.136934434477736}, "step": 25}
Step:25	{"loss": {"intent_margin_loss": 0.002497358713299036}, "step": 25}
Step:25	{"loss": {"slot_loss": 10.441859575978015}, "step": 25}
Step:25	{"loss": {"slot_est_loss": 9.237499210762318}, "step": 25}
Step:25	{"loss": {"slot_margin_loss": 1.2043616771697998}, "step": 25}
Step:25	{"loss": {"total_loss": 15.581291375167359}, "step": 25}
Step:26	{"loss": {"intent_loss": 5.705848033630183}, "step": 26}
Step:26	{"loss": {"intent_est_loss": 5.703350285773919}, "step": 26}
Step:26	{"loss": {"intent_margin_loss": 0.0024977633729577065}, "step": 26}
Step:26	{"loss": {"slot_loss": 10.487485496141021}, "step": 26}
Step:26	{"loss": {"slot_est_loss": 9.314226051676073}, "step": 26}
Step:26	{"loss": {"slot_margin_loss": 1.1732585430145264}, "step": 26}
Step:26	{"loss": {"total_loss": 16.193333529771202}, "step": 26}
Step:27	{"loss": {"intent_loss": 4.320666581454138}, "step": 27}
Step:27	{"loss": {"intent_est_loss": 4.318169519067297}, "step": 27}
Step:27	{"loss": {"intent_margin_loss": 0.0024970604572445154}, "step": 27}
Step:27	{"loss": {"slot_loss": 10.328169263643224}, "step": 27}
Step:27	{"loss": {"slot_est_loss": 9.14538266377059}, "step": 27}
Step:27	{"loss": {"slot_margin_loss": 1.1827884912490845}, "step": 27}
Step:27	{"loss": {"total_loss": 14.648835845097363}, "step": 27}
Step:28	{"loss": {"intent_loss": 3.2892643090606675}, "step": 28}
Step:28	{"loss": {"intent_est_loss": 3.286766653143419}, "step": 28}
Step:28	{"loss": {"intent_margin_loss": 0.0024976518470793962}, "step": 28}
Step:28	{"loss": {"slot_loss": 10.182210937736077}, "step": 28}
Step:28	{"loss": {"slot_est_loss": 9.003505415283142}, "step": 28}
Step:28	{"loss": {"slot_margin_loss": 1.178706169128418}, "step": 28}
Step:28	{"loss": {"total_loss": 13.471475246796745}, "step": 28}
Step:29	{"loss": {"intent_loss": 7.01100590021235}, "step": 29}
Step:29	{"loss": {"intent_est_loss": 7.0085081873177755}, "step": 29}
Step:29	{"loss": {"intent_margin_loss": 0.002497699810191989}, "step": 29}
Step:29	{"loss": {"slot_loss": 10.276078662043448}, "step": 29}
Step:29	{"loss": {"slot_est_loss": 9.110992563446056}, "step": 29}
Step:29	{"loss": {"slot_margin_loss": 1.1650868654251099}, "step": 29}
Step:29	{"loss": {"total_loss": 17.2870845622558}, "step": 29}
Step:30	{"loss": {"intent_loss": 5.49523075387479}, "step": 30}
Step:30	{"loss": {"intent_est_loss": 5.492733555615983}, "step": 30}
Step:30	{"loss": {"intent_margin_loss": 0.0024971826933324337}, "step": 30}
Step:30	{"loss": {"slot_loss": 9.361394580523466}, "step": 30}
Step:30	{"loss": {"slot_est_loss": 8.265254864457509}, "step": 30}
Step:30	{"loss": {"slot_margin_loss": 1.096139669418335}, "step": 30}
Step:30	{"loss": {"total_loss": 14.856625334398256}, "step": 30}
Step:31	{"loss": {"intent_loss": 4.16697701349259}, "step": 31}
Step:31	{"loss": {"intent_est_loss": 4.164479175393361}, "step": 31}
Step:31	{"loss": {"intent_margin_loss": 0.0024978560395538807}, "step": 31}
Step:31	{"loss": {"slot_loss": 9.697936876839972}, "step": 31}
Step:31	{"loss": {"slot_est_loss": 8.569257841457148}, "step": 31}
Step:31	{"loss": {"slot_margin_loss": 1.1286793947219849}, "step": 31}
Step:31	{"loss": {"total_loss": 13.864913890332563}, "step": 31}
Step:32	{"loss": {"intent_loss": 3.811239998327804}, "step": 32}
Step:32	{"loss": {"intent_est_loss": 3.8087425779420294}, "step": 32}
Step:32	{"loss": {"intent_margin_loss": 0.002497430657967925}, "step": 32}
Step:32	{"loss": {"slot_loss": 9.49962524762378}, "step": 32}
Step:32	{"loss": {"slot_est_loss": 8.405762548977526}, "step": 32}
Step:32	{"loss": {"slot_margin_loss": 1.0938633680343628}, "step": 32}
Step:32	{"loss": {"total_loss": 13.310865245951582}, "step": 32}
Step:33	{"loss": {"intent_loss": 5.108264059281644}, "step": 33}
Step:33	{"loss": {"intent_est_loss": 5.105766386659521}, "step": 33}
Step:33	{"loss": {"intent_margin_loss": 0.0024976797867566347}, "step": 33}
Step:33	{"loss": {"slot_loss": 9.538409517332923}, "step": 33}
Step:33	{"loss": {"slot_est_loss": 8.434551875700711}, "step": 33}
Step:33	{"loss": {"slot_margin_loss": 1.1038569211959839}, "step": 33}
Step:33	{"loss": {"total_loss": 14.646673576614567}, "step": 33}
Step:34	{"loss": {"intent_loss": 4.115260271205625}, "step": 34}
Step:34	{"loss": {"intent_est_loss": 4.112762262338219}, "step": 34}
Step:34	{"loss": {"intent_margin_loss": 0.002498043468222022}, "step": 34}
Step:34	{"loss": {"slot_loss": 9.068624723027433}, "step": 34}
Step:34	{"loss": {"slot_est_loss": 8.02134637068957}, "step": 34}
Step:34	{"loss": {"slot_margin_loss": 1.047277808189392}, "step": 34}
Step:34	{"loss": {"total_loss": 13.183884994233058}, "step": 34}
Step:35	{"loss": {"intent_loss": 4.515270153129678}, "step": 35}
Step:35	{"loss": {"intent_est_loss": 4.512773439619923}, "step": 35}
Step:35	{"loss": {"intent_margin_loss": 0.002496737986803055}, "step": 35}
Step:35	{"loss": {"slot_loss": 8.967516708449669}, "step": 35}
Step:35	{"loss": {"slot_est_loss": 7.91671041932423}, "step": 35}
Step:35	{"loss": {"slot_margin_loss": 1.0508067607879639}, "step": 35}
Step:35	{"loss": {"total_loss": 13.482786861579346}, "step": 35}
Step:36	{"loss": {"intent_loss": 5.802721040140026}, "step": 36}
Step:36	{"loss": {"intent_est_loss": 5.800223494582306}, "step": 36}
Step:36	{"loss": {"intent_margin_loss": 0.002497543580830097}, "step": 36}
Step:36	{"loss": {"slot_loss": 9.315034353407096}, "step": 36}
Step:36	{"loss": {"slot_est_loss": 8.25180506798209}, "step": 36}
Step:36	{"loss": {"slot_margin_loss": 1.0632301568984985}, "step": 36}
Step:36	{"loss": {"total_loss": 15.117755393547123}, "step": 36}
Step:37	{"loss": {"intent_loss": 3.773799223102839}, "step": 37}
Step:37	{"loss": {"intent_est_loss": 3.7713015691238994}, "step": 37}
Step:37	{"loss": {"intent_margin_loss": 0.0024976644199341536}, "step": 37}
Step:37	{"loss": {"slot_loss": 8.776275786163751}, "step": 37}
Step:37	{"loss": {"slot_est_loss": 7.756531965674366}, "step": 37}
Step:37	{"loss": {"slot_margin_loss": 1.0197420120239258}, "step": 37}
Step:37	{"loss": {"total_loss": 12.55007500926659}, "step": 37}
Step:38	{"loss": {"intent_loss": 5.445029219382554}, "step": 38}
Step:38	{"loss": {"intent_est_loss": 5.442532017116175}, "step": 38}
Step:38	{"loss": {"intent_margin_loss": 0.002497197827324271}, "step": 38}
Step:38	{"loss": {"slot_loss": 8.834138048812722}, "step": 38}
Step:38	{"loss": {"slot_est_loss": 7.82002796201266}, "step": 38}
Step:38	{"loss": {"slot_margin_loss": 1.0141106843948364}, "step": 38}
Step:38	{"loss": {"total_loss": 14.279167268195277}, "step": 38}
Step:39	{"loss": {"intent_loss": 4.55153365417573}, "step": 39}
Step:39	{"loss": {"intent_est_loss": 4.54903622991987}, "step": 39}
Step:39	{"loss": {"intent_margin_loss": 0.0024974222760647535}, "step": 39}
Step:39	{"loss": {"slot_loss": 8.632567153114362}, "step": 39}
Step:39	{"loss": {"slot_est_loss": 7.645839782687845}, "step": 39}
Step:39	{"loss": {"slot_margin_loss": 0.9867278337478638}, "step": 39}
Step:39	{"loss": {"total_loss": 13.184100807290092}, "step": 39}
Step:40	{"loss": {"intent_loss": 3.159969134230783}, "step": 40}
Step:40	{"loss": {"intent_est_loss": 3.1574720521268325}, "step": 40}
Step:40	{"loss": {"intent_margin_loss": 0.00249708304181695}, "step": 40}
Step:40	{"loss": {"slot_loss": 8.45618237770395}, "step": 40}
Step:40	{"loss": {"slot_est_loss": 7.469261178071605}, "step": 40}
Step:40	{"loss": {"slot_margin_loss": 0.9869210124015808}, "step": 40}
Step:40	{"loss": {"total_loss": 11.616151511934733}, "step": 40}
Step:41	{"loss": {"intent_loss": 8.312213362150219}, "step": 41}
Step:41	{"loss": {"intent_est_loss": 8.309715223638328}, "step": 41}
Step:41	{"loss": {"intent_margin_loss": 0.002498081186786294}, "step": 41}
Step:41	{"loss": {"slot_loss": 8.570846422272734}, "step": 41}
Step:41	{"loss": {"slot_est_loss": 7.57482063334319}, "step": 41}
Step:41	{"loss": {"slot_margin_loss": 0.9960263967514038}, "step": 41}
Step:41	{"loss": {"total_loss": 16.883059784422954}, "step": 41}
Step:42	{"loss": {"intent_loss": 3.6845652331336174}, "step": 42}
Step:42	{"loss": {"intent_est_loss": 3.6820681110584683}, "step": 42}
Step:42	{"loss": {"intent_margin_loss": 0.0024971337988972664}, "step": 42}
Step:42	{"loss": {"slot_loss": 8.492406052304434}, "step": 42}
Step:42	{"loss": {"slot_est_loss": 7.510065969219429}, "step": 42}
Step:42	{"loss": {"slot_margin_loss": 0.9823405146598816}, "step": 42}
Step:42	{"loss": {"total_loss": 12.17697128543805}, "step": 42}
Step:43	{"loss": {"intent_loss": 2.7345281218651456}, "step": 43}
Step:43	{"loss": {"intent_est_loss": 2.7320298374066594}, "step": 43}
Step:43	{"loss": {"intent_margin_loss": 0.0024982879403978586}, "step": 43}
Step:43	{"loss": {"slot_loss": 7.846895377780294}, "step": 43}
Step:43	{"loss": {"slot_est_loss": 6.908974741230477}, "step": 43}
Step:43	{"loss": {"slot_margin_loss": 0.9379199743270874}, "step": 43}
Step:43	{"loss": {"total_loss": 10.581423499645439}, "step": 43}
Step:44	{"loss": {"intent_loss": 5.201185523117238}, "step": 44}
Step:44	{"loss": {"intent_est_loss": 5.198688424508153}, "step": 44}
Step:44	{"loss": {"intent_margin_loss": 0.0024970965459942818}, "step": 44}
Step:44	{"loss": {"slot_loss": 8.4381106491899}, "step": 44}
Step:44	{"loss": {"slot_est_loss": 7.4539181422616885}, "step": 44}
Step:44	{"loss": {"slot_margin_loss": 0.9841927289962769}, "step": 44}
Step:44	{"loss": {"total_loss": 13.639296172307137}, "step": 44}
Step:45	{"loss": {"intent_loss": 5.916007857883962}, "step": 45}
Step:45	{"loss": {"intent_est_loss": 5.913510896688966}, "step": 45}
Step:45	{"loss": {"intent_margin_loss": 0.0024969554506242275}, "step": 45}
Step:45	{"loss": {"slot_loss": 8.09957555184374}, "step": 45}
Step:45	{"loss": {"slot_est_loss": 7.138764636788991}, "step": 45}
Step:45	{"loss": {"slot_margin_loss": 0.9608104825019836}, "step": 45}
Step:45	{"loss": {"total_loss": 14.015583409727702}, "step": 45}
Step:46	{"loss": {"intent_loss": 4.190134924154702}, "step": 46}
Step:46	{"loss": {"intent_est_loss": 4.187636976854994}, "step": 46}
Step:46	{"loss": {"intent_margin_loss": 0.0024979591835290194}, "step": 46}
Step:46	{"loss": {"slot_loss": 8.218517611059369}, "step": 46}
Step:46	{"loss": {"slot_est_loss": 7.265680058591521}, "step": 46}
Step:46	{"loss": {"slot_margin_loss": 0.9528374075889587}, "step": 46}
Step:46	{"loss": {"total_loss": 12.40865253521407}, "step": 46}
Step:47	{"loss": {"intent_loss": 3.393219465902076}, "step": 47}
Step:47	{"loss": {"intent_est_loss": 3.3907225051130743}, "step": 47}
Step:47	{"loss": {"intent_margin_loss": 0.002496979897841811}, "step": 47}
Step:47	{"loss": {"slot_loss": 7.662420146632947}, "step": 47}
Step:47	{"loss": {"slot_est_loss": 6.762586061272315}, "step": 47}
Step:47	{"loss": {"slot_margin_loss": 0.8998337388038635}, "step": 47}
Step:47	{"loss": {"total_loss": 11.055639612535023}, "step": 47}
Step:48	{"loss": {"intent_loss": 4.926727318740444}, "step": 48}
Step:48	{"loss": {"intent_est_loss": 4.92422999978881}, "step": 48}
Step:48	{"loss": {"intent_margin_loss": 0.0024973098188638687}, "step": 48}
Step:48	{"loss": {"slot_loss": 8.101886585255878}, "step": 48}
Step:48	{"loss": {"slot_est_loss": 7.1614740387711056}, "step": 48}
Step:48	{"loss": {"slot_margin_loss": 0.9404131770133972}, "step": 48}
Step:48	{"loss": {"total_loss": 13.028613903996323}, "step": 48}
Step:49	{"loss": {"intent_loss": 4.578687618940967}, "step": 49}
Step:49	{"loss": {"intent_est_loss": 4.576191199577076}, "step": 49}
Step:49	{"loss": {"intent_margin_loss": 0.0024964557960629463}, "step": 49}
Step:49	{"loss": {"slot_loss": 7.74890432639515}, "step": 49}
Step:49	{"loss": {"slot_est_loss": 6.828491563466396}, "step": 49}
Step:49	{"loss": {"slot_margin_loss": 0.9204120635986328}, "step": 49}
Step:49	{"loss": {"total_loss": 12.327591945336117}, "step": 49}
Step:50	{"loss": {"intent_loss": 5.50391140942301}, "step": 50}
Step:50	{"loss": {"intent_est_loss": 5.501413197811787}, "step": 50}
Step:50	{"loss": {"intent_margin_loss": 0.0024982395116239786}, "step": 50}
Step:50	{"loss": {"slot_loss": 7.839692969794849}, "step": 50}
Step:50	{"loss": {"slot_est_loss": 6.912271113344464}, "step": 50}
Step:50	{"loss": {"slot_margin_loss": 0.9274218082427979}, "step": 50}
Step:50	{"loss": {"total_loss": 13.343604379217858}, "step": 50}
Step:51	{"loss": {"intent_loss": 3.204556185635734}, "step": 51}
Step:51	{"loss": {"intent_est_loss": 3.2020587361130306}, "step": 51}
Step:51	{"loss": {"intent_margin_loss": 0.0024974262341856956}, "step": 51}
Step:51	{"loss": {"slot_loss": 7.528035703359621}, "step": 51}
Step:51	{"loss": {"slot_est_loss": 6.644053020235177}, "step": 51}
Step:51	{"loss": {"slot_margin_loss": 0.8839829564094543}, "step": 51}
Step:51	{"loss": {"total_loss": 10.732591888995355}, "step": 51}
Step:52	{"loss": {"intent_loss": 2.4258356350488697}, "step": 52}
Step:52	{"loss": {"intent_est_loss": 2.423338340450569}, "step": 52}
Step:52	{"loss": {"intent_margin_loss": 0.002497290726751089}, "step": 52}
Step:52	{"loss": {"slot_loss": 7.605995427642475}, "step": 52}
Step:52	{"loss": {"slot_est_loss": 6.712882592307871}, "step": 52}
Step:52	{"loss": {"slot_margin_loss": 0.8931125998497009}, "step": 52}
Step:52	{"loss": {"total_loss": 10.031831062691346}, "step": 52}
Step:53	{"loss": {"intent_loss": 8.51274983488476}, "step": 53}
Step:53	{"loss": {"intent_est_loss": 8.510251442204751}, "step": 53}
Step:53	{"loss": {"intent_margin_loss": 0.0024983573239296675}, "step": 53}
Step:53	{"loss": {"slot_loss": 8.448289055051282}, "step": 53}
Step:53	{"loss": {"slot_est_loss": 7.493571094039354}, "step": 53}
Step:53	{"loss": {"slot_margin_loss": 0.954718291759491}, "step": 53}
Step:53	{"loss": {"total_loss": 16.96103888993604}, "step": 53}
Step:54	{"loss": {"intent_loss": 3.6145392745114853}, "step": 54}
Step:54	{"loss": {"intent_est_loss": 3.6120410171992234}, "step": 54}
Step:54	{"loss": {"intent_margin_loss": 0.0024982483591884375}, "step": 54}
Step:54	{"loss": {"slot_loss": 7.415531334123806}, "step": 54}
Step:54	{"loss": {"slot_est_loss": 6.530895411438539}, "step": 54}
Step:54	{"loss": {"slot_margin_loss": 0.8846355676651001}, "step": 54}
Step:54	{"loss": {"total_loss": 11.030070608635292}, "step": 54}
Step:55	{"loss": {"intent_loss": 3.0119172159578684}, "step": 55}
Step:55	{"loss": {"intent_est_loss": 3.009419968203296}, "step": 55}
Step:55	{"loss": {"intent_margin_loss": 0.0024972634855657816}, "step": 55}
Step:55	{"loss": {"slot_loss": 7.217989093740467}, "step": 55}
Step:55	{"loss": {"slot_est_loss": 6.371274379477831}, "step": 55}
Step:55	{"loss": {"slot_margin_loss": 0.8467146754264832}, "step": 55}
Step:55	{"loss": {"total_loss": 10.229906309698336}, "step": 55}
Step:56	{"loss": {"intent_loss": 5.54980074846681}, "step": 56}
Step:56	{"loss": {"intent_est_loss": 5.547303497241584}, "step": 56}
Step:56	{"loss": {"intent_margin_loss": 0.00249722832813859}, "step": 56}
Step:56	{"loss": {"slot_loss": 8.029412540252089}, "step": 56}
Step:56	{"loss": {"slot_est_loss": 7.1140234949765695}, "step": 56}
Step:56	{"loss": {"slot_margin_loss": 0.9153884649276733}, "step": 56}
Step:56	{"loss": {"total_loss": 13.579213288718899}, "step": 56}
Step:57	{"loss": {"intent_loss": 3.1357969549193525}, "step": 57}
Step:57	{"loss": {"intent_est_loss": 3.1332989331123797}, "step": 57}
Step:57	{"loss": {"intent_margin_loss": 0.0024980029556900263}, "step": 57}
Step:57	{"loss": {"slot_loss": 7.288689317135143}, "step": 57}
Step:57	{"loss": {"slot_est_loss": 6.441746242332734}, "step": 57}
Step:57	{"loss": {"slot_margin_loss": 0.8469433188438416}, "step": 57}
Step:57	{"loss": {"total_loss": 10.424486272054494}, "step": 57}
Step:58	{"loss": {"intent_loss": 4.264418699580715}, "step": 58}
Step:58	{"loss": {"intent_est_loss": 4.261921692566827}, "step": 58}
Step:58	{"loss": {"intent_margin_loss": 0.0024970085360109806}, "step": 58}
Step:58	{"loss": {"slot_loss": 7.415457900223543}, "step": 58}
Step:58	{"loss": {"slot_est_loss": 6.547299400076741}, "step": 58}
Step:58	{"loss": {"slot_margin_loss": 0.8681581020355225}, "step": 58}
Step:58	{"loss": {"total_loss": 11.679876599804258}, "step": 58}
Step:59	{"loss": {"intent_loss": 4.786171530662251}, "step": 59}
Step:59	{"loss": {"intent_est_loss": 4.783674158983193}, "step": 59}
Step:59	{"loss": {"intent_margin_loss": 0.002497342647984624}, "step": 59}
Step:59	{"loss": {"slot_loss": 7.357293602661239}, "step": 59}
Step:59	{"loss": {"slot_est_loss": 6.495089291722994}, "step": 59}
Step:59	{"loss": {"slot_margin_loss": 0.8622057437896729}, "step": 59}
Step:59	{"loss": {"total_loss": 12.143465133323492}, "step": 59}
Step:60	{"loss": {"intent_loss": 4.629041393390432}, "step": 60}
Step:60	{"loss": {"intent_est_loss": 4.626543184513132}, "step": 60}
Step:60	{"loss": {"intent_margin_loss": 0.0024982127360999584}, "step": 60}
Step:60	{"loss": {"slot_loss": 7.263227293093225}, "step": 60}
Step:60	{"loss": {"slot_est_loss": 6.409428612352338}, "step": 60}
Step:60	{"loss": {"slot_margin_loss": 0.8537983298301697}, "step": 60}
Step:60	{"loss": {"total_loss": 11.892268686483657}, "step": 60}
Step:61	{"loss": {"intent_loss": 3.571482762868989}, "step": 61}
Step:61	{"loss": {"intent_est_loss": 3.568984769285458}, "step": 61}
Step:61	{"loss": {"intent_margin_loss": 0.0024979719892144203}, "step": 61}
Step:61	{"loss": {"slot_loss": 7.357288424804588}, "step": 61}
Step:61	{"loss": {"slot_est_loss": 6.471384361572575}, "step": 61}
Step:61	{"loss": {"slot_margin_loss": 0.8859041333198547}, "step": 61}
Step:61	{"loss": {"total_loss": 10.928771187673576}, "step": 61}
Step:62	{"loss": {"intent_loss": 3.9308787149675424}, "step": 62}
Step:62	{"loss": {"intent_est_loss": 3.9283822910394535}, "step": 62}
Step:62	{"loss": {"intent_margin_loss": 0.0024964422918856144}, "step": 62}
Step:62	{"loss": {"slot_loss": 7.269692407437825}, "step": 62}
Step:62	{"loss": {"slot_est_loss": 6.424710099014928}, "step": 62}
Step:62	{"loss": {"slot_margin_loss": 0.8449816703796387}, "step": 62}
Step:62	{"loss": {"total_loss": 11.200571122405368}, "step": 62}
Step:63	{"loss": {"intent_loss": 4.894828537992004}, "step": 63}
Step:63	{"loss": {"intent_est_loss": 4.892330720958854}, "step": 63}
Step:63	{"loss": {"intent_margin_loss": 0.0024978159926831722}, "step": 63}
Step:63	{"loss": {"slot_loss": 7.444522944343036}, "step": 63}
Step:63	{"loss": {"slot_est_loss": 6.579413359082529}, "step": 63}
Step:63	{"loss": {"slot_margin_loss": 0.8651096224784851}, "step": 63}
Step:63	{"loss": {"total_loss": 12.33935148233504}, "step": 63}
Step:64	{"loss": {"intent_loss": 2.711849682130197}, "step": 64}
Step:64	{"loss": {"intent_est_loss": 2.7093521008937436}, "step": 64}
Step:64	{"loss": {"intent_margin_loss": 0.002497581299394369}, "step": 64}
Step:64	{"loss": {"slot_loss": 7.130361644912045}, "step": 64}
Step:64	{"loss": {"slot_est_loss": 6.271549658733411}, "step": 64}
Step:64	{"loss": {"slot_margin_loss": 0.8588129281997681}, "step": 64}
Step:64	{"loss": {"total_loss": 9.842211327042243}, "step": 64}
Step:65	{"loss": {"intent_loss": 3.3602161541366518}, "step": 65}
Step:65	{"loss": {"intent_est_loss": 3.357718588161155}, "step": 65}
Step:65	{"loss": {"intent_margin_loss": 0.0024975379928946495}, "step": 65}
Step:65	{"loss": {"slot_loss": 7.194828437361874}, "step": 65}
Step:65	{"loss": {"slot_est_loss": 6.367015573417299}, "step": 65}
Step:65	{"loss": {"slot_margin_loss": 0.8278127908706665}, "step": 65}
Step:65	{"loss": {"total_loss": 10.555044591498525}, "step": 65}
Step:66	{"loss": {"intent_loss": 4.980763634967661}, "step": 66}
Step:66	{"loss": {"intent_est_loss": 4.978265886011292}, "step": 66}
Step:66	{"loss": {"intent_margin_loss": 0.0024977163411676884}, "step": 66}
Step:66	{"loss": {"slot_loss": 7.467199914366923}, "step": 66}
Step:66	{"loss": {"slot_est_loss": 6.606695979367949}, "step": 66}
Step:66	{"loss": {"slot_margin_loss": 0.8605040311813354}, "step": 66}
Step:66	{"loss": {"total_loss": 12.447963549334585}, "step": 66}
Step:67	{"loss": {"intent_loss": 4.952049366000571}, "step": 67}
Step:67	{"loss": {"intent_est_loss": 4.949552644154749}, "step": 67}
Step:67	{"loss": {"intent_margin_loss": 0.0024967386852949858}, "step": 67}
Step:67	{"loss": {"slot_loss": 7.28295031010638}, "step": 67}
Step:67	{"loss": {"slot_est_loss": 6.427679267310314}, "step": 67}
Step:67	{"loss": {"slot_margin_loss": 0.8552699089050293}, "step": 67}
Step:67	{"loss": {"total_loss": 12.234999676106952}, "step": 67}
Step:68	{"loss": {"intent_loss": 4.695453827519663}, "step": 68}
Step:68	{"loss": {"intent_est_loss": 4.692956861753939}, "step": 68}
Step:68	{"loss": {"intent_margin_loss": 0.002496985951438546}, "step": 68}
Step:68	{"loss": {"slot_loss": 7.045049989339883}, "step": 68}
Step:68	{"loss": {"slot_est_loss": 6.211536408838588}, "step": 68}
Step:68	{"loss": {"slot_margin_loss": 0.8335133790969849}, "step": 68}
Step:68	{"loss": {"total_loss": 11.740503816859546}, "step": 68}
Step:69	{"loss": {"intent_loss": 3.263123164014908}, "step": 69}
Step:69	{"loss": {"intent_est_loss": 3.260625845325193}, "step": 69}
Step:69	{"loss": {"intent_margin_loss": 0.002497322391718626}, "step": 69}
Step:69	{"loss": {"slot_loss": 6.921683635917746}, "step": 69}
Step:69	{"loss": {"slot_est_loss": 6.092240733321507}, "step": 69}
Step:69	{"loss": {"slot_margin_loss": 0.8294433951377869}, "step": 69}
Step:69	{"loss": {"total_loss": 10.184806799932653}, "step": 69}
Step:70	{"loss": {"intent_loss": 2.903887032935018}, "step": 70}
Step:70	{"loss": {"intent_est_loss": 2.9013892132366896}, "step": 70}
Step:70	{"loss": {"intent_margin_loss": 0.002497838344424963}, "step": 70}
Step:70	{"loss": {"slot_loss": 6.746882271405769}, "step": 70}
Step:70	{"loss": {"slot_est_loss": 5.950938048469829}, "step": 70}
Step:70	{"loss": {"slot_margin_loss": 0.7959448099136353}, "step": 70}
Step:70	{"loss": {"total_loss": 9.650769304340788}, "step": 70}
Step:71	{"loss": {"intent_loss": 3.7785493149374796}, "step": 71}
Step:71	{"loss": {"intent_est_loss": 3.7760519640461987}, "step": 71}
Step:71	{"loss": {"intent_margin_loss": 0.002497345907613635}, "step": 71}
Step:71	{"loss": {"slot_loss": 7.3428461563365985}, "step": 71}
Step:71	{"loss": {"slot_est_loss": 6.492396756604996}, "step": 71}
Step:71	{"loss": {"slot_margin_loss": 0.8504491448402405}, "step": 71}
Step:71	{"loss": {"total_loss": 11.121395471274077}, "step": 71}
Step:72	{"loss": {"intent_loss": 5.032967591030307}, "step": 72}
Step:72	{"loss": {"intent_est_loss": 5.0304699384265374}, "step": 72}
Step:72	{"loss": {"intent_margin_loss": 0.0024976658169180155}, "step": 72}
Step:72	{"loss": {"slot_loss": 7.084487652615655}, "step": 72}
Step:72	{"loss": {"slot_est_loss": 6.245152385713305}, "step": 72}
Step:72	{"loss": {"slot_margin_loss": 0.8393349051475525}, "step": 72}
Step:72	{"loss": {"total_loss": 12.117455243645962}, "step": 72}
Step:73	{"loss": {"intent_loss": 6.367143367259261}, "step": 73}
Step:73	{"loss": {"intent_est_loss": 6.36464550030141}, "step": 73}
Step:73	{"loss": {"intent_margin_loss": 0.002497884212061763}, "step": 73}
Step:73	{"loss": {"slot_loss": 7.297126725292761}, "step": 73}
Step:73	{"loss": {"slot_est_loss": 6.434166752692559}, "step": 73}
Step:73	{"loss": {"slot_margin_loss": 0.8629595637321472}, "step": 73}
Step:73	{"loss": {"total_loss": 13.664270092552023}, "step": 73}
Step:74	{"loss": {"intent_loss": 1.5230013990327311}, "step": 74}
Step:74	{"loss": {"intent_est_loss": 1.5205036261715592}, "step": 74}
Step:74	{"loss": {"intent_margin_loss": 0.0024977819994091988}, "step": 74}
Step:74	{"loss": {"slot_loss": 6.958696799410953}, "step": 74}
Step:74	{"loss": {"slot_est_loss": 6.1180768137448425}, "step": 74}
Step:74	{"loss": {"slot_margin_loss": 0.8406209349632263}, "step": 74}
Step:74	{"loss": {"total_loss": 8.481698198443684}, "step": 74}
Step:75	{"loss": {"intent_loss": 3.868973467191614}, "step": 75}
Step:75	{"loss": {"intent_est_loss": 3.8664762742631917}, "step": 75}
Step:75	{"loss": {"intent_margin_loss": 0.0024971775710582733}, "step": 75}
Step:75	{"loss": {"slot_loss": 6.619506396102952}, "step": 75}
Step:75	{"loss": {"slot_est_loss": 5.827354819001624}, "step": 75}
Step:75	{"loss": {"slot_margin_loss": 0.7921521663665771}, "step": 75}
Step:75	{"loss": {"total_loss": 10.488479863294565}, "step": 75}
Step:76	{"loss": {"intent_loss": 7.707229890132667}, "step": 76}
Step:76	{"loss": {"intent_est_loss": 7.704732570015391}, "step": 76}
Step:76	{"loss": {"intent_margin_loss": 0.0024973175022751093}, "step": 76}
Step:76	{"loss": {"slot_loss": 7.13255468233255}, "step": 76}
Step:76	{"loss": {"slot_est_loss": 6.320263770769816}, "step": 76}
Step:76	{"loss": {"slot_margin_loss": 0.8122913241386414}, "step": 76}
Step:76	{"loss": {"total_loss": 14.839784572465216}, "step": 76}
Step:77	{"loss": {"intent_loss": 3.843189558845918}, "step": 77}
Step:77	{"loss": {"intent_est_loss": 3.8406919259003223}, "step": 77}
Step:77	{"loss": {"intent_margin_loss": 0.0024976327549666166}, "step": 77}
Step:77	{"loss": {"slot_loss": 6.76348114128341}, "step": 77}
Step:77	{"loss": {"slot_est_loss": 5.982204869465218}, "step": 77}
Step:77	{"loss": {"slot_margin_loss": 0.7812752723693848}, "step": 77}
Step:77	{"loss": {"total_loss": 10.606670700129328}, "step": 77}
Step:78	{"loss": {"intent_loss": 3.6168401174061633}, "step": 78}
Step:78	{"loss": {"intent_est_loss": 3.61434228220132}, "step": 78}
Step:78	{"loss": {"intent_margin_loss": 0.002497817389667034}, "step": 78}
Step:78	{"loss": {"slot_loss": 6.71780978072202}, "step": 78}
Step:78	{"loss": {"slot_est_loss": 5.922700566047565}, "step": 78}
Step:78	{"loss": {"slot_margin_loss": 0.7951086759567261}, "step": 78}
Step:78	{"loss": {"total_loss": 10.334649898128184}, "step": 78}
Step:79	{"loss": {"intent_loss": 3.8975820357431123}, "step": 79}
Step:79	{"loss": {"intent_est_loss": 3.8950841442681785}, "step": 79}
Step:79	{"loss": {"intent_margin_loss": 0.0024978944566100836}, "step": 79}
Step:79	{"loss": {"slot_loss": 7.011103433964302}, "step": 79}
Step:79	{"loss": {"slot_est_loss": 6.196261903049906}, "step": 79}
Step:79	{"loss": {"slot_margin_loss": 0.8148421049118042}, "step": 79}
Step:79	{"loss": {"total_loss": 10.908685469707414}, "step": 79}
Step:80	{"loss": {"intent_loss": 4.9042450331417236}, "step": 80}
Step:80	{"loss": {"intent_est_loss": 4.901747483101658}, "step": 80}
Step:80	{"loss": {"intent_margin_loss": 0.002497578738257289}, "step": 80}
Step:80	{"loss": {"slot_loss": 6.8079669767233995}, "step": 80}
Step:80	{"loss": {"slot_est_loss": 5.991265419404956}, "step": 80}
Step:80	{"loss": {"slot_margin_loss": 0.8167023062705994}, "step": 80}
Step:80	{"loss": {"total_loss": 11.712212009865123}, "step": 80}
Step:81	{"loss": {"intent_loss": 2.945455807592952}, "step": 81}
Step:81	{"loss": {"intent_est_loss": 2.9429587782295106}, "step": 81}
Step:81	{"loss": {"intent_margin_loss": 0.002497053239494562}, "step": 81}
Step:81	{"loss": {"slot_loss": 6.542615469847805}, "step": 81}
Step:81	{"loss": {"slot_est_loss": 5.786096095474221}, "step": 81}
Step:81	{"loss": {"slot_margin_loss": 0.756519079208374}, "step": 81}
Step:81	{"loss": {"total_loss": 9.488071277440756}, "step": 81}
Step:82	{"loss": {"intent_loss": 5.229734244464269}, "step": 82}
Step:82	{"loss": {"intent_est_loss": 5.2272369393984395}, "step": 82}
Step:82	{"loss": {"intent_margin_loss": 0.0024973140098154545}, "step": 82}
Step:82	{"loss": {"slot_loss": 6.7782202537229646}, "step": 82}
Step:82	{"loss": {"slot_est_loss": 5.9908319890964785}, "step": 82}
Step:82	{"loss": {"slot_margin_loss": 0.7873878479003906}, "step": 82}
Step:82	{"loss": {"total_loss": 12.007954498187233}, "step": 82}
Step:83	{"loss": {"intent_loss": 4.22910021258976}, "step": 83}
Step:83	{"loss": {"intent_est_loss": 4.226602966236538}, "step": 83}
Step:83	{"loss": {"intent_margin_loss": 0.0024972388055175543}, "step": 83}
Step:83	{"loss": {"slot_loss": 6.886620424926526}, "step": 83}
Step:83	{"loss": {"slot_est_loss": 6.084207669686302}, "step": 83}
Step:83	{"loss": {"slot_margin_loss": 0.8024117350578308}, "step": 83}
Step:83	{"loss": {"total_loss": 11.115720637516286}, "step": 83}
Step:84	{"loss": {"intent_loss": 3.3906386264978137}, "step": 84}
Step:84	{"loss": {"intent_est_loss": 3.3881413514136507}, "step": 84}
Step:84	{"loss": {"intent_margin_loss": 0.002497263951227069}, "step": 84}
Step:84	{"loss": {"slot_loss": 6.646444220258863}, "step": 84}
Step:84	{"loss": {"slot_est_loss": 5.8820878305821545}, "step": 84}
Step:84	{"loss": {"slot_margin_loss": 0.764356791973114}, "step": 84}
Step:84	{"loss": {"total_loss": 10.037082846756677}, "step": 84}
Step:85	{"loss": {"intent_loss": 3.9841191736599244}, "step": 85}
Step:85	{"loss": {"intent_est_loss": 3.98162205867338}, "step": 85}
Step:85	{"loss": {"intent_margin_loss": 0.002497099107131362}, "step": 85}
Step:85	{"loss": {"slot_loss": 6.750551404635186}, "step": 85}
Step:85	{"loss": {"slot_est_loss": 5.97194295946392}, "step": 85}
Step:85	{"loss": {"slot_margin_loss": 0.778608500957489}, "step": 85}
Step:85	{"loss": {"total_loss": 10.73467057829511}, "step": 85}
Step:86	{"loss": {"intent_loss": 3.3077944130745816}, "step": 86}
Step:86	{"loss": {"intent_est_loss": 3.3052970651300666}, "step": 86}
Step:86	{"loss": {"intent_margin_loss": 0.002497362205758691}, "step": 86}
Step:86	{"loss": {"slot_loss": 6.837098138063458}, "step": 86}
Step:86	{"loss": {"slot_est_loss": 6.046474378288254}, "step": 86}
Step:86	{"loss": {"slot_margin_loss": 0.790623128414154}, "step": 86}
Step:86	{"loss": {"total_loss": 10.144892551138039}, "step": 86}
Step:87	{"loss": {"intent_loss": 3.1514305645239835}, "step": 87}
Step:87	{"loss": {"intent_est_loss": 3.1489333659443233}, "step": 87}
Step:87	{"loss": {"intent_margin_loss": 0.0024972057435661554}, "step": 87}
Step:87	{"loss": {"slot_loss": 6.3910398469306395}, "step": 87}
Step:87	{"loss": {"slot_est_loss": 5.611949472216668}, "step": 87}
Step:87	{"loss": {"slot_margin_loss": 0.7790903449058533}, "step": 87}
Step:87	{"loss": {"total_loss": 9.542470411454623}, "step": 87}
Step:88	{"loss": {"intent_loss": 5.655856395060615}, "step": 88}
Step:88	{"loss": {"intent_est_loss": 5.653360175513444}, "step": 88}
Step:88	{"loss": {"intent_margin_loss": 0.002496233442798257}, "step": 88}
Step:88	{"loss": {"slot_loss": 6.877740958449423}, "step": 88}
Step:88	{"loss": {"slot_est_loss": 6.1168414575979}, "step": 88}
Step:88	{"loss": {"slot_margin_loss": 0.7609007954597473}, "step": 88}
Step:88	{"loss": {"total_loss": 12.53359735351004}, "step": 88}
Step:89	{"loss": {"intent_loss": 3.1858976460403943}, "step": 89}
Step:89	{"loss": {"intent_est_loss": 3.183400336675551}, "step": 89}
Step:89	{"loss": {"intent_margin_loss": 0.002497283974662423}, "step": 89}
Step:89	{"loss": {"slot_loss": 6.417659986700171}, "step": 89}
Step:89	{"loss": {"slot_est_loss": 5.6596969144476965}, "step": 89}
Step:89	{"loss": {"slot_margin_loss": 0.7579628825187683}, "step": 89}
Step:89	{"loss": {"total_loss": 9.603557632740564}, "step": 89}
Step:90	{"loss": {"intent_loss": 6.272014682242298}, "step": 90}
Step:90	{"loss": {"intent_est_loss": 6.26951653051584}, "step": 90}
Step:90	{"loss": {"intent_margin_loss": 0.002498132409527898}, "step": 90}
Step:90	{"loss": {"slot_loss": 6.6904811291722615}, "step": 90}
Step:90	{"loss": {"slot_est_loss": 5.899677331972623}, "step": 90}
Step:90	{"loss": {"slot_margin_loss": 0.7908033728599548}, "step": 90}
Step:90	{"loss": {"total_loss": 12.96249581141456}, "step": 90}
Step:91	{"loss": {"intent_loss": 3.4808337382186414}, "step": 91}
Step:91	{"loss": {"intent_est_loss": 3.4783358288666943}, "step": 91}
Step:91	{"loss": {"intent_margin_loss": 0.0024979279842227697}, "step": 91}
Step:91	{"loss": {"slot_loss": 6.413627251476277}, "step": 91}
Step:91	{"loss": {"slot_est_loss": 5.647315705695659}, "step": 91}
Step:91	{"loss": {"slot_margin_loss": 0.76631098985672}, "step": 91}
Step:91	{"loss": {"total_loss": 9.894460989694918}, "step": 91}
Step:92	{"loss": {"intent_loss": 3.4589390900069743}, "step": 92}
Step:92	{"loss": {"intent_est_loss": 3.4564418085643376}, "step": 92}
Step:92	{"loss": {"intent_margin_loss": 0.002497275359928608}, "step": 92}
Step:92	{"loss": {"slot_loss": 6.539386374613963}, "step": 92}
Step:92	{"loss": {"slot_est_loss": 5.7835261133383025}, "step": 92}
Step:92	{"loss": {"slot_margin_loss": 0.7558602094650269}, "step": 92}
Step:92	{"loss": {"total_loss": 9.998325464620937}, "step": 92}
Step:93	{"loss": {"intent_loss": 3.96708536656733}, "step": 93}
Step:93	{"loss": {"intent_est_loss": 3.964588293657282}, "step": 93}
Step:93	{"loss": {"intent_margin_loss": 0.002497069537639618}, "step": 93}
Step:93	{"loss": {"slot_loss": 6.835957440279905}, "step": 93}
Step:93	{"loss": {"slot_est_loss": 6.047599168104352}, "step": 93}
Step:93	{"loss": {"slot_margin_loss": 0.7883557677268982}, "step": 93}
Step:93	{"loss": {"total_loss": 10.803042806847234}, "step": 93}
Step:94	{"loss": {"intent_loss": 3.6138009883241424}, "step": 94}
Step:94	{"loss": {"intent_est_loss": 3.611304092285357}, "step": 94}
Step:94	{"loss": {"intent_margin_loss": 0.0024968688376247883}, "step": 94}
Step:94	{"loss": {"slot_loss": 6.288752947148177}, "step": 94}
Step:94	{"loss": {"slot_est_loss": 5.547567458642879}, "step": 94}
Step:94	{"loss": {"slot_margin_loss": 0.7411856055259705}, "step": 94}
Step:94	{"loss": {"total_loss": 9.90255393547232}, "step": 94}
Step:95	{"loss": {"intent_loss": 3.096840203770262}, "step": 95}
Step:95	{"loss": {"intent_est_loss": 3.0943421858170126}, "step": 95}
Step:95	{"loss": {"intent_margin_loss": 0.0024980322923511267}, "step": 95}
Step:95	{"loss": {"slot_loss": 6.309880415489884}, "step": 95}
Step:95	{"loss": {"slot_est_loss": 5.559924724092706}, "step": 95}
Step:95	{"loss": {"slot_margin_loss": 0.749955952167511}, "step": 95}
Step:95	{"loss": {"total_loss": 9.406720619260145}, "step": 95}
Step:96	{"loss": {"intent_loss": 4.693310419466428}, "step": 96}
Step:96	{"loss": {"intent_est_loss": 4.690813253674421}, "step": 96}
Step:96	{"loss": {"intent_margin_loss": 0.002497159643098712}, "step": 96}
Step:96	{"loss": {"slot_loss": 6.74280662287492}, "step": 96}
Step:96	{"loss": {"slot_est_loss": 5.979246253205937}, "step": 96}
Step:96	{"loss": {"slot_margin_loss": 0.7635608911514282}, "step": 96}
Step:96	{"loss": {"total_loss": 11.436117042341348}, "step": 96}
Step:97	{"loss": {"intent_loss": 4.781420426499962}, "step": 97}
Step:97	{"loss": {"intent_est_loss": 4.778922956402308}, "step": 97}
Step:97	{"loss": {"intent_margin_loss": 0.0024974504485726357}, "step": 97}
Step:97	{"loss": {"slot_loss": 6.5022589766828025}, "step": 97}
Step:97	{"loss": {"slot_est_loss": 5.752800919703441}, "step": 97}
Step:97	{"loss": {"slot_margin_loss": 0.749458909034729}, "step": 97}
Step:97	{"loss": {"total_loss": 11.283679403182765}, "step": 97}
Step:98	{"loss": {"intent_loss": 3.049255395237567}, "step": 98}
Step:98	{"loss": {"intent_est_loss": 3.046758344752378}, "step": 98}
Step:98	{"loss": {"intent_margin_loss": 0.0024970341473817825}, "step": 98}
Step:98	{"loss": {"slot_loss": 6.5166663373180205}, "step": 98}
Step:98	{"loss": {"slot_est_loss": 5.768326592649091}, "step": 98}
Step:98	{"loss": {"slot_margin_loss": 0.7483402490615845}, "step": 98}
Step:98	{"loss": {"total_loss": 9.565921732555587}, "step": 98}
Step:99	{"loss": {"intent_loss": 4.370742634422638}, "step": 99}
Step:99	{"loss": {"intent_est_loss": 4.368245397387736}, "step": 99}
Step:99	{"loss": {"intent_margin_loss": 0.0024972253013402224}, "step": 99}
Step:99	{"loss": {"slot_loss": 6.337544738891293}, "step": 99}
Step:99	{"loss": {"slot_est_loss": 5.59608174386084}, "step": 99}
Step:99	{"loss": {"slot_margin_loss": 0.7414626479148865}, "step": 99}
Step:99	{"loss": {"total_loss": 10.708287373313931}, "step": 99}
Step:100	{"loss": {"intent_loss": 5.83933240825427}, "step": 100}
Step:100	{"loss": {"intent_est_loss": 5.836834375557385}, "step": 100}
Step:100	{"loss": {"intent_margin_loss": 0.002498029265552759}, "step": 100}
Step:100	{"loss": {"slot_loss": 6.289987228839901}, "step": 100}
Step:100	{"loss": {"slot_est_loss": 5.562188827566556}, "step": 100}
Step:100	{"loss": {"slot_margin_loss": 0.7277989983558655}, "step": 100}
Step:100	{"loss": {"total_loss": 12.12931963709417}, "step": 100}
Step:101	{"loss": {"intent_loss": 3.7773309264594057}, "step": 101}
Step:101	{"loss": {"intent_est_loss": 3.7748327968336586}, "step": 101}
Step:101	{"loss": {"intent_margin_loss": 0.002498133573681116}, "step": 101}
Step:101	{"loss": {"slot_loss": 6.551610916433855}, "step": 101}
Step:101	{"loss": {"slot_est_loss": 5.7999623474373845}, "step": 101}
Step:101	{"loss": {"slot_margin_loss": 0.7516496777534485}, "step": 101}
Step:101	{"loss": {"total_loss": 10.328941842893261}, "step": 101}
Step:102	{"loss": {"intent_loss": 4.104858878230518}, "step": 102}
Step:102	{"loss": {"intent_est_loss": 4.102361828593355}, "step": 102}
Step:102	{"loss": {"intent_margin_loss": 0.0024970341473817825}, "step": 102}
Step:102	{"loss": {"slot_loss": 6.070049625687533}, "step": 102}
Step:102	{"loss": {"slot_est_loss": 5.361392105213614}, "step": 102}
Step:102	{"loss": {"slot_margin_loss": 0.7086572051048279}, "step": 102}
Step:102	{"loss": {"total_loss": 10.17490850391805}, "step": 102}
Step:103	{"loss": {"intent_loss": 4.394648612537282}, "step": 103}
Step:103	{"loss": {"intent_est_loss": 4.392150459442196}, "step": 103}
Step:103	{"loss": {"intent_margin_loss": 0.002498168032616377}, "step": 103}
Step:103	{"loss": {"slot_loss": 6.290732309425934}, "step": 103}
Step:103	{"loss": {"slot_est_loss": 5.551417951990148}, "step": 103}
Step:103	{"loss": {"slot_margin_loss": 0.739315390586853}, "step": 103}
Step:103	{"loss": {"total_loss": 10.685380921963215}, "step": 103}
Step:104	{"loss": {"intent_loss": 3.9438189088774416}, "step": 104}
Step:104	{"loss": {"intent_est_loss": 3.9413211373357604}, "step": 104}
Step:104	{"loss": {"intent_margin_loss": 0.002497758250683546}, "step": 104}
Step:104	{"loss": {"slot_loss": 6.567818068468474}, "step": 104}
Step:104	{"loss": {"slot_est_loss": 5.815414107142721}, "step": 104}
Step:104	{"loss": {"slot_margin_loss": 0.7524043321609497}, "step": 104}
Step:104	{"loss": {"total_loss": 10.511636977345916}, "step": 104}
Step:105	{"loss": {"intent_loss": 4.897008789011664}, "step": 105}
Step:105	{"loss": {"intent_est_loss": 4.894511625511582}, "step": 105}
Step:105	{"loss": {"intent_margin_loss": 0.002497187815606594}, "step": 105}
Step:105	{"loss": {"slot_loss": 6.5545402527088115}, "step": 105}
Step:105	{"loss": {"slot_est_loss": 5.799849436501979}, "step": 105}
Step:105	{"loss": {"slot_margin_loss": 0.7546907663345337}, "step": 105}
Step:105	{"loss": {"total_loss": 11.451549041720476}, "step": 105}
Step:106	{"loss": {"intent_loss": 3.643665028533723}, "step": 106}
Step:106	{"loss": {"intent_est_loss": 3.641168136299536}, "step": 106}
Step:106	{"loss": {"intent_margin_loss": 0.002496893284842372}, "step": 106}
Step:106	{"loss": {"slot_loss": 6.367549873946713}, "step": 106}
Step:106	{"loss": {"slot_est_loss": 5.618654317897744}, "step": 106}
Step:106	{"loss": {"slot_margin_loss": 0.7488961219787598}, "step": 106}
Step:106	{"loss": {"total_loss": 10.011214902480436}, "step": 106}
Step:107	{"loss": {"intent_loss": 3.29067004372883}, "step": 107}
Step:107	{"loss": {"intent_est_loss": 3.288173040909168}, "step": 107}
Step:107	{"loss": {"intent_margin_loss": 0.0024970094673335552}, "step": 107}
Step:107	{"loss": {"slot_loss": 6.606045790168002}, "step": 107}
Step:107	{"loss": {"slot_est_loss": 5.839250036637539}, "step": 107}
Step:107	{"loss": {"slot_margin_loss": 0.7667956948280334}, "step": 107}
Step:107	{"loss": {"total_loss": 9.896715833896831}, "step": 107}
Step:108	{"loss": {"intent_loss": 8.089609546387521}, "step": 108}
Step:108	{"loss": {"intent_est_loss": 8.087112284125038}, "step": 108}
Step:108	{"loss": {"intent_margin_loss": 0.002497267909348011}, "step": 108}
Step:108	{"loss": {"slot_loss": 6.588064514420706}, "step": 108}
Step:108	{"loss": {"slot_est_loss": 5.841861658811114}, "step": 108}
Step:108	{"loss": {"slot_margin_loss": 0.7462027668952942}, "step": 108}
Step:108	{"loss": {"total_loss": 14.677674060808227}, "step": 108}
Step:109	{"loss": {"intent_loss": 4.313709453841863}, "step": 109}
Step:109	{"loss": {"intent_est_loss": 4.311212297414022}, "step": 109}
Step:109	{"loss": {"intent_margin_loss": 0.0024971752427518368}, "step": 109}
Step:109	{"loss": {"slot_loss": 6.22306561203441}, "step": 109}
Step:109	{"loss": {"slot_est_loss": 5.509087214089232}, "step": 109}
Step:109	{"loss": {"slot_margin_loss": 0.7139787077903748}, "step": 109}
Step:109	{"loss": {"total_loss": 10.536775065876274}, "step": 109}
Step:110	{"loss": {"intent_loss": 4.642255268635195}, "step": 110}
Step:110	{"loss": {"intent_est_loss": 4.639757452525375}, "step": 110}
Step:110	{"loss": {"intent_margin_loss": 0.002497834851965308}, "step": 110}
Step:110	{"loss": {"slot_loss": 6.404908162105128}, "step": 110}
Step:110	{"loss": {"slot_est_loss": 5.6641611099883376}, "step": 110}
Step:110	{"loss": {"slot_margin_loss": 0.7407475709915161}, "step": 110}
Step:110	{"loss": {"total_loss": 11.047163430740323}, "step": 110}
Step:111	{"loss": {"intent_loss": 4.642785937179736}, "step": 111}
Step:111	{"loss": {"intent_est_loss": 4.640288483750922}, "step": 111}
Step:111	{"loss": {"intent_margin_loss": 0.0024974592961370945}, "step": 111}
Step:111	{"loss": {"slot_loss": 5.980507821321958}, "step": 111}
Step:111	{"loss": {"slot_est_loss": 5.272073605906919}, "step": 111}
Step:111	{"loss": {"slot_margin_loss": 0.7084336280822754}, "step": 111}
Step:111	{"loss": {"total_loss": 10.623293758501696}, "step": 111}
Step:112	{"loss": {"intent_loss": 6.179513387391851}, "step": 112}
Step:112	{"loss": {"intent_est_loss": 6.177016398091292}, "step": 112}
Step:112	{"loss": {"intent_margin_loss": 0.0024970320519059896}, "step": 112}
Step:112	{"loss": {"slot_loss": 6.670154374570125}, "step": 112}
Step:112	{"loss": {"slot_est_loss": 5.923091639694767}, "step": 112}
Step:112	{"loss": {"slot_margin_loss": 0.7470627427101135}, "step": 112}
Step:112	{"loss": {"total_loss": 12.849667761961976}, "step": 112}
Step:113	{"loss": {"intent_loss": 1.9197180467988797}, "step": 113}
Step:113	{"loss": {"intent_est_loss": 1.9172205613256688}, "step": 113}
Step:113	{"loss": {"intent_margin_loss": 0.0024974860716611147}, "step": 113}
Step:113	{"loss": {"slot_loss": 6.038487003085911}, "step": 113}
Step:113	{"loss": {"slot_est_loss": 5.333303325693123}, "step": 113}
Step:113	{"loss": {"slot_margin_loss": 0.7051827907562256}, "step": 113}
Step:113	{"loss": {"total_loss": 7.958205049884791}, "step": 113}
Step:114	{"loss": {"intent_loss": 7.418013830619028}, "step": 114}
Step:114	{"loss": {"intent_est_loss": 7.415516616051524}, "step": 114}
Step:114	{"loss": {"intent_margin_loss": 0.0024972420651465654}, "step": 114}
Step:114	{"loss": {"slot_loss": 6.467092785687416}, "step": 114}
Step:114	{"loss": {"slot_est_loss": 5.7186309645301705}, "step": 114}
Step:114	{"loss": {"slot_margin_loss": 0.7484621405601501}, "step": 114}
Step:114	{"loss": {"total_loss": 13.885106616306444}, "step": 114}
Step:115	{"loss": {"intent_loss": 3.776836198166703}, "step": 115}
Step:115	{"loss": {"intent_est_loss": 3.77433862891048}, "step": 115}
Step:115	{"loss": {"intent_margin_loss": 0.002497562440112233}, "step": 115}
Step:115	{"loss": {"slot_loss": 6.154916593764211}, "step": 115}
Step:115	{"loss": {"slot_est_loss": 5.426650701602929}, "step": 115}
Step:115	{"loss": {"slot_margin_loss": 0.728266179561615}, "step": 115}
Step:115	{"loss": {"total_loss": 9.931752791930915}, "step": 115}
Step:116	{"loss": {"intent_loss": 3.6069630577661913}, "step": 116}
Step:116	{"loss": {"intent_est_loss": 3.6044657731672407}, "step": 116}
Step:116	{"loss": {"intent_margin_loss": 0.0024972972460091114}, "step": 116}
Step:116	{"loss": {"slot_loss": 6.175074011273675}, "step": 116}
Step:116	{"loss": {"slot_est_loss": 5.450673723639916}, "step": 116}
Step:116	{"loss": {"slot_margin_loss": 0.7244005799293518}, "step": 116}
Step:116	{"loss": {"total_loss": 9.782037069039866}, "step": 116}
Step:117	{"loss": {"intent_loss": 6.077882525977478}, "step": 117}
Step:117	{"loss": {"intent_est_loss": 6.075384993166149}, "step": 117}
Step:117	{"loss": {"intent_margin_loss": 0.0024975105188786983}, "step": 117}
Step:117	{"loss": {"slot_loss": 6.431760202703297}, "step": 117}
Step:117	{"loss": {"slot_est_loss": 5.691490839500332}, "step": 117}
Step:117	{"loss": {"slot_margin_loss": 0.7402701377868652}, "step": 117}
Step:117	{"loss": {"total_loss": 12.509642728680776}, "step": 117}
Step:118	{"loss": {"intent_loss": 3.4477179275610936}, "step": 118}
Step:118	{"loss": {"intent_est_loss": 3.4452205193651073}, "step": 118}
Step:118	{"loss": {"intent_margin_loss": 0.0024974027182906866}, "step": 118}
Step:118	{"loss": {"slot_loss": 6.133562912110937}, "step": 118}
Step:118	{"loss": {"slot_est_loss": 5.424795235990313}, "step": 118}
Step:118	{"loss": {"slot_margin_loss": 0.7087677121162415}, "step": 118}
Step:118	{"loss": {"total_loss": 9.581280839672031}, "step": 118}
Step:119	{"loss": {"intent_loss": 3.8196177679605183}, "step": 119}
Step:119	{"loss": {"intent_est_loss": 3.817119609744621}, "step": 119}
Step:119	{"loss": {"intent_margin_loss": 0.002498188056051731}, "step": 119}
Step:119	{"loss": {"slot_loss": 6.008078483224372}, "step": 119}
Step:119	{"loss": {"slot_est_loss": 5.292939126840797}, "step": 119}
Step:119	{"loss": {"slot_margin_loss": 0.7151395678520203}, "step": 119}
Step:119	{"loss": {"total_loss": 9.82769625118489}, "step": 119}
Step:120	{"loss": {"intent_loss": 3.8036513620969368}, "step": 120}
Step:120	{"loss": {"intent_est_loss": 3.801153574701674}, "step": 120}
Step:120	{"loss": {"intent_margin_loss": 0.0024978024885058403}, "step": 120}
Step:120	{"loss": {"slot_loss": 6.336438258091207}, "step": 120}
Step:120	{"loss": {"slot_est_loss": 5.61156289808568}, "step": 120}
Step:120	{"loss": {"slot_margin_loss": 0.7248746156692505}, "step": 120}
Step:120	{"loss": {"total_loss": 10.140089620188144}, "step": 120}
Step:121	{"loss": {"intent_loss": 4.778517075991834}, "step": 121}
Step:121	{"loss": {"intent_est_loss": 4.776020362838969}, "step": 121}
Step:121	{"loss": {"intent_margin_loss": 0.0024967093486338854}, "step": 121}
Step:121	{"loss": {"slot_loss": 6.420564852503587}, "step": 121}
Step:121	{"loss": {"slot_est_loss": 5.677343338663928}, "step": 121}
Step:121	{"loss": {"slot_margin_loss": 0.743222177028656}, "step": 121}
Step:121	{"loss": {"total_loss": 11.19908192849542}, "step": 121}
Step:122	{"loss": {"intent_loss": 2.918520665834153}, "step": 122}
Step:122	{"loss": {"intent_est_loss": 2.9160226543539474}, "step": 122}
Step:122	{"loss": {"intent_margin_loss": 0.0024980197194963694}, "step": 122}
Step:122	{"loss": {"slot_loss": 5.912334001727855}, "step": 122}
Step:122	{"loss": {"slot_est_loss": 5.214556743571297}, "step": 122}
Step:122	{"loss": {"slot_margin_loss": 0.6977773904800415}, "step": 122}
Step:122	{"loss": {"total_loss": 8.830854667562008}, "step": 122}
Step:123	{"loss": {"intent_loss": 2.9494608051441946}, "step": 123}
Step:123	{"loss": {"intent_est_loss": 2.9469620876523543}, "step": 123}
Step:123	{"loss": {"intent_margin_loss": 0.0024987098295241594}, "step": 123}
Step:123	{"loss": {"slot_loss": 6.173868875240443}, "step": 123}
Step:123	{"loss": {"slot_est_loss": 5.46569092949213}, "step": 123}
Step:123	{"loss": {"slot_margin_loss": 0.708177387714386}, "step": 123}
Step:123	{"loss": {"total_loss": 9.123329680384638}, "step": 123}
Step:124	{"loss": {"intent_loss": 4.992191394117616}, "step": 124}
Step:124	{"loss": {"intent_est_loss": 4.989693560497466}, "step": 124}
Step:124	{"loss": {"intent_margin_loss": 0.002497835550457239}, "step": 124}
Step:124	{"loss": {"slot_loss": 6.492187518201547}, "step": 124}
Step:124	{"loss": {"slot_est_loss": 5.765991628932544}, "step": 124}
Step:124	{"loss": {"slot_margin_loss": 0.7261955738067627}, "step": 124}
Step:124	{"loss": {"total_loss": 11.484378912319162}, "step": 124}
Step:125	{"loss": {"intent_loss": 2.3835595568609276}, "step": 125}
Step:125	{"loss": {"intent_est_loss": 2.3810620382791963}, "step": 125}
Step:125	{"loss": {"intent_margin_loss": 0.0024975070264190435}, "step": 125}
Step:125	{"loss": {"slot_loss": 6.0113489821087605}, "step": 125}
Step:125	{"loss": {"slot_est_loss": 5.318670422758441}, "step": 125}
Step:125	{"loss": {"slot_margin_loss": 0.6926785111427307}, "step": 125}
Step:125	{"loss": {"total_loss": 8.394908538969688}, "step": 125}
Step:126	{"loss": {"intent_loss": 6.658914211482996}, "step": 126}
Step:126	{"loss": {"intent_est_loss": 6.65641642373084}, "step": 126}
Step:126	{"loss": {"intent_margin_loss": 0.0024977719876915216}, "step": 126}
Step:126	{"loss": {"slot_loss": 6.245721807709182}, "step": 126}
Step:126	{"loss": {"slot_est_loss": 5.554666553082644}, "step": 126}
Step:126	{"loss": {"slot_margin_loss": 0.6910555362701416}, "step": 126}
Step:126	{"loss": {"total_loss": 12.904636019192179}, "step": 126}
Step:127	{"loss": {"intent_loss": 2.7105995465259203}, "step": 127}
Step:127	{"loss": {"intent_est_loss": 2.708102234977194}, "step": 127}
Step:127	{"loss": {"intent_margin_loss": 0.0024973140098154545}, "step": 127}
Step:127	{"loss": {"slot_loss": 6.1411647219793}, "step": 127}
Step:127	{"loss": {"slot_est_loss": 5.450636646192285}, "step": 127}
Step:127	{"loss": {"slot_margin_loss": 0.6905277371406555}, "step": 127}
Step:127	{"loss": {"total_loss": 8.851764268505221}, "step": 127}
Step:128	{"loss": {"intent_loss": 4.234469676476142}, "step": 128}
Step:128	{"loss": {"intent_est_loss": 4.231971873482682}, "step": 128}
Step:128	{"loss": {"intent_margin_loss": 0.002497780369594693}, "step": 128}
Step:128	{"loss": {"slot_loss": 6.289444146805909}, "step": 128}
Step:128	{"loss": {"slot_est_loss": 5.565352438419362}, "step": 128}
Step:128	{"loss": {"slot_margin_loss": 0.7240917682647705}, "step": 128}
Step:128	{"loss": {"total_loss": 10.52391382328205}, "step": 128}
Step:129	{"loss": {"intent_loss": 2.362033623854951}, "step": 129}
Step:129	{"loss": {"intent_est_loss": 2.3595365594479576}, "step": 129}
Step:129	{"loss": {"intent_margin_loss": 0.0024970679078251123}, "step": 129}
Step:129	{"loss": {"slot_loss": 5.889527425309641}, "step": 129}
Step:129	{"loss": {"slot_est_loss": 5.204400255432114}, "step": 129}
Step:129	{"loss": {"slot_margin_loss": 0.6851269006729126}, "step": 129}
Step:129	{"loss": {"total_loss": 8.251561049164593}, "step": 129}
Step:130	{"loss": {"intent_loss": 5.070093735433688}, "step": 130}
Step:130	{"loss": {"intent_est_loss": 5.067595482623432}, "step": 130}
Step:130	{"loss": {"intent_margin_loss": 0.0024982073809951544}, "step": 130}
Step:130	{"loss": {"slot_loss": 6.308600835205288}, "step": 130}
Step:130	{"loss": {"slot_est_loss": 5.589281630044558}, "step": 130}
Step:130	{"loss": {"slot_margin_loss": 0.7193191051483154}, "step": 130}
Step:130	{"loss": {"total_loss": 11.378694570638977}, "step": 130}
Step:131	{"loss": {"intent_loss": 3.3535141971497047}, "step": 131}
Step:131	{"loss": {"intent_est_loss": 3.351016265716677}, "step": 131}
Step:131	{"loss": {"intent_margin_loss": 0.002497927052900195}, "step": 131}
Step:131	{"loss": {"slot_loss": 6.09306504338747}, "step": 131}
Step:131	{"loss": {"slot_est_loss": 5.418247093202077}, "step": 131}
Step:131	{"loss": {"slot_margin_loss": 0.6748180985450745}, "step": 131}
Step:131	{"loss": {"total_loss": 9.446579240537174}, "step": 131}
Step:132	{"loss": {"intent_loss": 6.245093577646914}, "step": 132}
Step:132	{"loss": {"intent_est_loss": 6.242596163901181}, "step": 132}
Step:132	{"loss": {"intent_margin_loss": 0.0024974076077342033}, "step": 132}
Step:132	{"loss": {"slot_loss": 6.433357712835998}, "step": 132}
Step:132	{"loss": {"slot_est_loss": 5.709386376227492}, "step": 132}
Step:132	{"loss": {"slot_margin_loss": 0.7239710688591003}, "step": 132}
Step:132	{"loss": {"total_loss": 12.678451290482911}, "step": 132}
Step:133	{"loss": {"intent_loss": 4.619375816288808}, "step": 133}
Step:133	{"loss": {"intent_est_loss": 4.6168785805472}, "step": 133}
Step:133	{"loss": {"intent_margin_loss": 0.002497234381735325}, "step": 133}
Step:133	{"loss": {"slot_loss": 6.236884347011804}, "step": 133}
Step:133	{"loss": {"slot_est_loss": 5.5282787742849875}, "step": 133}
Step:133	{"loss": {"slot_margin_loss": 0.7086055278778076}, "step": 133}
Step:133	{"loss": {"total_loss": 10.856260163300611}, "step": 133}
Step:134	{"loss": {"intent_loss": 2.9768886557169}, "step": 134}
Step:134	{"loss": {"intent_est_loss": 2.9743901506473764}, "step": 134}
Step:134	{"loss": {"intent_margin_loss": 0.0024985310155898333}, "step": 134}
Step:134	{"loss": {"slot_loss": 5.92156301802607}, "step": 134}
Step:134	{"loss": {"slot_est_loss": 5.24620827902691}, "step": 134}
Step:134	{"loss": {"slot_margin_loss": 0.6753546595573425}, "step": 134}
Step:134	{"loss": {"total_loss": 8.89845167374297}, "step": 134}
Step:135	{"loss": {"intent_loss": 7.102434000665025}, "step": 135}
Step:135	{"loss": {"intent_est_loss": 7.0999359588364355}, "step": 135}
Step:135	{"loss": {"intent_margin_loss": 0.002498071640729904}, "step": 135}
Step:135	{"loss": {"slot_loss": 6.767472303472457}, "step": 135}
Step:135	{"loss": {"slot_est_loss": 5.986446607467951}, "step": 135}
Step:135	{"loss": {"slot_margin_loss": 0.7810255289077759}, "step": 135}
Step:135	{"loss": {"total_loss": 13.869906304137482}, "step": 135}
Step:136	{"loss": {"intent_loss": 4.0037588248244}, "step": 136}
Step:136	{"loss": {"intent_est_loss": 4.001261672152029}, "step": 136}
Step:136	{"loss": {"intent_margin_loss": 0.002497169654816389}, "step": 136}
Step:136	{"loss": {"slot_loss": 5.696733803115778}, "step": 136}
Step:136	{"loss": {"slot_est_loss": 5.02805061191903}, "step": 136}
Step:136	{"loss": {"slot_margin_loss": 0.6686825752258301}, "step": 136}
Step:136	{"loss": {"total_loss": 9.700492627940179}, "step": 136}
Step:137	{"loss": {"intent_loss": 4.233337364823081}, "step": 137}
Step:137	{"loss": {"intent_est_loss": 4.230839746382123}, "step": 137}
Step:137	{"loss": {"intent_margin_loss": 0.002497616223990917}, "step": 137}
Step:137	{"loss": {"slot_loss": 6.014111582387705}, "step": 137}
Step:137	{"loss": {"slot_est_loss": 5.327851186721814}, "step": 137}
Step:137	{"loss": {"slot_margin_loss": 0.6862595677375793}, "step": 137}
Step:137	{"loss": {"total_loss": 10.247448947210785}, "step": 137}
Step:138	{"loss": {"intent_loss": 2.1925424654382346}, "step": 138}
Step:138	{"loss": {"intent_est_loss": 2.1900448835371225}, "step": 138}
Step:138	{"loss": {"intent_margin_loss": 0.0024975819978863}, "step": 138}
Step:138	{"loss": {"slot_loss": 5.7967115522828}, "step": 138}
Step:138	{"loss": {"slot_est_loss": 5.124265328183543}, "step": 138}
Step:138	{"loss": {"slot_margin_loss": 0.6724462509155273}, "step": 138}
Step:138	{"loss": {"total_loss": 7.989254017721034}, "step": 138}
Step:139	{"loss": {"intent_loss": 4.657210008247069}, "step": 139}
Step:139	{"loss": {"intent_est_loss": 4.654712467819998}, "step": 139}
Step:139	{"loss": {"intent_margin_loss": 0.0024975368287414312}, "step": 139}
Step:139	{"loss": {"slot_loss": 6.229107708984513}, "step": 139}
Step:139	{"loss": {"slot_est_loss": 5.53981531795579}, "step": 139}
Step:139	{"loss": {"slot_margin_loss": 0.6892914772033691}, "step": 139}
Step:139	{"loss": {"total_loss": 10.88631771723158}, "step": 139}
Step:140	{"loss": {"intent_loss": 1.9348755018843817}, "step": 140}
Step:140	{"loss": {"intent_est_loss": 1.9323787110482937}, "step": 140}
Step:140	{"loss": {"intent_margin_loss": 0.0024968008510768414}, "step": 140}
Step:140	{"loss": {"slot_loss": 5.912179932178694}, "step": 140}
Step:140	{"loss": {"slot_est_loss": 5.208368865057126}, "step": 140}
Step:140	{"loss": {"slot_margin_loss": 0.7038098573684692}, "step": 140}
Step:140	{"loss": {"total_loss": 7.847055434063076}, "step": 140}
Step:141	{"loss": {"intent_loss": 4.521959427910763}, "step": 141}
Step:141	{"loss": {"intent_est_loss": 4.519461752299325}, "step": 141}
Step:141	{"loss": {"intent_margin_loss": 0.002497652778401971}, "step": 141}
Step:141	{"loss": {"slot_loss": 6.431843356520396}, "step": 141}
Step:141	{"loss": {"slot_est_loss": 5.6979997435381025}, "step": 141}
Step:141	{"loss": {"slot_margin_loss": 0.7338425517082214}, "step": 141}
Step:141	{"loss": {"total_loss": 10.953802784431158}, "step": 141}
Step:142	{"loss": {"intent_loss": 1.855034506850638}, "step": 142}
Step:142	{"loss": {"intent_est_loss": 1.8525374058743163}, "step": 142}
Step:142	{"loss": {"intent_margin_loss": 0.0024971021339297295}, "step": 142}
Step:142	{"loss": {"slot_loss": 5.6853973517194385}, "step": 142}
Step:142	{"loss": {"slot_est_loss": 5.037715599188227}, "step": 142}
Step:142	{"loss": {"slot_margin_loss": 0.6476818919181824}, "step": 142}
Step:142	{"loss": {"total_loss": 7.540431858570076}, "step": 142}
Step:143	{"loss": {"intent_loss": 4.9840421867487725}, "step": 143}
Step:143	{"loss": {"intent_est_loss": 4.981545076401755}, "step": 143}
Step:143	{"loss": {"intent_margin_loss": 0.00249709514901042}, "step": 143}
Step:143	{"loss": {"slot_loss": 6.209115924534852}, "step": 143}
Step:143	{"loss": {"slot_est_loss": 5.4997013394400796}, "step": 143}
Step:143	{"loss": {"slot_margin_loss": 0.7094141244888306}, "step": 143}
Step:143	{"loss": {"total_loss": 11.193158111283624}, "step": 143}
Step:144	{"loss": {"intent_loss": 4.471063547011001}, "step": 144}
Step:144	{"loss": {"intent_est_loss": 4.468565497648514}, "step": 144}
Step:144	{"loss": {"intent_margin_loss": 0.0024980707094073296}, "step": 144}
Step:144	{"loss": {"slot_loss": 5.9323597879440095}, "step": 144}
Step:144	{"loss": {"slot_est_loss": 5.245371200423686}, "step": 144}
Step:144	{"loss": {"slot_margin_loss": 0.6869879961013794}, "step": 144}
Step:144	{"loss": {"total_loss": 10.403423334955011}, "step": 144}
Step:145	{"loss": {"intent_loss": 2.9474856870241664}, "step": 145}
Step:145	{"loss": {"intent_est_loss": 2.944987799671432}, "step": 145}
Step:145	{"loss": {"intent_margin_loss": 0.00249787257052958}, "step": 145}
Step:145	{"loss": {"slot_loss": 5.776093051745548}, "step": 145}
Step:145	{"loss": {"slot_est_loss": 5.093323134380638}, "step": 145}
Step:145	{"loss": {"slot_margin_loss": 0.6827691197395325}, "step": 145}
Step:145	{"loss": {"total_loss": 8.723578738769714}, "step": 145}
Step:146	{"loss": {"intent_loss": 4.4655207993353585}, "step": 146}
Step:146	{"loss": {"intent_est_loss": 4.463022949760122}, "step": 146}
Step:146	{"loss": {"intent_margin_loss": 0.0024978446308523417}, "step": 146}
Step:146	{"loss": {"slot_loss": 6.1027519902272545}, "step": 146}
Step:146	{"loss": {"slot_est_loss": 5.39539900879608}, "step": 146}
Step:146	{"loss": {"slot_margin_loss": 0.7073516845703125}, "step": 146}
Step:146	{"loss": {"total_loss": 10.568272789562613}, "step": 146}
Step:147	{"loss": {"intent_loss": 4.343925747006141}, "step": 147}
Step:147	{"loss": {"intent_est_loss": 4.341427785205081}, "step": 147}
Step:147	{"loss": {"intent_margin_loss": 0.002497960114851594}, "step": 147}
Step:147	{"loss": {"slot_loss": 5.743406726524722}, "step": 147}
Step:147	{"loss": {"slot_est_loss": 5.081090160290481}, "step": 147}
Step:147	{"loss": {"slot_margin_loss": 0.6623167991638184}, "step": 147}
Step:147	{"loss": {"total_loss": 10.087332473530864}, "step": 147}
Step:148	{"loss": {"intent_loss": 5.885146631677692}, "step": 148}
Step:148	{"loss": {"intent_est_loss": 5.88264886426478}, "step": 148}
Step:148	{"loss": {"intent_margin_loss": 0.002497750101611018}, "step": 148}
Step:148	{"loss": {"slot_loss": 6.3994897920638145}, "step": 148}
Step:148	{"loss": {"slot_est_loss": 5.679488446231711}, "step": 148}
Step:148	{"loss": {"slot_margin_loss": 0.7200013995170593}, "step": 148}
Step:148	{"loss": {"total_loss": 12.284636423741507}, "step": 148}
Step:149	{"loss": {"intent_loss": 3.3429441147225583}, "step": 149}
Step:149	{"loss": {"intent_est_loss": 3.3404469736047737}, "step": 149}
Step:149	{"loss": {"intent_margin_loss": 0.0024971445091068745}, "step": 149}
Step:149	{"loss": {"slot_loss": 5.773368464154179}, "step": 149}
Step:149	{"loss": {"slot_est_loss": 5.119409482734046}, "step": 149}
Step:149	{"loss": {"slot_margin_loss": 0.6539592742919922}, "step": 149}
Step:149	{"loss": {"total_loss": 9.116312578876737}, "step": 149}
Step:150	{"loss": {"intent_loss": 3.3154320804365884}, "step": 150}
Step:150	{"loss": {"intent_est_loss": 3.312933778176373}, "step": 150}
Step:150	{"loss": {"intent_margin_loss": 0.0024982828181236982}, "step": 150}
Step:150	{"loss": {"slot_loss": 6.1095763806719345}, "step": 150}
Step:150	{"loss": {"slot_est_loss": 5.4252115893468655}, "step": 150}
Step:150	{"loss": {"slot_margin_loss": 0.6843646168708801}, "step": 150}
Step:150	{"loss": {"total_loss": 9.425008461108522}, "step": 150}
Step:151	{"loss": {"intent_loss": 4.1529576975423055}, "step": 151}
Step:151	{"loss": {"intent_est_loss": 4.150460061227556}, "step": 151}
Step:151	{"loss": {"intent_margin_loss": 0.0024976206477731466}, "step": 151}
Step:151	{"loss": {"slot_loss": 6.027060489426362}, "step": 151}
Step:151	{"loss": {"slot_est_loss": 5.346249732657444}, "step": 151}
Step:151	{"loss": {"slot_margin_loss": 0.6808111667633057}, "step": 151}
Step:151	{"loss": {"total_loss": 10.180018186968667}, "step": 151}
Step:152	{"loss": {"intent_loss": 3.638938735076597}, "step": 152}
Step:152	{"loss": {"intent_est_loss": 3.636441300935986}, "step": 152}
Step:152	{"loss": {"intent_margin_loss": 0.0024974211119115353}, "step": 152}
Step:152	{"loss": {"slot_loss": 5.944643438619098}, "step": 152}
Step:152	{"loss": {"slot_est_loss": 5.254728381140743}, "step": 152}
Step:152	{"loss": {"slot_margin_loss": 0.6899150013923645}, "step": 152}
Step:152	{"loss": {"total_loss": 9.583582173695694}, "step": 152}
Step:153	{"loss": {"intent_loss": 3.8115732773025237}, "step": 153}
Step:153	{"loss": {"intent_est_loss": 3.8090753937838646}, "step": 153}
Step:153	{"loss": {"intent_margin_loss": 0.0024978970177471638}, "step": 153}
Step:153	{"loss": {"slot_loss": 6.017680739925726}, "step": 153}
Step:153	{"loss": {"slot_est_loss": 5.328842230490409}, "step": 153}
Step:153	{"loss": {"slot_margin_loss": 0.6888382434844971}, "step": 153}
Step:153	{"loss": {"total_loss": 9.82925401722825}, "step": 153}
Step:154	{"loss": {"intent_loss": 3.469632675507824}, "step": 154}
Step:154	{"loss": {"intent_est_loss": 3.467135424921076}, "step": 154}
Step:154	{"loss": {"intent_margin_loss": 0.0024972206447273493}, "step": 154}
Step:154	{"loss": {"slot_loss": 5.672542779287321}, "step": 154}
Step:154	{"loss": {"slot_est_loss": 5.009048782975885}, "step": 154}
Step:154	{"loss": {"slot_margin_loss": 0.6634941101074219}, "step": 154}
Step:154	{"loss": {"total_loss": 9.142175454795145}, "step": 154}
Step:155	{"loss": {"intent_loss": 4.661513588359596}, "step": 155}
Step:155	{"loss": {"intent_est_loss": 4.659016391744445}, "step": 155}
Step:155	{"loss": {"intent_margin_loss": 0.0024971854873001575}, "step": 155}
Step:155	{"loss": {"slot_loss": 6.313320786587426}, "step": 155}
Step:155	{"loss": {"slot_est_loss": 5.599647603410991}, "step": 155}
Step:155	{"loss": {"slot_margin_loss": 0.7136726379394531}, "step": 155}
Step:155	{"loss": {"total_loss": 10.974834374947022}, "step": 155}
Step:156	{"loss": {"intent_loss": 4.3810697279357536}, "step": 156}
Step:156	{"loss": {"intent_est_loss": 4.378573187764413}, "step": 156}
Step:156	{"loss": {"intent_margin_loss": 0.0024965298362076283}, "step": 156}
Step:156	{"loss": {"slot_loss": 6.161368476296764}, "step": 156}
Step:156	{"loss": {"slot_est_loss": 5.463027422886794}, "step": 156}
Step:156	{"loss": {"slot_margin_loss": 0.6983399987220764}, "step": 156}
Step:156	{"loss": {"total_loss": 10.542438204232518}, "step": 156}
Step:157	{"loss": {"intent_loss": 2.6213241100853337}, "step": 157}
Step:157	{"loss": {"intent_est_loss": 2.6188269820740957}, "step": 157}
Step:157	{"loss": {"intent_margin_loss": 0.0024971358943730593}, "step": 157}
Step:157	{"loss": {"slot_loss": 5.900772054103432}, "step": 157}
Step:157	{"loss": {"slot_est_loss": 5.236536769045065}, "step": 157}
Step:157	{"loss": {"slot_margin_loss": 0.6642347574234009}, "step": 157}
Step:157	{"loss": {"total_loss": 8.522096164188765}, "step": 157}
Step:158	{"loss": {"intent_loss": 3.175113204222362}, "step": 158}
Step:158	{"loss": {"intent_est_loss": 3.1726150528724197}, "step": 158}
Step:158	{"loss": {"intent_margin_loss": 0.0024981489405035973}, "step": 158}
Step:158	{"loss": {"slot_loss": 6.0950257893768125}, "step": 158}
Step:158	{"loss": {"slot_est_loss": 5.410846504895021}, "step": 158}
Step:158	{"loss": {"slot_margin_loss": 0.6841790080070496}, "step": 158}
Step:158	{"loss": {"total_loss": 9.270138993599176}, "step": 158}
Step:159	{"loss": {"intent_loss": 5.587513492260049}, "step": 159}
Step:159	{"loss": {"intent_est_loss": 5.585016360116788}, "step": 159}
Step:159	{"loss": {"intent_margin_loss": 0.002497128676623106}, "step": 159}
Step:159	{"loss": {"slot_loss": 6.266875436552795}, "step": 159}
Step:159	{"loss": {"slot_est_loss": 5.559567984688336}, "step": 159}
Step:159	{"loss": {"slot_margin_loss": 0.7073069214820862}, "step": 159}
Step:159	{"loss": {"total_loss": 11.854388928812845}, "step": 159}
Step:160	{"loss": {"intent_loss": 3.6756349704057327}, "step": 160}
Step:160	{"loss": {"intent_est_loss": 3.673138168866357}, "step": 160}
Step:160	{"loss": {"intent_margin_loss": 0.002496803645044565}, "step": 160}
Step:160	{"loss": {"slot_loss": 5.595860855368665}, "step": 160}
Step:160	{"loss": {"slot_est_loss": 4.9234414327424}, "step": 160}
Step:160	{"loss": {"slot_margin_loss": 0.6724188327789307}, "step": 160}
Step:160	{"loss": {"total_loss": 9.271495825774398}, "step": 160}
Step:161	{"loss": {"intent_loss": 3.7856686159953856}, "step": 161}
Step:161	{"loss": {"intent_est_loss": 3.7831699700182018}, "step": 161}
Step:161	{"loss": {"intent_margin_loss": 0.0024986346252262592}, "step": 161}
Step:161	{"loss": {"slot_loss": 6.030092734639765}, "step": 161}
Step:161	{"loss": {"slot_est_loss": 5.348493384232299}, "step": 161}
Step:161	{"loss": {"slot_margin_loss": 0.6815996766090393}, "step": 161}
Step:161	{"loss": {"total_loss": 9.81576135063515}, "step": 161}
Step:162	{"loss": {"intent_loss": 3.4082846669323756}, "step": 162}
Step:162	{"loss": {"intent_est_loss": 3.405786595154862}, "step": 162}
Step:162	{"loss": {"intent_margin_loss": 0.002498082583770156}, "step": 162}
Step:162	{"loss": {"slot_loss": 5.851283937419049}, "step": 162}
Step:162	{"loss": {"slot_est_loss": 5.1781195837946195}, "step": 162}
Step:162	{"loss": {"slot_margin_loss": 0.6731646060943604}, "step": 162}
Step:162	{"loss": {"total_loss": 9.259568604351424}, "step": 162}
Step:163	{"loss": {"intent_loss": 5.029353927649929}, "step": 163}
Step:163	{"loss": {"intent_est_loss": 5.026856500918806}, "step": 163}
Step:163	{"loss": {"intent_margin_loss": 0.002497438807040453}, "step": 163}
Step:163	{"loss": {"slot_loss": 5.794867572712241}, "step": 163}
Step:163	{"loss": {"slot_est_loss": 5.129396510333759}, "step": 163}
Step:163	{"loss": {"slot_margin_loss": 0.6654713153839111}, "step": 163}
Step:163	{"loss": {"total_loss": 10.824221500362171}, "step": 163}
Step:164	{"loss": {"intent_loss": 5.005571362333294}, "step": 164}
Step:164	{"loss": {"intent_est_loss": 5.0030739348556335}, "step": 164}
Step:164	{"loss": {"intent_margin_loss": 0.002497449517250061}, "step": 164}
Step:164	{"loss": {"slot_loss": 6.1709133491094645}, "step": 164}
Step:164	{"loss": {"slot_est_loss": 5.469577629776901}, "step": 164}
Step:164	{"loss": {"slot_margin_loss": 0.7013357877731323}, "step": 164}
Step:164	{"loss": {"total_loss": 11.176484711442757}, "step": 164}
Step:165	{"loss": {"intent_loss": 3.2003552493795633}, "step": 165}
Step:165	{"loss": {"intent_est_loss": 3.197857434808608}, "step": 165}
Step:165	{"loss": {"intent_margin_loss": 0.002497816924005747}, "step": 165}
Step:165	{"loss": {"slot_loss": 5.796453916141774}, "step": 165}
Step:165	{"loss": {"slot_est_loss": 5.160240132239415}, "step": 165}
Step:165	{"loss": {"slot_margin_loss": 0.6362138390541077}, "step": 165}
Step:165	{"loss": {"total_loss": 8.996809165521338}, "step": 165}
Step:166	{"loss": {"intent_loss": 3.642641963466668}, "step": 166}
Step:166	{"loss": {"intent_est_loss": 3.640144708518718}, "step": 166}
Step:166	{"loss": {"intent_margin_loss": 0.002497241599485278}, "step": 166}
Step:166	{"loss": {"slot_loss": 5.817587579530659}, "step": 166}
Step:166	{"loss": {"slot_est_loss": 5.159921421646134}, "step": 166}
Step:166	{"loss": {"slot_margin_loss": 0.6576665043830872}, "step": 166}
Step:166	{"loss": {"total_loss": 9.460229542997327}, "step": 166}
Step:167	{"loss": {"intent_loss": 5.2020157333026855}, "step": 167}
Step:167	{"loss": {"intent_est_loss": 5.199517954086331}, "step": 167}
Step:167	{"loss": {"intent_margin_loss": 0.0024978083092719316}, "step": 167}
Step:167	{"loss": {"slot_loss": 5.870406336075397}, "step": 167}
Step:167	{"loss": {"slot_est_loss": 5.218340479873588}, "step": 167}
Step:167	{"loss": {"slot_margin_loss": 0.6520655155181885}, "step": 167}
Step:167	{"loss": {"total_loss": 11.072422069378081}, "step": 167}
Step:168	{"loss": {"intent_loss": 3.785525385533037}, "step": 168}
Step:168	{"loss": {"intent_est_loss": 3.7830283597220915}, "step": 168}
Step:168	{"loss": {"intent_margin_loss": 0.0024970246013253927}, "step": 168}
Step:168	{"loss": {"slot_loss": 6.18556094584054}, "step": 168}
Step:168	{"loss": {"slot_est_loss": 5.491672935814129}, "step": 168}
Step:168	{"loss": {"slot_margin_loss": 0.6938881874084473}, "step": 168}
Step:168	{"loss": {"total_loss": 9.971086331373577}, "step": 168}
Step:169	{"loss": {"intent_loss": 2.251260733430541}, "step": 169}
Step:169	{"loss": {"intent_est_loss": 2.24876289450622}, "step": 169}
Step:169	{"loss": {"intent_margin_loss": 0.002497829496860504}, "step": 169}
Step:169	{"loss": {"slot_loss": 5.854846299544445}, "step": 169}
Step:169	{"loss": {"slot_est_loss": 5.180292568262649}, "step": 169}
Step:169	{"loss": {"slot_margin_loss": 0.6745541095733643}, "step": 169}
Step:169	{"loss": {"total_loss": 8.106107032974986}, "step": 169}
Step:170	{"loss": {"intent_loss": 4.283737672468857}, "step": 170}
Step:170	{"loss": {"intent_est_loss": 4.281240795528359}, "step": 170}
Step:170	{"loss": {"intent_margin_loss": 0.002496877918019891}, "step": 170}
Step:170	{"loss": {"slot_loss": 5.8840216415643285}, "step": 170}
Step:170	{"loss": {"slot_est_loss": 5.218449991213857}, "step": 170}
Step:170	{"loss": {"slot_margin_loss": 0.665571928024292}, "step": 170}
Step:170	{"loss": {"total_loss": 10.167759314033185}, "step": 170}
Step:171	{"loss": {"intent_loss": 3.8219974441311977}, "step": 171}
Step:171	{"loss": {"intent_est_loss": 3.8195000042542206}, "step": 171}
Step:171	{"loss": {"intent_margin_loss": 0.0024974264670163393}, "step": 171}
Step:171	{"loss": {"slot_loss": 5.733308715338359}, "step": 171}
Step:171	{"loss": {"slot_est_loss": 5.063715922576373}, "step": 171}
Step:171	{"loss": {"slot_margin_loss": 0.6695915460586548}, "step": 171}
Step:171	{"loss": {"total_loss": 9.555306159469557}, "step": 171}
Step:172	{"loss": {"intent_loss": 3.1283984540321366}, "step": 172}
Step:172	{"loss": {"intent_est_loss": 3.125900479412669}, "step": 172}
Step:172	{"loss": {"intent_margin_loss": 0.0024980062153190374}, "step": 172}
Step:172	{"loss": {"slot_loss": 5.7469571493275}, "step": 172}
Step:172	{"loss": {"slot_est_loss": 5.095265575312084}, "step": 172}
Step:172	{"loss": {"slot_margin_loss": 0.6516914963722229}, "step": 172}
Step:172	{"loss": {"total_loss": 8.875355603359637}, "step": 172}
Step:173	{"loss": {"intent_loss": 4.711527728079459}, "step": 173}
Step:173	{"loss": {"intent_est_loss": 4.709031416874855}, "step": 173}
Step:173	{"loss": {"intent_margin_loss": 0.00249631330370903}, "step": 173}
Step:173	{"loss": {"slot_loss": 5.731814112805312}, "step": 173}
Step:173	{"loss": {"slot_est_loss": 5.0969848756387295}, "step": 173}
Step:173	{"loss": {"slot_margin_loss": 0.6348288655281067}, "step": 173}
Step:173	{"loss": {"total_loss": 10.44334184088477}, "step": 173}
Step:174	{"loss": {"intent_loss": 3.260361665604434}, "step": 174}
Step:174	{"loss": {"intent_est_loss": 3.2578649003364233}, "step": 174}
Step:174	{"loss": {"intent_margin_loss": 0.0024967635981738567}, "step": 174}
Step:174	{"loss": {"slot_loss": 5.8535879046830885}, "step": 174}
Step:174	{"loss": {"slot_est_loss": 5.184351223945851}, "step": 174}
Step:174	{"loss": {"slot_margin_loss": 0.669236421585083}, "step": 174}
Step:174	{"loss": {"total_loss": 9.113949570287522}, "step": 174}
Step:175	{"loss": {"intent_loss": 3.7715164253651885}, "step": 175}
Step:175	{"loss": {"intent_est_loss": 3.769018895749471}, "step": 175}
Step:175	{"loss": {"intent_margin_loss": 0.0024975151754915714}, "step": 175}
Step:175	{"loss": {"slot_loss": 5.835717707910236}, "step": 175}
Step:175	{"loss": {"slot_est_loss": 5.158943216447376}, "step": 175}
Step:175	{"loss": {"slot_margin_loss": 0.6767739057540894}, "step": 175}
Step:175	{"loss": {"total_loss": 9.607234133275425}, "step": 175}
Step:176	{"loss": {"intent_loss": 4.172839634326732}, "step": 176}
Step:176	{"loss": {"intent_est_loss": 4.170342896087093}, "step": 176}
Step:176	{"loss": {"intent_margin_loss": 0.0024967954959720373}, "step": 176}
Step:176	{"loss": {"slot_loss": 5.730417266656874}, "step": 176}
Step:176	{"loss": {"slot_est_loss": 5.08299079214921}, "step": 176}
Step:176	{"loss": {"slot_margin_loss": 0.6474270820617676}, "step": 176}
Step:176	{"loss": {"total_loss": 9.903256900983607}, "step": 176}
Step:177	{"loss": {"intent_loss": 3.4034573816919864}, "step": 177}
Step:177	{"loss": {"intent_est_loss": 3.4009593163285863}, "step": 177}
Step:177	{"loss": {"intent_margin_loss": 0.002498089103028178}, "step": 177}
Step:177	{"loss": {"slot_loss": 5.893770213169037}, "step": 177}
Step:177	{"loss": {"slot_est_loss": 5.218547874817151}, "step": 177}
Step:177	{"loss": {"slot_margin_loss": 0.6752220988273621}, "step": 177}
Step:177	{"loss": {"total_loss": 9.297227594861024}, "step": 177}
Step:178	{"loss": {"intent_loss": 3.6142108555541204}, "step": 178}
Step:178	{"loss": {"intent_est_loss": 3.6117134624488245}, "step": 178}
Step:178	{"loss": {"intent_margin_loss": 0.00249744625762105}, "step": 178}
Step:178	{"loss": {"slot_loss": 5.762149606773157}, "step": 178}
Step:178	{"loss": {"slot_est_loss": 5.104190916672822}, "step": 178}
Step:178	{"loss": {"slot_margin_loss": 0.6579593420028687}, "step": 178}
Step:178	{"loss": {"total_loss": 9.376360462327277}, "step": 178}
Step:179	{"loss": {"intent_loss": 4.913242220739995}, "step": 179}
Step:179	{"loss": {"intent_est_loss": 4.910744154381245}, "step": 179}
Step:179	{"loss": {"intent_margin_loss": 0.002498046960681677}, "step": 179}
Step:179	{"loss": {"slot_loss": 5.657919727446281}, "step": 179}
Step:179	{"loss": {"slot_est_loss": 4.988488151298944}, "step": 179}
Step:179	{"loss": {"slot_margin_loss": 0.6694315075874329}, "step": 179}
Step:179	{"loss": {"total_loss": 10.571161948186276}, "step": 179}
Step:180	{"loss": {"intent_loss": 3.4209514679987567}, "step": 180}
Step:180	{"loss": {"intent_est_loss": 3.4184538983921864}, "step": 180}
Step:180	{"loss": {"intent_margin_loss": 0.002497571287676692}, "step": 180}
Step:180	{"loss": {"slot_loss": 6.06388329213951}, "step": 180}
Step:180	{"loss": {"slot_est_loss": 5.36424287615228}, "step": 180}
Step:180	{"loss": {"slot_margin_loss": 0.6996402740478516}, "step": 180}
Step:180	{"loss": {"total_loss": 9.484834760138266}, "step": 180}
Step:181	{"loss": {"intent_loss": 2.6022282453239307}, "step": 181}
Step:181	{"loss": {"intent_est_loss": 2.5997299324750167}, "step": 181}
Step:181	{"loss": {"intent_margin_loss": 0.0024983107578009367}, "step": 181}
Step:181	{"loss": {"slot_loss": 5.583855709823542}, "step": 181}
Step:181	{"loss": {"slot_est_loss": 4.9512653328827545}, "step": 181}
Step:181	{"loss": {"slot_margin_loss": 0.6325905919075012}, "step": 181}
Step:181	{"loss": {"total_loss": 8.186083955147472}, "step": 181}
Step:182	{"loss": {"intent_loss": 3.7303330759179576}, "step": 182}
Step:182	{"loss": {"intent_est_loss": 3.727836914900032}, "step": 182}
Step:182	{"loss": {"intent_margin_loss": 0.0024961342569440603}, "step": 182}
Step:182	{"loss": {"slot_loss": 6.488332545198493}, "step": 182}
Step:182	{"loss": {"slot_est_loss": 5.783155327703579}, "step": 182}
Step:182	{"loss": {"slot_margin_loss": 0.7051774263381958}, "step": 182}
Step:182	{"loss": {"total_loss": 10.21866562111645}, "step": 182}
Step:183	{"loss": {"intent_loss": 2.588898691669237}, "step": 183}
Step:183	{"loss": {"intent_est_loss": 2.5864009583732748}, "step": 183}
Step:183	{"loss": {"intent_margin_loss": 0.0024977335706353188}, "step": 183}
Step:183	{"loss": {"slot_loss": 5.42341644340195}, "step": 183}
Step:183	{"loss": {"slot_est_loss": 4.77221897442359}, "step": 183}
Step:183	{"loss": {"slot_margin_loss": 0.6511974334716797}, "step": 183}
Step:183	{"loss": {"total_loss": 8.012315135071187}, "step": 183}
Step:184	{"loss": {"intent_loss": 2.987985659555485}, "step": 184}
Step:184	{"loss": {"intent_est_loss": 2.9854877970014093}, "step": 184}
Step:184	{"loss": {"intent_margin_loss": 0.0024978474248200655}, "step": 184}
Step:184	{"loss": {"slot_loss": 5.7641496592899815}, "step": 184}
Step:184	{"loss": {"slot_est_loss": 5.110085069143685}, "step": 184}
Step:184	{"loss": {"slot_margin_loss": 0.6540645956993103}, "step": 184}
Step:184	{"loss": {"total_loss": 8.752135318845466}, "step": 184}
Step:185	{"loss": {"intent_loss": 4.057963775448305}, "step": 185}
Step:185	{"loss": {"intent_est_loss": 4.05546635420798}, "step": 185}
Step:185	{"loss": {"intent_margin_loss": 0.002497403183951974}, "step": 185}
Step:185	{"loss": {"slot_loss": 5.665891124051983}, "step": 185}
Step:185	{"loss": {"slot_est_loss": 5.005867858597778}, "step": 185}
Step:185	{"loss": {"slot_margin_loss": 0.6600223779678345}, "step": 185}
Step:185	{"loss": {"total_loss": 9.723854899500289}, "step": 185}
Step:186	{"loss": {"intent_loss": 4.142159154668485}, "step": 186}
Step:186	{"loss": {"intent_est_loss": 4.139661565930878}, "step": 186}
Step:186	{"loss": {"intent_margin_loss": 0.0024975775741040707}, "step": 186}
Step:186	{"loss": {"slot_loss": 5.811938855086935}, "step": 186}
Step:186	{"loss": {"slot_est_loss": 5.149065790924945}, "step": 186}
Step:186	{"loss": {"slot_margin_loss": 0.6628737449645996}, "step": 186}
Step:186	{"loss": {"total_loss": 9.95409800975542}, "step": 186}
Step:187	{"loss": {"intent_loss": 3.5107395564824397}, "step": 187}
Step:187	{"loss": {"intent_est_loss": 3.508241784518392}, "step": 187}
Step:187	{"loss": {"intent_margin_loss": 0.002497756853699684}, "step": 187}
Step:187	{"loss": {"slot_loss": 5.5922315268311635}, "step": 187}
Step:187	{"loss": {"slot_est_loss": 4.9504043420020105}, "step": 187}
Step:187	{"loss": {"slot_margin_loss": 0.6418275237083435}, "step": 187}
Step:187	{"loss": {"total_loss": 9.102971083313603}, "step": 187}
Step:188	{"loss": {"intent_loss": 2.7088729739421993}, "step": 188}
Step:188	{"loss": {"intent_est_loss": 2.7063751978723336}, "step": 188}
Step:188	{"loss": {"intent_margin_loss": 0.002497755689546466}, "step": 188}
Step:188	{"loss": {"slot_loss": 5.896693287725792}, "step": 188}
Step:188	{"loss": {"slot_est_loss": 5.233988401625537}, "step": 188}
Step:188	{"loss": {"slot_margin_loss": 0.6627041697502136}, "step": 188}
Step:188	{"loss": {"total_loss": 8.605566261667992}, "step": 188}
Step:189	{"loss": {"intent_loss": 5.072308826701553}, "step": 189}
Step:189	{"loss": {"intent_est_loss": 5.069811082584415}, "step": 189}
Step:189	{"loss": {"intent_margin_loss": 0.002497749635949731}, "step": 189}
Step:189	{"loss": {"slot_loss": 5.830497656256188}, "step": 189}
Step:189	{"loss": {"slot_est_loss": 5.171241314720824}, "step": 189}
Step:189	{"loss": {"slot_margin_loss": 0.6592564582824707}, "step": 189}
Step:189	{"loss": {"total_loss": 10.902806482957741}, "step": 189}
Step:190	{"loss": {"intent_loss": 3.287798527682394}, "step": 190}
Step:190	{"loss": {"intent_est_loss": 3.285301365361008}, "step": 190}
Step:190	{"loss": {"intent_margin_loss": 0.0024971533566713333}, "step": 190}
Step:190	{"loss": {"slot_loss": 5.491084296605547}, "step": 190}
Step:190	{"loss": {"slot_est_loss": 4.854606476874327}, "step": 190}
Step:190	{"loss": {"slot_margin_loss": 0.636477530002594}, "step": 190}
Step:190	{"loss": {"total_loss": 8.77888282428794}, "step": 190}
Step:191	{"loss": {"intent_loss": 4.168829965501569}, "step": 191}
Step:191	{"loss": {"intent_est_loss": 4.166331991150598}, "step": 191}
Step:191	{"loss": {"intent_margin_loss": 0.0024979666341096163}, "step": 191}
Step:191	{"loss": {"slot_loss": 6.052650318056123}, "step": 191}
Step:191	{"loss": {"slot_est_loss": 5.372740573040203}, "step": 191}
Step:191	{"loss": {"slot_margin_loss": 0.6799091100692749}, "step": 191}
Step:191	{"loss": {"total_loss": 10.221480283557693}, "step": 191}
Step:192	{"loss": {"intent_loss": 3.0928344709591307}, "step": 192}
Step:192	{"loss": {"intent_est_loss": 3.0903366443850278}, "step": 192}
Step:192	{"loss": {"intent_margin_loss": 0.0024978190194815397}, "step": 192}
Step:192	{"loss": {"slot_loss": 5.581313669442894}, "step": 192}
Step:192	{"loss": {"slot_est_loss": 4.932244331092812}, "step": 192}
Step:192	{"loss": {"slot_margin_loss": 0.6490693092346191}, "step": 192}
Step:192	{"loss": {"total_loss": 8.674148140402025}, "step": 192}
Step:193	{"loss": {"intent_loss": 2.556214167668075}, "step": 193}
Step:193	{"loss": {"intent_est_loss": 2.553715851492597}, "step": 193}
Step:193	{"loss": {"intent_margin_loss": 0.002498311223462224}, "step": 193}
Step:193	{"loss": {"slot_loss": 5.546347206545759}, "step": 193}
Step:193	{"loss": {"slot_est_loss": 4.900526213535331}, "step": 193}
Step:193	{"loss": {"slot_margin_loss": 0.6458218693733215}, "step": 193}
Step:193	{"loss": {"total_loss": 8.102561374213835}, "step": 193}
Step:194	{"loss": {"intent_loss": 5.319287302994762}, "step": 194}
Step:194	{"loss": {"intent_est_loss": 5.316789263592364}, "step": 194}
Step:194	{"loss": {"intent_margin_loss": 0.0024980506859719753}, "step": 194}
Step:194	{"loss": {"slot_loss": 6.073471794131895}, "step": 194}
Step:194	{"loss": {"slot_est_loss": 5.399856453249228}, "step": 194}
Step:194	{"loss": {"slot_margin_loss": 0.6736152172088623}, "step": 194}
Step:194	{"loss": {"total_loss": 11.392759097126657}, "step": 194}
Step:195	{"loss": {"intent_loss": 5.331737276278358}, "step": 195}
Step:195	{"loss": {"intent_est_loss": 5.329239991528817}, "step": 195}
Step:195	{"loss": {"intent_margin_loss": 0.0024973226245492697}, "step": 195}
Step:195	{"loss": {"slot_loss": 5.886770778766363}, "step": 195}
Step:195	{"loss": {"slot_est_loss": 5.221395209804172}, "step": 195}
Step:195	{"loss": {"slot_margin_loss": 0.6653753519058228}, "step": 195}
Step:195	{"loss": {"total_loss": 11.21850805504472}, "step": 195}
Step:196	{"loss": {"intent_loss": 4.281677563625264}, "step": 196}
Step:196	{"loss": {"intent_est_loss": 4.279179705569913}, "step": 196}
Step:196	{"loss": {"intent_margin_loss": 0.0024978427682071924}, "step": 196}
Step:196	{"loss": {"slot_loss": 5.784798363142191}, "step": 196}
Step:196	{"loss": {"slot_est_loss": 5.130025846761427}, "step": 196}
Step:196	{"loss": {"slot_margin_loss": 0.6547722220420837}, "step": 196}
Step:196	{"loss": {"total_loss": 10.066475926767456}, "step": 196}
Step:197	{"loss": {"intent_loss": 1.840189400076634}, "step": 197}
Step:197	{"loss": {"intent_est_loss": 1.8376927068275097}, "step": 197}
Step:197	{"loss": {"intent_margin_loss": 0.002496684668585658}, "step": 197}
Step:197	{"loss": {"slot_loss": 5.271433414897183}, "step": 197}
Step:197	{"loss": {"slot_est_loss": 4.6652799131814175}, "step": 197}
Step:197	{"loss": {"slot_margin_loss": 0.6061540842056274}, "step": 197}
Step:197	{"loss": {"total_loss": 7.111622814973817}, "step": 197}
Step:198	{"loss": {"intent_loss": 4.607145422900805}, "step": 198}
Step:198	{"loss": {"intent_est_loss": 4.604648172792081}, "step": 198}
Step:198	{"loss": {"intent_margin_loss": 0.002497270470485091}, "step": 198}
Step:198	{"loss": {"slot_loss": 6.051393143931628}, "step": 198}
Step:198	{"loss": {"slot_est_loss": 5.368419754860226}, "step": 198}
Step:198	{"loss": {"slot_margin_loss": 0.6829733848571777}, "step": 198}
Step:198	{"loss": {"total_loss": 10.658538566832434}, "step": 198}
Step:199	{"loss": {"intent_loss": 3.297172414661685}, "step": 199}
Step:199	{"loss": {"intent_est_loss": 3.2946749037055234}, "step": 199}
Step:199	{"loss": {"intent_margin_loss": 0.0024975091218948364}, "step": 199}
Step:199	{"loss": {"slot_loss": 5.609037616697595}, "step": 199}
Step:199	{"loss": {"slot_est_loss": 4.9578541465394625}, "step": 199}
Step:199	{"loss": {"slot_margin_loss": 0.651183545589447}, "step": 199}
Step:199	{"loss": {"total_loss": 8.90621003135928}, "step": 199}
