Step:0	{"loss": {"intent_loss": 313.4427596569061}, "step": 0}
Step:0	{"loss": {"intent_est_loss": 313.4419018797574}, "step": 0}
Step:0	{"loss": {"intent_margin_loss": 0.0008577690459787846}, "step": 0}
Step:0	{"loss": {"slot_loss": 82.08193135112522}, "step": 0}
Step:0	{"loss": {"slot_est_loss": 80.5782043218613}, "step": 0}
Step:0	{"loss": {"slot_margin_loss": 1.5037274360656738}, "step": 0}
Step:0	{"loss": {"total_loss": 395.5246910080313}, "step": 0}
Step:1	{"loss": {"intent_loss": 58.446558511722834}, "step": 1}
Step:1	{"loss": {"intent_est_loss": 58.44570333464075}, "step": 1}
Step:1	{"loss": {"intent_margin_loss": 0.0008551382925361395}, "step": 1}
Step:1	{"loss": {"slot_loss": 21.253697878867392}, "step": 1}
Step:1	{"loss": {"slot_est_loss": 19.90269443728032}, "step": 1}
Step:1	{"loss": {"slot_margin_loss": 1.3510043621063232}, "step": 1}
Step:1	{"loss": {"total_loss": 79.70025639059023}, "step": 1}
Step:2	{"loss": {"intent_loss": 22.76553217931649}, "step": 2}
Step:2	{"loss": {"intent_est_loss": 22.76467499812139}, "step": 2}
Step:2	{"loss": {"intent_margin_loss": 0.0008572128135710955}, "step": 2}
Step:2	{"loss": {"slot_loss": 13.525489525310688}, "step": 2}
Step:2	{"loss": {"slot_est_loss": 12.485678495839261}, "step": 2}
Step:2	{"loss": {"slot_margin_loss": 1.039811134338379}, "step": 2}
Step:2	{"loss": {"total_loss": 36.29102170462718}, "step": 2}
Step:3	{"loss": {"intent_loss": 15.864793485682457}, "step": 3}
Step:3	{"loss": {"intent_est_loss": 15.863935042382218}, "step": 3}
Step:3	{"loss": {"intent_margin_loss": 0.0008584565366618335}, "step": 3}
Step:3	{"loss": {"slot_loss": 10.257935000583533}, "step": 3}
Step:3	{"loss": {"slot_est_loss": 9.386236882023516}, "step": 3}
Step:3	{"loss": {"slot_margin_loss": 0.8716973662376404}, "step": 3}
Step:3	{"loss": {"total_loss": 26.12272848626599}, "step": 3}
Step:4	{"loss": {"intent_loss": 9.095336486049936}, "step": 4}
Step:4	{"loss": {"intent_est_loss": 9.094476945977659}, "step": 4}
Step:4	{"loss": {"intent_margin_loss": 0.0008595617837272584}, "step": 4}
Step:4	{"loss": {"slot_loss": 7.805815283674748}, "step": 4}
Step:4	{"loss": {"slot_est_loss": 7.072026222944254}, "step": 4}
Step:4	{"loss": {"slot_margin_loss": 0.7337889075279236}, "step": 4}
Step:4	{"loss": {"total_loss": 16.901151769724684}, "step": 4}
Step:5	{"loss": {"intent_loss": 9.25004520075162}, "step": 5}
Step:5	{"loss": {"intent_est_loss": 9.249184890382455}, "step": 5}
Step:5	{"loss": {"intent_margin_loss": 0.0008603339665569365}, "step": 5}
Step:5	{"loss": {"slot_loss": 6.365562833752483}, "step": 5}
Step:5	{"loss": {"slot_est_loss": 5.7255018648691385}, "step": 5}
Step:5	{"loss": {"slot_margin_loss": 0.6400612592697144}, "step": 5}
Step:5	{"loss": {"total_loss": 15.615608034504103}, "step": 5}
Step:6	{"loss": {"intent_loss": 8.3185638042516}, "step": 6}
Step:6	{"loss": {"intent_est_loss": 8.317703033611176}, "step": 6}
Step:6	{"loss": {"intent_margin_loss": 0.000860771571751684}, "step": 6}
Step:6	{"loss": {"slot_loss": 5.919910652376714}, "step": 6}
Step:6	{"loss": {"slot_est_loss": 5.312519280984989}, "step": 6}
Step:6	{"loss": {"slot_margin_loss": 0.6073905825614929}, "step": 6}
Step:6	{"loss": {"total_loss": 14.238474456628314}, "step": 6}
Step:7	{"loss": {"intent_loss": 6.414332897955325}, "step": 7}
Step:7	{"loss": {"intent_est_loss": 6.413471933745314}, "step": 7}
Step:7	{"loss": {"intent_margin_loss": 0.0008609530632384121}, "step": 7}
Step:7	{"loss": {"slot_loss": 5.189290667697781}, "step": 7}
Step:7	{"loss": {"slot_est_loss": 4.635540573112669}, "step": 7}
Step:7	{"loss": {"slot_margin_loss": 0.5537499785423279}, "step": 7}
Step:7	{"loss": {"total_loss": 11.603623565653105}, "step": 7}
Step:8	{"loss": {"intent_loss": 5.973678754409774}, "step": 8}
Step:8	{"loss": {"intent_est_loss": 5.972817728383228}, "step": 8}
Step:8	{"loss": {"intent_margin_loss": 0.0008610250661149621}, "step": 8}
Step:8	{"loss": {"slot_loss": 4.659977786056696}, "step": 8}
Step:8	{"loss": {"slot_est_loss": 4.142236448195764}, "step": 8}
Step:8	{"loss": {"slot_margin_loss": 0.5177415013313293}, "step": 8}
Step:8	{"loss": {"total_loss": 10.63365654046647}, "step": 8}
Step:9	{"loss": {"intent_loss": 4.497229796351172}, "step": 9}
Step:9	{"loss": {"intent_est_loss": 4.496368386171527}, "step": 9}
Step:9	{"loss": {"intent_margin_loss": 0.0008613993413746357}, "step": 9}
Step:9	{"loss": {"slot_loss": 4.132320497371251}, "step": 9}
Step:9	{"loss": {"slot_est_loss": 3.639806937496179}, "step": 9}
Step:9	{"loss": {"slot_margin_loss": 0.4925137460231781}, "step": 9}
Step:9	{"loss": {"total_loss": 8.629550293722422}, "step": 9}
Step:10	{"loss": {"intent_loss": 4.63381111318013}, "step": 10}
Step:10	{"loss": {"intent_est_loss": 4.632949503458806}, "step": 10}
Step:10	{"loss": {"intent_margin_loss": 0.0008615879924036562}, "step": 10}
Step:10	{"loss": {"slot_loss": 3.7107779411831854}, "step": 10}
Step:10	{"loss": {"slot_est_loss": 3.280087792384444}, "step": 10}
Step:10	{"loss": {"slot_margin_loss": 0.43069037795066833}, "step": 10}
Step:10	{"loss": {"total_loss": 8.344589054363315}, "step": 10}
Step:11	{"loss": {"intent_loss": 4.277740163091229}, "step": 11}
Step:11	{"loss": {"intent_est_loss": 4.2768788189452644}, "step": 11}
Step:11	{"loss": {"intent_margin_loss": 0.0008613570826128125}, "step": 11}
Step:11	{"loss": {"slot_loss": 3.3960725047916656}, "step": 11}
Step:11	{"loss": {"slot_est_loss": 2.9944462862156813}, "step": 11}
Step:11	{"loss": {"slot_margin_loss": 0.40162625908851624}, "step": 11}
Step:11	{"loss": {"total_loss": 7.673812667882895}, "step": 11}
Step:12	{"loss": {"intent_loss": 3.4922582190949454}, "step": 12}
Step:12	{"loss": {"intent_est_loss": 3.4913963108207136}, "step": 12}
Step:12	{"loss": {"intent_margin_loss": 0.0008619120926596224}, "step": 12}
Step:12	{"loss": {"slot_loss": 3.0996194552397367}, "step": 12}
Step:12	{"loss": {"slot_est_loss": 2.704918980435466}, "step": 12}
Step:12	{"loss": {"slot_margin_loss": 0.3947002589702606}, "step": 12}
Step:12	{"loss": {"total_loss": 6.5918776743346825}, "step": 12}
Step:13	{"loss": {"intent_loss": 3.7722158322256285}, "step": 13}
Step:13	{"loss": {"intent_est_loss": 3.7713538793177586}, "step": 13}
Step:13	{"loss": {"intent_margin_loss": 0.0008619548752903938}, "step": 13}
Step:13	{"loss": {"slot_loss": 2.9022111777332587}, "step": 13}
Step:13	{"loss": {"slot_est_loss": 2.533790920960018}, "step": 13}
Step:13	{"loss": {"slot_margin_loss": 0.3684203028678894}, "step": 13}
Step:13	{"loss": {"total_loss": 6.674427009958887}, "step": 13}
Step:14	{"loss": {"intent_loss": 3.2044930926145736}, "step": 14}
Step:14	{"loss": {"intent_est_loss": 3.2036310607596503}, "step": 14}
Step:14	{"loss": {"intent_margin_loss": 0.0008620343287475407}, "step": 14}
Step:14	{"loss": {"slot_loss": 2.884010953386314}, "step": 14}
Step:14	{"loss": {"slot_est_loss": 2.503316769446247}, "step": 14}
Step:14	{"loss": {"slot_margin_loss": 0.3806944787502289}, "step": 14}
Step:14	{"loss": {"total_loss": 6.088504046000887}, "step": 14}
Step:15	{"loss": {"intent_loss": 2.9092628333077295}, "step": 15}
Step:15	{"loss": {"intent_est_loss": 2.9084011938830363}, "step": 15}
Step:15	{"loss": {"intent_margin_loss": 0.0008616410195827484}, "step": 15}
Step:15	{"loss": {"slot_loss": 2.611416317650583}, "step": 15}
Step:15	{"loss": {"slot_est_loss": 2.2708454807696388}, "step": 15}
Step:15	{"loss": {"slot_margin_loss": 0.3405710458755493}, "step": 15}
Step:15	{"loss": {"total_loss": 5.520679150958312}, "step": 15}
Step:16	{"loss": {"intent_loss": 3.0590663558308755}, "step": 16}
Step:16	{"loss": {"intent_est_loss": 3.0582047784584603}, "step": 16}
Step:16	{"loss": {"intent_margin_loss": 0.0008615708793513477}, "step": 16}
Step:16	{"loss": {"slot_loss": 2.577060123323463}, "step": 16}
Step:16	{"loss": {"slot_est_loss": 2.2466589904332053}, "step": 16}
Step:16	{"loss": {"slot_margin_loss": 0.33040106296539307}, "step": 16}
Step:16	{"loss": {"total_loss": 5.636126479154338}, "step": 16}
Step:17	{"loss": {"intent_loss": 2.7944341068301584}, "step": 17}
Step:17	{"loss": {"intent_est_loss": 2.793572938861323}, "step": 17}
Step:17	{"loss": {"intent_margin_loss": 0.0008611626690253615}, "step": 17}
Step:17	{"loss": {"slot_loss": 2.406935030099706}, "step": 17}
Step:17	{"loss": {"slot_est_loss": 2.0920513132761696}, "step": 17}
Step:17	{"loss": {"slot_margin_loss": 0.31488367915153503}, "step": 17}
Step:17	{"loss": {"total_loss": 5.2013691369298645}, "step": 17}
Step:18	{"loss": {"intent_loss": 3.871662438375644}, "step": 18}
Step:18	{"loss": {"intent_est_loss": 3.8708001672173866}, "step": 18}
Step:18	{"loss": {"intent_margin_loss": 0.0008622720488347113}, "step": 18}
Step:18	{"loss": {"slot_loss": 2.08503679583082}, "step": 18}
Step:18	{"loss": {"slot_est_loss": 1.8036511603393592}, "step": 18}
Step:18	{"loss": {"slot_margin_loss": 0.2813859283924103}, "step": 18}
Step:18	{"loss": {"total_loss": 5.956699234206464}, "step": 18}
Step:19	{"loss": {"intent_loss": 1.8249671742305495}, "step": 19}
Step:19	{"loss": {"intent_est_loss": 1.8241050703305521}, "step": 19}
Step:19	{"loss": {"intent_margin_loss": 0.0008620983571745455}, "step": 19}
Step:19	{"loss": {"slot_loss": 2.183867517416363}, "step": 19}
Step:19	{"loss": {"slot_est_loss": 1.8859950101061271}, "step": 19}
Step:19	{"loss": {"slot_margin_loss": 0.29787278175354004}, "step": 19}
Step:19	{"loss": {"total_loss": 4.008834691646912}, "step": 19}
Step:20	{"loss": {"intent_loss": 3.225145070898002}, "step": 20}
Step:20	{"loss": {"intent_est_loss": 3.2242834944161585}, "step": 20}
Step:20	{"loss": {"intent_margin_loss": 0.0008615667466074228}, "step": 20}
Step:20	{"loss": {"slot_loss": 2.030550330213735}, "step": 20}
Step:20	{"loss": {"slot_est_loss": 1.7437324581318552}, "step": 20}
Step:20	{"loss": {"slot_margin_loss": 0.2868177592754364}, "step": 20}
Step:20	{"loss": {"total_loss": 5.255695401111737}, "step": 20}
Step:21	{"loss": {"intent_loss": 3.814261406566947}, "step": 21}
Step:21	{"loss": {"intent_est_loss": 3.813399682668383}, "step": 21}
Step:21	{"loss": {"intent_margin_loss": 0.0008617211715318263}, "step": 21}
Step:21	{"loss": {"slot_loss": 2.0049086389073647}, "step": 21}
Step:21	{"loss": {"slot_est_loss": 1.7212176780216384}, "step": 21}
Step:21	{"loss": {"slot_margin_loss": 0.28369101881980896}, "step": 21}
Step:21	{"loss": {"total_loss": 5.819170045474312}, "step": 21}
Step:22	{"loss": {"intent_loss": 1.7877670018962832}, "step": 22}
Step:22	{"loss": {"intent_est_loss": 1.7869053361340799}, "step": 22}
Step:22	{"loss": {"intent_margin_loss": 0.0008616565028205514}, "step": 22}
Step:22	{"loss": {"slot_loss": 1.8809953226707878}, "step": 22}
Step:22	{"loss": {"slot_est_loss": 1.6227163499919697}, "step": 22}
Step:22	{"loss": {"slot_margin_loss": 0.25827887654304504}, "step": 22}
Step:22	{"loss": {"total_loss": 3.668762324567071}, "step": 22}
Step:23	{"loss": {"intent_loss": 1.2981429340783488}, "step": 23}
Step:23	{"loss": {"intent_est_loss": 1.2972808763966899}, "step": 23}
Step:23	{"loss": {"intent_margin_loss": 0.0008620541775599122}, "step": 23}
Step:23	{"loss": {"slot_loss": 1.7573013158689736}, "step": 23}
Step:23	{"loss": {"slot_est_loss": 1.4966208121593823}, "step": 23}
Step:23	{"loss": {"slot_margin_loss": 0.2606804668903351}, "step": 23}
Step:23	{"loss": {"total_loss": 3.0554442499473224}, "step": 23}
Step:24	{"loss": {"intent_loss": 3.302681181987274}, "step": 24}
Step:24	{"loss": {"intent_est_loss": 3.3018189657304875}, "step": 24}
Step:24	{"loss": {"intent_margin_loss": 0.0008622054010629654}, "step": 24}
Step:24	{"loss": {"slot_loss": 1.8108131588902332}, "step": 24}
Step:24	{"loss": {"slot_est_loss": 1.5512128729664276}, "step": 24}
Step:24	{"loss": {"slot_margin_loss": 0.2596002519130707}, "step": 24}
Step:24	{"loss": {"total_loss": 5.113494340877507}, "step": 24}
Step:25	{"loss": {"intent_loss": 1.5052964512113247}, "step": 25}
Step:25	{"loss": {"intent_est_loss": 1.5044345343063474}, "step": 25}
Step:25	{"loss": {"intent_margin_loss": 0.0008619154687039554}, "step": 25}
Step:25	{"loss": {"slot_loss": 1.6361117627850028}, "step": 25}
Step:25	{"loss": {"slot_est_loss": 1.407573861355195}, "step": 25}
Step:25	{"loss": {"slot_margin_loss": 0.22853785753250122}, "step": 25}
Step:25	{"loss": {"total_loss": 3.1414082139963275}, "step": 25}
Step:26	{"loss": {"intent_loss": 2.423575676546899}, "step": 26}
Step:26	{"loss": {"intent_est_loss": 2.422713438562643}, "step": 26}
Step:26	{"loss": {"intent_margin_loss": 0.0008622324676252902}, "step": 26}
Step:26	{"loss": {"slot_loss": 1.718457890237912}, "step": 26}
Step:26	{"loss": {"slot_est_loss": 1.4707259601651461}, "step": 26}
Step:26	{"loss": {"slot_margin_loss": 0.24773187935352325}, "step": 26}
Step:26	{"loss": {"total_loss": 4.142033566784811}, "step": 26}
Step:27	{"loss": {"intent_loss": 1.80073290796863}, "step": 27}
Step:27	{"loss": {"intent_est_loss": 1.7998707023201863}, "step": 27}
Step:27	{"loss": {"intent_margin_loss": 0.0008622000459581614}, "step": 27}
Step:27	{"loss": {"slot_loss": 1.6145426591276186}, "step": 27}
Step:27	{"loss": {"slot_est_loss": 1.3909504204319112}, "step": 27}
Step:27	{"loss": {"slot_margin_loss": 0.22359222173690796}, "step": 27}
Step:27	{"loss": {"total_loss": 3.4152755670962485}, "step": 27}
Step:28	{"loss": {"intent_loss": 2.1811128582849055}, "step": 28}
Step:28	{"loss": {"intent_est_loss": 2.1802506135820265}, "step": 28}
Step:28	{"loss": {"intent_margin_loss": 0.0008622476016171277}, "step": 28}
Step:28	{"loss": {"slot_loss": 1.6543702299793952}, "step": 28}
Step:28	{"loss": {"slot_est_loss": 1.409158029701211}, "step": 28}
Step:28	{"loss": {"slot_margin_loss": 0.24521225690841675}, "step": 28}
Step:28	{"loss": {"total_loss": 3.8354830882643007}, "step": 28}
Step:29	{"loss": {"intent_loss": 1.2521823579270872}, "step": 29}
Step:29	{"loss": {"intent_est_loss": 1.251320211331766}, "step": 29}
Step:29	{"loss": {"intent_margin_loss": 0.0008621476590633392}, "step": 29}
Step:29	{"loss": {"slot_loss": 1.3815319135101152}, "step": 29}
Step:29	{"loss": {"slot_est_loss": 1.1630164835631156}, "step": 29}
Step:29	{"loss": {"slot_margin_loss": 0.2185155749320984}, "step": 29}
Step:29	{"loss": {"total_loss": 2.6337142714372024}, "step": 29}
Step:30	{"loss": {"intent_loss": 3.364286025198816}, "step": 30}
Step:30	{"loss": {"intent_est_loss": 3.3634240663843222}, "step": 30}
Step:30	{"loss": {"intent_margin_loss": 0.0008619751897640526}, "step": 30}
Step:30	{"loss": {"slot_loss": 1.3372945865063224}, "step": 30}
Step:30	{"loss": {"slot_est_loss": 1.1340993718360552}, "step": 30}
Step:30	{"loss": {"slot_margin_loss": 0.20319509506225586}, "step": 30}
Step:30	{"loss": {"total_loss": 4.701580611705138}, "step": 30}
Step:31	{"loss": {"intent_loss": 2.4859847921281464}, "step": 31}
Step:31	{"loss": {"intent_est_loss": 2.4851227401042695}, "step": 31}
Step:31	{"loss": {"intent_margin_loss": 0.0008620375883765519}, "step": 31}
Step:31	{"loss": {"slot_loss": 1.448894170462155}, "step": 31}
Step:31	{"loss": {"slot_est_loss": 1.230535408691504}, "step": 31}
Step:31	{"loss": {"slot_margin_loss": 0.21835875511169434}, "step": 31}
Step:31	{"loss": {"total_loss": 3.934878962590301}, "step": 31}
Step:32	{"loss": {"intent_loss": 1.3954991820064595}, "step": 32}
Step:32	{"loss": {"intent_est_loss": 1.3946369632612898}, "step": 32}
Step:32	{"loss": {"intent_margin_loss": 0.0008622233872301877}, "step": 32}
Step:32	{"loss": {"slot_loss": 1.4126297743234308}, "step": 32}
Step:32	{"loss": {"slot_est_loss": 1.2062881804100447}, "step": 32}
Step:32	{"loss": {"slot_margin_loss": 0.20634151995182037}, "step": 32}
Step:32	{"loss": {"total_loss": 2.8081289563298903}, "step": 32}
Step:33	{"loss": {"intent_loss": 2.4611280971963443}, "step": 33}
Step:33	{"loss": {"intent_est_loss": 2.460266093001701}, "step": 33}
Step:33	{"loss": {"intent_margin_loss": 0.0008619983564130962}, "step": 33}
Step:33	{"loss": {"slot_loss": 1.328762803997959}, "step": 33}
Step:33	{"loss": {"slot_est_loss": 1.1324757153808604}, "step": 33}
Step:33	{"loss": {"slot_margin_loss": 0.19628702104091644}, "step": 33}
Step:33	{"loss": {"total_loss": 3.7898909011943034}, "step": 33}
Step:34	{"loss": {"intent_loss": 1.5801562441134596}, "step": 34}
Step:34	{"loss": {"intent_est_loss": 1.5792940971776284}, "step": 34}
Step:34	{"loss": {"intent_margin_loss": 0.0008621473098173738}, "step": 34}
Step:34	{"loss": {"slot_loss": 1.4090580763819147}, "step": 34}
Step:34	{"loss": {"slot_est_loss": 1.1996551180258397}, "step": 34}
Step:34	{"loss": {"slot_margin_loss": 0.2094028890132904}, "step": 34}
Step:34	{"loss": {"total_loss": 2.9892143204953743}, "step": 34}
Step:35	{"loss": {"intent_loss": 1.608528932776969}, "step": 35}
Step:35	{"loss": {"intent_est_loss": 1.60766635759137}, "step": 35}
Step:35	{"loss": {"intent_margin_loss": 0.0008625792688690126}, "step": 35}
Step:35	{"loss": {"slot_loss": 1.2516630991274722}, "step": 35}
Step:35	{"loss": {"slot_est_loss": 1.0582816310139607}, "step": 35}
Step:35	{"loss": {"slot_margin_loss": 0.19338159263134003}, "step": 35}
Step:35	{"loss": {"total_loss": 2.8601920319044414}, "step": 35}
Step:36	{"loss": {"intent_loss": 1.1592600130781638}, "step": 36}
Step:36	{"loss": {"intent_est_loss": 1.158398110258714}, "step": 36}
Step:36	{"loss": {"intent_margin_loss": 0.0008619074942544103}, "step": 36}
Step:36	{"loss": {"slot_loss": 1.224599278415553}, "step": 36}
Step:36	{"loss": {"slot_est_loss": 1.0345057396771151}, "step": 36}
Step:36	{"loss": {"slot_margin_loss": 0.1900935173034668}, "step": 36}
Step:36	{"loss": {"total_loss": 2.383859291493717}, "step": 36}
Step:37	{"loss": {"intent_loss": 1.8109318799040937}, "step": 37}
Step:37	{"loss": {"intent_est_loss": 1.8100695551736847}, "step": 37}
Step:37	{"loss": {"intent_margin_loss": 0.0008623357862234116}, "step": 37}
Step:37	{"loss": {"slot_loss": 1.1234510343056165}, "step": 37}
Step:37	{"loss": {"slot_est_loss": 0.945407455175882}, "step": 37}
Step:37	{"loss": {"slot_margin_loss": 0.1780436784029007}, "step": 37}
Step:37	{"loss": {"total_loss": 2.93438291420971}, "step": 37}
Step:38	{"loss": {"intent_loss": 1.768908860052761}, "step": 38}
Step:38	{"loss": {"intent_est_loss": 1.768047000956721}, "step": 38}
Step:38	{"loss": {"intent_margin_loss": 0.0008618564461357892}, "step": 38}
Step:38	{"loss": {"slot_loss": 1.1608577700739269}, "step": 38}
Step:38	{"loss": {"slot_est_loss": 0.9826634001539796}, "step": 38}
Step:38	{"loss": {"slot_margin_loss": 0.17819447815418243}, "step": 38}
Step:38	{"loss": {"total_loss": 2.9297666301266876}, "step": 38}
Step:39	{"loss": {"intent_loss": 1.265539642096701}, "step": 39}
Step:39	{"loss": {"intent_est_loss": 1.2646773875254427}, "step": 39}
Step:39	{"loss": {"intent_margin_loss": 0.0008622569730505347}, "step": 39}
Step:39	{"loss": {"slot_loss": 1.165260165187648}, "step": 39}
Step:39	{"loss": {"slot_est_loss": 0.9871417644433675}, "step": 39}
Step:39	{"loss": {"slot_margin_loss": 0.17811840772628784}, "step": 39}
Step:39	{"loss": {"total_loss": 2.430799807284349}, "step": 39}
Step:40	{"loss": {"intent_loss": 2.0794805449841043}, "step": 40}
Step:40	{"loss": {"intent_est_loss": 2.078618252949672}, "step": 40}
Step:40	{"loss": {"intent_margin_loss": 0.0008622778113931417}, "step": 40}
Step:40	{"loss": {"slot_loss": 1.1149536210577937}, "step": 40}
Step:40	{"loss": {"slot_est_loss": 0.9423397915845264}, "step": 40}
Step:40	{"loss": {"slot_margin_loss": 0.17261382937431335}, "step": 40}
Step:40	{"loss": {"total_loss": 3.194434166041898}, "step": 40}
Step:41	{"loss": {"intent_loss": 1.5400341653548815}, "step": 41}
Step:41	{"loss": {"intent_est_loss": 1.539171842137148}, "step": 41}
Step:41	{"loss": {"intent_margin_loss": 0.0008623257745057344}, "step": 41}
Step:41	{"loss": {"slot_loss": 1.2793777208076773}, "step": 41}
Step:41	{"loss": {"slot_est_loss": 1.0934694587544094}, "step": 41}
Step:41	{"loss": {"slot_margin_loss": 0.1859082728624344}, "step": 41}
Step:41	{"loss": {"total_loss": 2.819411886162559}, "step": 41}
Step:42	{"loss": {"intent_loss": 1.2488726776828132}, "step": 42}
Step:42	{"loss": {"intent_est_loss": 1.2480102548121068}, "step": 42}
Step:42	{"loss": {"intent_margin_loss": 0.0008624238544143736}, "step": 42}
Step:42	{"loss": {"slot_loss": 1.1602919188822842}, "step": 42}
Step:42	{"loss": {"slot_est_loss": 0.9806188392743937}, "step": 42}
Step:42	{"loss": {"slot_margin_loss": 0.17967310547828674}, "step": 42}
Step:42	{"loss": {"total_loss": 2.4091645965650974}, "step": 42}
Step:43	{"loss": {"intent_loss": 1.2198105057330388}, "step": 43}
Step:43	{"loss": {"intent_est_loss": 1.2189485014270753}, "step": 43}
Step:43	{"loss": {"intent_margin_loss": 0.0008620080188848078}, "step": 43}
Step:43	{"loss": {"slot_loss": 1.0711029659694742}, "step": 43}
Step:43	{"loss": {"slot_est_loss": 0.8849140074380558}, "step": 43}
Step:43	{"loss": {"slot_margin_loss": 0.1861889362335205}, "step": 43}
Step:43	{"loss": {"total_loss": 2.2909134717025132}, "step": 43}
Step:44	{"loss": {"intent_loss": 1.6287317246533335}, "step": 44}
Step:44	{"loss": {"intent_est_loss": 1.627869542212283}, "step": 44}
Step:44	{"loss": {"intent_margin_loss": 0.000862182816490531}, "step": 44}
Step:44	{"loss": {"slot_loss": 1.121770958474373}, "step": 44}
Step:44	{"loss": {"slot_est_loss": 0.960311612294755}, "step": 44}
Step:44	{"loss": {"slot_margin_loss": 0.16145941615104675}, "step": 44}
Step:44	{"loss": {"total_loss": 2.7505026831277064}, "step": 44}
Step:45	{"loss": {"intent_loss": 2.072452943338428}, "step": 45}
Step:45	{"loss": {"intent_est_loss": 2.0715905956691127}, "step": 45}
Step:45	{"loss": {"intent_margin_loss": 0.0008623454486951232}, "step": 45}
Step:45	{"loss": {"slot_loss": 1.2178488289995577}, "step": 45}
Step:45	{"loss": {"slot_est_loss": 1.0252165289915867}, "step": 45}
Step:45	{"loss": {"slot_margin_loss": 0.1926322728395462}, "step": 45}
Step:45	{"loss": {"total_loss": 3.290301772337986}, "step": 45}
Step:46	{"loss": {"intent_loss": 0.6817568876453147}, "step": 46}
Step:46	{"loss": {"intent_est_loss": 0.6808945399629015}, "step": 46}
Step:46	{"loss": {"intent_margin_loss": 0.0008623463800176978}, "step": 46}
Step:46	{"loss": {"slot_loss": 1.0101286416407675}, "step": 46}
Step:46	{"loss": {"slot_est_loss": 0.8523926765090438}, "step": 46}
Step:46	{"loss": {"slot_margin_loss": 0.15773598849773407}, "step": 46}
Step:46	{"loss": {"total_loss": 1.6918855292860822}, "step": 46}
Step:47	{"loss": {"intent_loss": 0.5724628401418165}, "step": 47}
Step:47	{"loss": {"intent_est_loss": 0.5716004699199396}, "step": 47}
Step:47	{"loss": {"intent_margin_loss": 0.0008623687899671495}, "step": 47}
Step:47	{"loss": {"slot_loss": 0.9133121858307275}, "step": 47}
Step:47	{"loss": {"slot_est_loss": 0.764270205187495}, "step": 47}
Step:47	{"loss": {"slot_margin_loss": 0.14904190599918365}, "step": 47}
Step:47	{"loss": {"total_loss": 1.485775025972544}, "step": 47}
Step:48	{"loss": {"intent_loss": 2.0363715832616442}, "step": 48}
Step:48	{"loss": {"intent_est_loss": 2.035509347006155}, "step": 48}
Step:48	{"loss": {"intent_margin_loss": 0.0008622317109256983}, "step": 48}
Step:48	{"loss": {"slot_loss": 0.9808027396822586}, "step": 48}
Step:48	{"loss": {"slot_est_loss": 0.8333226308488522}, "step": 48}
Step:48	{"loss": {"slot_margin_loss": 0.14748011529445648}, "step": 48}
Step:48	{"loss": {"total_loss": 3.017174322943903}, "step": 48}
Step:49	{"loss": {"intent_loss": 2.0192568103862882}, "step": 49}
Step:49	{"loss": {"intent_est_loss": 2.0183942744384713}, "step": 49}
Step:49	{"loss": {"intent_margin_loss": 0.0008625404443591833}, "step": 49}
Step:49	{"loss": {"slot_loss": 1.0335420643968973}, "step": 49}
Step:49	{"loss": {"slot_est_loss": 0.8672167082986576}, "step": 49}
Step:49	{"loss": {"slot_margin_loss": 0.16632525622844696}, "step": 49}
Step:49	{"loss": {"total_loss": 3.0527988747831856}, "step": 49}
Step:50	{"loss": {"intent_loss": 0.6925374327754982}, "step": 50}
Step:50	{"loss": {"intent_est_loss": 0.6916754281126479}, "step": 50}
Step:50	{"loss": {"intent_margin_loss": 0.0008620060980319977}, "step": 50}
Step:50	{"loss": {"slot_loss": 0.9804383807335396}, "step": 50}
Step:50	{"loss": {"slot_est_loss": 0.8242124866999823}, "step": 50}
Step:50	{"loss": {"slot_margin_loss": 0.15622596442699432}, "step": 50}
Step:50	{"loss": {"total_loss": 1.6729758135090378}, "step": 50}
Step:51	{"loss": {"intent_loss": 1.197301618452184}, "step": 51}
Step:51	{"loss": {"intent_est_loss": 1.196439341308724}, "step": 51}
Step:51	{"loss": {"intent_margin_loss": 0.0008622827008366585}, "step": 51}
Step:51	{"loss": {"slot_loss": 0.9436712773778708}, "step": 51}
Step:51	{"loss": {"slot_est_loss": 0.7924098606279576}, "step": 51}
Step:51	{"loss": {"slot_margin_loss": 0.1512613743543625}, "step": 51}
Step:51	{"loss": {"total_loss": 2.140972895830055}, "step": 51}
Step:52	{"loss": {"intent_loss": 2.194903517684725}, "step": 52}
Step:52	{"loss": {"intent_est_loss": 2.194041351948546}, "step": 52}
Step:52	{"loss": {"intent_margin_loss": 0.0008621577289886773}, "step": 52}
Step:52	{"loss": {"slot_loss": 1.0638640480057788}, "step": 52}
Step:52	{"loss": {"slot_est_loss": 0.8948501889826731}, "step": 52}
Step:52	{"loss": {"slot_margin_loss": 0.16901379823684692}, "step": 52}
Step:52	{"loss": {"total_loss": 3.258767565690504}, "step": 52}
Step:53	{"loss": {"intent_loss": 2.1747307544937895}, "step": 53}
Step:53	{"loss": {"intent_est_loss": 2.1738687373399452}, "step": 53}
Step:53	{"loss": {"intent_margin_loss": 0.0008620168664492667}, "step": 53}
Step:53	{"loss": {"slot_loss": 1.0739067589165647}, "step": 53}
Step:53	{"loss": {"slot_est_loss": 0.9098065683312598}, "step": 53}
Step:53	{"loss": {"slot_margin_loss": 0.16410031914710999}, "step": 53}
Step:53	{"loss": {"total_loss": 3.2486375134103542}, "step": 53}
Step:54	{"loss": {"intent_loss": 1.1626785386542906}, "step": 54}
Step:54	{"loss": {"intent_est_loss": 1.1618163465216629}, "step": 54}
Step:54	{"loss": {"intent_margin_loss": 0.0008621876477263868}, "step": 54}
Step:54	{"loss": {"slot_loss": 0.8967116604617322}, "step": 54}
Step:54	{"loss": {"slot_est_loss": 0.7475221188680741}, "step": 54}
Step:54	{"loss": {"slot_margin_loss": 0.1491895467042923}, "step": 54}
Step:54	{"loss": {"total_loss": 2.059390199116023}, "step": 54}
Step:55	{"loss": {"intent_loss": 1.1455097862832175}, "step": 55}
Step:55	{"loss": {"intent_est_loss": 1.1446474759723073}, "step": 55}
Step:55	{"loss": {"intent_margin_loss": 0.0008623143075965345}, "step": 55}
Step:55	{"loss": {"slot_loss": 0.8972094073353217}, "step": 55}
Step:55	{"loss": {"slot_est_loss": 0.7502378554898316}, "step": 55}
Step:55	{"loss": {"slot_margin_loss": 0.14697152376174927}, "step": 55}
Step:55	{"loss": {"total_loss": 2.0427191936185394}, "step": 55}
Step:56	{"loss": {"intent_loss": 1.916018749897922}, "step": 56}
Step:56	{"loss": {"intent_est_loss": 1.9151563093008035}, "step": 56}
Step:56	{"loss": {"intent_margin_loss": 0.0008624386973679066}, "step": 56}
Step:56	{"loss": {"slot_loss": 0.9680101509176917}, "step": 56}
Step:56	{"loss": {"slot_est_loss": 0.8067975115714943}, "step": 56}
Step:56	{"loss": {"slot_margin_loss": 0.1612127423286438}, "step": 56}
Step:56	{"loss": {"total_loss": 2.884028900815614}, "step": 56}
Step:57	{"loss": {"intent_loss": 1.6351855296867144}, "step": 57}
Step:57	{"loss": {"intent_est_loss": 1.634323295952348}, "step": 57}
Step:57	{"loss": {"intent_margin_loss": 0.0008622294408269227}, "step": 57}
Step:57	{"loss": {"slot_loss": 0.9216472406376852}, "step": 57}
Step:57	{"loss": {"slot_est_loss": 0.7633982261191703}, "step": 57}
Step:57	{"loss": {"slot_margin_loss": 0.15824896097183228}, "step": 57}
Step:57	{"loss": {"total_loss": 2.5568327703244}, "step": 57}
Step:58	{"loss": {"intent_loss": 1.0045652962922773}, "step": 58}
Step:58	{"loss": {"intent_est_loss": 1.0037032104788517}, "step": 58}
Step:58	{"loss": {"intent_margin_loss": 0.0008620878797955811}, "step": 58}
Step:58	{"loss": {"slot_loss": 0.8693423895616429}, "step": 58}
Step:58	{"loss": {"slot_est_loss": 0.7183825850981518}, "step": 58}
Step:58	{"loss": {"slot_margin_loss": 0.150959774851799}, "step": 58}
Step:58	{"loss": {"total_loss": 1.8739076858539203}, "step": 58}
Step:59	{"loss": {"intent_loss": 0.4035405859907766}, "step": 59}
Step:59	{"loss": {"intent_est_loss": 0.4026783711058673}, "step": 59}
Step:59	{"loss": {"intent_margin_loss": 0.000862213724758476}, "step": 59}
Step:59	{"loss": {"slot_loss": 0.8097907960764126}, "step": 59}
Step:59	{"loss": {"slot_est_loss": 0.6776667743281007}, "step": 59}
Step:59	{"loss": {"slot_margin_loss": 0.13212406635284424}, "step": 59}
Step:59	{"loss": {"total_loss": 1.2133313820671892}, "step": 59}
Step:60	{"loss": {"intent_loss": 1.3330084647604954}, "step": 60}
Step:60	{"loss": {"intent_est_loss": 1.3321458649726974}, "step": 60}
Step:60	{"loss": {"intent_margin_loss": 0.0008626007474958897}, "step": 60}
Step:60	{"loss": {"slot_loss": 0.8364750189386543}, "step": 60}
Step:60	{"loss": {"slot_est_loss": 0.70101042741735}, "step": 60}
Step:60	{"loss": {"slot_margin_loss": 0.1354646235704422}, "step": 60}
Step:60	{"loss": {"total_loss": 2.1694834836991497}, "step": 60}
Step:61	{"loss": {"intent_loss": 1.2354950768407444}, "step": 61}
Step:61	{"loss": {"intent_est_loss": 1.234632635084562}, "step": 61}
Step:61	{"loss": {"intent_margin_loss": 0.0008624421898275614}, "step": 61}
Step:61	{"loss": {"slot_loss": 0.865239452107926}, "step": 61}
Step:61	{"loss": {"slot_est_loss": 0.7234922845105762}, "step": 61}
Step:61	{"loss": {"slot_margin_loss": 0.14174716174602509}, "step": 61}
Step:61	{"loss": {"total_loss": 2.1007345289486703}, "step": 61}
Step:62	{"loss": {"intent_loss": 1.872193574901757}, "step": 62}
Step:62	{"loss": {"intent_est_loss": 1.871331467917479}, "step": 62}
Step:62	{"loss": {"intent_margin_loss": 0.0008620975422672927}, "step": 62}
Step:62	{"loss": {"slot_loss": 0.8954637876566258}, "step": 62}
Step:62	{"loss": {"slot_est_loss": 0.7448283159348638}, "step": 62}
Step:62	{"loss": {"slot_margin_loss": 0.1506354808807373}, "step": 62}
Step:62	{"loss": {"total_loss": 2.767657362558383}, "step": 62}
Step:63	{"loss": {"intent_loss": 1.438331510664284}, "step": 63}
Step:63	{"loss": {"intent_est_loss": 1.4374689865067922}, "step": 63}
Step:63	{"loss": {"intent_margin_loss": 0.000862530549056828}, "step": 63}
Step:63	{"loss": {"slot_loss": 0.8139413711425736}, "step": 63}
Step:63	{"loss": {"slot_est_loss": 0.6767423069250076}, "step": 63}
Step:63	{"loss": {"slot_margin_loss": 0.1371990591287613}, "step": 63}
Step:63	{"loss": {"total_loss": 2.2522728818068574}, "step": 63}
Step:64	{"loss": {"intent_loss": 1.0260040591652793}, "step": 64}
Step:64	{"loss": {"intent_est_loss": 1.0251415089878722}, "step": 64}
Step:64	{"loss": {"intent_margin_loss": 0.0008625598857179284}, "step": 64}
Step:64	{"loss": {"slot_loss": 0.860216601780848}, "step": 64}
Step:64	{"loss": {"slot_est_loss": 0.7258994402596735}, "step": 64}
Step:64	{"loss": {"slot_margin_loss": 0.13431723415851593}, "step": 64}
Step:64	{"loss": {"total_loss": 1.8862206609461274}, "step": 64}
Step:65	{"loss": {"intent_loss": 1.854453294467385}, "step": 65}
Step:65	{"loss": {"intent_est_loss": 1.8535909453705246}, "step": 65}
Step:65	{"loss": {"intent_margin_loss": 0.0008623499306850135}, "step": 65}
Step:65	{"loss": {"slot_loss": 0.9156077213920077}, "step": 65}
Step:65	{"loss": {"slot_est_loss": 0.7726135582168353}, "step": 65}
Step:65	{"loss": {"slot_margin_loss": 0.14299412071704865}, "step": 65}
Step:65	{"loss": {"total_loss": 2.770061015859393}, "step": 65}
Step:66	{"loss": {"intent_loss": 1.2321007862672568}, "step": 66}
Step:66	{"loss": {"intent_est_loss": 1.2312383462529406}, "step": 66}
Step:66	{"loss": {"intent_margin_loss": 0.0008624435868114233}, "step": 66}
Step:66	{"loss": {"slot_loss": 0.8815293287625549}, "step": 66}
Step:66	{"loss": {"slot_est_loss": 0.7479432742766227}, "step": 66}
Step:66	{"loss": {"slot_margin_loss": 0.1335860639810562}, "step": 66}
Step:66	{"loss": {"total_loss": 2.1136301150298116}, "step": 66}
Step:67	{"loss": {"intent_loss": 0.9978499262499095}, "step": 67}
Step:67	{"loss": {"intent_est_loss": 0.9969872903740904}, "step": 67}
Step:67	{"loss": {"intent_margin_loss": 0.0008626355556771159}, "step": 67}
Step:67	{"loss": {"slot_loss": 0.7712030466238496}, "step": 67}
Step:67	{"loss": {"slot_est_loss": 0.6471128436722207}, "step": 67}
Step:67	{"loss": {"slot_margin_loss": 0.12409022450447083}, "step": 67}
Step:67	{"loss": {"total_loss": 1.7690529728737592}, "step": 67}
Step:68	{"loss": {"intent_loss": 0.9642776221793615}, "step": 68}
Step:68	{"loss": {"intent_est_loss": 0.9634153245984639}, "step": 68}
Step:68	{"loss": {"intent_margin_loss": 0.0008622909081168473}, "step": 68}
Step:68	{"loss": {"slot_loss": 0.858705974611803}, "step": 68}
Step:68	{"loss": {"slot_est_loss": 0.7146925418259339}, "step": 68}
Step:68	{"loss": {"slot_margin_loss": 0.14401349425315857}, "step": 68}
Step:68	{"loss": {"total_loss": 1.8229835967911645}, "step": 68}
Step:69	{"loss": {"intent_loss": 1.3750548076765008}, "step": 69}
Step:69	{"loss": {"intent_est_loss": 1.3741925829199313}, "step": 69}
Step:69	{"loss": {"intent_margin_loss": 0.0008622289169579744}, "step": 69}
Step:69	{"loss": {"slot_loss": 0.841350467901793}, "step": 69}
Step:69	{"loss": {"slot_est_loss": 0.703715341552743}, "step": 69}
Step:69	{"loss": {"slot_margin_loss": 0.13763515651226044}, "step": 69}
Step:69	{"loss": {"total_loss": 2.216405275578294}, "step": 69}
Step:70	{"loss": {"intent_loss": 0.6974896347794125}, "step": 70}
Step:70	{"loss": {"intent_est_loss": 0.6966274177237216}, "step": 70}
Step:70	{"loss": {"intent_margin_loss": 0.0008622160530649126}, "step": 70}
Step:70	{"loss": {"slot_loss": 0.7149854932271404}, "step": 70}
Step:70	{"loss": {"slot_est_loss": 0.5935266438304097}, "step": 70}
Step:70	{"loss": {"slot_margin_loss": 0.12145885080099106}, "step": 70}
Step:70	{"loss": {"total_loss": 1.412475128006553}, "step": 70}
Step:71	{"loss": {"intent_loss": 0.8129434831633274}, "step": 71}
Step:71	{"loss": {"intent_est_loss": 0.8120810431195437}, "step": 71}
Step:71	{"loss": {"intent_margin_loss": 0.000862442422658205}, "step": 71}
Step:71	{"loss": {"slot_loss": 0.7284099354379581}, "step": 71}
Step:71	{"loss": {"slot_est_loss": 0.6088338532877966}, "step": 71}
Step:71	{"loss": {"slot_margin_loss": 0.11957612633705139}, "step": 71}
Step:71	{"loss": {"total_loss": 1.5413534186012856}, "step": 71}
Step:72	{"loss": {"intent_loss": 0.8111359800990606}, "step": 72}
Step:72	{"loss": {"intent_est_loss": 0.8102736625849507}, "step": 72}
Step:72	{"loss": {"intent_margin_loss": 0.0008623173926025629}, "step": 72}
Step:72	{"loss": {"slot_loss": 0.7138916820644227}, "step": 72}
Step:72	{"loss": {"slot_est_loss": 0.5946059676411092}, "step": 72}
Step:72	{"loss": {"slot_margin_loss": 0.1192857176065445}, "step": 72}
Step:72	{"loss": {"total_loss": 1.5250276621634833}, "step": 72}
Step:73	{"loss": {"intent_loss": 1.8619477010252006}, "step": 73}
Step:73	{"loss": {"intent_est_loss": 1.8610854435333748}, "step": 73}
Step:73	{"loss": {"intent_margin_loss": 0.0008622650057077408}, "step": 73}
Step:73	{"loss": {"slot_loss": 0.8266860362884466}, "step": 73}
Step:73	{"loss": {"slot_est_loss": 0.6865719272827852}, "step": 73}
Step:73	{"loss": {"slot_margin_loss": 0.14011406898498535}, "step": 73}
Step:73	{"loss": {"total_loss": 2.6886337373136473}, "step": 73}
Step:74	{"loss": {"intent_loss": 1.307224365107685}, "step": 74}
Step:74	{"loss": {"intent_est_loss": 1.3063619924891103}, "step": 74}
Step:74	{"loss": {"intent_margin_loss": 0.0008623839821666479}, "step": 74}
Step:74	{"loss": {"slot_loss": 0.8243230564214167}, "step": 74}
Step:74	{"loss": {"slot_est_loss": 0.6872189863031973}, "step": 74}
Step:74	{"loss": {"slot_margin_loss": 0.13710404932498932}, "step": 74}
Step:74	{"loss": {"total_loss": 2.1315474215291017}, "step": 74}
Step:75	{"loss": {"intent_loss": 0.7892221893067473}, "step": 75}
Step:75	{"loss": {"intent_est_loss": 0.7883604246577304}, "step": 75}
Step:75	{"loss": {"intent_margin_loss": 0.0008617673884145916}, "step": 75}
Step:75	{"loss": {"slot_loss": 0.8139441160441482}, "step": 75}
Step:75	{"loss": {"slot_est_loss": 0.6797514889505678}, "step": 75}
Step:75	{"loss": {"slot_margin_loss": 0.13419264554977417}, "step": 75}
Step:75	{"loss": {"total_loss": 1.6031663053508955}, "step": 75}
Step:76	{"loss": {"intent_loss": 2.522726662565401}, "step": 76}
Step:76	{"loss": {"intent_est_loss": 2.5218643043270292}, "step": 76}
Step:76	{"loss": {"intent_margin_loss": 0.0008623486501164734}, "step": 76}
Step:76	{"loss": {"slot_loss": 0.7271391265458088}, "step": 76}
Step:76	{"loss": {"slot_est_loss": 0.6067377250015852}, "step": 76}
Step:76	{"loss": {"slot_margin_loss": 0.12040143460035324}, "step": 76}
Step:76	{"loss": {"total_loss": 3.2498657891112095}, "step": 76}
Step:77	{"loss": {"intent_loss": 1.1238766326168843}, "step": 77}
Step:77	{"loss": {"intent_est_loss": 1.1230141629908774}, "step": 77}
Step:77	{"loss": {"intent_margin_loss": 0.0008624698384664953}, "step": 77}
Step:77	{"loss": {"slot_loss": 0.6947965593368268}, "step": 77}
Step:77	{"loss": {"slot_est_loss": 0.5786913495321635}, "step": 77}
Step:77	{"loss": {"slot_margin_loss": 0.11610522866249084}, "step": 77}
Step:77	{"loss": {"total_loss": 1.8186731919537111}, "step": 77}
Step:78	{"loss": {"intent_loss": 0.4492076604416066}, "step": 78}
Step:78	{"loss": {"intent_est_loss": 0.44834520648582865}, "step": 78}
Step:78	{"loss": {"intent_margin_loss": 0.000862454529851675}, "step": 78}
Step:78	{"loss": {"slot_loss": 0.7942129170565748}, "step": 78}
Step:78	{"loss": {"slot_est_loss": 0.6673241992495611}, "step": 78}
Step:78	{"loss": {"slot_margin_loss": 0.12688876688480377}, "step": 78}
Step:78	{"loss": {"total_loss": 1.2434205774981815}, "step": 78}
Step:79	{"loss": {"intent_loss": 0.5783831502430982}, "step": 79}
Step:79	{"loss": {"intent_est_loss": 0.5775207330792906}, "step": 79}
Step:79	{"loss": {"intent_margin_loss": 0.0008624160545878112}, "step": 79}
Step:79	{"loss": {"slot_loss": 0.7414346989724439}, "step": 79}
Step:79	{"loss": {"slot_est_loss": 0.6142008575661744}, "step": 79}
Step:79	{"loss": {"slot_margin_loss": 0.1272338330745697}, "step": 79}
Step:79	{"loss": {"total_loss": 1.319817849215542}, "step": 79}
Step:80	{"loss": {"intent_loss": 0.4949570226486682}, "step": 80}
Step:80	{"loss": {"intent_est_loss": 0.4940946741542579}, "step": 80}
Step:80	{"loss": {"intent_margin_loss": 0.0008623473695479333}, "step": 80}
Step:80	{"loss": {"slot_loss": 0.6782500361630813}, "step": 80}
Step:80	{"loss": {"slot_est_loss": 0.5635626285118637}, "step": 80}
Step:80	{"loss": {"slot_margin_loss": 0.11468736082315445}, "step": 80}
Step:80	{"loss": {"total_loss": 1.1732070588117496}, "step": 80}
Step:81	{"loss": {"intent_loss": 0.9819257075134362}, "step": 81}
Step:81	{"loss": {"intent_est_loss": 0.9810635840141922}, "step": 81}
Step:81	{"loss": {"intent_margin_loss": 0.0008621248416602612}, "step": 81}
Step:81	{"loss": {"slot_loss": 0.7115550401984366}, "step": 81}
Step:81	{"loss": {"slot_est_loss": 0.5950458071587493}, "step": 81}
Step:81	{"loss": {"slot_margin_loss": 0.11650928109884262}, "step": 81}
Step:81	{"loss": {"total_loss": 1.693480747711873}, "step": 81}
Step:82	{"loss": {"intent_loss": 2.010822509272838}, "step": 82}
Step:82	{"loss": {"intent_est_loss": 2.0099597710854105}, "step": 82}
Step:82	{"loss": {"intent_margin_loss": 0.0008627291535958648}, "step": 82}
Step:82	{"loss": {"slot_loss": 0.8110156714043115}, "step": 82}
Step:82	{"loss": {"slot_est_loss": 0.6783154364587975}, "step": 82}
Step:82	{"loss": {"slot_margin_loss": 0.13270017504692078}, "step": 82}
Step:82	{"loss": {"total_loss": 2.8218381806771493}, "step": 82}
Step:83	{"loss": {"intent_loss": 2.546691911782545}, "step": 83}
Step:83	{"loss": {"intent_est_loss": 2.545829978035182}, "step": 83}
Step:83	{"loss": {"intent_margin_loss": 0.0008619162836112082}, "step": 83}
Step:83	{"loss": {"slot_loss": 0.782440252344532}, "step": 83}
Step:83	{"loss": {"slot_est_loss": 0.6587708872582876}, "step": 83}
Step:83	{"loss": {"slot_margin_loss": 0.12366930395364761}, "step": 83}
Step:83	{"loss": {"total_loss": 3.329132164127077}, "step": 83}
Step:84	{"loss": {"intent_loss": 0.818515285724061}, "step": 84}
Step:84	{"loss": {"intent_est_loss": 0.8176529878517618}, "step": 84}
Step:84	{"loss": {"intent_margin_loss": 0.0008622908499091864}, "step": 84}
Step:84	{"loss": {"slot_loss": 0.6794079571176547}, "step": 84}
Step:84	{"loss": {"slot_est_loss": 0.5614259617810611}, "step": 84}
Step:84	{"loss": {"slot_margin_loss": 0.11798200011253357}, "step": 84}
Step:84	{"loss": {"total_loss": 1.4979232428417157}, "step": 84}
Step:85	{"loss": {"intent_loss": 0.9534039880876658}, "step": 85}
Step:85	{"loss": {"intent_est_loss": 0.9525411930637357}, "step": 85}
Step:85	{"loss": {"intent_margin_loss": 0.0008627968491055071}, "step": 85}
Step:85	{"loss": {"slot_loss": 0.6634135528467597}, "step": 85}
Step:85	{"loss": {"slot_est_loss": 0.5462430439110899}, "step": 85}
Step:85	{"loss": {"slot_margin_loss": 0.11717046797275543}, "step": 85}
Step:85	{"loss": {"total_loss": 1.6168175409344254}, "step": 85}
Step:86	{"loss": {"intent_loss": 1.277256702853993}, "step": 86}
Step:86	{"loss": {"intent_est_loss": 1.2763943427067699}, "step": 86}
Step:86	{"loss": {"intent_margin_loss": 0.000862355693243444}, "step": 86}
Step:86	{"loss": {"slot_loss": 0.7226347777381308}, "step": 86}
Step:86	{"loss": {"slot_est_loss": 0.6032658819793144}, "step": 86}
Step:86	{"loss": {"slot_margin_loss": 0.11936884373426437}, "step": 86}
Step:86	{"loss": {"total_loss": 1.9998914805921237}, "step": 86}
Step:87	{"loss": {"intent_loss": 0.868547649859101}, "step": 87}
Step:87	{"loss": {"intent_est_loss": 0.8676854028446535}, "step": 87}
Step:87	{"loss": {"intent_margin_loss": 0.0008622460882179439}, "step": 87}
Step:87	{"loss": {"slot_loss": 0.6535649468278277}, "step": 87}
Step:87	{"loss": {"slot_est_loss": 0.5444806778643401}, "step": 87}
Step:87	{"loss": {"slot_margin_loss": 0.10908433794975281}, "step": 87}
Step:87	{"loss": {"total_loss": 1.5221125966869287}, "step": 87}
Step:88	{"loss": {"intent_loss": 0.9867596283856982}, "step": 88}
Step:88	{"loss": {"intent_est_loss": 0.9858973632552088}, "step": 88}
Step:88	{"loss": {"intent_margin_loss": 0.0008622688474133611}, "step": 88}
Step:88	{"loss": {"slot_loss": 0.62112738678261}, "step": 88}
Step:88	{"loss": {"slot_est_loss": 0.5138000934806763}, "step": 88}
Step:88	{"loss": {"slot_margin_loss": 0.10732731968164444}, "step": 88}
Step:88	{"loss": {"total_loss": 1.6078870151683082}, "step": 88}
Step:89	{"loss": {"intent_loss": 0.6264575679520935}, "step": 89}
Step:89	{"loss": {"intent_est_loss": 0.625595443660495}, "step": 89}
Step:89	{"loss": {"intent_margin_loss": 0.0008621233282610774}, "step": 89}
Step:89	{"loss": {"slot_loss": 0.6980876485307818}, "step": 89}
Step:89	{"loss": {"slot_est_loss": 0.5860221186158011}, "step": 89}
Step:89	{"loss": {"slot_margin_loss": 0.11206551641225815}, "step": 89}
Step:89	{"loss": {"total_loss": 1.3245452164828753}, "step": 89}
Step:90	{"loss": {"intent_loss": 1.1064029134508007}, "step": 90}
Step:90	{"loss": {"intent_est_loss": 1.1055402055659207}, "step": 90}
Step:90	{"loss": {"intent_margin_loss": 0.0008626988274045289}, "step": 90}
Step:90	{"loss": {"slot_loss": 0.7233455444133136}, "step": 90}
Step:90	{"loss": {"slot_est_loss": 0.6034895404329291}, "step": 90}
Step:90	{"loss": {"slot_margin_loss": 0.11985599994659424}, "step": 90}
Step:90	{"loss": {"total_loss": 1.829748457864114}, "step": 90}
Step:91	{"loss": {"intent_loss": 2.9591732086875724}, "step": 91}
Step:91	{"loss": {"intent_est_loss": 2.9583108934850313}, "step": 91}
Step:91	{"loss": {"intent_margin_loss": 0.0008622803725302219}, "step": 91}
Step:91	{"loss": {"slot_loss": 0.6693461000628306}, "step": 91}
Step:91	{"loss": {"slot_est_loss": 0.5539692367849061}, "step": 91}
Step:91	{"loss": {"slot_margin_loss": 0.11537688225507736}, "step": 91}
Step:91	{"loss": {"total_loss": 3.628519308750403}, "step": 91}
Step:92	{"loss": {"intent_loss": 1.181933009608475}, "step": 92}
Step:92	{"loss": {"intent_est_loss": 1.1810706830707192}, "step": 92}
Step:92	{"loss": {"intent_margin_loss": 0.0008623317698948085}, "step": 92}
Step:92	{"loss": {"slot_loss": 0.7446811574511238}, "step": 92}
Step:92	{"loss": {"slot_est_loss": 0.6264285026365538}, "step": 92}
Step:92	{"loss": {"slot_margin_loss": 0.1182527169585228}, "step": 92}
Step:92	{"loss": {"total_loss": 1.9266141670595989}, "step": 92}
Step:93	{"loss": {"intent_loss": 0.6271743711447929}, "step": 93}
Step:93	{"loss": {"intent_est_loss": 0.626311855218592}, "step": 93}
Step:93	{"loss": {"intent_margin_loss": 0.0008625120390206575}, "step": 93}
Step:93	{"loss": {"slot_loss": 0.6169658654485822}, "step": 93}
Step:93	{"loss": {"slot_est_loss": 0.506028188411437}, "step": 93}
Step:93	{"loss": {"slot_margin_loss": 0.11093764007091522}, "step": 93}
Step:93	{"loss": {"total_loss": 1.2441402365933751}, "step": 93}
Step:94	{"loss": {"intent_loss": 0.9266741197727244}, "step": 94}
Step:94	{"loss": {"intent_est_loss": 0.9258119413785613}, "step": 94}
Step:94	{"loss": {"intent_margin_loss": 0.0008621817105449736}, "step": 94}
Step:94	{"loss": {"slot_loss": 0.6109905143865031}, "step": 94}
Step:94	{"loss": {"slot_est_loss": 0.5055323490247244}, "step": 94}
Step:94	{"loss": {"slot_margin_loss": 0.10545817017555237}, "step": 94}
Step:94	{"loss": {"total_loss": 1.5376646341592275}, "step": 94}
Step:95	{"loss": {"intent_loss": 2.0381490473955672}, "step": 95}
Step:95	{"loss": {"intent_est_loss": 2.037286724171283}, "step": 95}
Step:95	{"loss": {"intent_margin_loss": 0.0008623150642961264}, "step": 95}
Step:95	{"loss": {"slot_loss": 0.6865536052151582}, "step": 95}
Step:95	{"loss": {"slot_est_loss": 0.5738422116148283}, "step": 95}
Step:95	{"loss": {"slot_margin_loss": 0.11271137744188309}, "step": 95}
Step:95	{"loss": {"total_loss": 2.724702652610725}, "step": 95}
Step:96	{"loss": {"intent_loss": 0.9746103951882109}, "step": 96}
Step:96	{"loss": {"intent_est_loss": 0.9737482072792765}, "step": 96}
Step:96	{"loss": {"intent_margin_loss": 0.0008621964370831847}, "step": 96}
Step:96	{"loss": {"slot_loss": 0.6666431815508986}, "step": 96}
Step:96	{"loss": {"slot_est_loss": 0.5486979605018866}, "step": 96}
Step:96	{"loss": {"slot_margin_loss": 0.11794523894786835}, "step": 96}
Step:96	{"loss": {"total_loss": 1.6412535767391097}, "step": 96}
Step:97	{"loss": {"intent_loss": 1.749925346462258}, "step": 97}
Step:97	{"loss": {"intent_est_loss": 1.7490628142863}, "step": 97}
Step:97	{"loss": {"intent_margin_loss": 0.0008625111659057438}, "step": 97}
Step:97	{"loss": {"slot_loss": 0.6386200208056834}, "step": 97}
Step:97	{"loss": {"slot_est_loss": 0.5315832763226354}, "step": 97}
Step:97	{"loss": {"slot_margin_loss": 0.10703670978546143}, "step": 97}
Step:97	{"loss": {"total_loss": 2.388545367267941}, "step": 97}
Step:98	{"loss": {"intent_loss": 1.457897746520029}, "step": 98}
Step:98	{"loss": {"intent_est_loss": 1.4570353711707866}, "step": 98}
Step:98	{"loss": {"intent_margin_loss": 0.0008623683243058622}, "step": 98}
Step:98	{"loss": {"slot_loss": 0.7474212669607367}, "step": 98}
Step:98	{"loss": {"slot_est_loss": 0.6253627030397189}, "step": 98}
Step:98	{"loss": {"slot_margin_loss": 0.12205855548381805}, "step": 98}
Step:98	{"loss": {"total_loss": 2.2053190134807656}, "step": 98}
Step:99	{"loss": {"intent_loss": 0.7789789159582144}, "step": 99}
Step:99	{"loss": {"intent_est_loss": 0.7781166493674395}, "step": 99}
Step:99	{"loss": {"intent_margin_loss": 0.0008622615714557469}, "step": 99}
Step:99	{"loss": {"slot_loss": 0.639291430798766}, "step": 99}
Step:99	{"loss": {"slot_est_loss": 0.5304562812845686}, "step": 99}
Step:99	{"loss": {"slot_margin_loss": 0.10883516073226929}, "step": 99}
Step:99	{"loss": {"total_loss": 1.4182703467569806}, "step": 99}
Step:100	{"loss": {"intent_loss": 1.3215992978308344}, "step": 100}
Step:100	{"loss": {"intent_est_loss": 1.3207367060156685}, "step": 100}
Step:100	{"loss": {"intent_margin_loss": 0.0008625853224657476}, "step": 100}
Step:100	{"loss": {"slot_loss": 0.6529108506292687}, "step": 100}
Step:100	{"loss": {"slot_est_loss": 0.5466438979870863}, "step": 100}
Step:100	{"loss": {"slot_margin_loss": 0.10626693814992905}, "step": 100}
Step:100	{"loss": {"total_loss": 1.974510148460103}, "step": 100}
Step:101	{"loss": {"intent_loss": 0.5424088512463645}, "step": 101}
Step:101	{"loss": {"intent_est_loss": 0.5415463590579741}, "step": 101}
Step:101	{"loss": {"intent_margin_loss": 0.0008624948095530272}, "step": 101}
Step:101	{"loss": {"slot_loss": 0.6393721331303812}, "step": 101}
Step:101	{"loss": {"slot_est_loss": 0.5346647867729188}, "step": 101}
Step:101	{"loss": {"slot_margin_loss": 0.10470732301473618}, "step": 101}
Step:101	{"loss": {"total_loss": 1.1817809843767457}, "step": 101}
Step:102	{"loss": {"intent_loss": 1.278914969769903}, "step": 102}
Step:102	{"loss": {"intent_est_loss": 1.278052837512223}, "step": 102}
Step:102	{"loss": {"intent_margin_loss": 0.0008621290326118469}, "step": 102}
Step:102	{"loss": {"slot_loss": 0.7032037195822343}, "step": 102}
Step:102	{"loss": {"slot_est_loss": 0.5945540063199584}, "step": 102}
Step:102	{"loss": {"slot_margin_loss": 0.10864969342947006}, "step": 102}
Step:102	{"loss": {"total_loss": 1.9821186893521372}, "step": 102}
Step:103	{"loss": {"intent_loss": 1.3471709129051295}, "step": 103}
Step:103	{"loss": {"intent_est_loss": 1.3463083752285436}, "step": 103}
Step:103	{"loss": {"intent_margin_loss": 0.0008625395712442696}, "step": 103}
Step:103	{"loss": {"slot_loss": 0.7021058414160513}, "step": 103}
Step:103	{"loss": {"slot_est_loss": 0.5833998919930315}, "step": 103}
Step:103	{"loss": {"slot_margin_loss": 0.11870595067739487}, "step": 103}
Step:103	{"loss": {"total_loss": 2.0492767543211805}, "step": 103}
Step:104	{"loss": {"intent_loss": 1.3060111533060972}, "step": 104}
Step:104	{"loss": {"intent_est_loss": 1.3051487331267708}, "step": 104}
Step:104	{"loss": {"intent_margin_loss": 0.0008624130859971046}, "step": 104}
Step:104	{"loss": {"slot_loss": 0.6757643122939048}, "step": 104}
Step:104	{"loss": {"slot_est_loss": 0.5640726022727903}, "step": 104}
Step:104	{"loss": {"slot_margin_loss": 0.11169174313545227}, "step": 104}
Step:104	{"loss": {"total_loss": 1.981775465600002}, "step": 104}
Step:105	{"loss": {"intent_loss": 1.305325582276417}, "step": 105}
Step:105	{"loss": {"intent_est_loss": 1.3044628819450728}, "step": 105}
Step:105	{"loss": {"intent_margin_loss": 0.0008627133793197572}, "step": 105}
Step:105	{"loss": {"slot_loss": 0.6404149033143767}, "step": 105}
Step:105	{"loss": {"slot_est_loss": 0.5284014447301169}, "step": 105}
Step:105	{"loss": {"slot_margin_loss": 0.11201347410678864}, "step": 105}
Step:105	{"loss": {"total_loss": 1.9457404855907936}, "step": 105}
Step:106	{"loss": {"intent_loss": 0.27070271063275886}, "step": 106}
Step:106	{"loss": {"intent_est_loss": 0.26984043858064977}, "step": 106}
Step:106	{"loss": {"intent_margin_loss": 0.0008622718742117286}, "step": 106}
Step:106	{"loss": {"slot_loss": 0.5234262145939281}, "step": 106}
Step:106	{"loss": {"slot_est_loss": 0.43244622142519823}, "step": 106}
Step:106	{"loss": {"slot_margin_loss": 0.09098003059625626}, "step": 106}
Step:106	{"loss": {"total_loss": 0.794128925226687}, "step": 106}
Step:107	{"loss": {"intent_loss": 1.4787389921388236}, "step": 107}
Step:107	{"loss": {"intent_est_loss": 1.4778765454648235}, "step": 107}
Step:107	{"loss": {"intent_margin_loss": 0.0008624352049082518}, "step": 107}
Step:107	{"loss": {"slot_loss": 0.615048744875821}, "step": 107}
Step:107	{"loss": {"slot_est_loss": 0.5129270822493714}, "step": 107}
Step:107	{"loss": {"slot_margin_loss": 0.10212159901857376}, "step": 107}
Step:107	{"loss": {"total_loss": 2.0937877370146447}, "step": 107}
Step:108	{"loss": {"intent_loss": 1.962298520519107}, "step": 108}
Step:108	{"loss": {"intent_est_loss": 1.9614363667009458}, "step": 108}
Step:108	{"loss": {"intent_margin_loss": 0.0008621537126600742}, "step": 108}
Step:108	{"loss": {"slot_loss": 0.8094702049085757}, "step": 108}
Step:108	{"loss": {"slot_est_loss": 0.6831337072479072}, "step": 108}
Step:108	{"loss": {"slot_margin_loss": 0.12633652985095978}, "step": 108}
Step:108	{"loss": {"total_loss": 2.7717687254276826}, "step": 108}
Step:109	{"loss": {"intent_loss": 1.3973265933775134}, "step": 109}
Step:109	{"loss": {"intent_est_loss": 1.3964642375751297}, "step": 109}
Step:109	{"loss": {"intent_margin_loss": 0.0008623478352092206}, "step": 109}
Step:109	{"loss": {"slot_loss": 0.6916313533278303}, "step": 109}
Step:109	{"loss": {"slot_est_loss": 0.5810164767390237}, "step": 109}
Step:109	{"loss": {"slot_margin_loss": 0.11061477661132812}, "step": 109}
Step:109	{"loss": {"total_loss": 2.0889579467053436}, "step": 109}
Step:110	{"loss": {"intent_loss": 0.9300349462100704}, "step": 110}
Step:110	{"loss": {"intent_est_loss": 0.9291722184083492}, "step": 110}
Step:110	{"loss": {"intent_margin_loss": 0.0008627292700111866}, "step": 110}
Step:110	{"loss": {"slot_loss": 0.5815751194357291}, "step": 110}
Step:110	{"loss": {"slot_est_loss": 0.4793796049692908}, "step": 110}
Step:110	{"loss": {"slot_margin_loss": 0.10219554603099823}, "step": 110}
Step:110	{"loss": {"total_loss": 1.5116100656457996}, "step": 110}
Step:111	{"loss": {"intent_loss": 1.3610203362433833}, "step": 111}
Step:111	{"loss": {"intent_est_loss": 1.3601580228219974}, "step": 111}
Step:111	{"loss": {"intent_margin_loss": 0.000862309243530035}, "step": 111}
Step:111	{"loss": {"slot_loss": 0.6027832628096798}, "step": 111}
Step:111	{"loss": {"slot_est_loss": 0.49908355674560895}, "step": 111}
Step:111	{"loss": {"slot_margin_loss": 0.1036997064948082}, "step": 111}
Step:111	{"loss": {"total_loss": 1.9638035990530631}, "step": 111}
Step:112	{"loss": {"intent_loss": 1.0487274684099268}, "step": 112}
Step:112	{"loss": {"intent_est_loss": 1.047865168229327}, "step": 112}
Step:112	{"loss": {"intent_margin_loss": 0.0008623038302175701}, "step": 112}
Step:112	{"loss": {"slot_loss": 0.6367435120570014}, "step": 112}
Step:112	{"loss": {"slot_est_loss": 0.5272558364755235}, "step": 112}
Step:112	{"loss": {"slot_margin_loss": 0.10948760062456131}, "step": 112}
Step:112	{"loss": {"total_loss": 1.6854709804669281}, "step": 112}
Step:113	{"loss": {"intent_loss": 0.4071605515113337}, "step": 113}
Step:113	{"loss": {"intent_est_loss": 0.40629779786977477}, "step": 113}
Step:113	{"loss": {"intent_margin_loss": 0.0008627534261904657}, "step": 113}
Step:113	{"loss": {"slot_loss": 0.5422401336923944}, "step": 113}
Step:113	{"loss": {"slot_est_loss": 0.44798504077916734}, "step": 113}
Step:113	{"loss": {"slot_margin_loss": 0.09425513446331024}, "step": 113}
Step:113	{"loss": {"total_loss": 0.9494006852037281}, "step": 113}
Step:114	{"loss": {"intent_loss": 0.9283961316778008}, "step": 114}
Step:114	{"loss": {"intent_est_loss": 0.9275336808259456}, "step": 114}
Step:114	{"loss": {"intent_margin_loss": 0.0008624512702226639}, "step": 114}
Step:114	{"loss": {"slot_loss": 0.6447488963443906}, "step": 114}
Step:114	{"loss": {"slot_est_loss": 0.5363697320877696}, "step": 114}
Step:114	{"loss": {"slot_margin_loss": 0.10837915539741516}, "step": 114}
Step:114	{"loss": {"total_loss": 1.5731450280221915}, "step": 114}
Step:115	{"loss": {"intent_loss": 0.7709010864473392}, "step": 115}
Step:115	{"loss": {"intent_est_loss": 0.7700393107512352}, "step": 115}
Step:115	{"loss": {"intent_margin_loss": 0.0008617801940999925}, "step": 115}
Step:115	{"loss": {"slot_loss": 0.6649932997257567}, "step": 115}
Step:115	{"loss": {"slot_est_loss": 0.5500286777401927}, "step": 115}
Step:115	{"loss": {"slot_margin_loss": 0.11496466398239136}, "step": 115}
Step:115	{"loss": {"total_loss": 1.435894386173096}, "step": 115}
Step:116	{"loss": {"intent_loss": 0.4901148481687412}, "step": 116}
Step:116	{"loss": {"intent_est_loss": 0.48925272803535336}, "step": 116}
Step:116	{"loss": {"intent_margin_loss": 0.0008621191955171525}, "step": 116}
Step:116	{"loss": {"slot_loss": 0.5403729249737808}, "step": 116}
Step:116	{"loss": {"slot_est_loss": 0.43913019846368145}, "step": 116}
Step:116	{"loss": {"slot_margin_loss": 0.10124275833368301}, "step": 116}
Step:116	{"loss": {"total_loss": 1.030487773142522}, "step": 116}
Step:117	{"loss": {"intent_loss": 2.324699175533901}, "step": 117}
Step:117	{"loss": {"intent_est_loss": 2.323837315920536}, "step": 117}
Step:117	{"loss": {"intent_margin_loss": 0.0008618568535894156}, "step": 117}
Step:117	{"loss": {"slot_loss": 0.6913583992107311}, "step": 117}
Step:117	{"loss": {"slot_est_loss": 0.574918968830024}, "step": 117}
Step:117	{"loss": {"slot_margin_loss": 0.11643950641155243}, "step": 117}
Step:117	{"loss": {"total_loss": 3.0160575747446323}, "step": 117}
Step:118	{"loss": {"intent_loss": 0.8191274194097786}, "step": 118}
Step:118	{"loss": {"intent_est_loss": 0.8182650351121991}, "step": 118}
Step:118	{"loss": {"intent_margin_loss": 0.0008623847388662398}, "step": 118}
Step:118	{"loss": {"slot_loss": 0.5734619597540586}, "step": 118}
Step:118	{"loss": {"slot_est_loss": 0.47217601175216267}, "step": 118}
Step:118	{"loss": {"slot_margin_loss": 0.10128598660230637}, "step": 118}
Step:118	{"loss": {"total_loss": 1.3925893791638373}, "step": 118}
Step:119	{"loss": {"intent_loss": 0.4914974192673978}, "step": 119}
Step:119	{"loss": {"intent_est_loss": 0.4906351852612716}, "step": 119}
Step:119	{"loss": {"intent_margin_loss": 0.0008622333989478648}, "step": 119}
Step:119	{"loss": {"slot_loss": 0.5718794509739377}, "step": 119}
Step:119	{"loss": {"slot_est_loss": 0.4689558337631752}, "step": 119}
Step:119	{"loss": {"slot_margin_loss": 0.10292357951402664}, "step": 119}
Step:119	{"loss": {"total_loss": 1.0633768702413355}, "step": 119}
Step:120	{"loss": {"intent_loss": 2.602658766778044}, "step": 120}
Step:120	{"loss": {"intent_est_loss": 2.6017964683916968}, "step": 120}
Step:120	{"loss": {"intent_margin_loss": 0.0008623059839010239}, "step": 120}
Step:120	{"loss": {"slot_loss": 0.7478974100813507}, "step": 120}
Step:120	{"loss": {"slot_est_loss": 0.6303048375986691}, "step": 120}
Step:120	{"loss": {"slot_margin_loss": 0.11759255826473236}, "step": 120}
Step:120	{"loss": {"total_loss": 3.3505561768593948}, "step": 120}
Step:121	{"loss": {"intent_loss": 1.959321445927343}, "step": 121}
Step:121	{"loss": {"intent_est_loss": 1.958459342741116}, "step": 121}
Step:121	{"loss": {"intent_margin_loss": 0.0008621097076684237}, "step": 121}
Step:121	{"loss": {"slot_loss": 0.5665881063483542}, "step": 121}
Step:121	{"loss": {"slot_est_loss": 0.465849005865312}, "step": 121}
Step:121	{"loss": {"slot_margin_loss": 0.10073916614055634}, "step": 121}
Step:121	{"loss": {"total_loss": 2.525909552275697}, "step": 121}
Step:122	{"loss": {"intent_loss": 1.0020065108932614}, "step": 122}
Step:122	{"loss": {"intent_est_loss": 1.0011443623661767}, "step": 122}
Step:122	{"loss": {"intent_margin_loss": 0.0008621544693596661}, "step": 122}
Step:122	{"loss": {"slot_loss": 0.7216981117264372}, "step": 122}
Step:122	{"loss": {"slot_est_loss": 0.6106740028510106}, "step": 122}
Step:122	{"loss": {"slot_margin_loss": 0.11102412641048431}, "step": 122}
Step:122	{"loss": {"total_loss": 1.7237046226196986}, "step": 122}
Step:123	{"loss": {"intent_loss": 0.7237748434290541}, "step": 123}
Step:123	{"loss": {"intent_est_loss": 0.7229124864512407}, "step": 123}
Step:123	{"loss": {"intent_margin_loss": 0.0008623620378784835}, "step": 123}
Step:123	{"loss": {"slot_loss": 0.5689777019026216}, "step": 123}
Step:123	{"loss": {"slot_est_loss": 0.47058169529336713}, "step": 123}
Step:123	{"loss": {"slot_margin_loss": 0.09839601069688797}, "step": 123}
Step:123	{"loss": {"total_loss": 1.2927525453316757}, "step": 123}
Step:124	{"loss": {"intent_loss": 0.3530681110034491}, "step": 124}
Step:124	{"loss": {"intent_est_loss": 0.352205772966772}, "step": 124}
Step:124	{"loss": {"intent_margin_loss": 0.0008623373578302562}, "step": 124}
Step:124	{"loss": {"slot_loss": 0.5804918327019551}, "step": 124}
Step:124	{"loss": {"slot_est_loss": 0.47945533655292844}, "step": 124}
Step:124	{"loss": {"slot_margin_loss": 0.10103651136159897}, "step": 124}
Step:124	{"loss": {"total_loss": 0.9335599437054043}, "step": 124}
Step:125	{"loss": {"intent_loss": 0.3502357781148022}, "step": 125}
Step:125	{"loss": {"intent_est_loss": 0.3493736838900079}, "step": 125}
Step:125	{"loss": {"intent_margin_loss": 0.0008620943990536034}, "step": 125}
Step:125	{"loss": {"slot_loss": 0.5440975669334872}, "step": 125}
Step:125	{"loss": {"slot_est_loss": 0.44710211501296704}, "step": 125}
Step:125	{"loss": {"slot_margin_loss": 0.096995510160923}, "step": 125}
Step:125	{"loss": {"total_loss": 0.8943333450482894}, "step": 125}
Step:126	{"loss": {"intent_loss": 4.162393771576902}, "step": 126}
Step:126	{"loss": {"intent_est_loss": 4.161531120391012}, "step": 126}
Step:126	{"loss": {"intent_margin_loss": 0.0008626471972092986}, "step": 126}
Step:126	{"loss": {"slot_loss": 0.7206634587215376}, "step": 126}
Step:126	{"loss": {"slot_est_loss": 0.6038654410629529}, "step": 126}
Step:126	{"loss": {"slot_margin_loss": 0.11679810285568237}, "step": 126}
Step:126	{"loss": {"total_loss": 4.883057230298439}, "step": 126}
Step:127	{"loss": {"intent_loss": 1.4595651519041002}, "step": 127}
Step:127	{"loss": {"intent_est_loss": 1.4587027273701092}, "step": 127}
Step:127	{"loss": {"intent_margin_loss": 0.0008624259498901665}, "step": 127}
Step:127	{"loss": {"slot_loss": 0.7764297868081482}, "step": 127}
Step:127	{"loss": {"slot_est_loss": 0.6461317739085648}, "step": 127}
Step:127	{"loss": {"slot_margin_loss": 0.13029801845550537}, "step": 127}
Step:127	{"loss": {"total_loss": 2.235994938712248}, "step": 127}
Step:128	{"loss": {"intent_loss": 0.7088331947554263}, "step": 128}
Step:128	{"loss": {"intent_est_loss": 0.7079710843070646}, "step": 128}
Step:128	{"loss": {"intent_margin_loss": 0.0008621123852208257}, "step": 128}
Step:128	{"loss": {"slot_loss": 0.5354090716813521}, "step": 128}
Step:128	{"loss": {"slot_est_loss": 0.4381114675394199}, "step": 128}
Step:128	{"loss": {"slot_margin_loss": 0.0972975641489029}, "step": 128}
Step:128	{"loss": {"total_loss": 1.2442422664367783}, "step": 128}
Step:129	{"loss": {"intent_loss": 0.6865979902140689}, "step": 129}
Step:129	{"loss": {"intent_est_loss": 0.685735542459588}, "step": 129}
Step:129	{"loss": {"intent_margin_loss": 0.000862445798702538}, "step": 129}
Step:129	{"loss": {"slot_loss": 0.5706598246149952}, "step": 129}
Step:129	{"loss": {"slot_est_loss": 0.47468179062125276}, "step": 129}
Step:129	{"loss": {"slot_margin_loss": 0.09597798436880112}, "step": 129}
Step:129	{"loss": {"total_loss": 1.257257814829064}, "step": 129}
Step:130	{"loss": {"intent_loss": 0.9772975276609942}, "step": 130}
Step:130	{"loss": {"intent_est_loss": 0.9764351928919498}, "step": 130}
Step:130	{"loss": {"intent_margin_loss": 0.0008623337489552796}, "step": 130}
Step:130	{"loss": {"slot_loss": 0.6302121841930783}, "step": 130}
Step:130	{"loss": {"slot_est_loss": 0.5274013172223935}, "step": 130}
Step:130	{"loss": {"slot_margin_loss": 0.10281088948249817}, "step": 130}
Step:130	{"loss": {"total_loss": 1.6075097118540724}, "step": 130}
Step:131	{"loss": {"intent_loss": 0.6336045318214025}, "step": 131}
Step:131	{"loss": {"intent_est_loss": 0.6327426017312984}, "step": 131}
Step:131	{"loss": {"intent_margin_loss": 0.0008619326399639249}, "step": 131}
Step:131	{"loss": {"slot_loss": 0.6622781525380563}, "step": 131}
Step:131	{"loss": {"slot_est_loss": 0.5491497362309011}, "step": 131}
Step:131	{"loss": {"slot_margin_loss": 0.11312838643789291}, "step": 131}
Step:131	{"loss": {"total_loss": 1.2958826843594589}, "step": 131}
Step:132	{"loss": {"intent_loss": 1.2292701060901892}, "step": 132}
Step:132	{"loss": {"intent_est_loss": 1.228407913463164}, "step": 132}
Step:132	{"loss": {"intent_margin_loss": 0.000862199638504535}, "step": 132}
Step:132	{"loss": {"slot_loss": 0.6245492845308035}, "step": 132}
Step:132	{"loss": {"slot_est_loss": 0.5158059403882366}, "step": 132}
Step:132	{"loss": {"slot_margin_loss": 0.1087433248758316}, "step": 132}
Step:132	{"loss": {"total_loss": 1.8538193906209925}, "step": 132}
Step:133	{"loss": {"intent_loss": 0.7631387124882165}, "step": 133}
Step:133	{"loss": {"intent_est_loss": 0.7622763213803425}, "step": 133}
Step:133	{"loss": {"intent_margin_loss": 0.0008623874164186418}, "step": 133}
Step:133	{"loss": {"slot_loss": 0.5840183809064908}, "step": 133}
Step:133	{"loss": {"slot_est_loss": 0.4822387355947284}, "step": 133}
Step:133	{"loss": {"slot_margin_loss": 0.10177961736917496}, "step": 133}
Step:133	{"loss": {"total_loss": 1.3471570933947072}, "step": 133}
Step:134	{"loss": {"intent_loss": 1.3449722338751606}, "step": 134}
Step:134	{"loss": {"intent_est_loss": 1.3441099103758467}, "step": 134}
Step:134	{"loss": {"intent_margin_loss": 0.0008623173926025629}, "step": 134}
Step:134	{"loss": {"slot_loss": 0.5895833035669056}, "step": 134}
Step:134	{"loss": {"slot_est_loss": 0.49787197492987684}, "step": 134}
Step:134	{"loss": {"slot_margin_loss": 0.09171130508184433}, "step": 134}
Step:134	{"loss": {"total_loss": 1.9345555374420662}, "step": 134}
Step:135	{"loss": {"intent_loss": 0.46183523009858585}, "step": 135}
Step:135	{"loss": {"intent_est_loss": 0.46097293671518846}, "step": 135}
Step:135	{"loss": {"intent_margin_loss": 0.0008622952736914158}, "step": 135}
Step:135	{"loss": {"slot_loss": 0.5360688824795936}, "step": 135}
Step:135	{"loss": {"slot_est_loss": 0.44230544354650186}, "step": 135}
Step:135	{"loss": {"slot_margin_loss": 0.09376344829797745}, "step": 135}
Step:135	{"loss": {"total_loss": 0.9979041125781795}, "step": 135}
Step:136	{"loss": {"intent_loss": 3.4928937375996605}, "step": 136}
Step:136	{"loss": {"intent_est_loss": 3.4920314260478356}, "step": 136}
Step:136	{"loss": {"intent_margin_loss": 0.0008623342728242278}, "step": 136}
Step:136	{"loss": {"slot_loss": 0.6798401360661953}, "step": 136}
Step:136	{"loss": {"slot_est_loss": 0.5674706840596625}, "step": 136}
Step:136	{"loss": {"slot_margin_loss": 0.11236955970525742}, "step": 136}
Step:136	{"loss": {"total_loss": 4.172733873665856}, "step": 136}
Step:137	{"loss": {"intent_loss": 0.7480816861512729}, "step": 137}
Step:137	{"loss": {"intent_est_loss": 0.7472193043060545}, "step": 137}
Step:137	{"loss": {"intent_margin_loss": 0.0008623859030194581}, "step": 137}
Step:137	{"loss": {"slot_loss": 0.6059243786730799}, "step": 137}
Step:137	{"loss": {"slot_est_loss": 0.4994583741412498}, "step": 137}
Step:137	{"loss": {"slot_margin_loss": 0.10646602511405945}, "step": 137}
Step:137	{"loss": {"total_loss": 1.3540060648243528}, "step": 137}
Step:138	{"loss": {"intent_loss": 0.9655560189712555}, "step": 138}
Step:138	{"loss": {"intent_est_loss": 0.964693733223248}, "step": 138}
Step:138	{"loss": {"intent_margin_loss": 0.0008622792083770037}, "step": 138}
Step:138	{"loss": {"slot_loss": 0.6759386453937624}, "step": 138}
Step:138	{"loss": {"slot_est_loss": 0.5578626847593114}, "step": 138}
Step:138	{"loss": {"slot_margin_loss": 0.11807596683502197}, "step": 138}
Step:138	{"loss": {"total_loss": 1.641494664365018}, "step": 138}
Step:139	{"loss": {"intent_loss": 0.8446897406560313}, "step": 139}
Step:139	{"loss": {"intent_est_loss": 0.8438273659387049}, "step": 139}
Step:139	{"loss": {"intent_margin_loss": 0.0008623793255537748}, "step": 139}
Step:139	{"loss": {"slot_loss": 0.575082425793516}, "step": 139}
Step:139	{"loss": {"slot_est_loss": 0.47376575692469464}, "step": 139}
Step:139	{"loss": {"slot_margin_loss": 0.10131669789552689}, "step": 139}
Step:139	{"loss": {"total_loss": 1.4197721664495473}, "step": 139}
Step:140	{"loss": {"intent_loss": 0.7109758121136102}, "step": 140}
Step:140	{"loss": {"intent_est_loss": 0.710113459736022}, "step": 140}
Step:140	{"loss": {"intent_margin_loss": 0.00086235097842291}, "step": 140}
Step:140	{"loss": {"slot_loss": 0.5879557488777206}, "step": 140}
Step:140	{"loss": {"slot_est_loss": 0.48860656335964464}, "step": 140}
Step:140	{"loss": {"slot_margin_loss": 0.09934927523136139}, "step": 140}
Step:140	{"loss": {"total_loss": 1.2989315609913308}, "step": 140}
Step:141	{"loss": {"intent_loss": 1.7266020035654954}, "step": 141}
Step:141	{"loss": {"intent_est_loss": 1.725739817156135}, "step": 141}
Step:141	{"loss": {"intent_margin_loss": 0.0008621863089501858}, "step": 141}
Step:141	{"loss": {"slot_loss": 0.5356868840615783}, "step": 141}
Step:141	{"loss": {"slot_est_loss": 0.44330734332252186}, "step": 141}
Step:141	{"loss": {"slot_margin_loss": 0.09237953275442123}, "step": 141}
Step:141	{"loss": {"total_loss": 2.262288887627074}, "step": 141}
Step:142	{"loss": {"intent_loss": 0.8647033046214361}, "step": 142}
Step:142	{"loss": {"intent_est_loss": 0.8638412664244246}, "step": 142}
Step:142	{"loss": {"intent_margin_loss": 0.0008620475418865681}, "step": 142}
Step:142	{"loss": {"slot_loss": 0.5231816626197541}, "step": 142}
Step:142	{"loss": {"slot_est_loss": 0.43213759616337466}, "step": 142}
Step:142	{"loss": {"slot_margin_loss": 0.09104403108358383}, "step": 142}
Step:142	{"loss": {"total_loss": 1.3878849672411901}, "step": 142}
Step:143	{"loss": {"intent_loss": 2.9127918129190227}, "step": 143}
Step:143	{"loss": {"intent_est_loss": 2.9119297928380554}, "step": 143}
Step:143	{"loss": {"intent_margin_loss": 0.0008620242006145418}, "step": 143}
Step:143	{"loss": {"slot_loss": 0.8090959745306474}, "step": 143}
Step:143	{"loss": {"slot_est_loss": 0.6961903357172555}, "step": 143}
Step:143	{"loss": {"slot_margin_loss": 0.11290562152862549}, "step": 143}
Step:143	{"loss": {"total_loss": 3.72188778744967}, "step": 143}
Step:144	{"loss": {"intent_loss": 1.3264196304495282}, "step": 144}
Step:144	{"loss": {"intent_est_loss": 1.32555709857479}, "step": 144}
Step:144	{"loss": {"intent_margin_loss": 0.00086253322660923}, "step": 144}
Step:144	{"loss": {"slot_loss": 0.6310011527282774}, "step": 144}
Step:144	{"loss": {"slot_est_loss": 0.521829773175704}, "step": 144}
Step:144	{"loss": {"slot_margin_loss": 0.10917139053344727}, "step": 144}
Step:144	{"loss": {"total_loss": 1.9574207831778057}, "step": 144}
Step:145	{"loss": {"intent_loss": 0.9480778299817757}, "step": 145}
Step:145	{"loss": {"intent_est_loss": 0.947215144619986}, "step": 145}
Step:145	{"loss": {"intent_margin_loss": 0.0008626840426586568}, "step": 145}
Step:145	{"loss": {"slot_loss": 0.5219074319946234}, "step": 145}
Step:145	{"loss": {"slot_est_loss": 0.4331291197217067}, "step": 145}
Step:145	{"loss": {"slot_margin_loss": 0.08877824991941452}, "step": 145}
Step:145	{"loss": {"total_loss": 1.4699852619763991}, "step": 145}
Step:146	{"loss": {"intent_loss": 0.598743025719886}, "step": 146}
Step:146	{"loss": {"intent_est_loss": 0.597881060393047}, "step": 146}
Step:146	{"loss": {"intent_margin_loss": 0.0008619654690846801}, "step": 146}
Step:146	{"loss": {"slot_loss": 0.6302833890047629}, "step": 146}
Step:146	{"loss": {"slot_est_loss": 0.5303547725488901}, "step": 146}
Step:146	{"loss": {"slot_margin_loss": 0.09992866963148117}, "step": 146}
Step:146	{"loss": {"total_loss": 1.229026414724649}, "step": 146}
Step:147	{"loss": {"intent_loss": 0.3370518391384391}, "step": 147}
Step:147	{"loss": {"intent_est_loss": 0.3361898008235588}, "step": 147}
Step:147	{"loss": {"intent_margin_loss": 0.0008620397420600057}, "step": 147}
Step:147	{"loss": {"slot_loss": 0.6299853647171397}, "step": 147}
Step:147	{"loss": {"slot_est_loss": 0.5241351269214641}, "step": 147}
Step:147	{"loss": {"slot_margin_loss": 0.10585028678178787}, "step": 147}
Step:147	{"loss": {"total_loss": 0.9670372038555788}, "step": 147}
Step:148	{"loss": {"intent_loss": 1.1019602907792427}, "step": 148}
Step:148	{"loss": {"intent_est_loss": 1.1010978595855716}, "step": 148}
Step:148	{"loss": {"intent_margin_loss": 0.000862432352732867}, "step": 148}
Step:148	{"loss": {"slot_loss": 0.5933963458839572}, "step": 148}
Step:148	{"loss": {"slot_est_loss": 0.4957418375954148}, "step": 148}
Step:148	{"loss": {"slot_margin_loss": 0.0976545661687851}, "step": 148}
Step:148	{"loss": {"total_loss": 1.6953566366631998}, "step": 148}
Step:149	{"loss": {"intent_loss": 1.784727090350499}, "step": 149}
Step:149	{"loss": {"intent_est_loss": 1.783864615636415}, "step": 149}
Step:149	{"loss": {"intent_margin_loss": 0.0008624667534604669}, "step": 149}
Step:149	{"loss": {"slot_loss": 0.5931127110510719}, "step": 149}
Step:149	{"loss": {"slot_est_loss": 0.48885868005600086}, "step": 149}
Step:149	{"loss": {"slot_margin_loss": 0.10425403714179993}, "step": 149}
Step:149	{"loss": {"total_loss": 2.3778398014015707}, "step": 149}
Step:150	{"loss": {"intent_loss": 0.46731023857901205}, "step": 150}
Step:150	{"loss": {"intent_est_loss": 0.4664480985124103}, "step": 150}
Step:150	{"loss": {"intent_margin_loss": 0.0008621369488537312}, "step": 150}
Step:150	{"loss": {"slot_loss": 0.4888735667162107}, "step": 150}
Step:150	{"loss": {"slot_est_loss": 0.40161534588405634}, "step": 150}
Step:150	{"loss": {"slot_margin_loss": 0.08725819736719131}, "step": 150}
Step:150	{"loss": {"total_loss": 0.9561838052952227}, "step": 150}
Step:151	{"loss": {"intent_loss": 0.6978019157835651}, "step": 151}
Step:151	{"loss": {"intent_est_loss": 0.6969393747149298}, "step": 151}
Step:151	{"loss": {"intent_margin_loss": 0.000862545392010361}, "step": 151}
Step:151	{"loss": {"slot_loss": 0.47923096096565093}, "step": 151}
Step:151	{"loss": {"slot_est_loss": 0.38811473038294975}, "step": 151}
Step:151	{"loss": {"slot_margin_loss": 0.09111624956130981}, "step": 151}
Step:151	{"loss": {"total_loss": 1.177032876749216}, "step": 151}
Step:152	{"loss": {"intent_loss": 1.262887907720506}, "step": 152}
Step:152	{"loss": {"intent_est_loss": 1.2620253609482461}, "step": 152}
Step:152	{"loss": {"intent_margin_loss": 0.000862539280205965}, "step": 152}
Step:152	{"loss": {"slot_loss": 0.6448856446324489}, "step": 152}
Step:152	{"loss": {"slot_est_loss": 0.5444029099453475}, "step": 152}
Step:152	{"loss": {"slot_margin_loss": 0.10048270970582962}, "step": 152}
Step:152	{"loss": {"total_loss": 1.9077735523529549}, "step": 152}
Step:153	{"loss": {"intent_loss": 0.7177592230997112}, "step": 153}
Step:153	{"loss": {"intent_est_loss": 0.7168971369457716}, "step": 153}
Step:153	{"loss": {"intent_margin_loss": 0.0008620849694125354}, "step": 153}
Step:153	{"loss": {"slot_loss": 0.6663665526139083}, "step": 153}
Step:153	{"loss": {"slot_est_loss": 0.5534348620392849}, "step": 153}
Step:153	{"loss": {"slot_margin_loss": 0.11293169111013412}, "step": 153}
Step:153	{"loss": {"total_loss": 1.3841257757136196}, "step": 153}
Step:154	{"loss": {"intent_loss": 0.5825111414709685}, "step": 154}
Step:154	{"loss": {"intent_est_loss": 0.5816489029170043}, "step": 154}
Step:154	{"loss": {"intent_margin_loss": 0.0008622374734841287}, "step": 154}
Step:154	{"loss": {"slot_loss": 0.5117780109882007}, "step": 154}
Step:154	{"loss": {"slot_est_loss": 0.4222168305881494}, "step": 154}
Step:154	{"loss": {"slot_margin_loss": 0.08956121653318405}, "step": 154}
Step:154	{"loss": {"total_loss": 1.0942891524591691}, "step": 154}
Step:155	{"loss": {"intent_loss": 0.5743144428477531}, "step": 155}
Step:155	{"loss": {"intent_est_loss": 0.5734524368850547}, "step": 155}
Step:155	{"loss": {"intent_margin_loss": 0.0008620044682174921}, "step": 155}
Step:155	{"loss": {"slot_loss": 0.5662514526222369}, "step": 155}
Step:155	{"loss": {"slot_est_loss": 0.4732235882300308}, "step": 155}
Step:155	{"loss": {"slot_margin_loss": 0.09302790462970734}, "step": 155}
Step:155	{"loss": {"total_loss": 1.14056589546999}, "step": 155}
Step:156	{"loss": {"intent_loss": 1.6845044136869538}, "step": 156}
Step:156	{"loss": {"intent_est_loss": 1.6836417139777027}, "step": 156}
Step:156	{"loss": {"intent_margin_loss": 0.0008626947528682649}, "step": 156}
Step:156	{"loss": {"slot_loss": 0.688875692110741}, "step": 156}
Step:156	{"loss": {"slot_est_loss": 0.5842934104482992}, "step": 156}
Step:156	{"loss": {"slot_margin_loss": 0.10458224266767502}, "step": 156}
Step:156	{"loss": {"total_loss": 2.3733801057976947}, "step": 156}
Step:157	{"loss": {"intent_loss": 0.947842646855861}, "step": 157}
Step:157	{"loss": {"intent_est_loss": 0.9469803016945659}, "step": 157}
Step:157	{"loss": {"intent_margin_loss": 0.0008623444591648877}, "step": 157}
Step:157	{"loss": {"slot_loss": 0.5749582768301486}, "step": 157}
Step:157	{"loss": {"slot_est_loss": 0.4722348864059318}, "step": 157}
Step:157	{"loss": {"slot_margin_loss": 0.10272341966629028}, "step": 157}
Step:157	{"loss": {"total_loss": 1.5228009236860096}, "step": 157}
Step:158	{"loss": {"intent_loss": 0.8806674230701899}, "step": 158}
Step:158	{"loss": {"intent_est_loss": 0.879805391896297}, "step": 158}
Step:158	{"loss": {"intent_margin_loss": 0.00086202472448349}, "step": 158}
Step:158	{"loss": {"slot_loss": 0.5514642071560956}, "step": 158}
Step:158	{"loss": {"slot_est_loss": 0.46322530486722757}, "step": 158}
Step:158	{"loss": {"slot_margin_loss": 0.0882389172911644}, "step": 158}
Step:158	{"loss": {"total_loss": 1.4321316302262854}, "step": 158}
Step:159	{"loss": {"intent_loss": 0.9478183154122237}, "step": 159}
Step:159	{"loss": {"intent_est_loss": 0.9469559422861497}, "step": 159}
Step:159	{"loss": {"intent_margin_loss": 0.0008623792673461139}, "step": 159}
Step:159	{"loss": {"slot_loss": 0.5047073738140175}, "step": 159}
Step:159	{"loss": {"slot_est_loss": 0.4101087908900809}, "step": 159}
Step:159	{"loss": {"slot_margin_loss": 0.09459861367940903}, "step": 159}
Step:159	{"loss": {"total_loss": 1.4525256892262413}, "step": 159}
Step:160	{"loss": {"intent_loss": 0.6599461325273294}, "step": 160}
Step:160	{"loss": {"intent_est_loss": 0.6590833577443855}, "step": 160}
Step:160	{"loss": {"intent_margin_loss": 0.0008627735078334808}, "step": 160}
Step:160	{"loss": {"slot_loss": 0.5286325655950348}, "step": 160}
Step:160	{"loss": {"slot_est_loss": 0.4349223163517307}, "step": 160}
Step:160	{"loss": {"slot_margin_loss": 0.09371022135019302}, "step": 160}
Step:160	{"loss": {"total_loss": 1.188578698122364}, "step": 160}
Step:161	{"loss": {"intent_loss": 2.5562747742565985}, "step": 161}
Step:161	{"loss": {"intent_est_loss": 2.5554124853588305}, "step": 161}
Step:161	{"loss": {"intent_margin_loss": 0.0008622941095381975}, "step": 161}
Step:161	{"loss": {"slot_loss": 0.5906945922892184}, "step": 161}
Step:161	{"loss": {"slot_est_loss": 0.48944331348975556}, "step": 161}
Step:161	{"loss": {"slot_margin_loss": 0.1012512817978859}, "step": 161}
Step:161	{"loss": {"total_loss": 3.146969366545817}, "step": 161}
Step:162	{"loss": {"intent_loss": 0.7255439677330284}, "step": 162}
Step:162	{"loss": {"intent_est_loss": 0.7246816324925024}, "step": 162}
Step:162	{"loss": {"intent_margin_loss": 0.000862337474245578}, "step": 162}
Step:162	{"loss": {"slot_loss": 0.6315075515172796}, "step": 162}
Step:162	{"loss": {"slot_est_loss": 0.528719761379761}, "step": 162}
Step:162	{"loss": {"slot_margin_loss": 0.10278783738613129}, "step": 162}
Step:162	{"loss": {"total_loss": 1.3570515192503079}, "step": 162}
Step:163	{"loss": {"intent_loss": 0.3125750025075833}, "step": 163}
Step:163	{"loss": {"intent_est_loss": 0.3117127251676722}, "step": 163}
Step:163	{"loss": {"intent_margin_loss": 0.0008622765890322626}, "step": 163}
Step:163	{"loss": {"slot_loss": 0.5852429305814435}, "step": 163}
Step:163	{"loss": {"slot_est_loss": 0.48865970369661227}, "step": 163}
Step:163	{"loss": {"slot_margin_loss": 0.09658318758010864}, "step": 163}
Step:163	{"loss": {"total_loss": 0.8978179330890268}, "step": 163}
Step:164	{"loss": {"intent_loss": 1.9518678479485985}, "step": 164}
Step:164	{"loss": {"intent_est_loss": 1.9510054554131784}, "step": 164}
Step:164	{"loss": {"intent_margin_loss": 0.0008623903268016875}, "step": 164}
Step:164	{"loss": {"slot_loss": 0.5519136355855154}, "step": 164}
Step:164	{"loss": {"slot_est_loss": 0.4569665699469626}, "step": 164}
Step:164	{"loss": {"slot_margin_loss": 0.09494710713624954}, "step": 164}
Step:164	{"loss": {"total_loss": 2.503781483534114}, "step": 164}
Step:165	{"loss": {"intent_loss": 2.2436915266967836}, "step": 165}
Step:165	{"loss": {"intent_est_loss": 2.242829128244922}, "step": 165}
Step:165	{"loss": {"intent_margin_loss": 0.0008624174515716732}, "step": 165}
Step:165	{"loss": {"slot_loss": 0.4943453925014182}, "step": 165}
Step:165	{"loss": {"slot_est_loss": 0.4082341622561216}, "step": 165}
Step:165	{"loss": {"slot_margin_loss": 0.0861111730337143}, "step": 165}
Step:165	{"loss": {"total_loss": 2.7380369191982017}, "step": 165}
Step:166	{"loss": {"intent_loss": 1.4126968528864363}, "step": 166}
Step:166	{"loss": {"intent_est_loss": 1.411834599140274}, "step": 166}
Step:166	{"loss": {"intent_margin_loss": 0.0008622417808510363}, "step": 166}
Step:166	{"loss": {"slot_loss": 0.6137884116207715}, "step": 166}
Step:166	{"loss": {"slot_est_loss": 0.509387126844377}, "step": 166}
Step:166	{"loss": {"slot_margin_loss": 0.10440122336149216}, "step": 166}
Step:166	{"loss": {"total_loss": 2.026485264507208}, "step": 166}
Step:167	{"loss": {"intent_loss": 0.6425244730180565}, "step": 167}
Step:167	{"loss": {"intent_est_loss": 0.6416626086047479}, "step": 167}
Step:167	{"loss": {"intent_margin_loss": 0.0008618623251095414}, "step": 167}
Step:167	{"loss": {"slot_loss": 0.5440252845975918}, "step": 167}
Step:167	{"loss": {"slot_est_loss": 0.45237720590812375}, "step": 167}
Step:167	{"loss": {"slot_margin_loss": 0.09164810925722122}, "step": 167}
Step:167	{"loss": {"total_loss": 1.1865497576156483}, "step": 167}
Step:168	{"loss": {"intent_loss": 0.6563162183949318}, "step": 168}
Step:168	{"loss": {"intent_est_loss": 0.655453539614246}, "step": 168}
Step:168	{"loss": {"intent_margin_loss": 0.0008626746130175889}, "step": 168}
Step:168	{"loss": {"slot_loss": 0.5326955824719332}, "step": 168}
Step:168	{"loss": {"slot_est_loss": 0.4407143112875929}, "step": 168}
Step:168	{"loss": {"slot_margin_loss": 0.09198125451803207}, "step": 168}
Step:168	{"loss": {"total_loss": 1.189011800866865}, "step": 168}
Step:169	{"loss": {"intent_loss": 0.8156638128773915}, "step": 169}
Step:169	{"loss": {"intent_est_loss": 0.8148012865032805}, "step": 169}
Step:169	{"loss": {"intent_margin_loss": 0.0008625301998108625}, "step": 169}
Step:169	{"loss": {"slot_loss": 0.5514481770587735}, "step": 169}
Step:169	{"loss": {"slot_est_loss": 0.45261663110140926}, "step": 169}
Step:169	{"loss": {"slot_margin_loss": 0.09883155673742294}, "step": 169}
Step:169	{"loss": {"total_loss": 1.367111989936165}, "step": 169}
Step:170	{"loss": {"intent_loss": 1.046054878565336}, "step": 170}
Step:170	{"loss": {"intent_est_loss": 1.0451929818293155}, "step": 170}
Step:170	{"loss": {"intent_margin_loss": 0.0008618945139460266}, "step": 170}
Step:170	{"loss": {"slot_loss": 0.5737564204740923}, "step": 170}
Step:170	{"loss": {"slot_est_loss": 0.47763057044066987}, "step": 170}
Step:170	{"loss": {"slot_margin_loss": 0.09612590074539185}, "step": 170}
Step:170	{"loss": {"total_loss": 1.6198112990394282}, "step": 170}
Step:171	{"loss": {"intent_loss": 0.9285454632685289}, "step": 171}
Step:171	{"loss": {"intent_est_loss": 0.9276832426407059}, "step": 171}
Step:171	{"loss": {"intent_margin_loss": 0.0008622174500487745}, "step": 171}
Step:171	{"loss": {"slot_loss": 0.5259120658200122}, "step": 171}
Step:171	{"loss": {"slot_est_loss": 0.4375518526321686}, "step": 171}
Step:171	{"loss": {"slot_margin_loss": 0.08836015313863754}, "step": 171}
Step:171	{"loss": {"total_loss": 1.454457529088541}, "step": 171}
Step:172	{"loss": {"intent_loss": 1.8395387372376728}, "step": 172}
Step:172	{"loss": {"intent_est_loss": 1.8386765038208999}, "step": 172}
Step:172	{"loss": {"intent_margin_loss": 0.0008622362511232495}, "step": 172}
Step:172	{"loss": {"slot_loss": 0.6773706998967098}, "step": 172}
Step:172	{"loss": {"slot_est_loss": 0.5700883507408436}, "step": 172}
Step:172	{"loss": {"slot_margin_loss": 0.10728240013122559}, "step": 172}
Step:172	{"loss": {"total_loss": 2.5169094371343825}, "step": 172}
Step:173	{"loss": {"intent_loss": 0.6810843520695927}, "step": 173}
Step:173	{"loss": {"intent_est_loss": 0.6802219414115819}, "step": 173}
Step:173	{"loss": {"intent_margin_loss": 0.0008624118636362255}, "step": 173}
Step:173	{"loss": {"slot_loss": 0.5955054452948386}, "step": 173}
Step:173	{"loss": {"slot_est_loss": 0.49883909154887063}, "step": 173}
Step:173	{"loss": {"slot_margin_loss": 0.09666633605957031}, "step": 173}
Step:173	{"loss": {"total_loss": 1.2765897973644313}, "step": 173}
Step:174	{"loss": {"intent_loss": 1.0451255775304167}, "step": 174}
Step:174	{"loss": {"intent_est_loss": 1.0442633409998965}, "step": 174}
Step:174	{"loss": {"intent_margin_loss": 0.0008622397435829043}, "step": 174}
Step:174	{"loss": {"slot_loss": 0.541036035385332}, "step": 174}
Step:174	{"loss": {"slot_est_loss": 0.4516622115334034}, "step": 174}
Step:174	{"loss": {"slot_margin_loss": 0.08937373757362366}, "step": 174}
Step:174	{"loss": {"total_loss": 1.5861616129157485}, "step": 174}
Step:175	{"loss": {"intent_loss": 0.5748227473974105}, "step": 175}
Step:175	{"loss": {"intent_est_loss": 0.5739604410482564}, "step": 175}
Step:175	{"loss": {"intent_margin_loss": 0.000862307206261903}, "step": 175}
Step:175	{"loss": {"slot_loss": 0.5505304833401177}, "step": 175}
Step:175	{"loss": {"slot_est_loss": 0.454521347849368}, "step": 175}
Step:175	{"loss": {"slot_margin_loss": 0.09600915014743805}, "step": 175}
Step:175	{"loss": {"total_loss": 1.1253532307375282}, "step": 175}
Step:176	{"loss": {"intent_loss": 0.32850302370425233}, "step": 176}
Step:176	{"loss": {"intent_est_loss": 0.3276407255078084}, "step": 176}
Step:176	{"loss": {"intent_margin_loss": 0.0008622987661510706}, "step": 176}
Step:176	{"loss": {"slot_loss": 0.4591013611599919}, "step": 176}
Step:176	{"loss": {"slot_est_loss": 0.37779048817974337}, "step": 176}
Step:176	{"loss": {"slot_margin_loss": 0.08131085336208344}, "step": 176}
Step:176	{"loss": {"total_loss": 0.7876043848642442}, "step": 176}
Step:177	{"loss": {"intent_loss": 1.6618760641464159}, "step": 177}
Step:177	{"loss": {"intent_est_loss": 1.661013785356042}, "step": 177}
Step:177	{"loss": {"intent_margin_loss": 0.0008622696623206139}, "step": 177}
Step:177	{"loss": {"slot_loss": 0.5716220634465579}, "step": 177}
Step:177	{"loss": {"slot_est_loss": 0.47782972386194117}, "step": 177}
Step:177	{"loss": {"slot_margin_loss": 0.09379230439662933}, "step": 177}
Step:177	{"loss": {"total_loss": 2.2334981275929735}, "step": 177}
Step:178	{"loss": {"intent_loss": 1.7038466817895819}, "step": 178}
Step:178	{"loss": {"intent_est_loss": 1.7029843526193869}, "step": 178}
Step:178	{"loss": {"intent_margin_loss": 0.0008623278117738664}, "step": 178}
Step:178	{"loss": {"slot_loss": 0.5973080573094197}, "step": 178}
Step:178	{"loss": {"slot_est_loss": 0.49579543024883604}, "step": 178}
Step:178	{"loss": {"slot_margin_loss": 0.1015125960111618}, "step": 178}
Step:178	{"loss": {"total_loss": 2.3011547390990015}, "step": 178}
Step:179	{"loss": {"intent_loss": 1.5857086721833185}, "step": 179}
Step:179	{"loss": {"intent_est_loss": 1.5848460798410093}, "step": 179}
Step:179	{"loss": {"intent_margin_loss": 0.0008625801419839263}, "step": 179}
Step:179	{"loss": {"slot_loss": 0.5796772842455548}, "step": 179}
Step:179	{"loss": {"slot_est_loss": 0.4799658971503955}, "step": 179}
Step:179	{"loss": {"slot_margin_loss": 0.09971139580011368}, "step": 179}
Step:179	{"loss": {"total_loss": 2.165385956428873}, "step": 179}
Step:180	{"loss": {"intent_loss": 0.6761997779583899}, "step": 180}
Step:180	{"loss": {"intent_est_loss": 0.6753379205158129}, "step": 180}
Step:180	{"loss": {"intent_margin_loss": 0.0008618584834039211}, "step": 180}
Step:180	{"loss": {"slot_loss": 0.5567515168688252}, "step": 180}
Step:180	{"loss": {"slot_est_loss": 0.467072398710298}, "step": 180}
Step:180	{"loss": {"slot_margin_loss": 0.08967907726764679}, "step": 180}
Step:180	{"loss": {"total_loss": 1.232951294827215}, "step": 180}
Step:181	{"loss": {"intent_loss": 0.3000171185987712}, "step": 181}
Step:181	{"loss": {"intent_est_loss": 0.29915483276890853}, "step": 181}
Step:181	{"loss": {"intent_margin_loss": 0.0008622859022580087}, "step": 181}
Step:181	{"loss": {"slot_loss": 0.4647588108942723}, "step": 181}
Step:181	{"loss": {"slot_est_loss": 0.3812237057209131}, "step": 181}
Step:181	{"loss": {"slot_margin_loss": 0.0835350900888443}, "step": 181}
Step:181	{"loss": {"total_loss": 0.7647759294930435}, "step": 181}
Step:182	{"loss": {"intent_loss": 0.6230288502960324}, "step": 182}
Step:182	{"loss": {"intent_est_loss": 0.6221667844911277}, "step": 182}
Step:182	{"loss": {"intent_margin_loss": 0.0008620707085356116}, "step": 182}
Step:182	{"loss": {"slot_loss": 0.4514342322785528}, "step": 182}
Step:182	{"loss": {"slot_est_loss": 0.3661895861470841}, "step": 182}
Step:182	{"loss": {"slot_margin_loss": 0.08524458110332489}, "step": 182}
Step:182	{"loss": {"total_loss": 1.0744630825745851}, "step": 182}
Step:183	{"loss": {"intent_loss": 0.9472920177518978}, "step": 183}
Step:183	{"loss": {"intent_est_loss": 0.9464296308873608}, "step": 183}
Step:183	{"loss": {"intent_margin_loss": 0.0008623902103863657}, "step": 183}
Step:183	{"loss": {"slot_loss": 0.5081669104998586}, "step": 183}
Step:183	{"loss": {"slot_est_loss": 0.4222207116188657}, "step": 183}
Step:183	{"loss": {"slot_margin_loss": 0.085946224629879}, "step": 183}
Step:183	{"loss": {"total_loss": 1.4554589282517565}, "step": 183}
Step:184	{"loss": {"intent_loss": 2.1210877434779856}, "step": 184}
Step:184	{"loss": {"intent_est_loss": 2.1202249552021355}, "step": 184}
Step:184	{"loss": {"intent_margin_loss": 0.000862791552208364}, "step": 184}
Step:184	{"loss": {"slot_loss": 0.6263508995820309}, "step": 184}
Step:184	{"loss": {"slot_est_loss": 0.5251893798638773}, "step": 184}
Step:184	{"loss": {"slot_margin_loss": 0.10116151720285416}, "step": 184}
Step:184	{"loss": {"total_loss": 2.7474386430600166}, "step": 184}
Step:185	{"loss": {"intent_loss": 0.5835674178451874}, "step": 185}
Step:185	{"loss": {"intent_est_loss": 0.5827049661878845}, "step": 185}
Step:185	{"loss": {"intent_margin_loss": 0.0008624529582448304}, "step": 185}
Step:185	{"loss": {"slot_loss": 0.5837012442992997}, "step": 185}
Step:185	{"loss": {"slot_est_loss": 0.4911645570362451}, "step": 185}
Step:185	{"loss": {"slot_margin_loss": 0.09253665804862976}, "step": 185}
Step:185	{"loss": {"total_loss": 1.1672686621444872}, "step": 185}
Step:186	{"loss": {"intent_loss": 0.3688127082987193}, "step": 186}
Step:186	{"loss": {"intent_est_loss": 0.3679503058327094}, "step": 186}
Step:186	{"loss": {"intent_margin_loss": 0.0008624038309790194}, "step": 186}
Step:186	{"loss": {"slot_loss": 0.5254289646414692}, "step": 186}
Step:186	{"loss": {"slot_est_loss": 0.4358625816596032}, "step": 186}
Step:186	{"loss": {"slot_margin_loss": 0.08956634253263474}, "step": 186}
Step:186	{"loss": {"total_loss": 0.8942416729401885}, "step": 186}
Step:187	{"loss": {"intent_loss": 0.8869577220335484}, "step": 187}
Step:187	{"loss": {"intent_est_loss": 0.8860953816329132}, "step": 187}
Step:187	{"loss": {"intent_margin_loss": 0.0008623371832072735}, "step": 187}
Step:187	{"loss": {"slot_loss": 0.5923218253112277}, "step": 187}
Step:187	{"loss": {"slot_est_loss": 0.49927284122531973}, "step": 187}
Step:187	{"loss": {"slot_margin_loss": 0.09304893761873245}, "step": 187}
Step:187	{"loss": {"total_loss": 1.4792795473447762}, "step": 187}
Step:188	{"loss": {"intent_loss": 0.9882955767643578}, "step": 188}
Step:188	{"loss": {"intent_est_loss": 0.9874333474075686}, "step": 188}
Step:188	{"loss": {"intent_margin_loss": 0.0008622315945103765}, "step": 188}
Step:188	{"loss": {"slot_loss": 0.5643100328437864}, "step": 188}
Step:188	{"loss": {"slot_est_loss": 0.46794404612810486}, "step": 188}
Step:188	{"loss": {"slot_margin_loss": 0.09636589884757996}, "step": 188}
Step:188	{"loss": {"total_loss": 1.5526056096081442}, "step": 188}
Step:189	{"loss": {"intent_loss": 2.4480534826267135}, "step": 189}
Step:189	{"loss": {"intent_est_loss": 2.4471912485321807}, "step": 189}
Step:189	{"loss": {"intent_margin_loss": 0.0008622460882179439}, "step": 189}
Step:189	{"loss": {"slot_loss": 0.5510960997766232}, "step": 189}
Step:189	{"loss": {"slot_est_loss": 0.45632154873237607}, "step": 189}
Step:189	{"loss": {"slot_margin_loss": 0.09477457404136658}, "step": 189}
Step:189	{"loss": {"total_loss": 2.9991495824033367}, "step": 189}
Step:190	{"loss": {"intent_loss": 0.5812970581479014}, "step": 190}
Step:190	{"loss": {"intent_est_loss": 0.580434659159073}, "step": 190}
Step:190	{"loss": {"intent_margin_loss": 0.0008623987669125199}, "step": 190}
Step:190	{"loss": {"slot_loss": 0.5193997035981741}, "step": 190}
Step:190	{"loss": {"slot_est_loss": 0.43007457668718374}, "step": 190}
Step:190	{"loss": {"slot_margin_loss": 0.08932507783174515}, "step": 190}
Step:190	{"loss": {"total_loss": 1.1006967617460757}, "step": 190}
Step:191	{"loss": {"intent_loss": 0.8858349014353732}, "step": 191}
Step:191	{"loss": {"intent_est_loss": 0.8849726970671327}, "step": 191}
Step:191	{"loss": {"intent_margin_loss": 0.0008622044697403908}, "step": 191}
Step:191	{"loss": {"slot_loss": 0.47514841130032415}, "step": 191}
Step:191	{"loss": {"slot_est_loss": 0.3912740037892941}, "step": 191}
Step:191	{"loss": {"slot_margin_loss": 0.08387445658445358}, "step": 191}
Step:191	{"loss": {"total_loss": 1.3609833127356974}, "step": 191}
Step:192	{"loss": {"intent_loss": 0.7031971436495948}, "step": 192}
Step:192	{"loss": {"intent_est_loss": 0.7023350134906658}, "step": 192}
Step:192	{"loss": {"intent_margin_loss": 0.0008621285087428987}, "step": 192}
Step:192	{"loss": {"slot_loss": 0.5838997901839319}, "step": 192}
Step:192	{"loss": {"slot_est_loss": 0.487001638076618}, "step": 192}
Step:192	{"loss": {"slot_margin_loss": 0.09689810872077942}, "step": 192}
Step:192	{"loss": {"total_loss": 1.2870969338335267}, "step": 192}
Step:193	{"loss": {"intent_loss": 1.881582216093374}, "step": 193}
Step:193	{"loss": {"intent_est_loss": 1.8807196424040726}, "step": 193}
Step:193	{"loss": {"intent_margin_loss": 0.000862569606397301}, "step": 193}
Step:193	{"loss": {"slot_loss": 0.5730872673200791}, "step": 193}
Step:193	{"loss": {"slot_est_loss": 0.47847852315317096}, "step": 193}
Step:193	{"loss": {"slot_margin_loss": 0.09460881352424622}, "step": 193}
Step:193	{"loss": {"total_loss": 2.4546694834134533}, "step": 193}
Step:194	{"loss": {"intent_loss": 0.41421285917349465}, "step": 194}
Step:194	{"loss": {"intent_est_loss": 0.4133507947142789}, "step": 194}
Step:194	{"loss": {"intent_margin_loss": 0.0008620640728622675}, "step": 194}
Step:194	{"loss": {"slot_loss": 0.5914760893079796}, "step": 194}
Step:194	{"loss": {"slot_est_loss": 0.502871903413324}, "step": 194}
Step:194	{"loss": {"slot_margin_loss": 0.08860420435667038}, "step": 194}
Step:194	{"loss": {"total_loss": 1.0056889484814742}, "step": 194}
Step:195	{"loss": {"intent_loss": 0.7306572538494943}, "step": 195}
Step:195	{"loss": {"intent_est_loss": 0.7297950220681738}, "step": 195}
Step:195	{"loss": {"intent_margin_loss": 0.0008622327004559338}, "step": 195}
Step:195	{"loss": {"slot_loss": 0.4861097325105222}, "step": 195}
Step:195	{"loss": {"slot_est_loss": 0.39956656638387344}, "step": 195}
Step:195	{"loss": {"slot_margin_loss": 0.08654313534498215}, "step": 195}
Step:195	{"loss": {"total_loss": 1.2167669863600166}, "step": 195}
Step:196	{"loss": {"intent_loss": 2.665062595297064}, "step": 196}
Step:196	{"loss": {"intent_est_loss": 2.664200086957141}, "step": 196}
Step:196	{"loss": {"intent_margin_loss": 0.0008625249611213803}, "step": 196}
Step:196	{"loss": {"slot_loss": 0.5746044357583739}, "step": 196}
Step:196	{"loss": {"slot_est_loss": 0.47314309582870917}, "step": 196}
Step:196	{"loss": {"slot_margin_loss": 0.10146133601665497}, "step": 196}
Step:196	{"loss": {"total_loss": 3.239667031055438}, "step": 196}
Step:197	{"loss": {"intent_loss": 0.7272220527487673}, "step": 197}
Step:197	{"loss": {"intent_est_loss": 0.7263598777695742}, "step": 197}
Step:197	{"loss": {"intent_margin_loss": 0.0008621785091236234}, "step": 197}
Step:197	{"loss": {"slot_loss": 0.5248331967566631}, "step": 197}
Step:197	{"loss": {"slot_est_loss": 0.4401654506611524}, "step": 197}
Step:197	{"loss": {"slot_margin_loss": 0.08466775715351105}, "step": 197}
Step:197	{"loss": {"total_loss": 1.2520552495054305}, "step": 197}
Step:198	{"loss": {"intent_loss": 0.3994613392067551}, "step": 198}
Step:198	{"loss": {"intent_est_loss": 0.39859903352553344}, "step": 198}
Step:198	{"loss": {"intent_margin_loss": 0.000862305925693363}, "step": 198}
Step:198	{"loss": {"slot_loss": 0.4589340555932719}, "step": 198}
Step:198	{"loss": {"slot_est_loss": 0.37590563254343595}, "step": 198}
Step:198	{"loss": {"slot_margin_loss": 0.08302842080593109}, "step": 198}
Step:198	{"loss": {"total_loss": 0.8583953948000269}, "step": 198}
Step:199	{"loss": {"intent_loss": 1.8482641455710087}, "step": 199}
Step:199	{"loss": {"intent_est_loss": 1.8474019661880428}, "step": 199}
Step:199	{"loss": {"intent_margin_loss": 0.0008621892775408924}, "step": 199}
Step:199	{"loss": {"slot_loss": 0.6694692687859068}, "step": 199}
Step:199	{"loss": {"slot_est_loss": 0.5673091888005726}, "step": 199}
Step:199	{"loss": {"slot_margin_loss": 0.10216008871793747}, "step": 199}
Step:199	{"loss": {"total_loss": 2.5177334143569157}, "step": 199}
